Log file open, 12/14/20 15:08:49
LogWindows: Failed to load 'aqProf.dll' (GetLastError=126)
LogWindows: File 'aqProf.dll' does not exist
LogWindows: Failed to load 'VtuneApi.dll' (GetLastError=126)
LogWindows: File 'VtuneApi.dll' does not exist
LogWindows: Failed to load 'VtuneApi32e.dll' (GetLastError=126)
LogWindows: File 'VtuneApi32e.dll' does not exist
LogConsoleResponse: Display: Failed to find resolution value strings in scalability ini. Falling back to default.
LogInit: Display: Running engine for game: AutoBattlerProto
LogPlatformFile: Not using cached read wrapper
LogTaskGraph: Started task graph with 5 named threads and 71 total threads with 3 sets of task threads.
LogStats: Stats thread started at 0.062362
LogD3D11RHI: Loaded GFSDK_Aftermath_Lib.x64.dll
LogICUInternationalization: ICU TimeZone Detection - Raw Offset: +2:00, Platform Override: ''
LogPluginManager: Mounting plugin Paper2D
LogPluginManager: Mounting plugin AISupport
LogPluginManager: Mounting plugin LightPropagationVolume
LogPluginManager: Mounting plugin ActorLayerUtilities
LogPluginManager: Mounting plugin AnimationSharing
LogPluginManager: Mounting plugin CLionSourceCodeAccess
LogPluginManager: Mounting plugin CodeLiteSourceCodeAccess
LogPluginManager: Mounting plugin GitSourceControl
LogPluginManager: Mounting plugin KDevelopSourceCodeAccess
LogPluginManager: Mounting plugin NullSourceCodeAccess
LogPluginManager: Mounting plugin PerforceSourceControl
LogPluginManager: Mounting plugin PlasticSourceControl
LogPluginManager: Mounting plugin SubversionSourceControl
LogPluginManager: Mounting plugin UObjectPlugin
LogPluginManager: Mounting plugin VisualStudioCodeSourceCodeAccess
LogPluginManager: Mounting plugin VisualStudioSourceCodeAccess
LogPluginManager: Mounting plugin XCodeSourceCodeAccess
LogPluginManager: Mounting plugin AssetManagerEditor
LogPluginManager: Mounting plugin CryptoKeys
LogPluginManager: Mounting plugin CurveEditorTools
LogPluginManager: Mounting plugin DataValidation
LogPluginManager: Mounting plugin FacialAnimation
LogPluginManager: Mounting plugin GameplayTagsEditor
LogPluginManager: Mounting plugin MacGraphicsSwitching
LogPluginManager: Mounting plugin MaterialAnalyzer
LogPluginManager: Mounting plugin MobileLauncherProfileWizard
LogPluginManager: Mounting plugin PluginBrowser
LogPluginManager: Mounting plugin SpeedTreeImporter
LogPluginManager: Mounting plugin DatasmithContent
LogPluginManager: Mounting plugin VariantManagerContent
LogPluginManager: Mounting plugin AlembicImporter
LogPluginManager: Mounting plugin AutomationUtils
LogPluginManager: Mounting plugin BackChannel
LogPluginManager: Mounting plugin CharacterAI
LogPluginManager: Mounting plugin GeometryCache
LogPluginManager: Mounting plugin PlatformCrypto
LogPluginManager: Mounting plugin ProxyLODPlugin
LogPluginManager: Mounting plugin SkeletalReduction
LogPluginManager: Mounting plugin MagicLeap
LogPluginManager: Mounting plugin MagicLeapMedia
LogPluginManager: Mounting plugin MLSDK
LogPluginManager: Mounting plugin AndroidMedia
LogPluginManager: Mounting plugin AvfMedia
LogPluginManager: Mounting plugin ImgMedia
LogPluginManager: Mounting plugin MediaCompositing
LogPluginManager: Mounting plugin MediaPlayerEditor
LogPluginManager: Mounting plugin WebMMedia
LogPluginManager: Mounting plugin WmfMedia
LogPluginManager: Mounting plugin TcpMessaging
LogPluginManager: Mounting plugin UdpMessaging
LogPluginManager: Mounting plugin ActorSequence
LogPluginManager: Mounting plugin LevelSequenceEditor
LogPluginManager: Mounting plugin MatineeToLevelSequence
LogPluginManager: Mounting plugin NetcodeUnitTest
LogPluginManager: Mounting plugin NUTUnrealEngine4
LogPluginManager: Mounting plugin OnlineSubsystemGooglePlay
LogPluginManager: Mounting plugin OnlineSubsystemIOS
LogPluginManager: Mounting plugin OnlineSubsystem
LogPluginManager: Mounting plugin OnlineSubsystemNull
LogPluginManager: Mounting plugin OnlineSubsystemUtils
LogPluginManager: Mounting plugin LauncherChunkInstaller
LogPluginManager: Mounting plugin AndroidDeviceProfileSelector
LogPluginManager: Mounting plugin AndroidMoviePlayer
LogPluginManager: Mounting plugin AndroidPermission
LogPluginManager: Mounting plugin AppleImageUtils
LogPluginManager: Mounting plugin AppleMoviePlayer
LogPluginManager: Mounting plugin ArchVisCharacter
LogPluginManager: Mounting plugin AssetTags
LogPluginManager: Mounting plugin AudioCapture
LogPluginManager: Mounting plugin CableComponent
LogPluginManager: Mounting plugin CustomMeshComponent
LogPluginManager: Mounting plugin EditableMesh
LogPluginManager: Mounting plugin ExampleDeviceProfileSelector
LogPluginManager: Mounting plugin GoogleCloudMessaging
LogPluginManager: Mounting plugin IOSDeviceProfileSelector
LogPluginManager: Mounting plugin LinuxDeviceProfileSelector
LogPluginManager: Mounting plugin LocationServicesBPLibrary
LogPluginManager: Mounting plugin MobilePatchingUtils
LogPluginManager: Mounting plugin OculusVR
LogPluginManager: Mounting plugin PhysXVehicles
LogPluginManager: Mounting plugin PostSplashScreen
LogPluginManager: Mounting plugin ProceduralMeshComponent
LogPluginManager: Mounting plugin RuntimePhysXCooking
LogPluginManager: Mounting plugin SignificanceManager
LogPluginManager: Mounting plugin SteamVR
LogPluginManager: Mounting plugin WebMMoviePlayer
LogPluginManager: Mounting plugin WindowsMoviePlayer
LogPluginManager: Mounting plugin ScreenshotTools
LogInit: Using libcurl 7.55.1-DEV
LogInit:  - built for x86_64-pc-win32
LogInit:  - supports SSL with OpenSSL/1.1.1
LogInit:  - supports HTTP deflate (compression) using libz 1.2.8
LogInit:  - other features:
LogInit:      CURL_VERSION_SSL
LogInit:      CURL_VERSION_LIBZ
LogInit:      CURL_VERSION_IPV6
LogInit:      CURL_VERSION_ASYNCHDNS
LogInit:      CURL_VERSION_LARGEFILE
LogInit:      CURL_VERSION_IDN
LogInit:  CurlRequestOptions (configurable via config and command line):
LogInit:  - bVerifyPeer = true  - Libcurl will verify peer certificate
LogInit:  - bUseHttpProxy = false  - Libcurl will NOT use HTTP proxy
LogInit:  - bDontReuseConnections = false  - Libcurl will reuse connections
LogInit:  - MaxHostConnections = 16  - Libcurl will limit the number of connections to a host
LogInit:  - LocalHostAddr = Default
LogInit:  - BufferSize = 65536
LogOnline: OSS: Creating online subsystem instance for: NULL
LogInit: WinSock: version 1.1 (2.2), MaxSocks=32767, MaxUdp=65467
LogOnline: OSS: TryLoadSubsystemAndSetDefault: Loaded subsystem for module [NULL]
LogInit: Build: ++UE4+Release-4.24-CL-11590370
LogInit: Engine Version: 4.24.3-11590370+++UE4+Release-4.24
LogInit: Compatible Engine Version: 4.24.0-10570792+++UE4+Release-4.24
LogInit: Net CL: 10570792
LogInit: OS: Windows 10 (Release 2004) (), CPU: AMD Ryzen 9 3900X 12-Core Processor            , GPU: NVIDIA GeForce GTX 1080
LogInit: Compiled (64-bit): Feb 24 2020 15:39:18
LogInit: Compiled with Visual C++: 19.16.27032.01
LogInit: Build Configuration: Development
LogInit: Branch Name: ++UE4+Release-4.24
LogInit: Command Line: 
LogInit: Base Directory: D:/Epic Games/UE_4.24/Engine/Binaries/Win64/
LogInit: Installed Engine Build: 1
LogDevObjectVersion: Number of dev versions registered: 25
LogDevObjectVersion:   Dev-Blueprints (B0D832E4-1F89-4F0D-ACCF-7EB736FD4AA2): 10
LogDevObjectVersion:   Dev-Build (E1C64328-A22C-4D53-A36C-8E866417BD8C): 0
LogDevObjectVersion:   Dev-Core (375EC13C-06E4-48FB-B500-84F0262A717E): 3
LogDevObjectVersion:   Dev-Editor (E4B068ED-F494-42E9-A231-DA0B2E46BB41): 37
LogDevObjectVersion:   Dev-Framework (CFFC743F-43B0-4480-9391-14DF171D2073): 36
LogDevObjectVersion:   Dev-Mobile (B02B49B5-BB20-44E9-A304-32B752E40360): 2
LogDevObjectVersion:   Dev-Networking (A4E4105C-59A1-49B5-A7C5-40C4547EDFEE): 0
LogDevObjectVersion:   Dev-Online (39C831C9-5AE6-47DC-9A44-9C173E1C8E7C): 0
LogDevObjectVersion:   Dev-Physics (78F01B33-EBEA-4F98-B9B4-84EACCB95AA2): 2
LogDevObjectVersion:   Dev-Platform (6631380F-2D4D-43E0-8009-CF276956A95A): 0
LogDevObjectVersion:   Dev-Rendering (12F88B9F-8875-4AFC-A67C-D90C383ABD29): 36
LogDevObjectVersion:   Dev-Sequencer (7B5AE74C-D270-4C10-A958-57980B212A5A): 11
LogDevObjectVersion:   Dev-VR (D7296918-1DD6-4BDD-9DE2-64A83CC13884): 2
LogDevObjectVersion:   Dev-LoadTimes (C2A15278-BFE7-4AFE-6C17-90FF531DF755): 1
LogDevObjectVersion:   Private-Geometry (6EACA3D4-40EC-4CC1-B786-8BED09428FC5): 3
LogDevObjectVersion:   Dev-AnimPhys (29E575DD-E0A3-4627-9D10-D276232CDCEA): 17
LogDevObjectVersion:   Dev-Anim (AF43A65D-7FD3-4947-9873-3E8ED9C1BB05): 2
LogDevObjectVersion:   Dev-ReflectionCapture (6B266CEC-1EC7-4B8F-A30B-E4D90942FC07): 1
LogDevObjectVersion:   Dev-Automation (0DF73D61-A23F-47EA-B727-89E90C41499A): 1
LogDevObjectVersion:   FortniteMain (601D1886-AC64-4F84-AA16-D3DE0DEAC7D6): 31
LogDevObjectVersion:   Dev-Enterprise (9DFFBCD6-494F-0158-E221-12823C92A888): 8
LogDevObjectVersion:   Dev-Niagara (F2AED0AC-9AFE-416F-8664-AA7FFA26D6FC): 1
LogDevObjectVersion:   Dev-Destruction (174F1F0B-B4C6-45A5-B13F-2EE8D0FB917D): 9
LogDevObjectVersion:   Dev-Physics-Ext (35F94A83-E258-406C-A318-09F59610247C): 8
LogDevObjectVersion:   Dev-CineCamera (B2E18506-4273-CFC2-A54E-F4BB758BBA07): 1
LogInit: Presizing for max 25165824 objects, including 0 objects not considered by GC, pre-allocating 0 bytes for permanent pool.
LogInit: Object subsystem initialized
LogConfig: Setting CVar [[con.DebugEarlyDefault:1]]
LogConfig: Setting CVar [[r.setres:1280x720]]
[2020.12.14-13.08.49:897][  0]LogConfig: Setting CVar [[r.VSync:0]]
[2020.12.14-13.08.49:897][  0]LogConfig: Setting CVar [[r.RHICmdBypass:0]]
[2020.12.14-13.08.49:897][  0]LogConfig: Applying CVar settings from Section [/Script/Engine.RendererSettings] File [E:/Lautturi/AutoBattlerProto/Saved/Config/Windows/Engine.ini]
[2020.12.14-13.08.49:897][  0]LogConfig: Setting CVar [[r.GPUCrashDebugging:0]]
[2020.12.14-13.08.49:897][  0]LogConfig: Applying CVar settings from Section [/Script/Engine.RendererOverrideSettings] File [E:/Lautturi/AutoBattlerProto/Saved/Config/Windows/Engine.ini]
[2020.12.14-13.08.49:897][  0]LogConfig: Applying CVar settings from Section [/Script/Engine.StreamingSettings] File [E:/Lautturi/AutoBattlerProto/Saved/Config/Windows/Engine.ini]
[2020.12.14-13.08.49:897][  0]LogConfig: Setting CVar [[s.MinBulkDataSizeForAsyncLoading:131072]]
[2020.12.14-13.08.49:897][  0]LogConfig: Setting CVar [[s.AsyncLoadingThreadEnabled:0]]
[2020.12.14-13.08.49:897][  0]LogConfig: Setting CVar [[s.EventDrivenLoaderEnabled:1]]
[2020.12.14-13.08.49:897][  0]LogConfig: Setting CVar [[s.WarnIfTimeLimitExceeded:0]]
[2020.12.14-13.08.49:897][  0]LogConfig: Setting CVar [[s.TimeLimitExceededMultiplier:1.5]]
[2020.12.14-13.08.49:897][  0]LogConfig: Setting CVar [[s.TimeLimitExceededMinTime:0.005]]
[2020.12.14-13.08.49:897][  0]LogConfig: Setting CVar [[s.UseBackgroundLevelStreaming:1]]
[2020.12.14-13.08.49:897][  0]LogConfig: Setting CVar [[s.PriorityAsyncLoadingExtraTime:15.0]]
[2020.12.14-13.08.49:897][  0]LogConfig: Setting CVar [[s.LevelStreamingActorsUpdateTimeLimit:5.0]]
[2020.12.14-13.08.49:897][  0]LogConfig: Setting CVar [[s.PriorityLevelStreamingActorsUpdateExtraTime:5.0]]
[2020.12.14-13.08.49:897][  0]LogConfig: Setting CVar [[s.LevelStreamingComponentsRegistrationGranularity:10]]
[2020.12.14-13.08.49:897][  0]LogConfig: Setting CVar [[s.UnregisterComponentsTimeLimit:1.0]]
[2020.12.14-13.08.49:897][  0]LogConfig: Setting CVar [[s.LevelStreamingComponentsUnregistrationGranularity:5]]
[2020.12.14-13.08.49:897][  0]LogConfig: Setting CVar [[s.FlushStreamingOnExit:1]]
[2020.12.14-13.08.49:897][  0]LogConfig: Applying CVar settings from Section [/Script/Engine.GarbageCollectionSettings] File [E:/Lautturi/AutoBattlerProto/Saved/Config/Windows/Engine.ini]
[2020.12.14-13.08.49:897][  0]LogConfig: Setting CVar [[gc.MaxObjectsNotConsideredByGC:1]]
[2020.12.14-13.08.49:897][  0]LogConfig: Setting CVar [[gc.SizeOfPermanentObjectPool:0]]
[2020.12.14-13.08.49:897][  0]LogConfig: Setting CVar [[gc.FlushStreamingOnGC:0]]
[2020.12.14-13.08.49:897][  0]LogConfig: Setting CVar [[gc.NumRetriesBeforeForcingGC:10]]
[2020.12.14-13.08.49:897][  0]LogConfig: Setting CVar [[gc.AllowParallelGC:1]]
[2020.12.14-13.08.49:897][  0]LogConfig: Setting CVar [[gc.TimeBetweenPurgingPendingKillObjects:61.1]]
[2020.12.14-13.08.49:897][  0]LogConfig: Setting CVar [[gc.MaxObjectsInEditor:25165824]]
[2020.12.14-13.08.49:897][  0]LogConfig: Setting CVar [[gc.IncrementalBeginDestroyEnabled:1]]
[2020.12.14-13.08.49:897][  0]LogConfig: Setting CVar [[gc.CreateGCClusters:1]]
[2020.12.14-13.08.49:897][  0]LogConfig: Setting CVar [[gc.MinGCClusterSize:5]]
[2020.12.14-13.08.49:898][  0]LogConfig: Setting CVar [[gc.ActorClusteringEnabled:0]]
[2020.12.14-13.08.49:898][  0]LogConfig: Setting CVar [[gc.BlueprintClusteringEnabled:0]]
[2020.12.14-13.08.49:898][  0]LogConfig: Setting CVar [[gc.UseDisregardForGCOnDedicatedServers:0]]
[2020.12.14-13.08.49:898][  0]LogConfig: Applying CVar settings from Section [/Script/Engine.NetworkSettings] File [E:/Lautturi/AutoBattlerProto/Saved/Config/Windows/Engine.ini]
[2020.12.14-13.08.49:898][  0]LogConfig: Applying CVar settings from Section [/Script/UnrealEd.CookerSettings] File [E:/Lautturi/AutoBattlerProto/Saved/Config/Windows/Engine.ini]
[2020.12.14-13.08.49:902][  0]LogConfig: Applying CVar settings from Section [ViewDistanceQuality@3] File [E:/Lautturi/AutoBattlerProto/Saved/Config/Windows/Scalability.ini]
[2020.12.14-13.08.49:902][  0]LogConfig: Setting CVar [[r.SkeletalMeshLODBias:0]]
[2020.12.14-13.08.49:902][  0]LogConfig: Setting CVar [[r.ViewDistanceScale:1.0]]
[2020.12.14-13.08.49:902][  0]LogConfig: Applying CVar settings from Section [AntiAliasingQuality@3] File [E:/Lautturi/AutoBattlerProto/Saved/Config/Windows/Scalability.ini]
[2020.12.14-13.08.49:902][  0]LogConfig: Setting CVar [[r.PostProcessAAQuality:4]]
[2020.12.14-13.08.49:902][  0]LogConfig: Applying CVar settings from Section [ShadowQuality@3] File [E:/Lautturi/AutoBattlerProto/Saved/Config/Windows/Scalability.ini]
[2020.12.14-13.08.49:902][  0]LogConfig: Setting CVar [[r.LightFunctionQuality:1]]
[2020.12.14-13.08.49:902][  0]LogConfig: Setting CVar [[r.ShadowQuality:5]]
[2020.12.14-13.08.49:902][  0]LogConfig: Setting CVar [[r.Shadow.CSM.MaxCascades:10]]
[2020.12.14-13.08.49:902][  0]LogConfig: Setting CVar [[r.Shadow.MaxResolution:2048]]
[2020.12.14-13.08.49:902][  0]LogConfig: Setting CVar [[r.Shadow.MaxCSMResolution:2048]]
[2020.12.14-13.08.49:902][  0]LogConfig: Setting CVar [[r.Shadow.RadiusThreshold:0.01]]
[2020.12.14-13.08.49:902][  0]LogConfig: Setting CVar [[r.Shadow.DistanceScale:1.0]]
[2020.12.14-13.08.49:902][  0]LogConfig: Setting CVar [[r.Shadow.CSM.TransitionScale:1.0]]
[2020.12.14-13.08.49:902][  0]LogConfig: Setting CVar [[r.Shadow.PreShadowResolutionFactor:1.0]]
[2020.12.14-13.08.49:902][  0]LogConfig: Setting CVar [[r.DistanceFieldShadowing:1]]
[2020.12.14-13.08.49:902][  0]LogConfig: Setting CVar [[r.DistanceFieldAO:1]]
[2020.12.14-13.08.49:902][  0]LogConfig: Setting CVar [[r.AOQuality:2]]
[2020.12.14-13.08.49:902][  0]LogConfig: Setting CVar [[r.VolumetricFog:1]]
[2020.12.14-13.08.49:902][  0]LogConfig: Setting CVar [[r.VolumetricFog.GridPixelSize:8]]
[2020.12.14-13.08.49:902][  0]LogConfig: Setting CVar [[r.VolumetricFog.GridSizeZ:128]]
[2020.12.14-13.08.49:902][  0]LogConfig: Setting CVar [[r.VolumetricFog.HistoryMissSupersampleCount:4]]
[2020.12.14-13.08.49:902][  0]LogConfig: Setting CVar [[r.LightMaxDrawDistanceScale:1]]
[2020.12.14-13.08.49:902][  0]LogConfig: Setting CVar [[r.CapsuleShadows:1]]
[2020.12.14-13.08.49:902][  0]LogConfig: Applying CVar settings from Section [PostProcessQuality@3] File [E:/Lautturi/AutoBattlerProto/Saved/Config/Windows/Scalability.ini]
[2020.12.14-13.08.49:902][  0]LogConfig: Setting CVar [[r.MotionBlurQuality:4]]
[2020.12.14-13.08.49:902][  0]LogConfig: Setting CVar [[r.AmbientOcclusionMipLevelFactor:0.4]]
[2020.12.14-13.08.49:902][  0]LogConfig: Setting CVar [[r.AmbientOcclusionMaxQuality:100]]
[2020.12.14-13.08.49:902][  0]LogConfig: Setting CVar [[r.AmbientOcclusionLevels:-1]]
[2020.12.14-13.08.49:902][  0]LogConfig: Setting CVar [[r.AmbientOcclusionRadiusScale:1.0]]
[2020.12.14-13.08.49:902][  0]LogConfig: Setting CVar [[r.DepthOfFieldQuality:2]]
[2020.12.14-13.08.49:902][  0]LogConfig: Setting CVar [[r.RenderTargetPoolMin:400]]
[2020.12.14-13.08.49:902][  0]LogConfig: Setting CVar [[r.LensFlareQuality:2]]
[2020.12.14-13.08.49:902][  0]LogConfig: Setting CVar [[r.SceneColorFringeQuality:1]]
[2020.12.14-13.08.49:902][  0]LogConfig: Setting CVar [[r.EyeAdaptationQuality:2]]
[2020.12.14-13.08.49:902][  0]LogConfig: Setting CVar [[r.BloomQuality:5]]
[2020.12.14-13.08.49:902][  0]LogConfig: Setting CVar [[r.FastBlurThreshold:100]]
[2020.12.14-13.08.49:902][  0]LogConfig: Setting CVar [[r.Upscale.Quality:3]]
[2020.12.14-13.08.49:902][  0]LogConfig: Setting CVar [[r.Tonemapper.GrainQuantization:1]]
[2020.12.14-13.08.49:903][  0]LogConfig: Setting CVar [[r.LightShaftQuality:1]]
[2020.12.14-13.08.49:903][  0]LogConfig: Setting CVar [[r.Filter.SizeScale:1]]
[2020.12.14-13.08.49:903][  0]LogConfig: Setting CVar [[r.Tonemapper.Quality:5]]
[2020.12.14-13.08.49:903][  0]LogConfig: Setting CVar [[r.DOF.Gather.AccumulatorQuality:1        ; higher gathering accumulator quality]]
[2020.12.14-13.08.49:903][  0]LogConfig: Setting CVar [[r.DOF.Gather.PostfilterMethod:1          ; Median3x3 postfilering method]]
[2020.12.14-13.08.49:903][  0]LogConfig: Setting CVar [[r.DOF.Gather.EnableBokehSettings:0       ; no bokeh simulation when gathering]]
[2020.12.14-13.08.49:903][  0]LogConfig: Setting CVar [[r.DOF.Gather.RingCount:4                 ; medium number of samples when gathering]]
[2020.12.14-13.08.49:903][  0]LogConfig: Setting CVar [[r.DOF.Scatter.ForegroundCompositing:1    ; additive foreground scattering]]
[2020.12.14-13.08.49:903][  0]LogConfig: Setting CVar [[r.DOF.Scatter.BackgroundCompositing:2    ; additive background scattering]]
[2020.12.14-13.08.49:903][  0]LogConfig: Setting CVar [[r.DOF.Scatter.EnableBokehSettings:1      ; bokeh simulation when scattering]]
[2020.12.14-13.08.49:903][  0]LogConfig: Setting CVar [[r.DOF.Scatter.MaxSpriteRatio:0.1         ; only a maximum of 10% of scattered bokeh]]
[2020.12.14-13.08.49:903][  0]LogConfig: Setting CVar [[r.DOF.Recombine.Quality:1                ; cheap slight out of focus]]
[2020.12.14-13.08.49:903][  0]LogConfig: Setting CVar [[r.DOF.Recombine.EnableBokehSettings:0    ; no bokeh simulation on slight out of focus]]
[2020.12.14-13.08.49:903][  0]LogConfig: Setting CVar [[r.DOF.TemporalAAQuality:1                ; more stable temporal accumulation]]
[2020.12.14-13.08.49:903][  0]LogConfig: Setting CVar [[r.DOF.Kernel.MaxForegroundRadius:0.025]]
[2020.12.14-13.08.49:903][  0]LogConfig: Setting CVar [[r.DOF.Kernel.MaxBackgroundRadius:0.025]]
[2020.12.14-13.08.49:903][  0]LogConfig: Applying CVar settings from Section [TextureQuality@3] File [E:/Lautturi/AutoBattlerProto/Saved/Config/Windows/Scalability.ini]
[2020.12.14-13.08.49:903][  0]LogConfig: Setting CVar [[r.Streaming.MipBias:0]]
[2020.12.14-13.08.49:903][  0]LogConfig: Setting CVar [[r.Streaming.AmortizeCPUToGPUCopy:0]]
[2020.12.14-13.08.49:903][  0]LogConfig: Setting CVar [[r.Streaming.MaxNumTexturesToStreamPerFrame:0]]
[2020.12.14-13.08.49:903][  0]LogConfig: Setting CVar [[r.Streaming.Boost:1]]
[2020.12.14-13.08.49:903][  0]LogConfig: Setting CVar [[r.MaxAnisotropy:8]]
[2020.12.14-13.08.49:903][  0]LogConfig: Setting CVar [[r.VT.MaxAnisotropy:8]]
[2020.12.14-13.08.49:903][  0]LogConfig: Setting CVar [[r.Streaming.LimitPoolSizeToVRAM:0]]
[2020.12.14-13.08.49:903][  0]LogConfig: Setting CVar [[r.Streaming.PoolSize:1000]]
[2020.12.14-13.08.49:903][  0]LogConfig: Setting CVar [[r.Streaming.MaxEffectiveScreenSize:0]]
[2020.12.14-13.08.49:903][  0]LogConfig: Applying CVar settings from Section [EffectsQuality@3] File [E:/Lautturi/AutoBattlerProto/Saved/Config/Windows/Scalability.ini]
[2020.12.14-13.08.49:903][  0]LogConfig: Setting CVar [[r.TranslucencyLightingVolumeDim:64]]
[2020.12.14-13.08.49:903][  0]LogConfig: Setting CVar [[r.RefractionQuality:2]]
[2020.12.14-13.08.49:903][  0]LogConfig: Setting CVar [[r.SSR.Quality:3]]
[2020.12.14-13.08.49:903][  0]LogConfig: Setting CVar [[r.SSR.HalfResSceneColor:0]]
[2020.12.14-13.08.49:903][  0]LogConfig: Setting CVar [[r.SceneColorFormat:4]]
[2020.12.14-13.08.49:903][  0]LogConfig: Setting CVar [[r.DetailMode:2]]
[2020.12.14-13.08.49:903][  0]LogConfig: Setting CVar [[r.TranslucencyVolumeBlur:1]]
[2020.12.14-13.08.49:903][  0]LogConfig: Setting CVar [[r.MaterialQualityLevel:1 ; High quality]]
[2020.12.14-13.08.49:903][  0]LogConfig: Setting CVar [[r.SSS.Scale:1]]
[2020.12.14-13.08.49:903][  0]LogConfig: Setting CVar [[r.SSS.SampleSet:2]]
[2020.12.14-13.08.49:903][  0]LogConfig: Setting CVar [[r.SSS.Quality:1]]
[2020.12.14-13.08.49:903][  0]LogConfig: Setting CVar [[r.SSS.HalfRes:1]]
[2020.12.14-13.08.49:903][  0]LogConfig: Setting CVar [[r.SSGI.Quality:3]]
[2020.12.14-13.08.49:903][  0]LogConfig: Setting CVar [[r.EmitterSpawnRateScale:1.0]]
[2020.12.14-13.08.49:903][  0]LogConfig: Setting CVar [[r.ParticleLightQuality:2]]
[2020.12.14-13.08.49:903][  0]LogConfig: Setting CVar [[r.SkyAtmosphere.AerialPerspectiveLUT.FastApplyOnOpaque:1 ; Always have FastSkyLUT 1 in this case to avoid wrong sky]]
[2020.12.14-13.08.49:903][  0]LogConfig: Setting CVar [[r.SkyAtmosphere.AerialPerspectiveLUT.SampleCountPerSlice:1]]
[2020.12.14-13.08.49:903][  0]LogConfig: Setting CVar [[r.SkyAtmosphere.AerialPerspectiveLUT.DepthResolution:16.0]]
[2020.12.14-13.08.49:903][  0]LogConfig: Setting CVar [[r.SkyAtmosphere.FastSkyLUT:1]]
[2020.12.14-13.08.49:903][  0]LogConfig: Setting CVar [[r.SkyAtmosphere.FastSkyLUT.SampleCountMin:4.0]]
[2020.12.14-13.08.49:903][  0]LogConfig: Setting CVar [[r.SkyAtmosphere.FastSkyLUT.SampleCountMax:32.0]]
[2020.12.14-13.08.49:903][  0]LogConfig: Setting CVar [[r.SkyAtmosphere.SampleCountMin:4.0]]
[2020.12.14-13.08.49:903][  0]LogConfig: Setting CVar [[r.SkyAtmosphere.SampleCountMax:32.0]]
[2020.12.14-13.08.49:903][  0]LogConfig: Setting CVar [[r.SkyAtmosphere.TransmittanceLUT.UseSmallFormat:0]]
[2020.12.14-13.08.49:903][  0]LogConfig: Setting CVar [[r.SkyAtmosphere.TransmittanceLUT.SampleCount:10.0]]
[2020.12.14-13.08.49:903][  0]LogConfig: Setting CVar [[r.SkyAtmosphere.MultiScatteringLUT.SampleCount:15.0]]
[2020.12.14-13.08.49:903][  0]LogConfig: Applying CVar settings from Section [FoliageQuality@3] File [E:/Lautturi/AutoBattlerProto/Saved/Config/Windows/Scalability.ini]
[2020.12.14-13.08.49:903][  0]LogConfig: Setting CVar [[foliage.DensityScale:1.0]]
[2020.12.14-13.08.49:903][  0]LogConfig: Setting CVar [[grass.DensityScale:1.0]]
[2020.12.14-13.08.49:903][  0]LogConfig: Applying CVar settings from Section [ShadingQuality@3] File [E:/Lautturi/AutoBattlerProto/Saved/Config/Windows/Scalability.ini]
[2020.12.14-13.08.49:903][  0]LogConfig: Setting CVar [[r.HairStrands.SkyLighting.SampleCount:16]]
[2020.12.14-13.08.49:903][  0]LogConfig: Setting CVar [[r.HairStrands.SkyLighting.JitterIntegration:0]]
[2020.12.14-13.08.49:903][  0]LogConfig: Setting CVar [[r.HairStrands.SkyAO.SampleCount:16]]
[2020.12.14-13.08.49:903][  0]LogInit: Selected Device Profile: [Windows]
[2020.12.14-13.08.49:903][  0]LogInit: Applying CVar settings loaded from the selected device profile: [Windows]
[2020.12.14-13.08.49:906][  0]LogHAL: Display: Platform has ~ 32 GB [34304262144 / 34359738368 / 32], which maps to Largest [LargestMinGB=32, LargerMinGB=12, DefaultMinGB=8, SmallerMinGB=6, SmallestMinGB=0)
[2020.12.14-13.08.49:906][  0]LogInit: Going up to parent DeviceProfile []
[2020.12.14-13.08.49:906][  0]LogConfig: Applying CVar settings from Section [ViewDistanceQuality@3] File [E:/Lautturi/AutoBattlerProto/Saved/Config/Windows/Scalability.ini]
[2020.12.14-13.08.49:906][  0]LogConfig: Setting CVar [[r.SkeletalMeshLODBias:0]]
[2020.12.14-13.08.49:906][  0]LogConfig: Setting CVar [[r.ViewDistanceScale:1.0]]
[2020.12.14-13.08.49:906][  0]LogConfig: Applying CVar settings from Section [AntiAliasingQuality@3] File [E:/Lautturi/AutoBattlerProto/Saved/Config/Windows/Scalability.ini]
[2020.12.14-13.08.49:906][  0]LogConfig: Setting CVar [[r.PostProcessAAQuality:4]]
[2020.12.14-13.08.49:906][  0]LogConfig: Applying CVar settings from Section [ShadowQuality@3] File [E:/Lautturi/AutoBattlerProto/Saved/Config/Windows/Scalability.ini]
[2020.12.14-13.08.49:906][  0]LogConfig: Setting CVar [[r.LightFunctionQuality:1]]
[2020.12.14-13.08.49:906][  0]LogConfig: Setting CVar [[r.ShadowQuality:5]]
[2020.12.14-13.08.49:906][  0]LogConfig: Setting CVar [[r.Shadow.CSM.MaxCascades:10]]
[2020.12.14-13.08.49:906][  0]LogConfig: Setting CVar [[r.Shadow.MaxResolution:2048]]
[2020.12.14-13.08.49:906][  0]LogConfig: Setting CVar [[r.Shadow.MaxCSMResolution:2048]]
[2020.12.14-13.08.49:906][  0]LogConfig: Setting CVar [[r.Shadow.RadiusThreshold:0.01]]
[2020.12.14-13.08.49:906][  0]LogConfig: Setting CVar [[r.Shadow.DistanceScale:1.0]]
[2020.12.14-13.08.49:906][  0]LogConfig: Setting CVar [[r.Shadow.CSM.TransitionScale:1.0]]
[2020.12.14-13.08.49:906][  0]LogConfig: Setting CVar [[r.Shadow.PreShadowResolutionFactor:1.0]]
[2020.12.14-13.08.49:906][  0]LogConfig: Setting CVar [[r.DistanceFieldShadowing:1]]
[2020.12.14-13.08.49:906][  0]LogConfig: Setting CVar [[r.DistanceFieldAO:1]]
[2020.12.14-13.08.49:906][  0]LogConfig: Setting CVar [[r.AOQuality:2]]
[2020.12.14-13.08.49:906][  0]LogConfig: Setting CVar [[r.VolumetricFog:1]]
[2020.12.14-13.08.49:906][  0]LogConfig: Setting CVar [[r.VolumetricFog.GridPixelSize:8]]
[2020.12.14-13.08.49:906][  0]LogConfig: Setting CVar [[r.VolumetricFog.GridSizeZ:128]]
[2020.12.14-13.08.49:906][  0]LogConfig: Setting CVar [[r.VolumetricFog.HistoryMissSupersampleCount:4]]
[2020.12.14-13.08.49:906][  0]LogConfig: Setting CVar [[r.LightMaxDrawDistanceScale:1]]
[2020.12.14-13.08.49:906][  0]LogConfig: Setting CVar [[r.CapsuleShadows:1]]
[2020.12.14-13.08.49:906][  0]LogConfig: Applying CVar settings from Section [PostProcessQuality@3] File [E:/Lautturi/AutoBattlerProto/Saved/Config/Windows/Scalability.ini]
[2020.12.14-13.08.49:906][  0]LogConfig: Setting CVar [[r.MotionBlurQuality:4]]
[2020.12.14-13.08.49:906][  0]LogConfig: Setting CVar [[r.AmbientOcclusionMipLevelFactor:0.4]]
[2020.12.14-13.08.49:906][  0]LogConfig: Setting CVar [[r.AmbientOcclusionMaxQuality:100]]
[2020.12.14-13.08.49:906][  0]LogConfig: Setting CVar [[r.AmbientOcclusionLevels:-1]]
[2020.12.14-13.08.49:906][  0]LogConfig: Setting CVar [[r.AmbientOcclusionRadiusScale:1.0]]
[2020.12.14-13.08.49:906][  0]LogConfig: Setting CVar [[r.DepthOfFieldQuality:2]]
[2020.12.14-13.08.49:906][  0]LogConfig: Setting CVar [[r.RenderTargetPoolMin:400]]
[2020.12.14-13.08.49:906][  0]LogConfig: Setting CVar [[r.LensFlareQuality:2]]
[2020.12.14-13.08.49:906][  0]LogConfig: Setting CVar [[r.SceneColorFringeQuality:1]]
[2020.12.14-13.08.49:906][  0]LogConfig: Setting CVar [[r.EyeAdaptationQuality:2]]
[2020.12.14-13.08.49:906][  0]LogConfig: Setting CVar [[r.BloomQuality:5]]
[2020.12.14-13.08.49:906][  0]LogConfig: Setting CVar [[r.FastBlurThreshold:100]]
[2020.12.14-13.08.49:906][  0]LogConfig: Setting CVar [[r.Upscale.Quality:3]]
[2020.12.14-13.08.49:906][  0]LogConfig: Setting CVar [[r.Tonemapper.GrainQuantization:1]]
[2020.12.14-13.08.49:906][  0]LogConfig: Setting CVar [[r.LightShaftQuality:1]]
[2020.12.14-13.08.49:906][  0]LogConfig: Setting CVar [[r.Filter.SizeScale:1]]
[2020.12.14-13.08.49:906][  0]LogConfig: Setting CVar [[r.Tonemapper.Quality:5]]
[2020.12.14-13.08.49:906][  0]LogConfig: Setting CVar [[r.DOF.Gather.AccumulatorQuality:1        ; higher gathering accumulator quality]]
[2020.12.14-13.08.49:906][  0]LogConfig: Setting CVar [[r.DOF.Gather.PostfilterMethod:1          ; Median3x3 postfilering method]]
[2020.12.14-13.08.49:906][  0]LogConfig: Setting CVar [[r.DOF.Gather.EnableBokehSettings:0       ; no bokeh simulation when gathering]]
[2020.12.14-13.08.49:906][  0]LogConfig: Setting CVar [[r.DOF.Gather.RingCount:4                 ; medium number of samples when gathering]]
[2020.12.14-13.08.49:906][  0]LogConfig: Setting CVar [[r.DOF.Scatter.ForegroundCompositing:1    ; additive foreground scattering]]
[2020.12.14-13.08.49:906][  0]LogConfig: Setting CVar [[r.DOF.Scatter.BackgroundCompositing:2    ; additive background scattering]]
[2020.12.14-13.08.49:906][  0]LogConfig: Setting CVar [[r.DOF.Scatter.EnableBokehSettings:1      ; bokeh simulation when scattering]]
[2020.12.14-13.08.49:906][  0]LogConfig: Setting CVar [[r.DOF.Scatter.MaxSpriteRatio:0.1         ; only a maximum of 10% of scattered bokeh]]
[2020.12.14-13.08.49:906][  0]LogConfig: Setting CVar [[r.DOF.Recombine.Quality:1                ; cheap slight out of focus]]
[2020.12.14-13.08.49:906][  0]LogConfig: Setting CVar [[r.DOF.Recombine.EnableBokehSettings:0    ; no bokeh simulation on slight out of focus]]
[2020.12.14-13.08.49:906][  0]LogConfig: Setting CVar [[r.DOF.TemporalAAQuality:1                ; more stable temporal accumulation]]
[2020.12.14-13.08.49:906][  0]LogConfig: Setting CVar [[r.DOF.Kernel.MaxForegroundRadius:0.025]]
[2020.12.14-13.08.49:907][  0]LogConfig: Setting CVar [[r.DOF.Kernel.MaxBackgroundRadius:0.025]]
[2020.12.14-13.08.49:907][  0]LogConfig: Applying CVar settings from Section [TextureQuality@3] File [E:/Lautturi/AutoBattlerProto/Saved/Config/Windows/Scalability.ini]
[2020.12.14-13.08.49:907][  0]LogConfig: Setting CVar [[r.Streaming.MipBias:0]]
[2020.12.14-13.08.49:907][  0]LogConfig: Setting CVar [[r.Streaming.AmortizeCPUToGPUCopy:0]]
[2020.12.14-13.08.49:907][  0]LogConfig: Setting CVar [[r.Streaming.MaxNumTexturesToStreamPerFrame:0]]
[2020.12.14-13.08.49:907][  0]LogConfig: Setting CVar [[r.Streaming.Boost:1]]
[2020.12.14-13.08.49:907][  0]LogConfig: Setting CVar [[r.MaxAnisotropy:8]]
[2020.12.14-13.08.49:907][  0]LogConfig: Setting CVar [[r.VT.MaxAnisotropy:8]]
[2020.12.14-13.08.49:907][  0]LogConfig: Setting CVar [[r.Streaming.LimitPoolSizeToVRAM:0]]
[2020.12.14-13.08.49:907][  0]LogConfig: Setting CVar [[r.Streaming.PoolSize:1000]]
[2020.12.14-13.08.49:907][  0]LogConfig: Setting CVar [[r.Streaming.MaxEffectiveScreenSize:0]]
[2020.12.14-13.08.49:907][  0]LogConfig: Applying CVar settings from Section [EffectsQuality@3] File [E:/Lautturi/AutoBattlerProto/Saved/Config/Windows/Scalability.ini]
[2020.12.14-13.08.49:907][  0]LogConfig: Setting CVar [[r.TranslucencyLightingVolumeDim:64]]
[2020.12.14-13.08.49:907][  0]LogConfig: Setting CVar [[r.RefractionQuality:2]]
[2020.12.14-13.08.49:907][  0]LogConfig: Setting CVar [[r.SSR.Quality:3]]
[2020.12.14-13.08.49:907][  0]LogConfig: Setting CVar [[r.SSR.HalfResSceneColor:0]]
[2020.12.14-13.08.49:907][  0]LogConfig: Setting CVar [[r.SceneColorFormat:4]]
[2020.12.14-13.08.49:907][  0]LogConfig: Setting CVar [[r.DetailMode:2]]
[2020.12.14-13.08.49:907][  0]LogConfig: Setting CVar [[r.TranslucencyVolumeBlur:1]]
[2020.12.14-13.08.49:907][  0]LogConfig: Setting CVar [[r.MaterialQualityLevel:1 ; High quality]]
[2020.12.14-13.08.49:907][  0]LogConfig: Setting CVar [[r.SSS.Scale:1]]
[2020.12.14-13.08.49:907][  0]LogConfig: Setting CVar [[r.SSS.SampleSet:2]]
[2020.12.14-13.08.49:907][  0]LogConfig: Setting CVar [[r.SSS.Quality:1]]
[2020.12.14-13.08.49:907][  0]LogConfig: Setting CVar [[r.SSS.HalfRes:1]]
[2020.12.14-13.08.49:907][  0]LogConfig: Setting CVar [[r.SSGI.Quality:3]]
[2020.12.14-13.08.49:907][  0]LogConfig: Setting CVar [[r.EmitterSpawnRateScale:1.0]]
[2020.12.14-13.08.49:907][  0]LogConfig: Setting CVar [[r.ParticleLightQuality:2]]
[2020.12.14-13.08.49:907][  0]LogConfig: Setting CVar [[r.SkyAtmosphere.AerialPerspectiveLUT.FastApplyOnOpaque:1 ; Always have FastSkyLUT 1 in this case to avoid wrong sky]]
[2020.12.14-13.08.49:907][  0]LogConfig: Setting CVar [[r.SkyAtmosphere.AerialPerspectiveLUT.SampleCountPerSlice:1]]
[2020.12.14-13.08.49:907][  0]LogConfig: Setting CVar [[r.SkyAtmosphere.AerialPerspectiveLUT.DepthResolution:16.0]]
[2020.12.14-13.08.49:907][  0]LogConfig: Setting CVar [[r.SkyAtmosphere.FastSkyLUT:1]]
[2020.12.14-13.08.49:907][  0]LogConfig: Setting CVar [[r.SkyAtmosphere.FastSkyLUT.SampleCountMin:4.0]]
[2020.12.14-13.08.49:907][  0]LogConfig: Setting CVar [[r.SkyAtmosphere.FastSkyLUT.SampleCountMax:32.0]]
[2020.12.14-13.08.49:907][  0]LogConfig: Setting CVar [[r.SkyAtmosphere.SampleCountMin:4.0]]
[2020.12.14-13.08.49:907][  0]LogConfig: Setting CVar [[r.SkyAtmosphere.SampleCountMax:32.0]]
[2020.12.14-13.08.49:907][  0]LogConfig: Setting CVar [[r.SkyAtmosphere.TransmittanceLUT.UseSmallFormat:0]]
[2020.12.14-13.08.49:907][  0]LogConfig: Setting CVar [[r.SkyAtmosphere.TransmittanceLUT.SampleCount:10.0]]
[2020.12.14-13.08.49:907][  0]LogConfig: Setting CVar [[r.SkyAtmosphere.MultiScatteringLUT.SampleCount:15.0]]
[2020.12.14-13.08.49:907][  0]LogConfig: Applying CVar settings from Section [FoliageQuality@3] File [E:/Lautturi/AutoBattlerProto/Saved/Config/Windows/Scalability.ini]
[2020.12.14-13.08.49:907][  0]LogConfig: Setting CVar [[foliage.DensityScale:1.0]]
[2020.12.14-13.08.49:907][  0]LogConfig: Setting CVar [[grass.DensityScale:1.0]]
[2020.12.14-13.08.49:907][  0]LogConfig: Applying CVar settings from Section [ShadingQuality@3] File [E:/Lautturi/AutoBattlerProto/Saved/Config/Windows/Scalability.ini]
[2020.12.14-13.08.49:907][  0]LogConfig: Setting CVar [[r.HairStrands.SkyLighting.SampleCount:16]]
[2020.12.14-13.08.49:907][  0]LogConfig: Setting CVar [[r.HairStrands.SkyLighting.JitterIntegration:0]]
[2020.12.14-13.08.49:907][  0]LogConfig: Setting CVar [[r.HairStrands.SkyAO.SampleCount:16]]
[2020.12.14-13.08.49:907][  0]LogConfig: Applying CVar settings from Section [Startup] File [../../../Engine/Config/ConsoleVariables.ini]
[2020.12.14-13.08.49:907][  0]LogConfig: Setting CVar [[net.UseAdaptiveNetUpdateFrequency:0]]
[2020.12.14-13.08.49:907][  0]LogConfig: Setting CVar [[p.chaos.AllowCreatePhysxBodies:1]]
[2020.12.14-13.08.49:907][  0]LogConfig: Applying CVar settings from Section [ConsoleVariables] File [E:/Lautturi/AutoBattlerProto/Saved/Config/Windows/Engine.ini]
[2020.12.14-13.08.49:907][  0]LogInit: Computer: DESKTOP-2POJTPC
[2020.12.14-13.08.49:907][  0]LogInit: User: Miros
[2020.12.14-13.08.49:908][  0]LogInit: CPU Page size=4096, Cores=12
[2020.12.14-13.08.49:908][  0]LogInit: High frequency timer resolution =10.000000 MHz
[2020.12.14-13.08.49:908][  0]LogMemory: Memory total: Physical=31.9GB (32GB approx)
[2020.12.14-13.08.49:908][  0]LogMemory: Platform Memory Stats for Windows
[2020.12.14-13.08.49:908][  0]LogMemory: Process Physical Memory: 108.82 MB used, 108.82 MB peak
[2020.12.14-13.08.49:908][  0]LogMemory: Process Virtual Memory: 104.23 MB used, 104.23 MB peak
[2020.12.14-13.08.49:908][  0]LogMemory: Physical Memory: 9422.07 MB used,  23293.02 MB free, 32715.09 MB total
[2020.12.14-13.08.49:908][  0]LogMemory: Virtual Memory: 5189.32 MB used,  134212536.00 MB free, 134217728.00 MB total
[2020.12.14-13.08.49:910][  0]LogWindows: WindowsPlatformFeatures enabled
[2020.12.14-13.08.49:923][  0]LogInit: Using OS detected language (fi-FI).
[2020.12.14-13.08.49:923][  0]LogInit: Using OS detected locale (fi-FI).
[2020.12.14-13.08.49:924][  0]LogTextLocalizationManager: No localization for 'fi-FI' exists, so 'en' will be used for the language.
[2020.12.14-13.08.50:040][  0]LogInit: Setting process to per monitor DPI aware
[2020.12.14-13.08.50:071][  0]LogSlate: New Slate User Created.  User Index 0, Is Virtual User: 0
[2020.12.14-13.08.50:071][  0]LogSlate: Slate User Registered.  User Index 0, Is Virtual User: 0
[2020.12.14-13.08.50:194][  0]LogHMD: Failed to initialize OpenVR with code 110
[2020.12.14-13.08.50:194][  0]LogD3D11RHI: D3D11 min allowed feature level: 11_0
[2020.12.14-13.08.50:194][  0]LogD3D11RHI: D3D11 max allowed feature level: 11_0
[2020.12.14-13.08.50:194][  0]LogD3D11RHI: D3D11 adapters:
[2020.12.14-13.08.50:257][  0]LogD3D11RHI:    0. 'NVIDIA GeForce GTX 1080' (Feature Level 11_0)
[2020.12.14-13.08.50:257][  0]LogD3D11RHI:       8079/0/16357 MB DedicatedVideo/DedicatedSystem/SharedSystem, Outputs:2, VendorId:0x10de
[2020.12.14-13.08.50:259][  0]LogD3D11RHI:    1. 'Microsoft Basic Render Driver' (Feature Level 11_0)
[2020.12.14-13.08.50:259][  0]LogD3D11RHI:       0/0/16357 MB DedicatedVideo/DedicatedSystem/SharedSystem, Outputs:0, VendorId:0x1414
[2020.12.14-13.08.50:259][  0]LogD3D11RHI: Chosen D3D11 Adapter: 0
[2020.12.14-13.08.50:268][  0]LogD3D11RHI: Creating new Direct3DDevice
[2020.12.14-13.08.50:268][  0]LogD3D11RHI:     GPU DeviceId: 0x1b80 (for the marketing name, search the web for "GPU Device Id")
[2020.12.14-13.08.50:268][  0]LogWindows: EnumDisplayDevices:
[2020.12.14-13.08.50:268][  0]LogWindows:    0. 'NVIDIA GeForce GTX 1080' (P:1 D:1)
[2020.12.14-13.08.50:269][  0]LogWindows:    1. 'NVIDIA GeForce GTX 1080' (P:0 D:1)
[2020.12.14-13.08.50:269][  0]LogWindows:    2. 'NVIDIA GeForce GTX 1080' (P:0 D:0)
[2020.12.14-13.08.50:269][  0]LogWindows:    3. 'NVIDIA GeForce GTX 1080' (P:0 D:0)
[2020.12.14-13.08.50:269][  0]LogWindows: DebugString: FoundDriverCount:4 
[2020.12.14-13.08.50:269][  0]LogD3D11RHI:     Adapter Name: NVIDIA GeForce GTX 1080
[2020.12.14-13.08.50:269][  0]LogD3D11RHI:   Driver Version: 445.87 (internal:26.21.14.4587, unified:445.87)
[2020.12.14-13.08.50:269][  0]LogD3D11RHI:      Driver Date: 4-3-2020
[2020.12.14-13.08.50:269][  0]LogRHI: Texture pool is 5655 MB (70% of 8079 MB)
[2020.12.14-13.08.50:310][  0]LogD3D11RHI: RHI has support for 64 bit atomics
[2020.12.14-13.08.50:311][  0]LogD3D11RHI: Async texture creation enabled
[2020.12.14-13.08.50:331][  0]LogD3D11RHI: GPU Timing Frequency: 1000.000000 (Debug: 2 1)
[2020.12.14-13.08.50:538][  0]LogTargetPlatformManager: Display: Loaded TargetPlatform 'AllDesktop'
[2020.12.14-13.08.50:564][  0]LogTargetPlatformManager: Display: Loaded TargetPlatform 'Android'
[2020.12.14-13.08.50:565][  0]LogTargetPlatformManager: Display: Loaded TargetPlatform 'Android_ASTC'
[2020.12.14-13.08.50:565][  0]LogTargetPlatformManager: Display: Loaded TargetPlatform 'Android_ATC'
[2020.12.14-13.08.50:565][  0]LogTargetPlatformManager: Display: Loaded TargetPlatform 'Android_DXT'
[2020.12.14-13.08.50:565][  0]LogTargetPlatformManager: Display: Loaded TargetPlatform 'Android_ETC1'
[2020.12.14-13.08.50:565][  0]LogTargetPlatformManager: Display: Loaded TargetPlatform 'Android_ETC1a'
[2020.12.14-13.08.50:565][  0]LogTargetPlatformManager: Display: Loaded TargetPlatform 'Android_ETC2'
[2020.12.14-13.08.50:565][  0]LogTargetPlatformManager: Display: Loaded TargetPlatform 'Android_PVRTC'
[2020.12.14-13.08.50:565][  0]LogTargetPlatformManager: Display: Loaded TargetPlatform 'AndroidClient'
[2020.12.14-13.08.50:565][  0]LogTargetPlatformManager: Display: Loaded TargetPlatform 'Android_ASTCClient'
[2020.12.14-13.08.50:565][  0]LogTargetPlatformManager: Display: Loaded TargetPlatform 'Android_ATCClient'
[2020.12.14-13.08.50:565][  0]LogTargetPlatformManager: Display: Loaded TargetPlatform 'Android_DXTClient'
[2020.12.14-13.08.50:565][  0]LogTargetPlatformManager: Display: Loaded TargetPlatform 'Android_ETC1Client'
[2020.12.14-13.08.50:565][  0]LogTargetPlatformManager: Display: Loaded TargetPlatform 'Android_ETC1aClient'
[2020.12.14-13.08.50:565][  0]LogTargetPlatformManager: Display: Loaded TargetPlatform 'Android_ETC2Client'
[2020.12.14-13.08.50:565][  0]LogTargetPlatformManager: Display: Loaded TargetPlatform 'Android_PVRTCClient'
[2020.12.14-13.08.50:565][  0]LogTargetPlatformManager: Display: Loaded TargetPlatform 'Android_Multi'
[2020.12.14-13.08.50:565][  0]LogTargetPlatformManager: Display: Loaded TargetPlatform 'Android_MultiClient'
[2020.12.14-13.08.50:581][  0]LogTargetPlatformManager: Display: Loaded TargetPlatform 'IOSClient'
[2020.12.14-13.08.50:581][  0]LogTargetPlatformManager: Display: Loaded TargetPlatform 'IOS'
[2020.12.14-13.08.50:587][  0]LogTargetPlatformManager: Display: Loaded TargetPlatform 'LinuxNoEditor'
[2020.12.14-13.08.50:592][  0]LogTargetPlatformManager: Display: Loaded TargetPlatform 'LinuxClient'
[2020.12.14-13.08.50:598][  0]LogTargetPlatformManager: Display: Loaded TargetPlatform 'LinuxServer'
[2020.12.14-13.08.50:604][  0]LogTargetPlatformManager: Display: Loaded TargetPlatform 'LinuxAArch64NoEditor'
[2020.12.14-13.08.50:609][  0]LogTargetPlatformManager: Display: Loaded TargetPlatform 'LinuxAArch64Client'
[2020.12.14-13.08.50:615][  0]LogTargetPlatformManager: Display: Loaded TargetPlatform 'LinuxAArch64Server'
[2020.12.14-13.08.50:634][  0]LogTargetPlatformManager: Display: Loaded TargetPlatform 'Lumin'
[2020.12.14-13.08.50:634][  0]LogTargetPlatformManager: Display: Loaded TargetPlatform 'LuminClient'
[2020.12.14-13.08.50:645][  0]LogTargetPlatformManager: Display: Loaded TargetPlatform 'TVOSClient'
[2020.12.14-13.08.50:645][  0]LogTargetPlatformManager: Display: Loaded TargetPlatform 'TVOS'
[2020.12.14-13.08.50:651][  0]LogTargetPlatformManager: Display: Loaded TargetPlatform 'WindowsNoEditor'
[2020.12.14-13.08.50:657][  0]LogTargetPlatformManager: Display: Loaded TargetPlatform 'Windows'
[2020.12.14-13.08.50:663][  0]LogTargetPlatformManager: Display: Loaded TargetPlatform 'WindowsClient'
[2020.12.14-13.08.50:668][  0]LogTargetPlatformManager: Display: Loaded TargetPlatform 'WindowsServer'
[2020.12.14-13.08.50:668][  0]LogTargetPlatformManager: Display: Building Assets For Windows
[2020.12.14-13.08.50:671][  0]LogAudioDebug: Display: Lib vorbis DLL was dynamically loaded.
[2020.12.14-13.08.50:686][  0]LogShaderCompilers: Guid format shader working directory is 17 characters bigger than the processId version (E:/Lautturi/AutoBattlerProto/Intermediate/Shaders/WorkingDirectory/24524/).
[2020.12.14-13.08.50:686][  0]LogShaderCompilers: Cleaned the shader compiler working directory 'C:/Users/Miros/AppData/Local/Temp/UnrealShaderWorkingDir/419E30684721895C4CC4F98B1A7B9E11/'.
[2020.12.14-13.08.50:686][  0]LogXGEController: Cleaning working directory: C:/Users/Miros/AppData/Local/Temp/UnrealXGEWorkingDir/
[2020.12.14-13.08.50:686][  0]LogXGEController: Cannot use XGE Controller as Incredibuild is not installed on this machine.
[2020.12.14-13.08.50:686][  0]LogShaderCompilers: Cannot use XGE Shader Compiler as Incredibuild is not installed on this machine.
[2020.12.14-13.08.50:686][  0]LogShaderCompilers: Display: Using Local Shader Compiler.
[2020.12.14-13.08.51:274][  0]LogDerivedDataCache: Display: Max Cache Size: 512 MB
[2020.12.14-13.08.51:317][  0]LogDerivedDataCache: Loaded boot cache 0.04s 78MB C:/Users/Miros/AppData/Local/UnrealEngine/4.24/DerivedDataCache/Boot.ddc.
[2020.12.14-13.08.51:317][  0]LogDerivedDataCache: Display: Loaded Boot cache: C:/Users/Miros/AppData/Local/UnrealEngine/4.24/DerivedDataCache/Boot.ddc
[2020.12.14-13.08.51:318][  0]LogDerivedDataCache: FDerivedDataBackendGraph:  Pak pak cache file E:/Lautturi/AutoBattlerProto/DerivedDataCache/DDC.ddp not found, will not use a pak cache.
[2020.12.14-13.08.51:318][  0]LogDerivedDataCache: Unable to find inner node Pak for hierarchical cache Hierarchy.
[2020.12.14-13.08.51:318][  0]LogDerivedDataCache: FDerivedDataBackendGraph:  CompressedPak pak cache file E:/Lautturi/AutoBattlerProto/DerivedDataCache/Compressed.ddp not found, will not use a pak cache.
[2020.12.14-13.08.51:318][  0]LogDerivedDataCache: Unable to find inner node CompressedPak for hierarchical cache Hierarchy.
[2020.12.14-13.08.51:327][  0]LogDerivedDataCache: Display: Pak cache opened for reading ../../../Engine/DerivedDataCache/Compressed.ddp.
[2020.12.14-13.08.51:327][  0]LogDerivedDataCache: FDerivedDataBackendGraph:  EnterprisePak pak cache file ../../../Enterprise/DerivedDataCache/Compressed.ddp not found, will not use a pak cache.
[2020.12.14-13.08.51:327][  0]LogDerivedDataCache: Unable to find inner node EnterprisePak for hierarchical cache Hierarchy.
[2020.12.14-13.08.51:328][  0]LogDerivedDataCache: Using Local data cache path C:/Users/Miros/AppData/Local/UnrealEngine/Common/DerivedDataCache: Writable
[2020.12.14-13.08.51:328][  0]LogDerivedDataCache: Shared data cache path not found in *engine.ini, will not use an Shared cache.
[2020.12.14-13.08.51:328][  0]LogDerivedDataCache: Unable to find inner node Shared for hierarchical cache Hierarchy.
[2020.12.14-13.08.51:349][  0]LogMaterial: Verifying Global Shaders for PCD3D_SM5
[2020.12.14-13.08.51:351][  0]LogSlate: Using FreeType 2.10.0
[2020.12.14-13.08.51:352][  0]LogSlate: SlateFontServices - WITH_FREETYPE: 1, WITH_HARFBUZZ: 1
[2020.12.14-13.08.51:396][  0]LogAssetRegistry: FAssetRegistry took 0.0022 seconds to start up
[2020.12.14-13.08.51:636][  0]LogInit: Selected Device Profile: [Windows]
[2020.12.14-13.08.51:755][  0]LogMeshReduction: Using QuadricMeshReduction for automatic static mesh reduction
[2020.12.14-13.08.51:755][  0]LogMeshReduction: Using SimplygonMeshReduction for automatic skeletal mesh reduction
[2020.12.14-13.08.51:755][  0]LogMeshReduction: Using ProxyLODMeshReduction for automatic mesh merging
[2020.12.14-13.08.51:755][  0]LogMeshReduction: No distributed automatic mesh merging module available
[2020.12.14-13.08.51:755][  0]LogMeshMerging: No distributed automatic mesh merging module available
[2020.12.14-13.08.51:766][  0]LogNetVersion: AutoBattlerProto 1.0.0, NetCL: 10570792, EngineNetVer: 13, GameNetVer: 0 (Checksum: 2377359032)
[2020.12.14-13.08.52:569][  0]LogPackageLocalizationCache: Processed 10 localized package path(s) for 1 prioritized culture(s) in 0.022741 seconds
[2020.12.14-13.08.52:574][  0]LogUObjectArray: 46750 objects as part of root set at end of initial load.
[2020.12.14-13.08.52:574][  0]LogUObjectAllocator: 8137160 out of 0 bytes used by permanent object pool.
[2020.12.14-13.08.52:574][  0]LogUObjectArray: CloseDisregardForGC: 0/0 objects in disregard for GC pool
[2020.12.14-13.08.52:880][  0]LogTcpMessaging: Initializing TcpMessaging bridge
[2020.12.14-13.08.52:882][  0]LogUdpMessaging: Initializing bridge on interface 0.0.0.0:0 to multicast group 230.0.0.1:6666.
[2020.12.14-13.08.52:923][  0]SourceControl: Source control is disabled
[2020.12.14-13.08.52:923][  0]SourceControl: Source control is disabled
[2020.12.14-13.08.52:924][  0]SourceControl: Source control is disabled
[2020.12.14-13.08.52:924][  0]SourceControl: Source control is disabled
[2020.12.14-13.08.52:925][  0]SourceControl: Source control is disabled
[2020.12.14-13.08.52:982][  0]LogAndroidPermission: UAndroidPermissionCallbackProxy::GetInstance
[2020.12.14-13.08.52:990][  0]LogAudioCaptureCore: Display: No Audio Capture implementations found. Audio input will be silent.
[2020.12.14-13.08.52:990][  0]LogAudioCaptureCore: Display: No Audio Capture implementations found. Audio input will be silent.
[2020.12.14-13.08.53:057][  0]LogOcInput: OculusInput pre-init called
[2020.12.14-13.08.53:064][  0]LogWindows: Failed to load 'OVRPlugin.dll' (GetLastError=126)
[2020.12.14-13.08.53:064][  0]LogWindows: File 'OVRPlugin.dll' does not exist
[2020.12.14-13.08.53:120][  0]LogEngine: Initializing Engine...
[2020.12.14-13.08.53:121][  0]LogHMD: Failed to initialize OpenVR with code 110
[2020.12.14-13.08.53:122][  0]LogStats: UGameplayTagsManager::InitializeManager -  0.000 s
[2020.12.14-13.08.53:384][  0]LogInit: Initializing FReadOnlyCVARCache
[2020.12.14-13.08.53:389][  0]LogAIModule: Creating AISystem for world Untitled
[2020.12.14-13.08.53:399][  0]LogAudioMixer: Display: Audio Mixer Platform Settings:
[2020.12.14-13.08.53:399][  0]LogAudioMixer: Display: 	Sample Rate:						  48000
[2020.12.14-13.08.53:399][  0]LogAudioMixer: Display: 	Callback Buffer Frame Size Requested: 1024
[2020.12.14-13.08.53:399][  0]LogAudioMixer: Display: 	Callback Buffer Frame Size To Use:	  1024
[2020.12.14-13.08.53:399][  0]LogAudioMixer: Display: 	Number of buffers to queue:			  2
[2020.12.14-13.08.53:399][  0]LogAudioMixer: Display: 	Max Channels (voices):				  32
[2020.12.14-13.08.53:399][  0]LogAudioMixer: Display: 	Number of Async Source Workers:		  0
[2020.12.14-13.08.53:399][  0]LogAudio: Display: AudioDevice MaxSources: 32
[2020.12.14-13.08.53:399][  0]LogAudio: Display: Using built-in audio occlusion.
[2020.12.14-13.08.53:399][  0]LogAudioMixer: Display: Initializing audio mixer.
[2020.12.14-13.08.53:532][  0]LogAudioMixer: Display: Audio Device Output Speaker Info:
[2020.12.14-13.08.53:532][  0]LogAudioMixer: Display: Name: Kaiuttimet (Realtek(R) Audio)
[2020.12.14-13.08.53:532][  0]LogAudioMixer: Display: Is Default: Yes
[2020.12.14-13.08.53:532][  0]LogAudioMixer: Display: Sample Rate: 48000
[2020.12.14-13.08.53:532][  0]LogAudioMixer: Display: Channel Count Used: 2
[2020.12.14-13.08.53:532][  0]LogAudioMixer: Display: Device Channel Count: 2
[2020.12.14-13.08.53:532][  0]LogAudioMixer: Display: Channel Order:
[2020.12.14-13.08.53:532][  0]LogAudioMixer: Display: 0: FrontLeft
[2020.12.14-13.08.53:532][  0]LogAudioMixer: Display: 1: FrontRight
[2020.12.14-13.08.53:561][  0]LogAudioMixer: Display: Using Audio Device Kaiuttimet (Realtek(R) Audio)
[2020.12.14-13.08.53:565][  0]LogInit: FAudioDevice initialized.
[2020.12.14-13.08.53:566][  0]LogNetVersion: Set ProjectVersion to 1.0.0.0. Version Checksum will be recalculated on next use.
[2020.12.14-13.08.53:646][  0]LogDerivedDataCache: Saved boot cache 0.08s 78MB C:/Users/Miros/AppData/Local/UnrealEngine/4.24/DerivedDataCache/Boot.ddc.
[2020.12.14-13.08.53:650][  0]LogInit: Texture streaming: Enabled
[2020.12.14-13.08.53:658][  0]LogEngineSessionManager: EngineSessionManager initialized
[2020.12.14-13.08.53:658][  0]LogEngineSessionManager: EngineSessionManager sent abnormal shutdown report. Type=Crashed, SessionId={BADFFA4C-4599-7889-2B7A-B3B222AA5EE8}
[2020.12.14-13.08.53:658][  0]LogEditorSessionSummary: Verbose: Initializing EditorSessionSummaryWriter for editor session tracking
[2020.12.14-13.08.53:661][  0]LogEditorSessionSummary: EditorSessionSummaryWriter initialized
[2020.12.14-13.08.53:691][  0]LogInit: Transaction tracking system initialized
[2020.12.14-13.08.53:699][  0]BlueprintLog: New page: Editor Load
[2020.12.14-13.08.53:721][  0]LocalizationService: Localization service is disabled
[2020.12.14-13.08.53:923][  0]LogCook: Display: Max memory allowance for cook 16384mb min free memory 0mb
[2020.12.14-13.08.53:924][  0]LogCook: Display: Mobile HDR setting 1
[2020.12.14-13.08.53:984][  0]LogFileCache: Scanning file cache for directory 'E:/Lautturi/AutoBattlerProto/Content/' took 0.03s
[2020.12.14-13.08.54:451][  0]SourceControl: Source control is disabled
[2020.12.14-13.08.54:451][  0]Cmd: MAP LOAD FILE="E:/Lautturi/AutoBattlerProto/Content/TestingContent/Persistent.umap" TEMPLATE=0 SHOWPROGRESS=1 FEATURELEVEL=3
[2020.12.14-13.08.54:451][  0]LightingResults: New page: Lighting Build
[2020.12.14-13.08.54:452][  0]LogWorld: UWorld::CleanupWorld for Untitled, bSessionEnded=true, bCleanupResources=true
[2020.12.14-13.08.54:452][  0]LogSlate: InvalidateAllWidgets triggered.  All widgets were invalidated
[2020.12.14-13.08.54:452][  0]MapCheck: New page: Map Check
[2020.12.14-13.08.54:452][  0]LightingResults: New page: Lighting Build
[2020.12.14-13.08.54:489][  0]LogUObjectHash: Compacting FUObjectHashTables data took   1.60ms
[2020.12.14-13.08.54:501][  0]LogAIModule: Creating AISystem for world Persistent
[2020.12.14-13.08.54:503][  0]LogStreaming: Display: ULevelStreaming::RequestLevel(/Game/TestingContent/CombatLevel) is flushing async loading
[2020.12.14-13.08.54:503][  0]LogStreaming: Display: Flushing async loaders.
[2020.12.14-13.08.54:736][  0]LogProperty: Warning: Serialized Class /Script/Engine.BlueprintGeneratedClass for a property of Class /Script/AutoBattlerProto.SkillBase. Reference will be nullptred.
    Property = ObjectProperty /Script/AutoBattlerProto.CharacterBase:PrimarySkill
    Item = BlueprintGeneratedClass /Game/TestingContent/Skill/NewSkills/Enemy/BP_EnemySkill.BP_EnemySkill_C
[2020.12.14-13.08.54:736][  0]LogProperty: Warning: Serialized Class /Script/Engine.BlueprintGeneratedClass for a property of Class /Script/AutoBattlerProto.SkillBase. Reference will be nullptred.
    Property = ObjectProperty /Script/AutoBattlerProto.CharacterBase:PassiveSkill
    Item = BlueprintGeneratedClass /Game/TestingContent/Skill/NewSkills/Enemy/BP_EnemySkill.BP_EnemySkill_C
[2020.12.14-13.08.55:070][  0]LogStreaming: Display: ULevelStreaming::RequestLevel(/Game/TestingContent/PickingLevel) is flushing async loading
[2020.12.14-13.08.55:206][  0]LogEditorServer: Finished looking for orphan Actors (0.000 secs)
[2020.12.14-13.08.55:244][  0]LogUObjectHash: Compacting FUObjectHashTables data took   2.93ms
[2020.12.14-13.08.55:244][  0]Cmd: MAP CHECKDEP NOCLEARLOG
[2020.12.14-13.08.55:244][  0]MapCheck: Map check complete: 0 Error(s), 0 Warning(s), took 0,154ms to complete.
[2020.12.14-13.08.55:244][  0]LogFileHelpers: Loading map 'Persistent' took 0.793
[2020.12.14-13.08.56:211][  0]LogSlate: Updating window title bar state: overlay mode, drag disabled, window buttons hidden, title bar hidden
[2020.12.14-13.08.56:216][  0]LogSlate: Updating window title bar state: overlay mode, drag disabled, window buttons hidden, title bar hidden
[2020.12.14-13.08.56:221][  0]LogSlate: Updating window title bar state: overlay mode, drag disabled, window buttons hidden, title bar hidden
[2020.12.14-13.08.56:226][  0]LogSlate: Updating window title bar state: overlay mode, drag disabled, window buttons hidden, title bar hidden
[2020.12.14-13.08.56:233][  0]LogCollectionManager: Loaded 0 collections in 0.002488 seconds
[2020.12.14-13.08.56:246][  0]LogFileCache: Scanning file cache for directory 'E:/Lautturi/AutoBattlerProto/Saved/Collections/' took 0.00s
[2020.12.14-13.08.56:246][  0]LogFileCache: Scanning file cache for directory 'E:/Lautturi/AutoBattlerProto/Content/Developers/Miros/Collections/' took 0.00s
[2020.12.14-13.08.56:246][  0]LogFileCache: Scanning file cache for directory 'E:/Lautturi/AutoBattlerProto/Content/Collections/' took 0.00s
[2020.12.14-13.08.56:246][  0]LogContentBrowser: Native class hierarchy populated in 0.0082 seconds. Added 3030 classes and 722 folders.
[2020.12.14-13.08.56:248][  0]LogContentBrowser: Native class hierarchy updated for 'WidgetCarousel' in 0.0003 seconds. Added 0 classes and 0 folders.
[2020.12.14-13.08.56:292][  0]LogContentBrowser: Native class hierarchy updated for 'AddContentDialog' in 0.0004 seconds. Added 0 classes and 0 folders.
[2020.12.14-13.08.56:296][  0]LogContentBrowser: Native class hierarchy updated for 'SceneOutliner' in 0.0004 seconds. Added 2 classes and 3 folders.
[2020.12.14-13.08.56:360][  0]LogSlate: Took 0.000237 seconds to synchronously load lazily loaded font '../../../Engine/Content/Slate/Fonts/Roboto-Regular.ttf' (155K)
[2020.12.14-13.08.56:362][  0]LogSlate: Took 0.000137 seconds to synchronously load lazily loaded font '../../../Engine/Content/Slate/Fonts/Roboto-Bold.ttf' (160K)
[2020.12.14-13.08.56:366][  0]LogSlate: Took 0.000122 seconds to synchronously load lazily loaded font '../../../Engine/Content/Editor/Slate/Fonts/FontAwesome.ttf' (139K)
[2020.12.14-13.08.56:366][  0]LogSlate: Took 0.000091 seconds to synchronously load lazily loaded font '../../../Engine/Content/Slate/Fonts/DroidSansMono.ttf' (77K)
[2020.12.14-13.08.56:456][  0]LogRenderer: Reallocating scene render targets to support 1800x744 Format 10 NumSamples 1 (Frame:1).
[2020.12.14-13.08.56:530][  0]LogContentBrowser: Native class hierarchy updated for 'HierarchicalLODOutliner' in 0.0005 seconds. Added 0 classes and 0 folders.
[2020.12.14-13.08.56:530][  0]LogLoad: (Engine Initialization) Total time: 7.63 seconds
[2020.12.14-13.08.56:530][  0]LogLoad: (Engine Initialization) Total Blueprint compile time: 0.00 seconds
[2020.12.14-13.08.56:591][  0]LogAssetRegistry: Asset discovery search completed in 5.1957 seconds
[2020.12.14-13.08.56:594][  0]LogCollectionManager: Fixed up redirectors for 0 collections in 0.000006 seconds (updated 0 objects)
[2020.12.14-13.08.56:599][  0]LogContentStreaming: Texture pool size now 1000 MB
[2020.12.14-13.08.57:989][158]LogTemp: Repeating last play command: Selected Viewport
[2020.12.14-13.08.57:995][158]LogBlueprintUserMessages: Early PlayInEditor Detection: Level '/Game/TestingContent/PickingLevel.PickingLevel:PersistentLevel' has LevelScriptBlueprint '/Game/TestingContent/PickingLevel.PickingLevel:PersistentLevel.PickingLevel' with GeneratedClass '/Game/TestingContent/PickingLevel.PickingLevel_C' with ClassGeneratedBy '/Game/TestingContent/PickingLevel.PickingLevel:PersistentLevel.PickingLevel'
[2020.12.14-13.08.57:995][158]LogPlayLevel: PlayLevel: No blueprints needed recompiling
[2020.12.14-13.08.57:995][158]PIE: New page: PIE session: Persistent (14.12.2020 klo 17.08.57)
[2020.12.14-13.08.57:996][158]LogOnline: OSS: Creating online subsystem instance for: NULL
[2020.12.14-13.08.57:997][158]LogOnline: OSS: TryLoadSubsystemAndSetDefault: Loaded subsystem for module [NULL]
[2020.12.14-13.08.57:998][158]LogPlayLevel: Creating play world package: /Game/TestingContent/UEDPIE_0_Persistent
[2020.12.14-13.08.57:999][158]LogPlayLevel: PIE: StaticDuplicateObject took: (0.000791s)
[2020.12.14-13.08.58:000][158]LogAIModule: Creating AISystem for world Persistent
[2020.12.14-13.08.58:000][158]LogPlayLevel: PIE: World Init took: (0.000872s)
[2020.12.14-13.08.58:000][158]LogPlayLevel: PIE: Created PIE world by copying editor world from /Game/TestingContent/Persistent.Persistent to /Game/TestingContent/UEDPIE_0_Persistent.Persistent (0.001826s)
[2020.12.14-13.08.58:036][158]LogUObjectHash: Compacting FUObjectHashTables data took   1.46ms
[2020.12.14-13.08.58:046][158]LogTemp: Warning: Soultrial Initialized
[2020.12.14-13.08.58:047][158]LogAudioMixer: Display: Audio Mixer Platform Settings:
[2020.12.14-13.08.58:047][158]LogAudioMixer: Display: 	Sample Rate:						  48000
[2020.12.14-13.08.58:047][158]LogAudioMixer: Display: 	Callback Buffer Frame Size Requested: 1024
[2020.12.14-13.08.58:047][158]LogAudioMixer: Display: 	Callback Buffer Frame Size To Use:	  1024
[2020.12.14-13.08.58:047][158]LogAudioMixer: Display: 	Number of buffers to queue:			  2
[2020.12.14-13.08.58:047][158]LogAudioMixer: Display: 	Max Channels (voices):				  32
[2020.12.14-13.08.58:047][158]LogAudioMixer: Display: 	Number of Async Source Workers:		  0
[2020.12.14-13.08.58:047][158]LogAudio: Display: AudioDevice MaxSources: 32
[2020.12.14-13.08.58:047][158]LogAudio: Display: Using built-in audio occlusion.
[2020.12.14-13.08.58:047][158]LogAudioMixer: Display: Initializing audio mixer.
[2020.12.14-13.08.58:168][158]LogAudioMixer: Display: Audio Device Output Speaker Info:
[2020.12.14-13.08.58:168][158]LogAudioMixer: Display: Name: Kaiuttimet (Realtek(R) Audio)
[2020.12.14-13.08.58:168][158]LogAudioMixer: Display: Is Default: Yes
[2020.12.14-13.08.58:168][158]LogAudioMixer: Display: Sample Rate: 48000
[2020.12.14-13.08.58:168][158]LogAudioMixer: Display: Channel Count Used: 2
[2020.12.14-13.08.58:168][158]LogAudioMixer: Display: Device Channel Count: 2
[2020.12.14-13.08.58:168][158]LogAudioMixer: Display: Channel Order:
[2020.12.14-13.08.58:168][158]LogAudioMixer: Display: 0: FrontLeft
[2020.12.14-13.08.58:168][158]LogAudioMixer: Display: 1: FrontRight
[2020.12.14-13.08.58:187][158]LogAudioMixer: Display: Using Audio Device Kaiuttimet (Realtek(R) Audio)
[2020.12.14-13.08.58:189][158]LogInit: FAudioDevice initialized.
[2020.12.14-13.08.58:196][158]LogLoad: Game class is 'BP_AutoBattlerProtoGameModeBase_C'
[2020.12.14-13.08.58:197][158]LogWorld: Bringing World /Game/TestingContent/UEDPIE_0_Persistent.Persistent up for play (max tick rate 0) at 2020.12.14-15.08.58
[2020.12.14-13.08.58:197][158]LogWorld: Bringing up level for play took: 0.000276
[2020.12.14-13.08.58:197][158]LogOnline: OSS: Creating online subsystem instance for: :Context_2
[2020.12.14-13.08.58:198][158]LogGameMode: FindPlayerStart: PATHS NOT DEFINED or NO PLAYERSTART with positive rating
[2020.12.14-13.08.58:200][158]LogContentBrowser: Native class hierarchy updated for 'MovieSceneCapture' in 0.0005 seconds. Added 20 classes and 0 folders.
[2020.12.14-13.08.58:200][158]LogLevel: ActivateLevel /Game/TestingContent/UEDPIE_0_PickingLevel 1 1 1
[2020.12.14-13.08.58:200][158]PIE: Play in editor start time for /Game/TestingContent/UEDPIE_0_Persistent 0,223
[2020.12.14-13.08.58:201][158]LogBlueprintUserMessages: Late PlayInEditor Detection: Level '/Game/TestingContent/PickingLevel.PickingLevel:PersistentLevel' has LevelScriptBlueprint '/Game/TestingContent/PickingLevel.PickingLevel:PersistentLevel.PickingLevel' with GeneratedClass '/Game/TestingContent/PickingLevel.PickingLevel_C' with ClassGeneratedBy '/Game/TestingContent/PickingLevel.PickingLevel:PersistentLevel.PickingLevel'
[2020.12.14-13.08.58:201][158]LogLevelStreaming: Display: FStreamLevelAction::UpdateOperation() LevelName PickingLevel, bIsLevelValid 1
[2020.12.14-13.08.58:237][159]LogLevelStreaming: Display: FStreamLevelAction::UpdateOperation() LevelName PickingLevel, bIsLevelValid 1
[2020.12.14-13.09.05:139][987]LogLevel: ActivateLevel /Game/TestingContent/UEDPIE_0_CombatLevel 1 1 1
[2020.12.14-13.09.05:140][987]LogLevelStreaming: Display: FStreamLevelAction::UpdateOperation() LevelName CombatLevel, bIsLevelValid 1
[2020.12.14-13.09.05:145][987]LogTemp: Warning: Gameinstance thing: BP_PlayerCharacter_C_7 
[2020.12.14-13.09.05:145][987]LogTemp: Warning: Gameinstance thing: BP_PlayerCharacter_C_9 
[2020.12.14-13.09.05:145][987]LogTemp: Warning: Gameinstance thing: BP_PlayerCharacter_C_10 
[2020.12.14-13.09.05:145][987]LogTemp: Warning: Gameinstance thing: BP_PlayerCharacter_C_11 
[2020.12.14-13.09.05:146][987]LogTemp: Warning: Gameinstance thing: BP_PlayerCharacter_C_12 
[2020.12.14-13.09.08:551][987]LogWindows: Error: === Critical error: ===
[2020.12.14-13.09.08:551][987]LogWindows: Error: 
[2020.12.14-13.09.08:551][987]LogWindows: Error: Fatal error!
[2020.12.14-13.09.08:551][987]LogWindows: Error: 
[2020.12.14-13.09.08:551][987]LogWindows: Error: Unhandled Exception: EXCEPTION_ACCESS_VIOLATION writing address 0x00000058
[2020.12.14-13.09.08:551][987]LogWindows: Error: 
[2020.12.14-13.09.08:551][987]LogWindows: Error: [Callstack] 0x00007ffd606d0230 UE4Editor-AutoBattlerProto.dll!USkillBase::Initialize() [e:\lautturi\autobattlerproto\source\lautturi\skillbase.cpp:18]
[2020.12.14-13.09.08:551][987]LogWindows: Error: [Callstack] 0x00007ffd606c9f1a UE4Editor-AutoBattlerProto.dll!AEnemyBase::RandomizeStats() [e:\lautturi\autobattlerproto\source\lautturi\enemybase.cpp:43]
[2020.12.14-13.09.08:551][987]LogWindows: Error: [Callstack] 0x00007ffd606d1441 UE4Editor-AutoBattlerProto.dll!ASlotBase::SpawnNewCharacterToSlot() [e:\lautturi\autobattlerproto\source\lautturi\slotbase.cpp:58]
[2020.12.14-13.09.08:551][987]LogWindows: Error: [Callstack] 0x00007ffd8e9342e8 UE4Editor-CoreUObject.dll!UFunction::Invoke() [d:\build\++ue4\sync\engine\source\runtime\coreuobject\private\uobject\class.cpp:4907]
[2020.12.14-13.09.08:551][987]LogWindows: Error: [Callstack] 0x00007ffd8eb5a62f UE4Editor-CoreUObject.dll!UObject::CallFunction() [d:\build\++ue4\sync\engine\source\runtime\coreuobject\private\uobject\scriptcore.cpp:927]
[2020.12.14-13.09.08:551][987]LogWindows: Error: [Callstack] 0x00007ffd8eb80cd2 UE4Editor-CoreUObject.dll!ProcessLocalScriptFunction() [d:\build\++ue4\sync\engine\source\runtime\coreuobject\private\uobject\scriptcore.cpp:997]
[2020.12.14-13.09.08:551][987]LogWindows: Error: [Callstack] 0x00007ffd8eb4edbb UE4Editor-CoreUObject.dll!ProcessScriptFunction<void (__cdecl*)(UObject *,FFrame &,void *)>() [d:\build\++ue4\sync\engine\source\runtime\coreuobject\private\uobject\scriptcore.cpp:828]
[2020.12.14-13.09.08:551][987]LogWindows: Error: [Callstack] 0x00007ffd8eb809ef UE4Editor-CoreUObject.dll!ProcessLocalFunction() [d:\build\++ue4\sync\engine\source\runtime\coreuobject\private\uobject\scriptcore.cpp:1056]
[2020.12.14-13.09.08:551][987]LogWindows: Error: [Callstack] 0x00007ffd8eb80cd2 UE4Editor-CoreUObject.dll!ProcessLocalScriptFunction() [d:\build\++ue4\sync\engine\source\runtime\coreuobject\private\uobject\scriptcore.cpp:997]
[2020.12.14-13.09.08:551][987]LogWindows: Error: [Callstack] 0x00007ffd8eb80644 UE4Editor-CoreUObject.dll!UObject::ProcessInternal() [d:\build\++ue4\sync\engine\source\runtime\coreuobject\private\uobject\scriptcore.cpp:1081]
[2020.12.14-13.09.08:551][987]LogWindows: Error: [Callstack] 0x00007ffd8e9342e8 UE4Editor-CoreUObject.dll!UFunction::Invoke() [d:\build\++ue4\sync\engine\source\runtime\coreuobject\private\uobject\class.cpp:4907]
[2020.12.14-13.09.08:551][987]LogWindows: Error: [Callstack] 0x00007ffd8eb80148 UE4Editor-CoreUObject.dll!UObject::ProcessEvent() [d:\build\++ue4\sync\engine\source\runtime\coreuobject\private\uobject\scriptcore.cpp:1912]
[2020.12.14-13.09.08:551][987]LogWindows: Error: [Callstack] 0x00007ffd844c7f18 UE4Editor-Engine.dll!AActor::ProcessEvent() [d:\build\++ue4\sync\engine\source\runtime\engine\private\actor.cpp:795]
[2020.12.14-13.09.08:551][987]LogWindows: Error: [Callstack] 0x00007ffd844909df UE4Editor-Engine.dll!AActor::BeginPlay() [d:\build\++ue4\sync\engine\source\runtime\engine\private\actor.cpp:3468]
[2020.12.14-13.09.08:551][987]LogWindows: Error: [Callstack] 0x00007ffd8449c7dd UE4Editor-Engine.dll!AActor::DispatchBeginPlay() [d:\build\++ue4\sync\engine\source\runtime\engine\private\actor.cpp:3384]
[2020.12.14-13.09.08:551][987]LogWindows: Error: [Callstack] 0x00007ffd84d9a0da UE4Editor-Engine.dll!ULevel::RouteActorInitialize() [d:\build\++ue4\sync\engine\source\runtime\engine\private\level.cpp:1784]
[2020.12.14-13.09.08:551][987]LogWindows: Error: [Callstack] 0x00007ffd85745148 UE4Editor-Engine.dll!UWorld::AddToWorld() [d:\build\++ue4\sync\engine\source\runtime\engine\private\world.cpp:2447]
[2020.12.14-13.09.08:551][987]LogWindows: Error: [Callstack] 0x00007ffd84daa6f6 UE4Editor-Engine.dll!ULevelStreaming::UpdateStreamingState() [d:\build\++ue4\sync\engine\source\runtime\engine\private\levelstreaming.cpp:578]
[2020.12.14-13.09.08:551][987]LogWindows: Error: [Callstack] 0x00007ffd8579424f UE4Editor-Engine.dll!UWorld::UpdateLevelStreaming() [d:\build\++ue4\sync\engine\source\runtime\engine\private\world.cpp:3254]
[2020.12.14-13.09.08:551][987]LogWindows: Error: [Callstack] 0x00007ffd84b9ea42 UE4Editor-Engine.dll!UGameViewportClient::Draw() [d:\build\++ue4\sync\engine\source\runtime\engine\private\gameviewportclient.cpp:1370]
[2020.12.14-13.09.08:551][987]LogWindows: Error: [Callstack] 0x00007ffd855e82d6 UE4Editor-Engine.dll!FViewport::Draw() [d:\build\++ue4\sync\engine\source\runtime\engine\private\unrealclient.cpp:1570]
[2020.12.14-13.09.08:552][987]LogWindows: Error: [Callstack] 0x00007ffd8d46b611 UE4Editor-UnrealEd.dll!UEditorEngine::Tick() [d:\build\++ue4\sync\engine\source\editor\unrealed\private\editorengine.cpp:1886]
[2020.12.14-13.09.08:552][987]LogWindows: Error: [Callstack] 0x00007ffd8dcce476 UE4Editor-UnrealEd.dll!UUnrealEdEngine::Tick() [d:\build\++ue4\sync\engine\source\editor\unrealed\private\unrealedengine.cpp:410]
[2020.12.14-13.09.08:552][987]LogWindows: Error: [Callstack] 0x00007ff78bad7f62 UE4Editor.exe!FEngineLoop::Tick() [d:\build\++ue4\sync\engine\source\runtime\launch\private\launchengineloop.cpp:4485]
[2020.12.14-13.09.08:552][987]LogWindows: Error: [Callstack] 0x00007ff78baec3ec UE4Editor.exe!GuardedMain() [d:\build\++ue4\sync\engine\source\runtime\launch\private\launch.cpp:173]
[2020.12.14-13.09.08:552][987]LogWindows: Error: [Callstack] 0x00007ff78baec4ca UE4Editor.exe!GuardedMainWrapper() [d:\build\++ue4\sync\engine\source\runtime\launch\private\windows\launchwindows.cpp:134]
[2020.12.14-13.09.08:552][987]LogWindows: Error: [Callstack] 0x00007ff78bafceae UE4Editor.exe!WinMain() [d:\build\++ue4\sync\engine\source\runtime\launch\private\windows\launchwindows.cpp:263]
[2020.12.14-13.09.08:552][987]LogWindows: Error: [Callstack] 0x00007ff78baffcbe UE4Editor.exe!__scrt_common_main_seh() [d:\agent\_work\2\s\src\vctools\crt\vcstartup\src\startup\exe_common.inl:288]
[2020.12.14-13.09.08:552][987]LogWindows: Error: [Callstack] 0x00007ffe16bd7034 KERNEL32.DLL!UnknownFunction []
[2020.12.14-13.09.08:552][987]LogWindows: Error: [Callstack] 0x00007ffe172bd0d1 ntdll.dll!UnknownFunction []
[2020.12.14-13.09.08:552][987]LogWindows: Error: 
[2020.12.14-13.09.08:561][987]LogExit: Executing StaticShutdownAfterError
[2020.12.14-13.09.08:565][987]LogWindows: FPlatformMisc::RequestExit(1)
[2020.12.14-13.09.08:565][987]LogCore: Engine exit requested (reason: Win RequestExit)
[2020.12.14-13.09.08:568][987]Log file closed, 12/14/20 15:09:08
