Log file open, 12/18/20 13:54:42
LogWindows: Failed to load 'aqProf.dll' (GetLastError=126)
LogWindows: File 'aqProf.dll' does not exist
LogWindows: Failed to load 'VtuneApi.dll' (GetLastError=126)
LogWindows: File 'VtuneApi.dll' does not exist
LogWindows: Failed to load 'VtuneApi32e.dll' (GetLastError=126)
LogWindows: File 'VtuneApi32e.dll' does not exist
LogConsoleResponse: Display: Failed to find resolution value strings in scalability ini. Falling back to default.
LogInit: Display: Running engine for game: AutoBattlerProto
LogPlatformFile: Not using cached read wrapper
LogTaskGraph: Started task graph with 5 named threads and 71 total threads with 3 sets of task threads.
LogStats: Stats thread started at 0.063664
LogD3D11RHI: Loaded GFSDK_Aftermath_Lib.x64.dll
LogICUInternationalization: ICU TimeZone Detection - Raw Offset: +2:00, Platform Override: ''
LogPluginManager: Mounting plugin Paper2D
LogPluginManager: Mounting plugin AISupport
LogPluginManager: Mounting plugin LightPropagationVolume
LogPluginManager: Mounting plugin ActorLayerUtilities
LogPluginManager: Mounting plugin AnimationSharing
LogPluginManager: Mounting plugin CLionSourceCodeAccess
LogPluginManager: Mounting plugin CodeLiteSourceCodeAccess
LogPluginManager: Mounting plugin GitSourceControl
LogPluginManager: Mounting plugin KDevelopSourceCodeAccess
LogPluginManager: Mounting plugin NullSourceCodeAccess
LogPluginManager: Mounting plugin PerforceSourceControl
LogPluginManager: Mounting plugin PlasticSourceControl
LogPluginManager: Mounting plugin SubversionSourceControl
LogPluginManager: Mounting plugin UObjectPlugin
LogPluginManager: Mounting plugin VisualStudioCodeSourceCodeAccess
LogPluginManager: Mounting plugin VisualStudioSourceCodeAccess
LogPluginManager: Mounting plugin XCodeSourceCodeAccess
LogPluginManager: Mounting plugin AssetManagerEditor
LogPluginManager: Mounting plugin CryptoKeys
LogPluginManager: Mounting plugin CurveEditorTools
LogPluginManager: Mounting plugin DataValidation
LogPluginManager: Mounting plugin FacialAnimation
LogPluginManager: Mounting plugin GameplayTagsEditor
LogPluginManager: Mounting plugin MacGraphicsSwitching
LogPluginManager: Mounting plugin MaterialAnalyzer
LogPluginManager: Mounting plugin MobileLauncherProfileWizard
LogPluginManager: Mounting plugin PluginBrowser
LogPluginManager: Mounting plugin SpeedTreeImporter
LogPluginManager: Mounting plugin DatasmithContent
LogPluginManager: Mounting plugin VariantManagerContent
LogPluginManager: Mounting plugin AlembicImporter
LogPluginManager: Mounting plugin AutomationUtils
LogPluginManager: Mounting plugin BackChannel
LogPluginManager: Mounting plugin CharacterAI
LogPluginManager: Mounting plugin GeometryCache
LogPluginManager: Mounting plugin PlatformCrypto
LogPluginManager: Mounting plugin ProxyLODPlugin
LogPluginManager: Mounting plugin SkeletalReduction
LogPluginManager: Mounting plugin MagicLeap
LogPluginManager: Mounting plugin MagicLeapMedia
LogPluginManager: Mounting plugin MLSDK
LogPluginManager: Mounting plugin AndroidMedia
LogPluginManager: Mounting plugin AvfMedia
LogPluginManager: Mounting plugin ImgMedia
LogPluginManager: Mounting plugin MediaCompositing
LogPluginManager: Mounting plugin MediaPlayerEditor
LogPluginManager: Mounting plugin WebMMedia
LogPluginManager: Mounting plugin WmfMedia
LogPluginManager: Mounting plugin TcpMessaging
LogPluginManager: Mounting plugin UdpMessaging
LogPluginManager: Mounting plugin ActorSequence
LogPluginManager: Mounting plugin LevelSequenceEditor
LogPluginManager: Mounting plugin MatineeToLevelSequence
LogPluginManager: Mounting plugin NetcodeUnitTest
LogPluginManager: Mounting plugin NUTUnrealEngine4
LogPluginManager: Mounting plugin OnlineSubsystemGooglePlay
LogPluginManager: Mounting plugin OnlineSubsystemIOS
LogPluginManager: Mounting plugin OnlineSubsystem
LogPluginManager: Mounting plugin OnlineSubsystemNull
LogPluginManager: Mounting plugin OnlineSubsystemUtils
LogPluginManager: Mounting plugin LauncherChunkInstaller
LogPluginManager: Mounting plugin AndroidDeviceProfileSelector
LogPluginManager: Mounting plugin AndroidMoviePlayer
LogPluginManager: Mounting plugin AndroidPermission
LogPluginManager: Mounting plugin AppleImageUtils
LogPluginManager: Mounting plugin AppleMoviePlayer
LogPluginManager: Mounting plugin ArchVisCharacter
LogPluginManager: Mounting plugin AssetTags
LogPluginManager: Mounting plugin AudioCapture
LogPluginManager: Mounting plugin CableComponent
LogPluginManager: Mounting plugin CustomMeshComponent
LogPluginManager: Mounting plugin EditableMesh
LogPluginManager: Mounting plugin ExampleDeviceProfileSelector
LogPluginManager: Mounting plugin GoogleCloudMessaging
LogPluginManager: Mounting plugin IOSDeviceProfileSelector
LogPluginManager: Mounting plugin LinuxDeviceProfileSelector
LogPluginManager: Mounting plugin LocationServicesBPLibrary
LogPluginManager: Mounting plugin MobilePatchingUtils
LogPluginManager: Mounting plugin OculusVR
LogPluginManager: Mounting plugin PhysXVehicles
LogPluginManager: Mounting plugin PostSplashScreen
LogPluginManager: Mounting plugin ProceduralMeshComponent
LogPluginManager: Mounting plugin RuntimePhysXCooking
LogPluginManager: Mounting plugin SignificanceManager
LogPluginManager: Mounting plugin SteamVR
LogPluginManager: Mounting plugin WebMMoviePlayer
LogPluginManager: Mounting plugin WindowsMoviePlayer
LogPluginManager: Mounting plugin ScreenshotTools
LogInit: Using libcurl 7.55.1-DEV
LogInit:  - built for x86_64-pc-win32
LogInit:  - supports SSL with OpenSSL/1.1.1
LogInit:  - supports HTTP deflate (compression) using libz 1.2.8
LogInit:  - other features:
LogInit:      CURL_VERSION_SSL
LogInit:      CURL_VERSION_LIBZ
LogInit:      CURL_VERSION_IPV6
LogInit:      CURL_VERSION_ASYNCHDNS
LogInit:      CURL_VERSION_LARGEFILE
LogInit:      CURL_VERSION_IDN
LogInit:  CurlRequestOptions (configurable via config and command line):
LogInit:  - bVerifyPeer = true  - Libcurl will verify peer certificate
LogInit:  - bUseHttpProxy = false  - Libcurl will NOT use HTTP proxy
LogInit:  - bDontReuseConnections = false  - Libcurl will reuse connections
LogInit:  - MaxHostConnections = 16  - Libcurl will limit the number of connections to a host
LogInit:  - LocalHostAddr = Default
LogInit:  - BufferSize = 65536
LogOnline: OSS: Creating online subsystem instance for: NULL
LogInit: WinSock: version 1.1 (2.2), MaxSocks=32767, MaxUdp=65467
LogOnline: OSS: TryLoadSubsystemAndSetDefault: Loaded subsystem for module [NULL]
LogInit: Build: ++UE4+Release-4.24-CL-11590370
LogInit: Engine Version: 4.24.3-11590370+++UE4+Release-4.24
LogInit: Compatible Engine Version: 4.24.0-10570792+++UE4+Release-4.24
LogInit: Net CL: 10570792
LogInit: OS: Windows 10 (Release 2004) (), CPU: AMD Ryzen 9 3900X 12-Core Processor            , GPU: NVIDIA GeForce GTX 1080
LogInit: Compiled (64-bit): Feb 24 2020 15:39:18
LogInit: Compiled with Visual C++: 19.16.27032.01
LogInit: Build Configuration: Development
LogInit: Branch Name: ++UE4+Release-4.24
LogInit: Command Line: 
LogInit: Base Directory: D:/Epic Games/UE_4.24/Engine/Binaries/Win64/
LogInit: Installed Engine Build: 1
LogDevObjectVersion: Number of dev versions registered: 25
LogDevObjectVersion:   Dev-Blueprints (B0D832E4-1F89-4F0D-ACCF-7EB736FD4AA2): 10
LogDevObjectVersion:   Dev-Build (E1C64328-A22C-4D53-A36C-8E866417BD8C): 0
LogDevObjectVersion:   Dev-Core (375EC13C-06E4-48FB-B500-84F0262A717E): 3
LogDevObjectVersion:   Dev-Editor (E4B068ED-F494-42E9-A231-DA0B2E46BB41): 37
LogDevObjectVersion:   Dev-Framework (CFFC743F-43B0-4480-9391-14DF171D2073): 36
LogDevObjectVersion:   Dev-Mobile (B02B49B5-BB20-44E9-A304-32B752E40360): 2
LogDevObjectVersion:   Dev-Networking (A4E4105C-59A1-49B5-A7C5-40C4547EDFEE): 0
LogDevObjectVersion:   Dev-Online (39C831C9-5AE6-47DC-9A44-9C173E1C8E7C): 0
LogDevObjectVersion:   Dev-Physics (78F01B33-EBEA-4F98-B9B4-84EACCB95AA2): 2
LogDevObjectVersion:   Dev-Platform (6631380F-2D4D-43E0-8009-CF276956A95A): 0
LogDevObjectVersion:   Dev-Rendering (12F88B9F-8875-4AFC-A67C-D90C383ABD29): 36
LogDevObjectVersion:   Dev-Sequencer (7B5AE74C-D270-4C10-A958-57980B212A5A): 11
LogDevObjectVersion:   Dev-VR (D7296918-1DD6-4BDD-9DE2-64A83CC13884): 2
LogDevObjectVersion:   Dev-LoadTimes (C2A15278-BFE7-4AFE-6C17-90FF531DF755): 1
LogDevObjectVersion:   Private-Geometry (6EACA3D4-40EC-4CC1-B786-8BED09428FC5): 3
LogDevObjectVersion:   Dev-AnimPhys (29E575DD-E0A3-4627-9D10-D276232CDCEA): 17
LogDevObjectVersion:   Dev-Anim (AF43A65D-7FD3-4947-9873-3E8ED9C1BB05): 2
LogDevObjectVersion:   Dev-ReflectionCapture (6B266CEC-1EC7-4B8F-A30B-E4D90942FC07): 1
LogDevObjectVersion:   Dev-Automation (0DF73D61-A23F-47EA-B727-89E90C41499A): 1
LogDevObjectVersion:   FortniteMain (601D1886-AC64-4F84-AA16-D3DE0DEAC7D6): 31
LogDevObjectVersion:   Dev-Enterprise (9DFFBCD6-494F-0158-E221-12823C92A888): 8
LogDevObjectVersion:   Dev-Niagara (F2AED0AC-9AFE-416F-8664-AA7FFA26D6FC): 1
LogDevObjectVersion:   Dev-Destruction (174F1F0B-B4C6-45A5-B13F-2EE8D0FB917D): 9
LogDevObjectVersion:   Dev-Physics-Ext (35F94A83-E258-406C-A318-09F59610247C): 8
LogDevObjectVersion:   Dev-CineCamera (B2E18506-4273-CFC2-A54E-F4BB758BBA07): 1
LogInit: Presizing for max 25165824 objects, including 0 objects not considered by GC, pre-allocating 0 bytes for permanent pool.
LogInit: Object subsystem initialized
LogConfig: Setting CVar [[con.DebugEarlyDefault:1]]
LogConfig: Setting CVar [[r.setres:1280x720]]
[2020.12.18-11.54.42:802][  0]LogConfig: Setting CVar [[r.VSync:0]]
[2020.12.18-11.54.42:802][  0]LogConfig: Setting CVar [[r.RHICmdBypass:0]]
[2020.12.18-11.54.42:802][  0]LogConfig: Applying CVar settings from Section [/Script/Engine.RendererSettings] File [E:/Lautturi/AutoBattlerProto/Saved/Config/Windows/Engine.ini]
[2020.12.18-11.54.42:802][  0]LogConfig: Setting CVar [[r.GPUCrashDebugging:0]]
[2020.12.18-11.54.42:802][  0]LogConfig: Applying CVar settings from Section [/Script/Engine.RendererOverrideSettings] File [E:/Lautturi/AutoBattlerProto/Saved/Config/Windows/Engine.ini]
[2020.12.18-11.54.42:802][  0]LogConfig: Applying CVar settings from Section [/Script/Engine.StreamingSettings] File [E:/Lautturi/AutoBattlerProto/Saved/Config/Windows/Engine.ini]
[2020.12.18-11.54.42:802][  0]LogConfig: Setting CVar [[s.MinBulkDataSizeForAsyncLoading:131072]]
[2020.12.18-11.54.42:802][  0]LogConfig: Setting CVar [[s.AsyncLoadingThreadEnabled:0]]
[2020.12.18-11.54.42:802][  0]LogConfig: Setting CVar [[s.EventDrivenLoaderEnabled:1]]
[2020.12.18-11.54.42:802][  0]LogConfig: Setting CVar [[s.WarnIfTimeLimitExceeded:0]]
[2020.12.18-11.54.42:802][  0]LogConfig: Setting CVar [[s.TimeLimitExceededMultiplier:1.5]]
[2020.12.18-11.54.42:802][  0]LogConfig: Setting CVar [[s.TimeLimitExceededMinTime:0.005]]
[2020.12.18-11.54.42:802][  0]LogConfig: Setting CVar [[s.UseBackgroundLevelStreaming:1]]
[2020.12.18-11.54.42:802][  0]LogConfig: Setting CVar [[s.PriorityAsyncLoadingExtraTime:15.0]]
[2020.12.18-11.54.42:802][  0]LogConfig: Setting CVar [[s.LevelStreamingActorsUpdateTimeLimit:5.0]]
[2020.12.18-11.54.42:802][  0]LogConfig: Setting CVar [[s.PriorityLevelStreamingActorsUpdateExtraTime:5.0]]
[2020.12.18-11.54.42:802][  0]LogConfig: Setting CVar [[s.LevelStreamingComponentsRegistrationGranularity:10]]
[2020.12.18-11.54.42:802][  0]LogConfig: Setting CVar [[s.UnregisterComponentsTimeLimit:1.0]]
[2020.12.18-11.54.42:802][  0]LogConfig: Setting CVar [[s.LevelStreamingComponentsUnregistrationGranularity:5]]
[2020.12.18-11.54.42:802][  0]LogConfig: Setting CVar [[s.FlushStreamingOnExit:1]]
[2020.12.18-11.54.42:802][  0]LogConfig: Applying CVar settings from Section [/Script/Engine.GarbageCollectionSettings] File [E:/Lautturi/AutoBattlerProto/Saved/Config/Windows/Engine.ini]
[2020.12.18-11.54.42:802][  0]LogConfig: Setting CVar [[gc.MaxObjectsNotConsideredByGC:1]]
[2020.12.18-11.54.42:802][  0]LogConfig: Setting CVar [[gc.SizeOfPermanentObjectPool:0]]
[2020.12.18-11.54.42:802][  0]LogConfig: Setting CVar [[gc.FlushStreamingOnGC:0]]
[2020.12.18-11.54.42:802][  0]LogConfig: Setting CVar [[gc.NumRetriesBeforeForcingGC:10]]
[2020.12.18-11.54.42:802][  0]LogConfig: Setting CVar [[gc.AllowParallelGC:1]]
[2020.12.18-11.54.42:802][  0]LogConfig: Setting CVar [[gc.TimeBetweenPurgingPendingKillObjects:61.1]]
[2020.12.18-11.54.42:802][  0]LogConfig: Setting CVar [[gc.MaxObjectsInEditor:25165824]]
[2020.12.18-11.54.42:802][  0]LogConfig: Setting CVar [[gc.IncrementalBeginDestroyEnabled:1]]
[2020.12.18-11.54.42:802][  0]LogConfig: Setting CVar [[gc.CreateGCClusters:1]]
[2020.12.18-11.54.42:802][  0]LogConfig: Setting CVar [[gc.MinGCClusterSize:5]]
[2020.12.18-11.54.42:802][  0]LogConfig: Setting CVar [[gc.ActorClusteringEnabled:0]]
[2020.12.18-11.54.42:802][  0]LogConfig: Setting CVar [[gc.BlueprintClusteringEnabled:0]]
[2020.12.18-11.54.42:802][  0]LogConfig: Setting CVar [[gc.UseDisregardForGCOnDedicatedServers:0]]
[2020.12.18-11.54.42:802][  0]LogConfig: Applying CVar settings from Section [/Script/Engine.NetworkSettings] File [E:/Lautturi/AutoBattlerProto/Saved/Config/Windows/Engine.ini]
[2020.12.18-11.54.42:802][  0]LogConfig: Applying CVar settings from Section [/Script/UnrealEd.CookerSettings] File [E:/Lautturi/AutoBattlerProto/Saved/Config/Windows/Engine.ini]
[2020.12.18-11.54.42:807][  0]LogConfig: Applying CVar settings from Section [ViewDistanceQuality@3] File [E:/Lautturi/AutoBattlerProto/Saved/Config/Windows/Scalability.ini]
[2020.12.18-11.54.42:807][  0]LogConfig: Setting CVar [[r.SkeletalMeshLODBias:0]]
[2020.12.18-11.54.42:807][  0]LogConfig: Setting CVar [[r.ViewDistanceScale:1.0]]
[2020.12.18-11.54.42:807][  0]LogConfig: Applying CVar settings from Section [AntiAliasingQuality@3] File [E:/Lautturi/AutoBattlerProto/Saved/Config/Windows/Scalability.ini]
[2020.12.18-11.54.42:807][  0]LogConfig: Setting CVar [[r.PostProcessAAQuality:4]]
[2020.12.18-11.54.42:807][  0]LogConfig: Applying CVar settings from Section [ShadowQuality@3] File [E:/Lautturi/AutoBattlerProto/Saved/Config/Windows/Scalability.ini]
[2020.12.18-11.54.42:807][  0]LogConfig: Setting CVar [[r.LightFunctionQuality:1]]
[2020.12.18-11.54.42:807][  0]LogConfig: Setting CVar [[r.ShadowQuality:5]]
[2020.12.18-11.54.42:807][  0]LogConfig: Setting CVar [[r.Shadow.CSM.MaxCascades:10]]
[2020.12.18-11.54.42:807][  0]LogConfig: Setting CVar [[r.Shadow.MaxResolution:2048]]
[2020.12.18-11.54.42:807][  0]LogConfig: Setting CVar [[r.Shadow.MaxCSMResolution:2048]]
[2020.12.18-11.54.42:807][  0]LogConfig: Setting CVar [[r.Shadow.RadiusThreshold:0.01]]
[2020.12.18-11.54.42:807][  0]LogConfig: Setting CVar [[r.Shadow.DistanceScale:1.0]]
[2020.12.18-11.54.42:807][  0]LogConfig: Setting CVar [[r.Shadow.CSM.TransitionScale:1.0]]
[2020.12.18-11.54.42:807][  0]LogConfig: Setting CVar [[r.Shadow.PreShadowResolutionFactor:1.0]]
[2020.12.18-11.54.42:807][  0]LogConfig: Setting CVar [[r.DistanceFieldShadowing:1]]
[2020.12.18-11.54.42:807][  0]LogConfig: Setting CVar [[r.DistanceFieldAO:1]]
[2020.12.18-11.54.42:807][  0]LogConfig: Setting CVar [[r.AOQuality:2]]
[2020.12.18-11.54.42:807][  0]LogConfig: Setting CVar [[r.VolumetricFog:1]]
[2020.12.18-11.54.42:807][  0]LogConfig: Setting CVar [[r.VolumetricFog.GridPixelSize:8]]
[2020.12.18-11.54.42:807][  0]LogConfig: Setting CVar [[r.VolumetricFog.GridSizeZ:128]]
[2020.12.18-11.54.42:807][  0]LogConfig: Setting CVar [[r.VolumetricFog.HistoryMissSupersampleCount:4]]
[2020.12.18-11.54.42:807][  0]LogConfig: Setting CVar [[r.LightMaxDrawDistanceScale:1]]
[2020.12.18-11.54.42:807][  0]LogConfig: Setting CVar [[r.CapsuleShadows:1]]
[2020.12.18-11.54.42:807][  0]LogConfig: Applying CVar settings from Section [PostProcessQuality@3] File [E:/Lautturi/AutoBattlerProto/Saved/Config/Windows/Scalability.ini]
[2020.12.18-11.54.42:807][  0]LogConfig: Setting CVar [[r.MotionBlurQuality:4]]
[2020.12.18-11.54.42:807][  0]LogConfig: Setting CVar [[r.AmbientOcclusionMipLevelFactor:0.4]]
[2020.12.18-11.54.42:807][  0]LogConfig: Setting CVar [[r.AmbientOcclusionMaxQuality:100]]
[2020.12.18-11.54.42:807][  0]LogConfig: Setting CVar [[r.AmbientOcclusionLevels:-1]]
[2020.12.18-11.54.42:807][  0]LogConfig: Setting CVar [[r.AmbientOcclusionRadiusScale:1.0]]
[2020.12.18-11.54.42:807][  0]LogConfig: Setting CVar [[r.DepthOfFieldQuality:2]]
[2020.12.18-11.54.42:807][  0]LogConfig: Setting CVar [[r.RenderTargetPoolMin:400]]
[2020.12.18-11.54.42:807][  0]LogConfig: Setting CVar [[r.LensFlareQuality:2]]
[2020.12.18-11.54.42:807][  0]LogConfig: Setting CVar [[r.SceneColorFringeQuality:1]]
[2020.12.18-11.54.42:807][  0]LogConfig: Setting CVar [[r.EyeAdaptationQuality:2]]
[2020.12.18-11.54.42:807][  0]LogConfig: Setting CVar [[r.BloomQuality:5]]
[2020.12.18-11.54.42:807][  0]LogConfig: Setting CVar [[r.FastBlurThreshold:100]]
[2020.12.18-11.54.42:807][  0]LogConfig: Setting CVar [[r.Upscale.Quality:3]]
[2020.12.18-11.54.42:807][  0]LogConfig: Setting CVar [[r.Tonemapper.GrainQuantization:1]]
[2020.12.18-11.54.42:807][  0]LogConfig: Setting CVar [[r.LightShaftQuality:1]]
[2020.12.18-11.54.42:807][  0]LogConfig: Setting CVar [[r.Filter.SizeScale:1]]
[2020.12.18-11.54.42:807][  0]LogConfig: Setting CVar [[r.Tonemapper.Quality:5]]
[2020.12.18-11.54.42:807][  0]LogConfig: Setting CVar [[r.DOF.Gather.AccumulatorQuality:1        ; higher gathering accumulator quality]]
[2020.12.18-11.54.42:807][  0]LogConfig: Setting CVar [[r.DOF.Gather.PostfilterMethod:1          ; Median3x3 postfilering method]]
[2020.12.18-11.54.42:807][  0]LogConfig: Setting CVar [[r.DOF.Gather.EnableBokehSettings:0       ; no bokeh simulation when gathering]]
[2020.12.18-11.54.42:807][  0]LogConfig: Setting CVar [[r.DOF.Gather.RingCount:4                 ; medium number of samples when gathering]]
[2020.12.18-11.54.42:807][  0]LogConfig: Setting CVar [[r.DOF.Scatter.ForegroundCompositing:1    ; additive foreground scattering]]
[2020.12.18-11.54.42:807][  0]LogConfig: Setting CVar [[r.DOF.Scatter.BackgroundCompositing:2    ; additive background scattering]]
[2020.12.18-11.54.42:807][  0]LogConfig: Setting CVar [[r.DOF.Scatter.EnableBokehSettings:1      ; bokeh simulation when scattering]]
[2020.12.18-11.54.42:807][  0]LogConfig: Setting CVar [[r.DOF.Scatter.MaxSpriteRatio:0.1         ; only a maximum of 10% of scattered bokeh]]
[2020.12.18-11.54.42:807][  0]LogConfig: Setting CVar [[r.DOF.Recombine.Quality:1                ; cheap slight out of focus]]
[2020.12.18-11.54.42:807][  0]LogConfig: Setting CVar [[r.DOF.Recombine.EnableBokehSettings:0    ; no bokeh simulation on slight out of focus]]
[2020.12.18-11.54.42:807][  0]LogConfig: Setting CVar [[r.DOF.TemporalAAQuality:1                ; more stable temporal accumulation]]
[2020.12.18-11.54.42:807][  0]LogConfig: Setting CVar [[r.DOF.Kernel.MaxForegroundRadius:0.025]]
[2020.12.18-11.54.42:807][  0]LogConfig: Setting CVar [[r.DOF.Kernel.MaxBackgroundRadius:0.025]]
[2020.12.18-11.54.42:807][  0]LogConfig: Applying CVar settings from Section [TextureQuality@3] File [E:/Lautturi/AutoBattlerProto/Saved/Config/Windows/Scalability.ini]
[2020.12.18-11.54.42:807][  0]LogConfig: Setting CVar [[r.Streaming.MipBias:0]]
[2020.12.18-11.54.42:807][  0]LogConfig: Setting CVar [[r.Streaming.AmortizeCPUToGPUCopy:0]]
[2020.12.18-11.54.42:807][  0]LogConfig: Setting CVar [[r.Streaming.MaxNumTexturesToStreamPerFrame:0]]
[2020.12.18-11.54.42:807][  0]LogConfig: Setting CVar [[r.Streaming.Boost:1]]
[2020.12.18-11.54.42:808][  0]LogConfig: Setting CVar [[r.MaxAnisotropy:8]]
[2020.12.18-11.54.42:808][  0]LogConfig: Setting CVar [[r.VT.MaxAnisotropy:8]]
[2020.12.18-11.54.42:808][  0]LogConfig: Setting CVar [[r.Streaming.LimitPoolSizeToVRAM:0]]
[2020.12.18-11.54.42:808][  0]LogConfig: Setting CVar [[r.Streaming.PoolSize:1000]]
[2020.12.18-11.54.42:808][  0]LogConfig: Setting CVar [[r.Streaming.MaxEffectiveScreenSize:0]]
[2020.12.18-11.54.42:808][  0]LogConfig: Applying CVar settings from Section [EffectsQuality@3] File [E:/Lautturi/AutoBattlerProto/Saved/Config/Windows/Scalability.ini]
[2020.12.18-11.54.42:808][  0]LogConfig: Setting CVar [[r.TranslucencyLightingVolumeDim:64]]
[2020.12.18-11.54.42:808][  0]LogConfig: Setting CVar [[r.RefractionQuality:2]]
[2020.12.18-11.54.42:808][  0]LogConfig: Setting CVar [[r.SSR.Quality:3]]
[2020.12.18-11.54.42:808][  0]LogConfig: Setting CVar [[r.SSR.HalfResSceneColor:0]]
[2020.12.18-11.54.42:808][  0]LogConfig: Setting CVar [[r.SceneColorFormat:4]]
[2020.12.18-11.54.42:808][  0]LogConfig: Setting CVar [[r.DetailMode:2]]
[2020.12.18-11.54.42:808][  0]LogConfig: Setting CVar [[r.TranslucencyVolumeBlur:1]]
[2020.12.18-11.54.42:808][  0]LogConfig: Setting CVar [[r.MaterialQualityLevel:1 ; High quality]]
[2020.12.18-11.54.42:808][  0]LogConfig: Setting CVar [[r.SSS.Scale:1]]
[2020.12.18-11.54.42:808][  0]LogConfig: Setting CVar [[r.SSS.SampleSet:2]]
[2020.12.18-11.54.42:808][  0]LogConfig: Setting CVar [[r.SSS.Quality:1]]
[2020.12.18-11.54.42:808][  0]LogConfig: Setting CVar [[r.SSS.HalfRes:1]]
[2020.12.18-11.54.42:808][  0]LogConfig: Setting CVar [[r.SSGI.Quality:3]]
[2020.12.18-11.54.42:808][  0]LogConfig: Setting CVar [[r.EmitterSpawnRateScale:1.0]]
[2020.12.18-11.54.42:808][  0]LogConfig: Setting CVar [[r.ParticleLightQuality:2]]
[2020.12.18-11.54.42:808][  0]LogConfig: Setting CVar [[r.SkyAtmosphere.AerialPerspectiveLUT.FastApplyOnOpaque:1 ; Always have FastSkyLUT 1 in this case to avoid wrong sky]]
[2020.12.18-11.54.42:808][  0]LogConfig: Setting CVar [[r.SkyAtmosphere.AerialPerspectiveLUT.SampleCountPerSlice:1]]
[2020.12.18-11.54.42:808][  0]LogConfig: Setting CVar [[r.SkyAtmosphere.AerialPerspectiveLUT.DepthResolution:16.0]]
[2020.12.18-11.54.42:808][  0]LogConfig: Setting CVar [[r.SkyAtmosphere.FastSkyLUT:1]]
[2020.12.18-11.54.42:808][  0]LogConfig: Setting CVar [[r.SkyAtmosphere.FastSkyLUT.SampleCountMin:4.0]]
[2020.12.18-11.54.42:808][  0]LogConfig: Setting CVar [[r.SkyAtmosphere.FastSkyLUT.SampleCountMax:32.0]]
[2020.12.18-11.54.42:808][  0]LogConfig: Setting CVar [[r.SkyAtmosphere.SampleCountMin:4.0]]
[2020.12.18-11.54.42:808][  0]LogConfig: Setting CVar [[r.SkyAtmosphere.SampleCountMax:32.0]]
[2020.12.18-11.54.42:808][  0]LogConfig: Setting CVar [[r.SkyAtmosphere.TransmittanceLUT.UseSmallFormat:0]]
[2020.12.18-11.54.42:808][  0]LogConfig: Setting CVar [[r.SkyAtmosphere.TransmittanceLUT.SampleCount:10.0]]
[2020.12.18-11.54.42:808][  0]LogConfig: Setting CVar [[r.SkyAtmosphere.MultiScatteringLUT.SampleCount:15.0]]
[2020.12.18-11.54.42:808][  0]LogConfig: Applying CVar settings from Section [FoliageQuality@3] File [E:/Lautturi/AutoBattlerProto/Saved/Config/Windows/Scalability.ini]
[2020.12.18-11.54.42:808][  0]LogConfig: Setting CVar [[foliage.DensityScale:1.0]]
[2020.12.18-11.54.42:808][  0]LogConfig: Setting CVar [[grass.DensityScale:1.0]]
[2020.12.18-11.54.42:808][  0]LogConfig: Applying CVar settings from Section [ShadingQuality@3] File [E:/Lautturi/AutoBattlerProto/Saved/Config/Windows/Scalability.ini]
[2020.12.18-11.54.42:808][  0]LogConfig: Setting CVar [[r.HairStrands.SkyLighting.SampleCount:16]]
[2020.12.18-11.54.42:808][  0]LogConfig: Setting CVar [[r.HairStrands.SkyLighting.JitterIntegration:0]]
[2020.12.18-11.54.42:808][  0]LogConfig: Setting CVar [[r.HairStrands.SkyAO.SampleCount:16]]
[2020.12.18-11.54.42:808][  0]LogInit: Selected Device Profile: [Windows]
[2020.12.18-11.54.42:808][  0]LogInit: Applying CVar settings loaded from the selected device profile: [Windows]
[2020.12.18-11.54.42:810][  0]LogHAL: Display: Platform has ~ 32 GB [34304262144 / 34359738368 / 32], which maps to Largest [LargestMinGB=32, LargerMinGB=12, DefaultMinGB=8, SmallerMinGB=6, SmallestMinGB=0)
[2020.12.18-11.54.42:810][  0]LogInit: Going up to parent DeviceProfile []
[2020.12.18-11.54.42:810][  0]LogConfig: Applying CVar settings from Section [ViewDistanceQuality@3] File [E:/Lautturi/AutoBattlerProto/Saved/Config/Windows/Scalability.ini]
[2020.12.18-11.54.42:810][  0]LogConfig: Setting CVar [[r.SkeletalMeshLODBias:0]]
[2020.12.18-11.54.42:810][  0]LogConfig: Setting CVar [[r.ViewDistanceScale:1.0]]
[2020.12.18-11.54.42:810][  0]LogConfig: Applying CVar settings from Section [AntiAliasingQuality@3] File [E:/Lautturi/AutoBattlerProto/Saved/Config/Windows/Scalability.ini]
[2020.12.18-11.54.42:810][  0]LogConfig: Setting CVar [[r.PostProcessAAQuality:4]]
[2020.12.18-11.54.42:810][  0]LogConfig: Applying CVar settings from Section [ShadowQuality@3] File [E:/Lautturi/AutoBattlerProto/Saved/Config/Windows/Scalability.ini]
[2020.12.18-11.54.42:810][  0]LogConfig: Setting CVar [[r.LightFunctionQuality:1]]
[2020.12.18-11.54.42:810][  0]LogConfig: Setting CVar [[r.ShadowQuality:5]]
[2020.12.18-11.54.42:810][  0]LogConfig: Setting CVar [[r.Shadow.CSM.MaxCascades:10]]
[2020.12.18-11.54.42:810][  0]LogConfig: Setting CVar [[r.Shadow.MaxResolution:2048]]
[2020.12.18-11.54.42:810][  0]LogConfig: Setting CVar [[r.Shadow.MaxCSMResolution:2048]]
[2020.12.18-11.54.42:810][  0]LogConfig: Setting CVar [[r.Shadow.RadiusThreshold:0.01]]
[2020.12.18-11.54.42:811][  0]LogConfig: Setting CVar [[r.Shadow.DistanceScale:1.0]]
[2020.12.18-11.54.42:811][  0]LogConfig: Setting CVar [[r.Shadow.CSM.TransitionScale:1.0]]
[2020.12.18-11.54.42:811][  0]LogConfig: Setting CVar [[r.Shadow.PreShadowResolutionFactor:1.0]]
[2020.12.18-11.54.42:811][  0]LogConfig: Setting CVar [[r.DistanceFieldShadowing:1]]
[2020.12.18-11.54.42:811][  0]LogConfig: Setting CVar [[r.DistanceFieldAO:1]]
[2020.12.18-11.54.42:811][  0]LogConfig: Setting CVar [[r.AOQuality:2]]
[2020.12.18-11.54.42:811][  0]LogConfig: Setting CVar [[r.VolumetricFog:1]]
[2020.12.18-11.54.42:811][  0]LogConfig: Setting CVar [[r.VolumetricFog.GridPixelSize:8]]
[2020.12.18-11.54.42:811][  0]LogConfig: Setting CVar [[r.VolumetricFog.GridSizeZ:128]]
[2020.12.18-11.54.42:811][  0]LogConfig: Setting CVar [[r.VolumetricFog.HistoryMissSupersampleCount:4]]
[2020.12.18-11.54.42:811][  0]LogConfig: Setting CVar [[r.LightMaxDrawDistanceScale:1]]
[2020.12.18-11.54.42:811][  0]LogConfig: Setting CVar [[r.CapsuleShadows:1]]
[2020.12.18-11.54.42:811][  0]LogConfig: Applying CVar settings from Section [PostProcessQuality@3] File [E:/Lautturi/AutoBattlerProto/Saved/Config/Windows/Scalability.ini]
[2020.12.18-11.54.42:811][  0]LogConfig: Setting CVar [[r.MotionBlurQuality:4]]
[2020.12.18-11.54.42:811][  0]LogConfig: Setting CVar [[r.AmbientOcclusionMipLevelFactor:0.4]]
[2020.12.18-11.54.42:811][  0]LogConfig: Setting CVar [[r.AmbientOcclusionMaxQuality:100]]
[2020.12.18-11.54.42:811][  0]LogConfig: Setting CVar [[r.AmbientOcclusionLevels:-1]]
[2020.12.18-11.54.42:811][  0]LogConfig: Setting CVar [[r.AmbientOcclusionRadiusScale:1.0]]
[2020.12.18-11.54.42:811][  0]LogConfig: Setting CVar [[r.DepthOfFieldQuality:2]]
[2020.12.18-11.54.42:811][  0]LogConfig: Setting CVar [[r.RenderTargetPoolMin:400]]
[2020.12.18-11.54.42:811][  0]LogConfig: Setting CVar [[r.LensFlareQuality:2]]
[2020.12.18-11.54.42:811][  0]LogConfig: Setting CVar [[r.SceneColorFringeQuality:1]]
[2020.12.18-11.54.42:811][  0]LogConfig: Setting CVar [[r.EyeAdaptationQuality:2]]
[2020.12.18-11.54.42:811][  0]LogConfig: Setting CVar [[r.BloomQuality:5]]
[2020.12.18-11.54.42:811][  0]LogConfig: Setting CVar [[r.FastBlurThreshold:100]]
[2020.12.18-11.54.42:811][  0]LogConfig: Setting CVar [[r.Upscale.Quality:3]]
[2020.12.18-11.54.42:811][  0]LogConfig: Setting CVar [[r.Tonemapper.GrainQuantization:1]]
[2020.12.18-11.54.42:811][  0]LogConfig: Setting CVar [[r.LightShaftQuality:1]]
[2020.12.18-11.54.42:811][  0]LogConfig: Setting CVar [[r.Filter.SizeScale:1]]
[2020.12.18-11.54.42:811][  0]LogConfig: Setting CVar [[r.Tonemapper.Quality:5]]
[2020.12.18-11.54.42:811][  0]LogConfig: Setting CVar [[r.DOF.Gather.AccumulatorQuality:1        ; higher gathering accumulator quality]]
[2020.12.18-11.54.42:811][  0]LogConfig: Setting CVar [[r.DOF.Gather.PostfilterMethod:1          ; Median3x3 postfilering method]]
[2020.12.18-11.54.42:811][  0]LogConfig: Setting CVar [[r.DOF.Gather.EnableBokehSettings:0       ; no bokeh simulation when gathering]]
[2020.12.18-11.54.42:811][  0]LogConfig: Setting CVar [[r.DOF.Gather.RingCount:4                 ; medium number of samples when gathering]]
[2020.12.18-11.54.42:811][  0]LogConfig: Setting CVar [[r.DOF.Scatter.ForegroundCompositing:1    ; additive foreground scattering]]
[2020.12.18-11.54.42:811][  0]LogConfig: Setting CVar [[r.DOF.Scatter.BackgroundCompositing:2    ; additive background scattering]]
[2020.12.18-11.54.42:811][  0]LogConfig: Setting CVar [[r.DOF.Scatter.EnableBokehSettings:1      ; bokeh simulation when scattering]]
[2020.12.18-11.54.42:811][  0]LogConfig: Setting CVar [[r.DOF.Scatter.MaxSpriteRatio:0.1         ; only a maximum of 10% of scattered bokeh]]
[2020.12.18-11.54.42:811][  0]LogConfig: Setting CVar [[r.DOF.Recombine.Quality:1                ; cheap slight out of focus]]
[2020.12.18-11.54.42:811][  0]LogConfig: Setting CVar [[r.DOF.Recombine.EnableBokehSettings:0    ; no bokeh simulation on slight out of focus]]
[2020.12.18-11.54.42:811][  0]LogConfig: Setting CVar [[r.DOF.TemporalAAQuality:1                ; more stable temporal accumulation]]
[2020.12.18-11.54.42:811][  0]LogConfig: Setting CVar [[r.DOF.Kernel.MaxForegroundRadius:0.025]]
[2020.12.18-11.54.42:811][  0]LogConfig: Setting CVar [[r.DOF.Kernel.MaxBackgroundRadius:0.025]]
[2020.12.18-11.54.42:811][  0]LogConfig: Applying CVar settings from Section [TextureQuality@3] File [E:/Lautturi/AutoBattlerProto/Saved/Config/Windows/Scalability.ini]
[2020.12.18-11.54.42:811][  0]LogConfig: Setting CVar [[r.Streaming.MipBias:0]]
[2020.12.18-11.54.42:811][  0]LogConfig: Setting CVar [[r.Streaming.AmortizeCPUToGPUCopy:0]]
[2020.12.18-11.54.42:811][  0]LogConfig: Setting CVar [[r.Streaming.MaxNumTexturesToStreamPerFrame:0]]
[2020.12.18-11.54.42:811][  0]LogConfig: Setting CVar [[r.Streaming.Boost:1]]
[2020.12.18-11.54.42:811][  0]LogConfig: Setting CVar [[r.MaxAnisotropy:8]]
[2020.12.18-11.54.42:811][  0]LogConfig: Setting CVar [[r.VT.MaxAnisotropy:8]]
[2020.12.18-11.54.42:811][  0]LogConfig: Setting CVar [[r.Streaming.LimitPoolSizeToVRAM:0]]
[2020.12.18-11.54.42:811][  0]LogConfig: Setting CVar [[r.Streaming.PoolSize:1000]]
[2020.12.18-11.54.42:811][  0]LogConfig: Setting CVar [[r.Streaming.MaxEffectiveScreenSize:0]]
[2020.12.18-11.54.42:811][  0]LogConfig: Applying CVar settings from Section [EffectsQuality@3] File [E:/Lautturi/AutoBattlerProto/Saved/Config/Windows/Scalability.ini]
[2020.12.18-11.54.42:811][  0]LogConfig: Setting CVar [[r.TranslucencyLightingVolumeDim:64]]
[2020.12.18-11.54.42:811][  0]LogConfig: Setting CVar [[r.RefractionQuality:2]]
[2020.12.18-11.54.42:811][  0]LogConfig: Setting CVar [[r.SSR.Quality:3]]
[2020.12.18-11.54.42:811][  0]LogConfig: Setting CVar [[r.SSR.HalfResSceneColor:0]]
[2020.12.18-11.54.42:811][  0]LogConfig: Setting CVar [[r.SceneColorFormat:4]]
[2020.12.18-11.54.42:811][  0]LogConfig: Setting CVar [[r.DetailMode:2]]
[2020.12.18-11.54.42:811][  0]LogConfig: Setting CVar [[r.TranslucencyVolumeBlur:1]]
[2020.12.18-11.54.42:811][  0]LogConfig: Setting CVar [[r.MaterialQualityLevel:1 ; High quality]]
[2020.12.18-11.54.42:811][  0]LogConfig: Setting CVar [[r.SSS.Scale:1]]
[2020.12.18-11.54.42:811][  0]LogConfig: Setting CVar [[r.SSS.SampleSet:2]]
[2020.12.18-11.54.42:812][  0]LogConfig: Setting CVar [[r.SSS.Quality:1]]
[2020.12.18-11.54.42:812][  0]LogConfig: Setting CVar [[r.SSS.HalfRes:1]]
[2020.12.18-11.54.42:812][  0]LogConfig: Setting CVar [[r.SSGI.Quality:3]]
[2020.12.18-11.54.42:812][  0]LogConfig: Setting CVar [[r.EmitterSpawnRateScale:1.0]]
[2020.12.18-11.54.42:812][  0]LogConfig: Setting CVar [[r.ParticleLightQuality:2]]
[2020.12.18-11.54.42:812][  0]LogConfig: Setting CVar [[r.SkyAtmosphere.AerialPerspectiveLUT.FastApplyOnOpaque:1 ; Always have FastSkyLUT 1 in this case to avoid wrong sky]]
[2020.12.18-11.54.42:812][  0]LogConfig: Setting CVar [[r.SkyAtmosphere.AerialPerspectiveLUT.SampleCountPerSlice:1]]
[2020.12.18-11.54.42:812][  0]LogConfig: Setting CVar [[r.SkyAtmosphere.AerialPerspectiveLUT.DepthResolution:16.0]]
[2020.12.18-11.54.42:812][  0]LogConfig: Setting CVar [[r.SkyAtmosphere.FastSkyLUT:1]]
[2020.12.18-11.54.42:812][  0]LogConfig: Setting CVar [[r.SkyAtmosphere.FastSkyLUT.SampleCountMin:4.0]]
[2020.12.18-11.54.42:812][  0]LogConfig: Setting CVar [[r.SkyAtmosphere.FastSkyLUT.SampleCountMax:32.0]]
[2020.12.18-11.54.42:812][  0]LogConfig: Setting CVar [[r.SkyAtmosphere.SampleCountMin:4.0]]
[2020.12.18-11.54.42:812][  0]LogConfig: Setting CVar [[r.SkyAtmosphere.SampleCountMax:32.0]]
[2020.12.18-11.54.42:812][  0]LogConfig: Setting CVar [[r.SkyAtmosphere.TransmittanceLUT.UseSmallFormat:0]]
[2020.12.18-11.54.42:812][  0]LogConfig: Setting CVar [[r.SkyAtmosphere.TransmittanceLUT.SampleCount:10.0]]
[2020.12.18-11.54.42:812][  0]LogConfig: Setting CVar [[r.SkyAtmosphere.MultiScatteringLUT.SampleCount:15.0]]
[2020.12.18-11.54.42:812][  0]LogConfig: Applying CVar settings from Section [FoliageQuality@3] File [E:/Lautturi/AutoBattlerProto/Saved/Config/Windows/Scalability.ini]
[2020.12.18-11.54.42:812][  0]LogConfig: Setting CVar [[foliage.DensityScale:1.0]]
[2020.12.18-11.54.42:812][  0]LogConfig: Setting CVar [[grass.DensityScale:1.0]]
[2020.12.18-11.54.42:812][  0]LogConfig: Applying CVar settings from Section [ShadingQuality@3] File [E:/Lautturi/AutoBattlerProto/Saved/Config/Windows/Scalability.ini]
[2020.12.18-11.54.42:812][  0]LogConfig: Setting CVar [[r.HairStrands.SkyLighting.SampleCount:16]]
[2020.12.18-11.54.42:812][  0]LogConfig: Setting CVar [[r.HairStrands.SkyLighting.JitterIntegration:0]]
[2020.12.18-11.54.42:812][  0]LogConfig: Setting CVar [[r.HairStrands.SkyAO.SampleCount:16]]
[2020.12.18-11.54.42:812][  0]LogConfig: Applying CVar settings from Section [Startup] File [../../../Engine/Config/ConsoleVariables.ini]
[2020.12.18-11.54.42:812][  0]LogConfig: Setting CVar [[net.UseAdaptiveNetUpdateFrequency:0]]
[2020.12.18-11.54.42:812][  0]LogConfig: Setting CVar [[p.chaos.AllowCreatePhysxBodies:1]]
[2020.12.18-11.54.42:812][  0]LogConfig: Applying CVar settings from Section [ConsoleVariables] File [E:/Lautturi/AutoBattlerProto/Saved/Config/Windows/Engine.ini]
[2020.12.18-11.54.42:812][  0]LogInit: Computer: DESKTOP-2POJTPC
[2020.12.18-11.54.42:812][  0]LogInit: User: Miros
[2020.12.18-11.54.42:812][  0]LogInit: CPU Page size=4096, Cores=12
[2020.12.18-11.54.42:812][  0]LogInit: High frequency timer resolution =10.000000 MHz
[2020.12.18-11.54.42:812][  0]LogMemory: Memory total: Physical=31.9GB (32GB approx)
[2020.12.18-11.54.42:812][  0]LogMemory: Platform Memory Stats for Windows
[2020.12.18-11.54.42:812][  0]LogMemory: Process Physical Memory: 108.75 MB used, 108.75 MB peak
[2020.12.18-11.54.42:812][  0]LogMemory: Process Virtual Memory: 104.30 MB used, 104.30 MB peak
[2020.12.18-11.54.42:812][  0]LogMemory: Physical Memory: 10655.39 MB used,  22059.71 MB free, 32715.09 MB total
[2020.12.18-11.54.42:812][  0]LogMemory: Virtual Memory: 5189.32 MB used,  134212536.00 MB free, 134217728.00 MB total
[2020.12.18-11.54.42:814][  0]LogWindows: WindowsPlatformFeatures enabled
[2020.12.18-11.54.42:829][  0]LogInit: Using OS detected language (fi-FI).
[2020.12.18-11.54.42:829][  0]LogInit: Using OS detected locale (fi-FI).
[2020.12.18-11.54.42:830][  0]LogTextLocalizationManager: No localization for 'fi-FI' exists, so 'en' will be used for the language.
[2020.12.18-11.54.42:948][  0]LogInit: Setting process to per monitor DPI aware
[2020.12.18-11.54.42:983][  0]LogSlate: New Slate User Created.  User Index 0, Is Virtual User: 0
[2020.12.18-11.54.42:983][  0]LogSlate: Slate User Registered.  User Index 0, Is Virtual User: 0
[2020.12.18-11.54.43:109][  0]LogHMD: Failed to initialize OpenVR with code 110
[2020.12.18-11.54.43:109][  0]LogD3D11RHI: D3D11 min allowed feature level: 11_0
[2020.12.18-11.54.43:109][  0]LogD3D11RHI: D3D11 max allowed feature level: 11_0
[2020.12.18-11.54.43:109][  0]LogD3D11RHI: D3D11 adapters:
[2020.12.18-11.54.43:177][  0]LogD3D11RHI:    0. 'NVIDIA GeForce GTX 1080' (Feature Level 11_0)
[2020.12.18-11.54.43:177][  0]LogD3D11RHI:       8079/0/16357 MB DedicatedVideo/DedicatedSystem/SharedSystem, Outputs:2, VendorId:0x10de
[2020.12.18-11.54.43:179][  0]LogD3D11RHI:    1. 'Microsoft Basic Render Driver' (Feature Level 11_0)
[2020.12.18-11.54.43:179][  0]LogD3D11RHI:       0/0/16357 MB DedicatedVideo/DedicatedSystem/SharedSystem, Outputs:0, VendorId:0x1414
[2020.12.18-11.54.43:179][  0]LogD3D11RHI: Chosen D3D11 Adapter: 0
[2020.12.18-11.54.43:188][  0]LogD3D11RHI: Creating new Direct3DDevice
[2020.12.18-11.54.43:189][  0]LogD3D11RHI:     GPU DeviceId: 0x1b80 (for the marketing name, search the web for "GPU Device Id")
[2020.12.18-11.54.43:189][  0]LogWindows: EnumDisplayDevices:
[2020.12.18-11.54.43:189][  0]LogWindows:    0. 'NVIDIA GeForce GTX 1080' (P:1 D:1)
[2020.12.18-11.54.43:189][  0]LogWindows:    1. 'NVIDIA GeForce GTX 1080' (P:0 D:1)
[2020.12.18-11.54.43:189][  0]LogWindows:    2. 'NVIDIA GeForce GTX 1080' (P:0 D:0)
[2020.12.18-11.54.43:189][  0]LogWindows:    3. 'NVIDIA GeForce GTX 1080' (P:0 D:0)
[2020.12.18-11.54.43:190][  0]LogWindows: DebugString: FoundDriverCount:4 
[2020.12.18-11.54.43:190][  0]LogD3D11RHI:     Adapter Name: NVIDIA GeForce GTX 1080
[2020.12.18-11.54.43:190][  0]LogD3D11RHI:   Driver Version: 445.87 (internal:26.21.14.4587, unified:445.87)
[2020.12.18-11.54.43:190][  0]LogD3D11RHI:      Driver Date: 4-3-2020
[2020.12.18-11.54.43:190][  0]LogRHI: Texture pool is 5655 MB (70% of 8079 MB)
[2020.12.18-11.54.43:232][  0]LogD3D11RHI: RHI has support for 64 bit atomics
[2020.12.18-11.54.43:232][  0]LogD3D11RHI: Async texture creation enabled
[2020.12.18-11.54.43:250][  0]LogD3D11RHI: GPU Timing Frequency: 1000.000000 (Debug: 2 1)
[2020.12.18-11.54.43:468][  0]LogTargetPlatformManager: Display: Loaded TargetPlatform 'AllDesktop'
[2020.12.18-11.54.43:494][  0]LogTargetPlatformManager: Display: Loaded TargetPlatform 'Android'
[2020.12.18-11.54.43:494][  0]LogTargetPlatformManager: Display: Loaded TargetPlatform 'Android_ASTC'
[2020.12.18-11.54.43:494][  0]LogTargetPlatformManager: Display: Loaded TargetPlatform 'Android_ATC'
[2020.12.18-11.54.43:494][  0]LogTargetPlatformManager: Display: Loaded TargetPlatform 'Android_DXT'
[2020.12.18-11.54.43:494][  0]LogTargetPlatformManager: Display: Loaded TargetPlatform 'Android_ETC1'
[2020.12.18-11.54.43:494][  0]LogTargetPlatformManager: Display: Loaded TargetPlatform 'Android_ETC1a'
[2020.12.18-11.54.43:494][  0]LogTargetPlatformManager: Display: Loaded TargetPlatform 'Android_ETC2'
[2020.12.18-11.54.43:494][  0]LogTargetPlatformManager: Display: Loaded TargetPlatform 'Android_PVRTC'
[2020.12.18-11.54.43:494][  0]LogTargetPlatformManager: Display: Loaded TargetPlatform 'AndroidClient'
[2020.12.18-11.54.43:495][  0]LogTargetPlatformManager: Display: Loaded TargetPlatform 'Android_ASTCClient'
[2020.12.18-11.54.43:495][  0]LogTargetPlatformManager: Display: Loaded TargetPlatform 'Android_ATCClient'
[2020.12.18-11.54.43:495][  0]LogTargetPlatformManager: Display: Loaded TargetPlatform 'Android_DXTClient'
[2020.12.18-11.54.43:495][  0]LogTargetPlatformManager: Display: Loaded TargetPlatform 'Android_ETC1Client'
[2020.12.18-11.54.43:495][  0]LogTargetPlatformManager: Display: Loaded TargetPlatform 'Android_ETC1aClient'
[2020.12.18-11.54.43:495][  0]LogTargetPlatformManager: Display: Loaded TargetPlatform 'Android_ETC2Client'
[2020.12.18-11.54.43:495][  0]LogTargetPlatformManager: Display: Loaded TargetPlatform 'Android_PVRTCClient'
[2020.12.18-11.54.43:495][  0]LogTargetPlatformManager: Display: Loaded TargetPlatform 'Android_Multi'
[2020.12.18-11.54.43:495][  0]LogTargetPlatformManager: Display: Loaded TargetPlatform 'Android_MultiClient'
[2020.12.18-11.54.43:511][  0]LogTargetPlatformManager: Display: Loaded TargetPlatform 'IOSClient'
[2020.12.18-11.54.43:511][  0]LogTargetPlatformManager: Display: Loaded TargetPlatform 'IOS'
[2020.12.18-11.54.43:517][  0]LogTargetPlatformManager: Display: Loaded TargetPlatform 'LinuxNoEditor'
[2020.12.18-11.54.43:523][  0]LogTargetPlatformManager: Display: Loaded TargetPlatform 'LinuxClient'
[2020.12.18-11.54.43:528][  0]LogTargetPlatformManager: Display: Loaded TargetPlatform 'LinuxServer'
[2020.12.18-11.54.43:534][  0]LogTargetPlatformManager: Display: Loaded TargetPlatform 'LinuxAArch64NoEditor'
[2020.12.18-11.54.43:540][  0]LogTargetPlatformManager: Display: Loaded TargetPlatform 'LinuxAArch64Client'
[2020.12.18-11.54.43:545][  0]LogTargetPlatformManager: Display: Loaded TargetPlatform 'LinuxAArch64Server'
[2020.12.18-11.54.43:565][  0]LogTargetPlatformManager: Display: Loaded TargetPlatform 'Lumin'
[2020.12.18-11.54.43:565][  0]LogTargetPlatformManager: Display: Loaded TargetPlatform 'LuminClient'
[2020.12.18-11.54.43:576][  0]LogTargetPlatformManager: Display: Loaded TargetPlatform 'TVOSClient'
[2020.12.18-11.54.43:576][  0]LogTargetPlatformManager: Display: Loaded TargetPlatform 'TVOS'
[2020.12.18-11.54.43:582][  0]LogTargetPlatformManager: Display: Loaded TargetPlatform 'WindowsNoEditor'
[2020.12.18-11.54.43:588][  0]LogTargetPlatformManager: Display: Loaded TargetPlatform 'Windows'
[2020.12.18-11.54.43:593][  0]LogTargetPlatformManager: Display: Loaded TargetPlatform 'WindowsClient'
[2020.12.18-11.54.43:599][  0]LogTargetPlatformManager: Display: Loaded TargetPlatform 'WindowsServer'
[2020.12.18-11.54.43:599][  0]LogTargetPlatformManager: Display: Building Assets For Windows
[2020.12.18-11.54.43:601][  0]LogAudioDebug: Display: Lib vorbis DLL was dynamically loaded.
[2020.12.18-11.54.43:616][  0]LogShaderCompilers: Guid format shader working directory is 17 characters bigger than the processId version (E:/Lautturi/AutoBattlerProto/Intermediate/Shaders/WorkingDirectory/23064/).
[2020.12.18-11.54.43:617][  0]LogShaderCompilers: Cleaned the shader compiler working directory 'C:/Users/Miros/AppData/Local/Temp/UnrealShaderWorkingDir/AFD701FA413F137D3DDD51A193F8E3A1/'.
[2020.12.18-11.54.43:617][  0]LogXGEController: Cleaning working directory: C:/Users/Miros/AppData/Local/Temp/UnrealXGEWorkingDir/
[2020.12.18-11.54.43:617][  0]LogXGEController: Cannot use XGE Controller as Incredibuild is not installed on this machine.
[2020.12.18-11.54.43:617][  0]LogShaderCompilers: Cannot use XGE Shader Compiler as Incredibuild is not installed on this machine.
[2020.12.18-11.54.43:617][  0]LogShaderCompilers: Display: Using Local Shader Compiler.
[2020.12.18-11.54.44:204][  0]LogDerivedDataCache: Display: Max Cache Size: 512 MB
[2020.12.18-11.54.44:248][  0]LogDerivedDataCache: Loaded boot cache 0.04s 78MB C:/Users/Miros/AppData/Local/UnrealEngine/4.24/DerivedDataCache/Boot.ddc.
[2020.12.18-11.54.44:248][  0]LogDerivedDataCache: Display: Loaded Boot cache: C:/Users/Miros/AppData/Local/UnrealEngine/4.24/DerivedDataCache/Boot.ddc
[2020.12.18-11.54.44:248][  0]LogDerivedDataCache: FDerivedDataBackendGraph:  Pak pak cache file E:/Lautturi/AutoBattlerProto/DerivedDataCache/DDC.ddp not found, will not use a pak cache.
[2020.12.18-11.54.44:248][  0]LogDerivedDataCache: Unable to find inner node Pak for hierarchical cache Hierarchy.
[2020.12.18-11.54.44:248][  0]LogDerivedDataCache: FDerivedDataBackendGraph:  CompressedPak pak cache file E:/Lautturi/AutoBattlerProto/DerivedDataCache/Compressed.ddp not found, will not use a pak cache.
[2020.12.18-11.54.44:248][  0]LogDerivedDataCache: Unable to find inner node CompressedPak for hierarchical cache Hierarchy.
[2020.12.18-11.54.44:258][  0]LogDerivedDataCache: Display: Pak cache opened for reading ../../../Engine/DerivedDataCache/Compressed.ddp.
[2020.12.18-11.54.44:258][  0]LogDerivedDataCache: FDerivedDataBackendGraph:  EnterprisePak pak cache file ../../../Enterprise/DerivedDataCache/Compressed.ddp not found, will not use a pak cache.
[2020.12.18-11.54.44:258][  0]LogDerivedDataCache: Unable to find inner node EnterprisePak for hierarchical cache Hierarchy.
[2020.12.18-11.54.44:259][  0]LogDerivedDataCache: Using Local data cache path C:/Users/Miros/AppData/Local/UnrealEngine/Common/DerivedDataCache: Writable
[2020.12.18-11.54.44:259][  0]LogDerivedDataCache: Shared data cache path not found in *engine.ini, will not use an Shared cache.
[2020.12.18-11.54.44:259][  0]LogDerivedDataCache: Unable to find inner node Shared for hierarchical cache Hierarchy.
[2020.12.18-11.54.44:279][  0]LogMaterial: Verifying Global Shaders for PCD3D_SM5
[2020.12.18-11.54.44:282][  0]LogSlate: Using FreeType 2.10.0
[2020.12.18-11.54.44:282][  0]LogSlate: SlateFontServices - WITH_FREETYPE: 1, WITH_HARFBUZZ: 1
[2020.12.18-11.54.44:326][  0]LogAssetRegistry: FAssetRegistry took 0.0021 seconds to start up
[2020.12.18-11.54.44:561][  0]LogInit: Selected Device Profile: [Windows]
[2020.12.18-11.54.44:681][  0]LogMeshReduction: Using QuadricMeshReduction for automatic static mesh reduction
[2020.12.18-11.54.44:681][  0]LogMeshReduction: Using SimplygonMeshReduction for automatic skeletal mesh reduction
[2020.12.18-11.54.44:681][  0]LogMeshReduction: Using ProxyLODMeshReduction for automatic mesh merging
[2020.12.18-11.54.44:681][  0]LogMeshReduction: No distributed automatic mesh merging module available
[2020.12.18-11.54.44:681][  0]LogMeshMerging: No distributed automatic mesh merging module available
[2020.12.18-11.54.44:692][  0]LogNetVersion: AutoBattlerProto 1.0.0, NetCL: 10570792, EngineNetVer: 13, GameNetVer: 0 (Checksum: 2377359032)
[2020.12.18-11.54.45:504][  0]LogPackageLocalizationCache: Processed 10 localized package path(s) for 1 prioritized culture(s) in 0.023649 seconds
[2020.12.18-11.54.45:510][  0]LogUObjectArray: 46750 objects as part of root set at end of initial load.
[2020.12.18-11.54.45:510][  0]LogUObjectAllocator: 8137160 out of 0 bytes used by permanent object pool.
[2020.12.18-11.54.45:510][  0]LogUObjectArray: CloseDisregardForGC: 0/0 objects in disregard for GC pool
[2020.12.18-11.54.45:816][  0]LogTcpMessaging: Initializing TcpMessaging bridge
[2020.12.18-11.54.45:818][  0]LogUdpMessaging: Initializing bridge on interface 0.0.0.0:0 to multicast group 230.0.0.1:6666.
[2020.12.18-11.54.45:884][  0]SourceControl: Source control is disabled
[2020.12.18-11.54.45:884][  0]SourceControl: Source control is disabled
[2020.12.18-11.54.45:885][  0]SourceControl: Source control is disabled
[2020.12.18-11.54.45:886][  0]SourceControl: Source control is disabled
[2020.12.18-11.54.45:886][  0]SourceControl: Source control is disabled
[2020.12.18-11.54.45:947][  0]LogAndroidPermission: UAndroidPermissionCallbackProxy::GetInstance
[2020.12.18-11.54.45:954][  0]LogAudioCaptureCore: Display: No Audio Capture implementations found. Audio input will be silent.
[2020.12.18-11.54.45:954][  0]LogAudioCaptureCore: Display: No Audio Capture implementations found. Audio input will be silent.
[2020.12.18-11.54.46:022][  0]LogOcInput: OculusInput pre-init called
[2020.12.18-11.54.46:029][  0]LogWindows: Failed to load 'OVRPlugin.dll' (GetLastError=126)
[2020.12.18-11.54.46:029][  0]LogWindows: File 'OVRPlugin.dll' does not exist
[2020.12.18-11.54.46:086][  0]LogEngine: Initializing Engine...
[2020.12.18-11.54.46:086][  0]LogHMD: Failed to initialize OpenVR with code 110
[2020.12.18-11.54.46:087][  0]LogStats: UGameplayTagsManager::InitializeManager -  0.000 s
[2020.12.18-11.54.46:350][  0]LogInit: Initializing FReadOnlyCVARCache
[2020.12.18-11.54.46:355][  0]LogAIModule: Creating AISystem for world Untitled
[2020.12.18-11.54.46:363][  0]LogAudioMixer: Display: Audio Mixer Platform Settings:
[2020.12.18-11.54.46:363][  0]LogAudioMixer: Display: 	Sample Rate:						  48000
[2020.12.18-11.54.46:363][  0]LogAudioMixer: Display: 	Callback Buffer Frame Size Requested: 1024
[2020.12.18-11.54.46:363][  0]LogAudioMixer: Display: 	Callback Buffer Frame Size To Use:	  1024
[2020.12.18-11.54.46:364][  0]LogAudioMixer: Display: 	Number of buffers to queue:			  2
[2020.12.18-11.54.46:364][  0]LogAudioMixer: Display: 	Max Channels (voices):				  32
[2020.12.18-11.54.46:364][  0]LogAudioMixer: Display: 	Number of Async Source Workers:		  0
[2020.12.18-11.54.46:364][  0]LogAudio: Display: AudioDevice MaxSources: 32
[2020.12.18-11.54.46:364][  0]LogAudio: Display: Using built-in audio occlusion.
[2020.12.18-11.54.46:364][  0]LogAudioMixer: Display: Initializing audio mixer.
[2020.12.18-11.54.46:499][  0]LogAudioMixer: Display: Audio Device Output Speaker Info:
[2020.12.18-11.54.46:499][  0]LogAudioMixer: Display: Name: Kaiuttimet (Realtek(R) Audio)
[2020.12.18-11.54.46:499][  0]LogAudioMixer: Display: Is Default: Yes
[2020.12.18-11.54.46:499][  0]LogAudioMixer: Display: Sample Rate: 48000
[2020.12.18-11.54.46:499][  0]LogAudioMixer: Display: Channel Count Used: 2
[2020.12.18-11.54.46:499][  0]LogAudioMixer: Display: Device Channel Count: 2
[2020.12.18-11.54.46:499][  0]LogAudioMixer: Display: Channel Order:
[2020.12.18-11.54.46:499][  0]LogAudioMixer: Display: 0: FrontLeft
[2020.12.18-11.54.46:499][  0]LogAudioMixer: Display: 1: FrontRight
[2020.12.18-11.54.46:528][  0]LogAudioMixer: Display: Using Audio Device Kaiuttimet (Realtek(R) Audio)
[2020.12.18-11.54.46:532][  0]LogInit: FAudioDevice initialized.
[2020.12.18-11.54.46:532][  0]LogNetVersion: Set ProjectVersion to 1.0.0.0. Version Checksum will be recalculated on next use.
[2020.12.18-11.54.46:615][  0]LogDerivedDataCache: Saved boot cache 0.08s 78MB C:/Users/Miros/AppData/Local/UnrealEngine/4.24/DerivedDataCache/Boot.ddc.
[2020.12.18-11.54.46:616][  0]LogInit: Texture streaming: Enabled
[2020.12.18-11.54.46:625][  0]LogEngineSessionManager: EngineSessionManager initialized
[2020.12.18-11.54.46:625][  0]LogEngineSessionManager: EngineSessionManager sent abnormal shutdown report. Type=Crashed, SessionId={C2319C68-4E99-AC26-D2F1-74A28C14BA61}
[2020.12.18-11.54.46:625][  0]LogEditorSessionSummary: Verbose: Initializing EditorSessionSummaryWriter for editor session tracking
[2020.12.18-11.54.46:628][  0]LogEditorSessionSummary: EditorSessionSummaryWriter initialized
[2020.12.18-11.54.46:660][  0]LogInit: Transaction tracking system initialized
[2020.12.18-11.54.46:668][  0]BlueprintLog: New page: Editor Load
[2020.12.18-11.54.46:694][  0]LocalizationService: Localization service is disabled
[2020.12.18-11.54.46:899][  0]LogCook: Display: Max memory allowance for cook 16384mb min free memory 0mb
[2020.12.18-11.54.46:899][  0]LogCook: Display: Mobile HDR setting 1
[2020.12.18-11.54.46:959][  0]LogFileCache: Scanning file cache for directory 'E:/Lautturi/AutoBattlerProto/Content/' took 0.03s
[2020.12.18-11.54.47:427][  0]SourceControl: Source control is disabled
[2020.12.18-11.54.47:427][  0]Cmd: MAP LOAD FILE="E:/Lautturi/AutoBattlerProto/Content/TestingContent/Persistent.umap" TEMPLATE=0 SHOWPROGRESS=1 FEATURELEVEL=3
[2020.12.18-11.54.47:427][  0]LightingResults: New page: Lighting Build
[2020.12.18-11.54.47:428][  0]LogWorld: UWorld::CleanupWorld for Untitled, bSessionEnded=true, bCleanupResources=true
[2020.12.18-11.54.47:428][  0]LogSlate: InvalidateAllWidgets triggered.  All widgets were invalidated
[2020.12.18-11.54.47:428][  0]MapCheck: New page: Map Check
[2020.12.18-11.54.47:428][  0]LightingResults: New page: Lighting Build
[2020.12.18-11.54.47:464][  0]LogUObjectHash: Compacting FUObjectHashTables data took   1.82ms
[2020.12.18-11.54.47:474][  0]LogAIModule: Creating AISystem for world Persistent
[2020.12.18-11.54.47:475][  0]LogStreaming: Display: ULevelStreaming::RequestLevel(/Game/TestingContent/CombatLevel) is flushing async loading
[2020.12.18-11.54.47:475][  0]LogStreaming: Display: Flushing async loaders.
[2020.12.18-11.54.48:048][  0]LogStreaming: Display: ULevelStreaming::RequestLevel(/Game/TestingContent/PickingLevel) is flushing async loading
[2020.12.18-11.54.48:118][  0]LogEditorServer: Finished looking for orphan Actors (0.000 secs)
[2020.12.18-11.54.48:158][  0]LogUObjectHash: Compacting FUObjectHashTables data took   2.24ms
[2020.12.18-11.54.48:158][  0]Cmd: MAP CHECKDEP NOCLEARLOG
[2020.12.18-11.54.48:158][  0]MapCheck: Map check complete: 0 Error(s), 0 Warning(s), took 0,152ms to complete.
[2020.12.18-11.54.48:158][  0]LogFileHelpers: Loading map 'Persistent' took 0.732
[2020.12.18-11.54.49:121][  0]LogSlate: Updating window title bar state: overlay mode, drag disabled, window buttons hidden, title bar hidden
[2020.12.18-11.54.49:126][  0]LogSlate: Updating window title bar state: overlay mode, drag disabled, window buttons hidden, title bar hidden
[2020.12.18-11.54.49:134][  0]LogSlate: Updating window title bar state: overlay mode, drag disabled, window buttons hidden, title bar hidden
[2020.12.18-11.54.49:139][  0]LogSlate: Updating window title bar state: overlay mode, drag disabled, window buttons hidden, title bar hidden
[2020.12.18-11.54.49:147][  0]LogCollectionManager: Loaded 0 collections in 0.002498 seconds
[2020.12.18-11.54.49:160][  0]LogFileCache: Scanning file cache for directory 'E:/Lautturi/AutoBattlerProto/Saved/Collections/' took 0.00s
[2020.12.18-11.54.49:160][  0]LogFileCache: Scanning file cache for directory 'E:/Lautturi/AutoBattlerProto/Content/Developers/Miros/Collections/' took 0.00s
[2020.12.18-11.54.49:160][  0]LogFileCache: Scanning file cache for directory 'E:/Lautturi/AutoBattlerProto/Content/Collections/' took 0.00s
[2020.12.18-11.54.49:160][  0]LogContentBrowser: Native class hierarchy populated in 0.0081 seconds. Added 3030 classes and 723 folders.
[2020.12.18-11.54.49:162][  0]LogContentBrowser: Native class hierarchy updated for 'WidgetCarousel' in 0.0003 seconds. Added 0 classes and 0 folders.
[2020.12.18-11.54.49:206][  0]LogContentBrowser: Native class hierarchy updated for 'AddContentDialog' in 0.0004 seconds. Added 0 classes and 0 folders.
[2020.12.18-11.54.49:210][  0]LogContentBrowser: Native class hierarchy updated for 'SceneOutliner' in 0.0004 seconds. Added 2 classes and 3 folders.
[2020.12.18-11.54.49:273][  0]LogSlate: Took 0.000178 seconds to synchronously load lazily loaded font '../../../Engine/Content/Slate/Fonts/Roboto-Regular.ttf' (155K)
[2020.12.18-11.54.49:276][  0]LogSlate: Took 0.000126 seconds to synchronously load lazily loaded font '../../../Engine/Content/Slate/Fonts/Roboto-Bold.ttf' (160K)
[2020.12.18-11.54.49:279][  0]LogSlate: Took 0.000142 seconds to synchronously load lazily loaded font '../../../Engine/Content/Editor/Slate/Fonts/FontAwesome.ttf' (139K)
[2020.12.18-11.54.49:279][  0]LogSlate: Took 0.000100 seconds to synchronously load lazily loaded font '../../../Engine/Content/Slate/Fonts/DroidSansMono.ttf' (77K)
[2020.12.18-11.54.49:369][  0]LogRenderer: Reallocating scene render targets to support 1800x820 Format 10 NumSamples 1 (Frame:1).
[2020.12.18-11.54.49:436][  0]LogContentBrowser: Native class hierarchy updated for 'HierarchicalLODOutliner' in 0.0004 seconds. Added 0 classes and 0 folders.
[2020.12.18-11.54.49:436][  0]LogLoad: (Engine Initialization) Total time: 7.64 seconds
[2020.12.18-11.54.49:436][  0]LogLoad: (Engine Initialization) Total Blueprint compile time: 0.00 seconds
[2020.12.18-11.54.49:509][  0]LogContentStreaming: Texture pool size now 1000 MB
[2020.12.18-11.54.49:525][  1]LogAssetRegistry: Asset discovery search completed in 5.1995 seconds
[2020.12.18-11.54.49:528][  1]LogCollectionManager: Fixed up redirectors for 0 collections in 0.000007 seconds (updated 0 objects)
[2020.12.18-11.54.50:458][108]LogSlate: Took 0.000194 seconds to synchronously load lazily loaded font '../../../Engine/Content/Slate/Fonts/Roboto-Light.ttf' (167K)
[2020.12.18-11.54.52:695][333]LogAssetEditorSubsystem: Opening Asset editor for WidgetBlueprint /Game/TestingContent/Widgets/WBP_CharacterDataWidget.WBP_CharacterDataWidget
[2020.12.18-11.54.52:838][333]LogContentBrowser: Native class hierarchy updated for 'BlueprintGraph' in 0.0006 seconds. Added 121 classes and 0 folders.
[2020.12.18-11.54.53:760][333]LogSlate: Took 0.000217 seconds to synchronously load lazily loaded font '../../../Engine/Content/Slate/Fonts/Roboto-BoldCondensed.ttf' (158K)
[2020.12.18-11.54.56:966][333]LogWindows: Error: === Critical error: ===
[2020.12.18-11.54.56:966][333]LogWindows: Error: 
[2020.12.18-11.54.56:966][333]LogWindows: Error: Fatal error!
[2020.12.18-11.54.56:966][333]LogWindows: Error: 
[2020.12.18-11.54.56:966][333]LogWindows: Error: Unhandled Exception: EXCEPTION_ACCESS_VIOLATION reading address 0x00000178
[2020.12.18-11.54.56:967][333]LogWindows: Error: 
[2020.12.18-11.54.56:967][333]LogWindows: Error: [Callstack] 0x00007ffbbc88498c UE4Editor-AutoBattlerProto.dll!UCharacterDataWidget::Initialize() [e:\lautturi\autobattlerproto\source\widgets\characterdatawidget.cpp:44]
[2020.12.18-11.54.56:967][333]LogWindows: Error: [Callstack] 0x00007ffbd107dce1 UE4Editor-UMG.dll!UUserWidget::RebuildWidget() [d:\build\++ue4\sync\engine\source\runtime\umg\private\userwidget.cpp:893]
[2020.12.18-11.54.56:967][333]LogWindows: Error: [Callstack] 0x00007ffbd10ad6bc UE4Editor-UMG.dll!UWidget::TakeWidget_Private() [d:\build\++ue4\sync\engine\source\runtime\umg\private\components\widget.cpp:788]
[2020.12.18-11.54.56:967][333]LogWindows: Error: [Callstack] 0x00007ffbd10ad57d UE4Editor-UMG.dll!UWidget::TakeWidget() [d:\build\++ue4\sync\engine\source\runtime\umg\private\components\widget.cpp:775]
[2020.12.18-11.54.56:967][333]LogWindows: Error: [Callstack] 0x00007ffbbe80fac3 UE4Editor-UMGEditor.dll!SDesignerView::UpdatePreviewWidget() [d:\build\++ue4\sync\engine\source\editor\umgeditor\private\designer\sdesignerview.cpp:2326]
[2020.12.18-11.54.56:967][333]LogWindows: Error: [Callstack] 0x00007ffbbe80d19a UE4Editor-UMGEditor.dll!SDesignerView::Tick() [d:\build\++ue4\sync\engine\source\editor\umgeditor\private\designer\sdesignerview.cpp:2414]
[2020.12.18-11.54.56:967][333]LogWindows: Error: [Callstack] 0x00007ffbe004759f UE4Editor-SlateCore.dll!SWidget::Paint() [d:\build\++ue4\sync\engine\source\runtime\slatecore\private\widgets\swidget.cpp:1234]
[2020.12.18-11.54.56:967][333]LogWindows: Error: [Callstack] 0x00007ffbe0045810 UE4Editor-SlateCore.dll!SCompoundWidget::OnPaint() [d:\build\++ue4\sync\engine\source\runtime\slatecore\private\widgets\scompoundwidget.cpp:35]
[2020.12.18-11.54.56:967][333]LogWindows: Error: [Callstack] 0x00007ffbe80a28f4 UE4Editor-Slate.dll!SBorder::OnPaint() [d:\build\++ue4\sync\engine\source\runtime\slate\private\widgets\layout\sborder.cpp:120]
[2020.12.18-11.54.56:967][333]LogWindows: Error: [Callstack] 0x00007ffbe0047c8e UE4Editor-SlateCore.dll!SWidget::Paint() [d:\build\++ue4\sync\engine\source\runtime\slatecore\private\widgets\swidget.cpp:1337]
[2020.12.18-11.54.56:967][333]LogWindows: Error: [Callstack] 0x00007ffbe0046042 UE4Editor-SlateCore.dll!SOverlay::OnPaint() [d:\build\++ue4\sync\engine\source\runtime\slatecore\private\widgets\soverlay.cpp:96]
[2020.12.18-11.54.56:967][333]LogWindows: Error: [Callstack] 0x00007ffbe0047c8e UE4Editor-SlateCore.dll!SWidget::Paint() [d:\build\++ue4\sync\engine\source\runtime\slatecore\private\widgets\swidget.cpp:1337]
[2020.12.18-11.54.56:967][333]LogWindows: Error: [Callstack] 0x00007ffbe0048646 UE4Editor-SlateCore.dll!SPanel::PaintArrangedChildren() [d:\build\++ue4\sync\engine\source\runtime\slatecore\private\widgets\spanel.cpp:31]
[2020.12.18-11.54.56:967][333]LogWindows: Error: [Callstack] 0x00007ffbe004617c UE4Editor-SlateCore.dll!SPanel::OnPaint() [d:\build\++ue4\sync\engine\source\runtime\slatecore\private\widgets\spanel.cpp:12]
[2020.12.18-11.54.56:967][333]LogWindows: Error: [Callstack] 0x00007ffbe0047c8e UE4Editor-SlateCore.dll!SWidget::Paint() [d:\build\++ue4\sync\engine\source\runtime\slatecore\private\widgets\swidget.cpp:1337]
[2020.12.18-11.54.56:967][333]LogWindows: Error: [Callstack] 0x00007ffbe0045810 UE4Editor-SlateCore.dll!SCompoundWidget::OnPaint() [d:\build\++ue4\sync\engine\source\runtime\slatecore\private\widgets\scompoundwidget.cpp:35]
[2020.12.18-11.54.56:967][333]LogWindows: Error: [Callstack] 0x00007ffbe0047c8e UE4Editor-SlateCore.dll!SWidget::Paint() [d:\build\++ue4\sync\engine\source\runtime\slatecore\private\widgets\swidget.cpp:1337]
[2020.12.18-11.54.56:967][333]LogWindows: Error: [Callstack] 0x00007ffbe0048646 UE4Editor-SlateCore.dll!SPanel::PaintArrangedChildren() [d:\build\++ue4\sync\engine\source\runtime\slatecore\private\widgets\spanel.cpp:31]
[2020.12.18-11.54.56:967][333]LogWindows: Error: [Callstack] 0x00007ffbe80a5574 UE4Editor-Slate.dll!SSplitter::OnPaint() [d:\build\++ue4\sync\engine\source\runtime\slate\private\widgets\layout\ssplitter.cpp:164]
[2020.12.18-11.54.56:967][333]LogWindows: Error: [Callstack] 0x00007ffbe0047c8e UE4Editor-SlateCore.dll!SWidget::Paint() [d:\build\++ue4\sync\engine\source\runtime\slatecore\private\widgets\swidget.cpp:1337]
[2020.12.18-11.54.56:967][333]LogWindows: Error: [Callstack] 0x00007ffbe0045810 UE4Editor-SlateCore.dll!SCompoundWidget::OnPaint() [d:\build\++ue4\sync\engine\source\runtime\slatecore\private\widgets\scompoundwidget.cpp:35]
[2020.12.18-11.54.56:967][333]LogWindows: Error: [Callstack] 0x00007ffbe0047c8e UE4Editor-SlateCore.dll!SWidget::Paint() [d:\build\++ue4\sync\engine\source\runtime\slatecore\private\widgets\swidget.cpp:1337]
[2020.12.18-11.54.56:967][333]LogWindows: Error: [Callstack] 0x00007ffbe0048646 UE4Editor-SlateCore.dll!SPanel::PaintArrangedChildren() [d:\build\++ue4\sync\engine\source\runtime\slatecore\private\widgets\spanel.cpp:31]
[2020.12.18-11.54.56:967][333]LogWindows: Error: [Callstack] 0x00007ffbe80a5574 UE4Editor-Slate.dll!SSplitter::OnPaint() [d:\build\++ue4\sync\engine\source\runtime\slate\private\widgets\layout\ssplitter.cpp:164]
[2020.12.18-11.54.56:967][333]LogWindows: Error: [Callstack] 0x00007ffbe0047c8e UE4Editor-SlateCore.dll!SWidget::Paint() [d:\build\++ue4\sync\engine\source\runtime\slatecore\private\widgets\swidget.cpp:1337]
[2020.12.18-11.54.56:967][333]LogWindows: Error: [Callstack] 0x00007ffbe0046042 UE4Editor-SlateCore.dll!SOverlay::OnPaint() [d:\build\++ue4\sync\engine\source\runtime\slatecore\private\widgets\soverlay.cpp:96]
[2020.12.18-11.54.56:967][333]LogWindows: Error: [Callstack] 0x00007ffbe0047c8e UE4Editor-SlateCore.dll!SWidget::Paint() [d:\build\++ue4\sync\engine\source\runtime\slatecore\private\widgets\swidget.cpp:1337]
[2020.12.18-11.54.56:967][333]LogWindows: Error: [Callstack] 0x00007ffbe0045810 UE4Editor-SlateCore.dll!SCompoundWidget::OnPaint() [d:\build\++ue4\sync\engine\source\runtime\slatecore\private\widgets\scompoundwidget.cpp:35]
[2020.12.18-11.54.56:967][333]LogWindows: Error: [Callstack] 0x00007ffbe0047c8e UE4Editor-SlateCore.dll!SWidget::Paint() [d:\build\++ue4\sync\engine\source\runtime\slatecore\private\widgets\swidget.cpp:1337]
[2020.12.18-11.54.56:967][333]LogWindows: Error: [Callstack] 0x00007ffbe0048646 UE4Editor-SlateCore.dll!SPanel::PaintArrangedChildren() [d:\build\++ue4\sync\engine\source\runtime\slatecore\private\widgets\spanel.cpp:31]
[2020.12.18-11.54.56:967][333]LogWindows: Error: [Callstack] 0x00007ffbe004617c UE4Editor-SlateCore.dll!SPanel::OnPaint() [d:\build\++ue4\sync\engine\source\runtime\slatecore\private\widgets\spanel.cpp:12]
[2020.12.18-11.54.56:967][333]LogWindows: Error: [Callstack] 0x00007ffbe0047c8e UE4Editor-SlateCore.dll!SWidget::Paint() [d:\build\++ue4\sync\engine\source\runtime\slatecore\private\widgets\swidget.cpp:1337]
[2020.12.18-11.54.56:967][333]LogWindows: Error: [Callstack] 0x00007ffbe0045810 UE4Editor-SlateCore.dll!SCompoundWidget::OnPaint() [d:\build\++ue4\sync\engine\source\runtime\slatecore\private\widgets\scompoundwidget.cpp:35]
[2020.12.18-11.54.56:967][333]LogWindows: Error: [Callstack] 0x00007ffbe0047c8e UE4Editor-SlateCore.dll!SWidget::Paint() [d:\build\++ue4\sync\engine\source\runtime\slatecore\private\widgets\swidget.cpp:1337]
[2020.12.18-11.54.56:967][333]LogWindows: Error: [Callstack] 0x00007ffbe0045810 UE4Editor-SlateCore.dll!SCompoundWidget::OnPaint() [d:\build\++ue4\sync\engine\source\runtime\slatecore\private\widgets\scompoundwidget.cpp:35]
[2020.12.18-11.54.56:967][333]LogWindows: Error: [Callstack] 0x00007ffbe80a28f4 UE4Editor-Slate.dll!SBorder::OnPaint() [d:\build\++ue4\sync\engine\source\runtime\slate\private\widgets\layout\sborder.cpp:120]
[2020.12.18-11.54.56:967][333]LogWindows: Error: [Callstack] 0x00007ffbe0047c8e UE4Editor-SlateCore.dll!SWidget::Paint() [d:\build\++ue4\sync\engine\source\runtime\slatecore\private\widgets\swidget.cpp:1337]
[2020.12.18-11.54.56:967][333]LogWindows: Error: [Callstack] 0x00007ffbe0046042 UE4Editor-SlateCore.dll!SOverlay::OnPaint() [d:\build\++ue4\sync\engine\source\runtime\slatecore\private\widgets\soverlay.cpp:96]
[2020.12.18-11.54.56:967][333]LogWindows: Error: [Callstack] 0x00007ffbe0047c8e UE4Editor-SlateCore.dll!SWidget::Paint() [d:\build\++ue4\sync\engine\source\runtime\slatecore\private\widgets\swidget.cpp:1337]
[2020.12.18-11.54.56:967][333]LogWindows: Error: [Callstack] 0x00007ffbe0048646 UE4Editor-SlateCore.dll!SPanel::PaintArrangedChildren() [d:\build\++ue4\sync\engine\source\runtime\slatecore\private\widgets\spanel.cpp:31]
[2020.12.18-11.54.56:967][333]LogWindows: Error: [Callstack] 0x00007ffbe004617c UE4Editor-SlateCore.dll!SPanel::OnPaint() [d:\build\++ue4\sync\engine\source\runtime\slatecore\private\widgets\spanel.cpp:12]
[2020.12.18-11.54.56:967][333]LogWindows: Error: [Callstack] 0x00007ffbe0047c8e UE4Editor-SlateCore.dll!SWidget::Paint() [d:\build\++ue4\sync\engine\source\runtime\slatecore\private\widgets\swidget.cpp:1337]
[2020.12.18-11.54.56:967][333]LogWindows: Error: [Callstack] 0x00007ffbe0045810 UE4Editor-SlateCore.dll!SCompoundWidget::OnPaint() [d:\build\++ue4\sync\engine\source\runtime\slatecore\private\widgets\scompoundwidget.cpp:35]
[2020.12.18-11.54.56:967][333]LogWindows: Error: [Callstack] 0x00007ffbe0047c8e UE4Editor-SlateCore.dll!SWidget::Paint() [d:\build\++ue4\sync\engine\source\runtime\slatecore\private\widgets\swidget.cpp:1337]
[2020.12.18-11.54.56:967][333]LogWindows: Error: [Callstack] 0x00007ffbe0048646 UE4Editor-SlateCore.dll!SPanel::PaintArrangedChildren() [d:\build\++ue4\sync\engine\source\runtime\slatecore\private\widgets\spanel.cpp:31]
[2020.12.18-11.54.56:967][333]LogWindows: Error: [Callstack] 0x00007ffbe80a5574 UE4Editor-Slate.dll!SSplitter::OnPaint() [d:\build\++ue4\sync\engine\source\runtime\slate\private\widgets\layout\ssplitter.cpp:164]
[2020.12.18-11.54.56:967][333]LogWindows: Error: [Callstack] 0x00007ffbe0047c8e UE4Editor-SlateCore.dll!SWidget::Paint() [d:\build\++ue4\sync\engine\source\runtime\slatecore\private\widgets\swidget.cpp:1337]
[2020.12.18-11.54.56:967][333]LogWindows: Error: [Callstack] 0x00007ffbe0046042 UE4Editor-SlateCore.dll!SOverlay::OnPaint() [d:\build\++ue4\sync\engine\source\runtime\slatecore\private\widgets\soverlay.cpp:96]
[2020.12.18-11.54.56:967][333]LogWindows: Error: [Callstack] 0x00007ffbe0047c8e UE4Editor-SlateCore.dll!SWidget::Paint() [d:\build\++ue4\sync\engine\source\runtime\slatecore\private\widgets\swidget.cpp:1337]
[2020.12.18-11.54.56:967][333]LogWindows: Error: [Callstack] 0x00007ffbe0045810 UE4Editor-SlateCore.dll!SCompoundWidget::OnPaint() [d:\build\++ue4\sync\engine\source\runtime\slatecore\private\widgets\scompoundwidget.cpp:35]
[2020.12.18-11.54.56:967][333]LogWindows: Error: [Callstack] 0x00007ffbe0047c8e UE4Editor-SlateCore.dll!SWidget::Paint() [d:\build\++ue4\sync\engine\source\runtime\slatecore\private\widgets\swidget.cpp:1337]
[2020.12.18-11.54.56:967][333]LogWindows: Error: [Callstack] 0x00007ffbe0048646 UE4Editor-SlateCore.dll!SPanel::PaintArrangedChildren() [d:\build\++ue4\sync\engine\source\runtime\slatecore\private\widgets\spanel.cpp:31]
[2020.12.18-11.54.56:967][333]LogWindows: Error: [Callstack] 0x00007ffbe004617c UE4Editor-SlateCore.dll!SPanel::OnPaint() [d:\build\++ue4\sync\engine\source\runtime\slatecore\private\widgets\spanel.cpp:12]
[2020.12.18-11.54.56:968][333]LogWindows: Error: [Callstack] 0x00007ffbe0047c8e UE4Editor-SlateCore.dll!SWidget::Paint() [d:\build\++ue4\sync\engine\source\runtime\slatecore\private\widgets\swidget.cpp:1337]
[2020.12.18-11.54.56:968][333]LogWindows: Error: [Callstack] 0x00007ffbe0048646 UE4Editor-SlateCore.dll!SPanel::PaintArrangedChildren() [d:\build\++ue4\sync\engine\source\runtime\slatecore\private\widgets\spanel.cpp:31]
[2020.12.18-11.54.56:968][333]LogWindows: Error: [Callstack] 0x00007ffbe004617c UE4Editor-SlateCore.dll!SPanel::OnPaint() [d:\build\++ue4\sync\engine\source\runtime\slatecore\private\widgets\spanel.cpp:12]
[2020.12.18-11.54.56:968][333]LogWindows: Error: [Callstack] 0x00007ffbe0047c8e UE4Editor-SlateCore.dll!SWidget::Paint() [d:\build\++ue4\sync\engine\source\runtime\slatecore\private\widgets\swidget.cpp:1337]
[2020.12.18-11.54.56:968][333]LogWindows: Error: [Callstack] 0x00007ffbe0046042 UE4Editor-SlateCore.dll!SOverlay::OnPaint() [d:\build\++ue4\sync\engine\source\runtime\slatecore\private\widgets\soverlay.cpp:96]
[2020.12.18-11.54.56:968][333]LogWindows: Error: [Callstack] 0x00007ffbe0047c8e UE4Editor-SlateCore.dll!SWidget::Paint() [d:\build\++ue4\sync\engine\source\runtime\slatecore\private\widgets\swidget.cpp:1337]
[2020.12.18-11.54.56:968][333]LogWindows: Error: [Callstack] 0x00007ffbe0045810 UE4Editor-SlateCore.dll!SCompoundWidget::OnPaint() [d:\build\++ue4\sync\engine\source\runtime\slatecore\private\widgets\scompoundwidget.cpp:35]
[2020.12.18-11.54.56:968][333]LogWindows: Error: [Callstack] 0x00007ffbe0047c8e UE4Editor-SlateCore.dll!SWidget::Paint() [d:\build\++ue4\sync\engine\source\runtime\slatecore\private\widgets\swidget.cpp:1337]
[2020.12.18-11.54.56:968][333]LogWindows: Error: [Callstack] 0x00007ffbe0048757 UE4Editor-SlateCore.dll!SWindow::PaintSlowPath() [d:\build\++ue4\sync\engine\source\runtime\slatecore\private\widgets\swindow.cpp:2048]
[2020.12.18-11.54.56:968][333]LogWindows: Error: [Callstack] 0x00007ffbdffb0681 UE4Editor-SlateCore.dll!FSlateInvalidationRoot::PaintInvalidationRoot() [d:\build\++ue4\sync\engine\source\runtime\slatecore\private\fastupdate\slateinvalidationroot.cpp:209]
[2020.12.18-11.54.56:968][333]LogWindows: Error: [Callstack] 0x00007ffbe0048a42 UE4Editor-SlateCore.dll!SWindow::PaintWindow() [d:\build\++ue4\sync\engine\source\runtime\slatecore\private\widgets\swindow.cpp:2080]
[2020.12.18-11.54.56:968][333]LogWindows: Error: [Callstack] 0x00007ffbe7e9036c UE4Editor-Slate.dll!FSlateApplication::DrawWindowAndChildren() [d:\build\++ue4\sync\engine\source\runtime\slate\private\framework\application\slateapplication.cpp:1012]
[2020.12.18-11.54.56:968][333]LogWindows: Error: [Callstack] 0x00007ffbe7e907ca UE4Editor-Slate.dll!FSlateApplication::DrawWindowAndChildren() [d:\build\++ue4\sync\engine\source\runtime\slate\private\framework\application\slateapplication.cpp:1064]
[2020.12.18-11.54.56:968][333]LogWindows: Error: [Callstack] 0x00007ffbe7ebf5a4 UE4Editor-Slate.dll!FSlateApplication::PrivateDrawWindows() [d:\build\++ue4\sync\engine\source\runtime\slate\private\framework\application\slateapplication.cpp:1241]
[2020.12.18-11.54.56:968][333]LogWindows: Error: [Callstack] 0x00007ffbe7ee3de2 UE4Editor-Slate.dll!FSlateApplication::TickApplication() [d:\build\++ue4\sync\engine\source\runtime\slate\private\framework\application\slateapplication.cpp:1484]
[2020.12.18-11.54.56:968][333]LogWindows: Error: [Callstack] 0x00007ffbe7ee3316 UE4Editor-Slate.dll!FSlateApplication::Tick() [d:\build\++ue4\sync\engine\source\runtime\slate\private\framework\application\slateapplication.cpp:1350]
[2020.12.18-11.54.56:968][333]LogWindows: Error: [Callstack] 0x00007ff71772901f UE4Editor.exe!FEngineLoop::Tick() [d:\build\++ue4\sync\engine\source\runtime\launch\private\launchengineloop.cpp:4589]
[2020.12.18-11.54.56:968][333]LogWindows: Error: [Callstack] 0x00007ff71773c3ec UE4Editor.exe!GuardedMain() [d:\build\++ue4\sync\engine\source\runtime\launch\private\launch.cpp:173]
[2020.12.18-11.54.56:968][333]LogWindows: Error: [Callstack] 0x00007ff71773c4ca UE4Editor.exe!GuardedMainWrapper() [d:\build\++ue4\sync\engine\source\runtime\launch\private\windows\launchwindows.cpp:134]
[2020.12.18-11.54.56:968][333]LogWindows: Error: [Callstack] 0x00007ff71774ceae UE4Editor.exe!WinMain() [d:\build\++ue4\sync\engine\source\runtime\launch\private\windows\launchwindows.cpp:263]
[2020.12.18-11.54.56:968][333]LogWindows: Error: [Callstack] 0x00007ff71774fcbe UE4Editor.exe!__scrt_common_main_seh() [d:\agent\_work\2\s\src\vctools\crt\vcstartup\src\startup\exe_common.inl:288]
[2020.12.18-11.54.56:968][333]LogWindows: Error: [Callstack] 0x00007ffc62a77034 KERNEL32.DLL!UnknownFunction []
[2020.12.18-11.54.56:968][333]LogWindows: Error: [Callstack] 0x00007ffc62f3d0d1 ntdll.dll!UnknownFunction []
[2020.12.18-11.54.56:968][333]LogWindows: Error: 
[2020.12.18-11.54.56:974][333]LogExit: Executing StaticShutdownAfterError
[2020.12.18-11.54.56:978][333]LogWindows: FPlatformMisc::RequestExit(1)
[2020.12.18-11.54.56:978][333]LogCore: Engine exit requested (reason: Win RequestExit)
[2020.12.18-11.54.56:982][333]Log file closed, 12/18/20 13:54:56
