Log file open, 12/17/20 10:51:46
LogWindows: Failed to load 'aqProf.dll' (GetLastError=126)
LogWindows: File 'aqProf.dll' does not exist
LogWindows: Failed to load 'VtuneApi.dll' (GetLastError=126)
LogWindows: File 'VtuneApi.dll' does not exist
LogWindows: Failed to load 'VtuneApi32e.dll' (GetLastError=126)
LogWindows: File 'VtuneApi32e.dll' does not exist
LogConsoleResponse: Display: Failed to find resolution value strings in scalability ini. Falling back to default.
LogInit: Display: Running engine for game: AutoBattlerProto
LogPlatformFile: Not using cached read wrapper
LogTaskGraph: Started task graph with 5 named threads and 71 total threads with 3 sets of task threads.
LogStats: Stats thread started at 0.063226
LogD3D11RHI: Loaded GFSDK_Aftermath_Lib.x64.dll
LogICUInternationalization: ICU TimeZone Detection - Raw Offset: +2:00, Platform Override: ''
LogPluginManager: Mounting plugin Paper2D
LogPluginManager: Mounting plugin AISupport
LogPluginManager: Mounting plugin LightPropagationVolume
LogPluginManager: Mounting plugin ActorLayerUtilities
LogPluginManager: Mounting plugin AnimationSharing
LogPluginManager: Mounting plugin CLionSourceCodeAccess
LogPluginManager: Mounting plugin CodeLiteSourceCodeAccess
LogPluginManager: Mounting plugin GitSourceControl
LogPluginManager: Mounting plugin KDevelopSourceCodeAccess
LogPluginManager: Mounting plugin NullSourceCodeAccess
LogPluginManager: Mounting plugin PerforceSourceControl
LogPluginManager: Mounting plugin PlasticSourceControl
LogPluginManager: Mounting plugin SubversionSourceControl
LogPluginManager: Mounting plugin UObjectPlugin
LogPluginManager: Mounting plugin VisualStudioCodeSourceCodeAccess
LogPluginManager: Mounting plugin VisualStudioSourceCodeAccess
LogPluginManager: Mounting plugin XCodeSourceCodeAccess
LogPluginManager: Mounting plugin AssetManagerEditor
LogPluginManager: Mounting plugin CryptoKeys
LogPluginManager: Mounting plugin CurveEditorTools
LogPluginManager: Mounting plugin DataValidation
LogPluginManager: Mounting plugin FacialAnimation
LogPluginManager: Mounting plugin GameplayTagsEditor
LogPluginManager: Mounting plugin MacGraphicsSwitching
LogPluginManager: Mounting plugin MaterialAnalyzer
LogPluginManager: Mounting plugin MobileLauncherProfileWizard
LogPluginManager: Mounting plugin PluginBrowser
LogPluginManager: Mounting plugin SpeedTreeImporter
LogPluginManager: Mounting plugin DatasmithContent
LogPluginManager: Mounting plugin VariantManagerContent
LogPluginManager: Mounting plugin AlembicImporter
LogPluginManager: Mounting plugin AutomationUtils
LogPluginManager: Mounting plugin BackChannel
LogPluginManager: Mounting plugin CharacterAI
LogPluginManager: Mounting plugin GeometryCache
LogPluginManager: Mounting plugin PlatformCrypto
LogPluginManager: Mounting plugin ProxyLODPlugin
LogPluginManager: Mounting plugin SkeletalReduction
LogPluginManager: Mounting plugin MagicLeap
LogPluginManager: Mounting plugin MagicLeapMedia
LogPluginManager: Mounting plugin MLSDK
LogPluginManager: Mounting plugin AndroidMedia
LogPluginManager: Mounting plugin AvfMedia
LogPluginManager: Mounting plugin ImgMedia
LogPluginManager: Mounting plugin MediaCompositing
LogPluginManager: Mounting plugin MediaPlayerEditor
LogPluginManager: Mounting plugin WebMMedia
LogPluginManager: Mounting plugin WmfMedia
LogPluginManager: Mounting plugin TcpMessaging
LogPluginManager: Mounting plugin UdpMessaging
LogPluginManager: Mounting plugin ActorSequence
LogPluginManager: Mounting plugin LevelSequenceEditor
LogPluginManager: Mounting plugin MatineeToLevelSequence
LogPluginManager: Mounting plugin NetcodeUnitTest
LogPluginManager: Mounting plugin NUTUnrealEngine4
LogPluginManager: Mounting plugin OnlineSubsystemGooglePlay
LogPluginManager: Mounting plugin OnlineSubsystemIOS
LogPluginManager: Mounting plugin OnlineSubsystem
LogPluginManager: Mounting plugin OnlineSubsystemNull
LogPluginManager: Mounting plugin OnlineSubsystemUtils
LogPluginManager: Mounting plugin LauncherChunkInstaller
LogPluginManager: Mounting plugin AndroidDeviceProfileSelector
LogPluginManager: Mounting plugin AndroidMoviePlayer
LogPluginManager: Mounting plugin AndroidPermission
LogPluginManager: Mounting plugin AppleImageUtils
LogPluginManager: Mounting plugin AppleMoviePlayer
LogPluginManager: Mounting plugin ArchVisCharacter
LogPluginManager: Mounting plugin AssetTags
LogPluginManager: Mounting plugin AudioCapture
LogPluginManager: Mounting plugin CableComponent
LogPluginManager: Mounting plugin CustomMeshComponent
LogPluginManager: Mounting plugin EditableMesh
LogPluginManager: Mounting plugin ExampleDeviceProfileSelector
LogPluginManager: Mounting plugin GoogleCloudMessaging
LogPluginManager: Mounting plugin IOSDeviceProfileSelector
LogPluginManager: Mounting plugin LinuxDeviceProfileSelector
LogPluginManager: Mounting plugin LocationServicesBPLibrary
LogPluginManager: Mounting plugin MobilePatchingUtils
LogPluginManager: Mounting plugin OculusVR
LogPluginManager: Mounting plugin PhysXVehicles
LogPluginManager: Mounting plugin PostSplashScreen
LogPluginManager: Mounting plugin ProceduralMeshComponent
LogPluginManager: Mounting plugin RuntimePhysXCooking
LogPluginManager: Mounting plugin SignificanceManager
LogPluginManager: Mounting plugin SteamVR
LogPluginManager: Mounting plugin WebMMoviePlayer
LogPluginManager: Mounting plugin WindowsMoviePlayer
LogPluginManager: Mounting plugin ScreenshotTools
LogInit: Using libcurl 7.55.1-DEV
LogInit:  - built for x86_64-pc-win32
LogInit:  - supports SSL with OpenSSL/1.1.1
LogInit:  - supports HTTP deflate (compression) using libz 1.2.8
LogInit:  - other features:
LogInit:      CURL_VERSION_SSL
LogInit:      CURL_VERSION_LIBZ
LogInit:      CURL_VERSION_IPV6
LogInit:      CURL_VERSION_ASYNCHDNS
LogInit:      CURL_VERSION_LARGEFILE
LogInit:      CURL_VERSION_IDN
LogInit:  CurlRequestOptions (configurable via config and command line):
LogInit:  - bVerifyPeer = true  - Libcurl will verify peer certificate
LogInit:  - bUseHttpProxy = false  - Libcurl will NOT use HTTP proxy
LogInit:  - bDontReuseConnections = false  - Libcurl will reuse connections
LogInit:  - MaxHostConnections = 16  - Libcurl will limit the number of connections to a host
LogInit:  - LocalHostAddr = Default
LogInit:  - BufferSize = 65536
LogOnline: OSS: Creating online subsystem instance for: NULL
LogInit: WinSock: version 1.1 (2.2), MaxSocks=32767, MaxUdp=65467
LogOnline: OSS: TryLoadSubsystemAndSetDefault: Loaded subsystem for module [NULL]
LogInit: Build: ++UE4+Release-4.24-CL-11590370
LogInit: Engine Version: 4.24.3-11590370+++UE4+Release-4.24
LogInit: Compatible Engine Version: 4.24.0-10570792+++UE4+Release-4.24
LogInit: Net CL: 10570792
LogInit: OS: Windows 10 (Release 2004) (), CPU: AMD Ryzen 9 3900X 12-Core Processor            , GPU: NVIDIA GeForce GTX 1080
LogInit: Compiled (64-bit): Feb 24 2020 15:39:18
LogInit: Compiled with Visual C++: 19.16.27032.01
LogInit: Build Configuration: Development
LogInit: Branch Name: ++UE4+Release-4.24
LogInit: Command Line: 
LogInit: Base Directory: D:/Epic Games/UE_4.24/Engine/Binaries/Win64/
LogInit: Installed Engine Build: 1
LogDevObjectVersion: Number of dev versions registered: 25
LogDevObjectVersion:   Dev-Blueprints (B0D832E4-1F89-4F0D-ACCF-7EB736FD4AA2): 10
LogDevObjectVersion:   Dev-Build (E1C64328-A22C-4D53-A36C-8E866417BD8C): 0
LogDevObjectVersion:   Dev-Core (375EC13C-06E4-48FB-B500-84F0262A717E): 3
LogDevObjectVersion:   Dev-Editor (E4B068ED-F494-42E9-A231-DA0B2E46BB41): 37
LogDevObjectVersion:   Dev-Framework (CFFC743F-43B0-4480-9391-14DF171D2073): 36
LogDevObjectVersion:   Dev-Mobile (B02B49B5-BB20-44E9-A304-32B752E40360): 2
LogDevObjectVersion:   Dev-Networking (A4E4105C-59A1-49B5-A7C5-40C4547EDFEE): 0
LogDevObjectVersion:   Dev-Online (39C831C9-5AE6-47DC-9A44-9C173E1C8E7C): 0
LogDevObjectVersion:   Dev-Physics (78F01B33-EBEA-4F98-B9B4-84EACCB95AA2): 2
LogDevObjectVersion:   Dev-Platform (6631380F-2D4D-43E0-8009-CF276956A95A): 0
LogDevObjectVersion:   Dev-Rendering (12F88B9F-8875-4AFC-A67C-D90C383ABD29): 36
LogDevObjectVersion:   Dev-Sequencer (7B5AE74C-D270-4C10-A958-57980B212A5A): 11
LogDevObjectVersion:   Dev-VR (D7296918-1DD6-4BDD-9DE2-64A83CC13884): 2
LogDevObjectVersion:   Dev-LoadTimes (C2A15278-BFE7-4AFE-6C17-90FF531DF755): 1
LogDevObjectVersion:   Private-Geometry (6EACA3D4-40EC-4CC1-B786-8BED09428FC5): 3
LogDevObjectVersion:   Dev-AnimPhys (29E575DD-E0A3-4627-9D10-D276232CDCEA): 17
LogDevObjectVersion:   Dev-Anim (AF43A65D-7FD3-4947-9873-3E8ED9C1BB05): 2
LogDevObjectVersion:   Dev-ReflectionCapture (6B266CEC-1EC7-4B8F-A30B-E4D90942FC07): 1
LogDevObjectVersion:   Dev-Automation (0DF73D61-A23F-47EA-B727-89E90C41499A): 1
LogDevObjectVersion:   FortniteMain (601D1886-AC64-4F84-AA16-D3DE0DEAC7D6): 31
LogDevObjectVersion:   Dev-Enterprise (9DFFBCD6-494F-0158-E221-12823C92A888): 8
LogDevObjectVersion:   Dev-Niagara (F2AED0AC-9AFE-416F-8664-AA7FFA26D6FC): 1
LogDevObjectVersion:   Dev-Destruction (174F1F0B-B4C6-45A5-B13F-2EE8D0FB917D): 9
LogDevObjectVersion:   Dev-Physics-Ext (35F94A83-E258-406C-A318-09F59610247C): 8
LogDevObjectVersion:   Dev-CineCamera (B2E18506-4273-CFC2-A54E-F4BB758BBA07): 1
LogInit: Presizing for max 25165824 objects, including 0 objects not considered by GC, pre-allocating 0 bytes for permanent pool.
LogInit: Object subsystem initialized
LogConfig: Setting CVar [[con.DebugEarlyDefault:1]]
LogConfig: Setting CVar [[r.setres:1280x720]]
[2020.12.17-08.51.46:766][  0]LogConfig: Setting CVar [[r.VSync:0]]
[2020.12.17-08.51.46:766][  0]LogConfig: Setting CVar [[r.RHICmdBypass:0]]
[2020.12.17-08.51.46:766][  0]LogConfig: Applying CVar settings from Section [/Script/Engine.RendererSettings] File [E:/Lautturi/AutoBattlerProto/Saved/Config/Windows/Engine.ini]
[2020.12.17-08.51.46:766][  0]LogConfig: Setting CVar [[r.GPUCrashDebugging:0]]
[2020.12.17-08.51.46:766][  0]LogConfig: Applying CVar settings from Section [/Script/Engine.RendererOverrideSettings] File [E:/Lautturi/AutoBattlerProto/Saved/Config/Windows/Engine.ini]
[2020.12.17-08.51.46:766][  0]LogConfig: Applying CVar settings from Section [/Script/Engine.StreamingSettings] File [E:/Lautturi/AutoBattlerProto/Saved/Config/Windows/Engine.ini]
[2020.12.17-08.51.46:766][  0]LogConfig: Setting CVar [[s.MinBulkDataSizeForAsyncLoading:131072]]
[2020.12.17-08.51.46:766][  0]LogConfig: Setting CVar [[s.AsyncLoadingThreadEnabled:0]]
[2020.12.17-08.51.46:766][  0]LogConfig: Setting CVar [[s.EventDrivenLoaderEnabled:1]]
[2020.12.17-08.51.46:766][  0]LogConfig: Setting CVar [[s.WarnIfTimeLimitExceeded:0]]
[2020.12.17-08.51.46:766][  0]LogConfig: Setting CVar [[s.TimeLimitExceededMultiplier:1.5]]
[2020.12.17-08.51.46:766][  0]LogConfig: Setting CVar [[s.TimeLimitExceededMinTime:0.005]]
[2020.12.17-08.51.46:766][  0]LogConfig: Setting CVar [[s.UseBackgroundLevelStreaming:1]]
[2020.12.17-08.51.46:766][  0]LogConfig: Setting CVar [[s.PriorityAsyncLoadingExtraTime:15.0]]
[2020.12.17-08.51.46:766][  0]LogConfig: Setting CVar [[s.LevelStreamingActorsUpdateTimeLimit:5.0]]
[2020.12.17-08.51.46:767][  0]LogConfig: Setting CVar [[s.PriorityLevelStreamingActorsUpdateExtraTime:5.0]]
[2020.12.17-08.51.46:767][  0]LogConfig: Setting CVar [[s.LevelStreamingComponentsRegistrationGranularity:10]]
[2020.12.17-08.51.46:767][  0]LogConfig: Setting CVar [[s.UnregisterComponentsTimeLimit:1.0]]
[2020.12.17-08.51.46:767][  0]LogConfig: Setting CVar [[s.LevelStreamingComponentsUnregistrationGranularity:5]]
[2020.12.17-08.51.46:767][  0]LogConfig: Setting CVar [[s.FlushStreamingOnExit:1]]
[2020.12.17-08.51.46:767][  0]LogConfig: Applying CVar settings from Section [/Script/Engine.GarbageCollectionSettings] File [E:/Lautturi/AutoBattlerProto/Saved/Config/Windows/Engine.ini]
[2020.12.17-08.51.46:767][  0]LogConfig: Setting CVar [[gc.MaxObjectsNotConsideredByGC:1]]
[2020.12.17-08.51.46:767][  0]LogConfig: Setting CVar [[gc.SizeOfPermanentObjectPool:0]]
[2020.12.17-08.51.46:767][  0]LogConfig: Setting CVar [[gc.FlushStreamingOnGC:0]]
[2020.12.17-08.51.46:767][  0]LogConfig: Setting CVar [[gc.NumRetriesBeforeForcingGC:10]]
[2020.12.17-08.51.46:767][  0]LogConfig: Setting CVar [[gc.AllowParallelGC:1]]
[2020.12.17-08.51.46:767][  0]LogConfig: Setting CVar [[gc.TimeBetweenPurgingPendingKillObjects:61.1]]
[2020.12.17-08.51.46:767][  0]LogConfig: Setting CVar [[gc.MaxObjectsInEditor:25165824]]
[2020.12.17-08.51.46:767][  0]LogConfig: Setting CVar [[gc.IncrementalBeginDestroyEnabled:1]]
[2020.12.17-08.51.46:767][  0]LogConfig: Setting CVar [[gc.CreateGCClusters:1]]
[2020.12.17-08.51.46:767][  0]LogConfig: Setting CVar [[gc.MinGCClusterSize:5]]
[2020.12.17-08.51.46:767][  0]LogConfig: Setting CVar [[gc.ActorClusteringEnabled:0]]
[2020.12.17-08.51.46:767][  0]LogConfig: Setting CVar [[gc.BlueprintClusteringEnabled:0]]
[2020.12.17-08.51.46:767][  0]LogConfig: Setting CVar [[gc.UseDisregardForGCOnDedicatedServers:0]]
[2020.12.17-08.51.46:767][  0]LogConfig: Applying CVar settings from Section [/Script/Engine.NetworkSettings] File [E:/Lautturi/AutoBattlerProto/Saved/Config/Windows/Engine.ini]
[2020.12.17-08.51.46:767][  0]LogConfig: Applying CVar settings from Section [/Script/UnrealEd.CookerSettings] File [E:/Lautturi/AutoBattlerProto/Saved/Config/Windows/Engine.ini]
[2020.12.17-08.51.46:771][  0]LogConfig: Applying CVar settings from Section [ViewDistanceQuality@3] File [E:/Lautturi/AutoBattlerProto/Saved/Config/Windows/Scalability.ini]
[2020.12.17-08.51.46:771][  0]LogConfig: Setting CVar [[r.SkeletalMeshLODBias:0]]
[2020.12.17-08.51.46:771][  0]LogConfig: Setting CVar [[r.ViewDistanceScale:1.0]]
[2020.12.17-08.51.46:771][  0]LogConfig: Applying CVar settings from Section [AntiAliasingQuality@3] File [E:/Lautturi/AutoBattlerProto/Saved/Config/Windows/Scalability.ini]
[2020.12.17-08.51.46:771][  0]LogConfig: Setting CVar [[r.PostProcessAAQuality:4]]
[2020.12.17-08.51.46:771][  0]LogConfig: Applying CVar settings from Section [ShadowQuality@3] File [E:/Lautturi/AutoBattlerProto/Saved/Config/Windows/Scalability.ini]
[2020.12.17-08.51.46:771][  0]LogConfig: Setting CVar [[r.LightFunctionQuality:1]]
[2020.12.17-08.51.46:771][  0]LogConfig: Setting CVar [[r.ShadowQuality:5]]
[2020.12.17-08.51.46:771][  0]LogConfig: Setting CVar [[r.Shadow.CSM.MaxCascades:10]]
[2020.12.17-08.51.46:771][  0]LogConfig: Setting CVar [[r.Shadow.MaxResolution:2048]]
[2020.12.17-08.51.46:771][  0]LogConfig: Setting CVar [[r.Shadow.MaxCSMResolution:2048]]
[2020.12.17-08.51.46:771][  0]LogConfig: Setting CVar [[r.Shadow.RadiusThreshold:0.01]]
[2020.12.17-08.51.46:771][  0]LogConfig: Setting CVar [[r.Shadow.DistanceScale:1.0]]
[2020.12.17-08.51.46:771][  0]LogConfig: Setting CVar [[r.Shadow.CSM.TransitionScale:1.0]]
[2020.12.17-08.51.46:771][  0]LogConfig: Setting CVar [[r.Shadow.PreShadowResolutionFactor:1.0]]
[2020.12.17-08.51.46:771][  0]LogConfig: Setting CVar [[r.DistanceFieldShadowing:1]]
[2020.12.17-08.51.46:771][  0]LogConfig: Setting CVar [[r.DistanceFieldAO:1]]
[2020.12.17-08.51.46:771][  0]LogConfig: Setting CVar [[r.AOQuality:2]]
[2020.12.17-08.51.46:771][  0]LogConfig: Setting CVar [[r.VolumetricFog:1]]
[2020.12.17-08.51.46:771][  0]LogConfig: Setting CVar [[r.VolumetricFog.GridPixelSize:8]]
[2020.12.17-08.51.46:771][  0]LogConfig: Setting CVar [[r.VolumetricFog.GridSizeZ:128]]
[2020.12.17-08.51.46:771][  0]LogConfig: Setting CVar [[r.VolumetricFog.HistoryMissSupersampleCount:4]]
[2020.12.17-08.51.46:771][  0]LogConfig: Setting CVar [[r.LightMaxDrawDistanceScale:1]]
[2020.12.17-08.51.46:771][  0]LogConfig: Setting CVar [[r.CapsuleShadows:1]]
[2020.12.17-08.51.46:771][  0]LogConfig: Applying CVar settings from Section [PostProcessQuality@3] File [E:/Lautturi/AutoBattlerProto/Saved/Config/Windows/Scalability.ini]
[2020.12.17-08.51.46:771][  0]LogConfig: Setting CVar [[r.MotionBlurQuality:4]]
[2020.12.17-08.51.46:771][  0]LogConfig: Setting CVar [[r.AmbientOcclusionMipLevelFactor:0.4]]
[2020.12.17-08.51.46:771][  0]LogConfig: Setting CVar [[r.AmbientOcclusionMaxQuality:100]]
[2020.12.17-08.51.46:771][  0]LogConfig: Setting CVar [[r.AmbientOcclusionLevels:-1]]
[2020.12.17-08.51.46:771][  0]LogConfig: Setting CVar [[r.AmbientOcclusionRadiusScale:1.0]]
[2020.12.17-08.51.46:771][  0]LogConfig: Setting CVar [[r.DepthOfFieldQuality:2]]
[2020.12.17-08.51.46:771][  0]LogConfig: Setting CVar [[r.RenderTargetPoolMin:400]]
[2020.12.17-08.51.46:771][  0]LogConfig: Setting CVar [[r.LensFlareQuality:2]]
[2020.12.17-08.51.46:771][  0]LogConfig: Setting CVar [[r.SceneColorFringeQuality:1]]
[2020.12.17-08.51.46:771][  0]LogConfig: Setting CVar [[r.EyeAdaptationQuality:2]]
[2020.12.17-08.51.46:771][  0]LogConfig: Setting CVar [[r.BloomQuality:5]]
[2020.12.17-08.51.46:772][  0]LogConfig: Setting CVar [[r.FastBlurThreshold:100]]
[2020.12.17-08.51.46:772][  0]LogConfig: Setting CVar [[r.Upscale.Quality:3]]
[2020.12.17-08.51.46:772][  0]LogConfig: Setting CVar [[r.Tonemapper.GrainQuantization:1]]
[2020.12.17-08.51.46:772][  0]LogConfig: Setting CVar [[r.LightShaftQuality:1]]
[2020.12.17-08.51.46:772][  0]LogConfig: Setting CVar [[r.Filter.SizeScale:1]]
[2020.12.17-08.51.46:772][  0]LogConfig: Setting CVar [[r.Tonemapper.Quality:5]]
[2020.12.17-08.51.46:772][  0]LogConfig: Setting CVar [[r.DOF.Gather.AccumulatorQuality:1        ; higher gathering accumulator quality]]
[2020.12.17-08.51.46:772][  0]LogConfig: Setting CVar [[r.DOF.Gather.PostfilterMethod:1          ; Median3x3 postfilering method]]
[2020.12.17-08.51.46:772][  0]LogConfig: Setting CVar [[r.DOF.Gather.EnableBokehSettings:0       ; no bokeh simulation when gathering]]
[2020.12.17-08.51.46:772][  0]LogConfig: Setting CVar [[r.DOF.Gather.RingCount:4                 ; medium number of samples when gathering]]
[2020.12.17-08.51.46:772][  0]LogConfig: Setting CVar [[r.DOF.Scatter.ForegroundCompositing:1    ; additive foreground scattering]]
[2020.12.17-08.51.46:772][  0]LogConfig: Setting CVar [[r.DOF.Scatter.BackgroundCompositing:2    ; additive background scattering]]
[2020.12.17-08.51.46:772][  0]LogConfig: Setting CVar [[r.DOF.Scatter.EnableBokehSettings:1      ; bokeh simulation when scattering]]
[2020.12.17-08.51.46:772][  0]LogConfig: Setting CVar [[r.DOF.Scatter.MaxSpriteRatio:0.1         ; only a maximum of 10% of scattered bokeh]]
[2020.12.17-08.51.46:772][  0]LogConfig: Setting CVar [[r.DOF.Recombine.Quality:1                ; cheap slight out of focus]]
[2020.12.17-08.51.46:772][  0]LogConfig: Setting CVar [[r.DOF.Recombine.EnableBokehSettings:0    ; no bokeh simulation on slight out of focus]]
[2020.12.17-08.51.46:772][  0]LogConfig: Setting CVar [[r.DOF.TemporalAAQuality:1                ; more stable temporal accumulation]]
[2020.12.17-08.51.46:772][  0]LogConfig: Setting CVar [[r.DOF.Kernel.MaxForegroundRadius:0.025]]
[2020.12.17-08.51.46:772][  0]LogConfig: Setting CVar [[r.DOF.Kernel.MaxBackgroundRadius:0.025]]
[2020.12.17-08.51.46:772][  0]LogConfig: Applying CVar settings from Section [TextureQuality@3] File [E:/Lautturi/AutoBattlerProto/Saved/Config/Windows/Scalability.ini]
[2020.12.17-08.51.46:772][  0]LogConfig: Setting CVar [[r.Streaming.MipBias:0]]
[2020.12.17-08.51.46:772][  0]LogConfig: Setting CVar [[r.Streaming.AmortizeCPUToGPUCopy:0]]
[2020.12.17-08.51.46:772][  0]LogConfig: Setting CVar [[r.Streaming.MaxNumTexturesToStreamPerFrame:0]]
[2020.12.17-08.51.46:772][  0]LogConfig: Setting CVar [[r.Streaming.Boost:1]]
[2020.12.17-08.51.46:772][  0]LogConfig: Setting CVar [[r.MaxAnisotropy:8]]
[2020.12.17-08.51.46:772][  0]LogConfig: Setting CVar [[r.VT.MaxAnisotropy:8]]
[2020.12.17-08.51.46:772][  0]LogConfig: Setting CVar [[r.Streaming.LimitPoolSizeToVRAM:0]]
[2020.12.17-08.51.46:772][  0]LogConfig: Setting CVar [[r.Streaming.PoolSize:1000]]
[2020.12.17-08.51.46:772][  0]LogConfig: Setting CVar [[r.Streaming.MaxEffectiveScreenSize:0]]
[2020.12.17-08.51.46:772][  0]LogConfig: Applying CVar settings from Section [EffectsQuality@3] File [E:/Lautturi/AutoBattlerProto/Saved/Config/Windows/Scalability.ini]
[2020.12.17-08.51.46:772][  0]LogConfig: Setting CVar [[r.TranslucencyLightingVolumeDim:64]]
[2020.12.17-08.51.46:772][  0]LogConfig: Setting CVar [[r.RefractionQuality:2]]
[2020.12.17-08.51.46:772][  0]LogConfig: Setting CVar [[r.SSR.Quality:3]]
[2020.12.17-08.51.46:772][  0]LogConfig: Setting CVar [[r.SSR.HalfResSceneColor:0]]
[2020.12.17-08.51.46:772][  0]LogConfig: Setting CVar [[r.SceneColorFormat:4]]
[2020.12.17-08.51.46:772][  0]LogConfig: Setting CVar [[r.DetailMode:2]]
[2020.12.17-08.51.46:772][  0]LogConfig: Setting CVar [[r.TranslucencyVolumeBlur:1]]
[2020.12.17-08.51.46:772][  0]LogConfig: Setting CVar [[r.MaterialQualityLevel:1 ; High quality]]
[2020.12.17-08.51.46:772][  0]LogConfig: Setting CVar [[r.SSS.Scale:1]]
[2020.12.17-08.51.46:772][  0]LogConfig: Setting CVar [[r.SSS.SampleSet:2]]
[2020.12.17-08.51.46:772][  0]LogConfig: Setting CVar [[r.SSS.Quality:1]]
[2020.12.17-08.51.46:772][  0]LogConfig: Setting CVar [[r.SSS.HalfRes:1]]
[2020.12.17-08.51.46:772][  0]LogConfig: Setting CVar [[r.SSGI.Quality:3]]
[2020.12.17-08.51.46:772][  0]LogConfig: Setting CVar [[r.EmitterSpawnRateScale:1.0]]
[2020.12.17-08.51.46:772][  0]LogConfig: Setting CVar [[r.ParticleLightQuality:2]]
[2020.12.17-08.51.46:772][  0]LogConfig: Setting CVar [[r.SkyAtmosphere.AerialPerspectiveLUT.FastApplyOnOpaque:1 ; Always have FastSkyLUT 1 in this case to avoid wrong sky]]
[2020.12.17-08.51.46:772][  0]LogConfig: Setting CVar [[r.SkyAtmosphere.AerialPerspectiveLUT.SampleCountPerSlice:1]]
[2020.12.17-08.51.46:772][  0]LogConfig: Setting CVar [[r.SkyAtmosphere.AerialPerspectiveLUT.DepthResolution:16.0]]
[2020.12.17-08.51.46:772][  0]LogConfig: Setting CVar [[r.SkyAtmosphere.FastSkyLUT:1]]
[2020.12.17-08.51.46:772][  0]LogConfig: Setting CVar [[r.SkyAtmosphere.FastSkyLUT.SampleCountMin:4.0]]
[2020.12.17-08.51.46:772][  0]LogConfig: Setting CVar [[r.SkyAtmosphere.FastSkyLUT.SampleCountMax:32.0]]
[2020.12.17-08.51.46:772][  0]LogConfig: Setting CVar [[r.SkyAtmosphere.SampleCountMin:4.0]]
[2020.12.17-08.51.46:772][  0]LogConfig: Setting CVar [[r.SkyAtmosphere.SampleCountMax:32.0]]
[2020.12.17-08.51.46:772][  0]LogConfig: Setting CVar [[r.SkyAtmosphere.TransmittanceLUT.UseSmallFormat:0]]
[2020.12.17-08.51.46:772][  0]LogConfig: Setting CVar [[r.SkyAtmosphere.TransmittanceLUT.SampleCount:10.0]]
[2020.12.17-08.51.46:772][  0]LogConfig: Setting CVar [[r.SkyAtmosphere.MultiScatteringLUT.SampleCount:15.0]]
[2020.12.17-08.51.46:772][  0]LogConfig: Applying CVar settings from Section [FoliageQuality@3] File [E:/Lautturi/AutoBattlerProto/Saved/Config/Windows/Scalability.ini]
[2020.12.17-08.51.46:772][  0]LogConfig: Setting CVar [[foliage.DensityScale:1.0]]
[2020.12.17-08.51.46:772][  0]LogConfig: Setting CVar [[grass.DensityScale:1.0]]
[2020.12.17-08.51.46:772][  0]LogConfig: Applying CVar settings from Section [ShadingQuality@3] File [E:/Lautturi/AutoBattlerProto/Saved/Config/Windows/Scalability.ini]
[2020.12.17-08.51.46:772][  0]LogConfig: Setting CVar [[r.HairStrands.SkyLighting.SampleCount:16]]
[2020.12.17-08.51.46:772][  0]LogConfig: Setting CVar [[r.HairStrands.SkyLighting.JitterIntegration:0]]
[2020.12.17-08.51.46:772][  0]LogConfig: Setting CVar [[r.HairStrands.SkyAO.SampleCount:16]]
[2020.12.17-08.51.46:773][  0]LogInit: Selected Device Profile: [Windows]
[2020.12.17-08.51.46:773][  0]LogInit: Applying CVar settings loaded from the selected device profile: [Windows]
[2020.12.17-08.51.46:775][  0]LogHAL: Display: Platform has ~ 32 GB [34304262144 / 34359738368 / 32], which maps to Largest [LargestMinGB=32, LargerMinGB=12, DefaultMinGB=8, SmallerMinGB=6, SmallestMinGB=0)
[2020.12.17-08.51.46:775][  0]LogInit: Going up to parent DeviceProfile []
[2020.12.17-08.51.46:775][  0]LogConfig: Applying CVar settings from Section [ViewDistanceQuality@3] File [E:/Lautturi/AutoBattlerProto/Saved/Config/Windows/Scalability.ini]
[2020.12.17-08.51.46:775][  0]LogConfig: Setting CVar [[r.SkeletalMeshLODBias:0]]
[2020.12.17-08.51.46:775][  0]LogConfig: Setting CVar [[r.ViewDistanceScale:1.0]]
[2020.12.17-08.51.46:775][  0]LogConfig: Applying CVar settings from Section [AntiAliasingQuality@3] File [E:/Lautturi/AutoBattlerProto/Saved/Config/Windows/Scalability.ini]
[2020.12.17-08.51.46:775][  0]LogConfig: Setting CVar [[r.PostProcessAAQuality:4]]
[2020.12.17-08.51.46:775][  0]LogConfig: Applying CVar settings from Section [ShadowQuality@3] File [E:/Lautturi/AutoBattlerProto/Saved/Config/Windows/Scalability.ini]
[2020.12.17-08.51.46:775][  0]LogConfig: Setting CVar [[r.LightFunctionQuality:1]]
[2020.12.17-08.51.46:775][  0]LogConfig: Setting CVar [[r.ShadowQuality:5]]
[2020.12.17-08.51.46:775][  0]LogConfig: Setting CVar [[r.Shadow.CSM.MaxCascades:10]]
[2020.12.17-08.51.46:775][  0]LogConfig: Setting CVar [[r.Shadow.MaxResolution:2048]]
[2020.12.17-08.51.46:775][  0]LogConfig: Setting CVar [[r.Shadow.MaxCSMResolution:2048]]
[2020.12.17-08.51.46:775][  0]LogConfig: Setting CVar [[r.Shadow.RadiusThreshold:0.01]]
[2020.12.17-08.51.46:775][  0]LogConfig: Setting CVar [[r.Shadow.DistanceScale:1.0]]
[2020.12.17-08.51.46:775][  0]LogConfig: Setting CVar [[r.Shadow.CSM.TransitionScale:1.0]]
[2020.12.17-08.51.46:775][  0]LogConfig: Setting CVar [[r.Shadow.PreShadowResolutionFactor:1.0]]
[2020.12.17-08.51.46:775][  0]LogConfig: Setting CVar [[r.DistanceFieldShadowing:1]]
[2020.12.17-08.51.46:775][  0]LogConfig: Setting CVar [[r.DistanceFieldAO:1]]
[2020.12.17-08.51.46:775][  0]LogConfig: Setting CVar [[r.AOQuality:2]]
[2020.12.17-08.51.46:775][  0]LogConfig: Setting CVar [[r.VolumetricFog:1]]
[2020.12.17-08.51.46:775][  0]LogConfig: Setting CVar [[r.VolumetricFog.GridPixelSize:8]]
[2020.12.17-08.51.46:775][  0]LogConfig: Setting CVar [[r.VolumetricFog.GridSizeZ:128]]
[2020.12.17-08.51.46:775][  0]LogConfig: Setting CVar [[r.VolumetricFog.HistoryMissSupersampleCount:4]]
[2020.12.17-08.51.46:775][  0]LogConfig: Setting CVar [[r.LightMaxDrawDistanceScale:1]]
[2020.12.17-08.51.46:775][  0]LogConfig: Setting CVar [[r.CapsuleShadows:1]]
[2020.12.17-08.51.46:775][  0]LogConfig: Applying CVar settings from Section [PostProcessQuality@3] File [E:/Lautturi/AutoBattlerProto/Saved/Config/Windows/Scalability.ini]
[2020.12.17-08.51.46:775][  0]LogConfig: Setting CVar [[r.MotionBlurQuality:4]]
[2020.12.17-08.51.46:775][  0]LogConfig: Setting CVar [[r.AmbientOcclusionMipLevelFactor:0.4]]
[2020.12.17-08.51.46:775][  0]LogConfig: Setting CVar [[r.AmbientOcclusionMaxQuality:100]]
[2020.12.17-08.51.46:775][  0]LogConfig: Setting CVar [[r.AmbientOcclusionLevels:-1]]
[2020.12.17-08.51.46:775][  0]LogConfig: Setting CVar [[r.AmbientOcclusionRadiusScale:1.0]]
[2020.12.17-08.51.46:775][  0]LogConfig: Setting CVar [[r.DepthOfFieldQuality:2]]
[2020.12.17-08.51.46:775][  0]LogConfig: Setting CVar [[r.RenderTargetPoolMin:400]]
[2020.12.17-08.51.46:775][  0]LogConfig: Setting CVar [[r.LensFlareQuality:2]]
[2020.12.17-08.51.46:775][  0]LogConfig: Setting CVar [[r.SceneColorFringeQuality:1]]
[2020.12.17-08.51.46:775][  0]LogConfig: Setting CVar [[r.EyeAdaptationQuality:2]]
[2020.12.17-08.51.46:775][  0]LogConfig: Setting CVar [[r.BloomQuality:5]]
[2020.12.17-08.51.46:775][  0]LogConfig: Setting CVar [[r.FastBlurThreshold:100]]
[2020.12.17-08.51.46:775][  0]LogConfig: Setting CVar [[r.Upscale.Quality:3]]
[2020.12.17-08.51.46:775][  0]LogConfig: Setting CVar [[r.Tonemapper.GrainQuantization:1]]
[2020.12.17-08.51.46:775][  0]LogConfig: Setting CVar [[r.LightShaftQuality:1]]
[2020.12.17-08.51.46:775][  0]LogConfig: Setting CVar [[r.Filter.SizeScale:1]]
[2020.12.17-08.51.46:775][  0]LogConfig: Setting CVar [[r.Tonemapper.Quality:5]]
[2020.12.17-08.51.46:775][  0]LogConfig: Setting CVar [[r.DOF.Gather.AccumulatorQuality:1        ; higher gathering accumulator quality]]
[2020.12.17-08.51.46:775][  0]LogConfig: Setting CVar [[r.DOF.Gather.PostfilterMethod:1          ; Median3x3 postfilering method]]
[2020.12.17-08.51.46:775][  0]LogConfig: Setting CVar [[r.DOF.Gather.EnableBokehSettings:0       ; no bokeh simulation when gathering]]
[2020.12.17-08.51.46:775][  0]LogConfig: Setting CVar [[r.DOF.Gather.RingCount:4                 ; medium number of samples when gathering]]
[2020.12.17-08.51.46:775][  0]LogConfig: Setting CVar [[r.DOF.Scatter.ForegroundCompositing:1    ; additive foreground scattering]]
[2020.12.17-08.51.46:775][  0]LogConfig: Setting CVar [[r.DOF.Scatter.BackgroundCompositing:2    ; additive background scattering]]
[2020.12.17-08.51.46:775][  0]LogConfig: Setting CVar [[r.DOF.Scatter.EnableBokehSettings:1      ; bokeh simulation when scattering]]
[2020.12.17-08.51.46:775][  0]LogConfig: Setting CVar [[r.DOF.Scatter.MaxSpriteRatio:0.1         ; only a maximum of 10% of scattered bokeh]]
[2020.12.17-08.51.46:775][  0]LogConfig: Setting CVar [[r.DOF.Recombine.Quality:1                ; cheap slight out of focus]]
[2020.12.17-08.51.46:775][  0]LogConfig: Setting CVar [[r.DOF.Recombine.EnableBokehSettings:0    ; no bokeh simulation on slight out of focus]]
[2020.12.17-08.51.46:775][  0]LogConfig: Setting CVar [[r.DOF.TemporalAAQuality:1                ; more stable temporal accumulation]]
[2020.12.17-08.51.46:775][  0]LogConfig: Setting CVar [[r.DOF.Kernel.MaxForegroundRadius:0.025]]
[2020.12.17-08.51.46:775][  0]LogConfig: Setting CVar [[r.DOF.Kernel.MaxBackgroundRadius:0.025]]
[2020.12.17-08.51.46:776][  0]LogConfig: Applying CVar settings from Section [TextureQuality@3] File [E:/Lautturi/AutoBattlerProto/Saved/Config/Windows/Scalability.ini]
[2020.12.17-08.51.46:776][  0]LogConfig: Setting CVar [[r.Streaming.MipBias:0]]
[2020.12.17-08.51.46:776][  0]LogConfig: Setting CVar [[r.Streaming.AmortizeCPUToGPUCopy:0]]
[2020.12.17-08.51.46:776][  0]LogConfig: Setting CVar [[r.Streaming.MaxNumTexturesToStreamPerFrame:0]]
[2020.12.17-08.51.46:776][  0]LogConfig: Setting CVar [[r.Streaming.Boost:1]]
[2020.12.17-08.51.46:776][  0]LogConfig: Setting CVar [[r.MaxAnisotropy:8]]
[2020.12.17-08.51.46:776][  0]LogConfig: Setting CVar [[r.VT.MaxAnisotropy:8]]
[2020.12.17-08.51.46:776][  0]LogConfig: Setting CVar [[r.Streaming.LimitPoolSizeToVRAM:0]]
[2020.12.17-08.51.46:776][  0]LogConfig: Setting CVar [[r.Streaming.PoolSize:1000]]
[2020.12.17-08.51.46:776][  0]LogConfig: Setting CVar [[r.Streaming.MaxEffectiveScreenSize:0]]
[2020.12.17-08.51.46:776][  0]LogConfig: Applying CVar settings from Section [EffectsQuality@3] File [E:/Lautturi/AutoBattlerProto/Saved/Config/Windows/Scalability.ini]
[2020.12.17-08.51.46:776][  0]LogConfig: Setting CVar [[r.TranslucencyLightingVolumeDim:64]]
[2020.12.17-08.51.46:776][  0]LogConfig: Setting CVar [[r.RefractionQuality:2]]
[2020.12.17-08.51.46:776][  0]LogConfig: Setting CVar [[r.SSR.Quality:3]]
[2020.12.17-08.51.46:776][  0]LogConfig: Setting CVar [[r.SSR.HalfResSceneColor:0]]
[2020.12.17-08.51.46:776][  0]LogConfig: Setting CVar [[r.SceneColorFormat:4]]
[2020.12.17-08.51.46:776][  0]LogConfig: Setting CVar [[r.DetailMode:2]]
[2020.12.17-08.51.46:776][  0]LogConfig: Setting CVar [[r.TranslucencyVolumeBlur:1]]
[2020.12.17-08.51.46:776][  0]LogConfig: Setting CVar [[r.MaterialQualityLevel:1 ; High quality]]
[2020.12.17-08.51.46:776][  0]LogConfig: Setting CVar [[r.SSS.Scale:1]]
[2020.12.17-08.51.46:776][  0]LogConfig: Setting CVar [[r.SSS.SampleSet:2]]
[2020.12.17-08.51.46:776][  0]LogConfig: Setting CVar [[r.SSS.Quality:1]]
[2020.12.17-08.51.46:776][  0]LogConfig: Setting CVar [[r.SSS.HalfRes:1]]
[2020.12.17-08.51.46:776][  0]LogConfig: Setting CVar [[r.SSGI.Quality:3]]
[2020.12.17-08.51.46:776][  0]LogConfig: Setting CVar [[r.EmitterSpawnRateScale:1.0]]
[2020.12.17-08.51.46:776][  0]LogConfig: Setting CVar [[r.ParticleLightQuality:2]]
[2020.12.17-08.51.46:776][  0]LogConfig: Setting CVar [[r.SkyAtmosphere.AerialPerspectiveLUT.FastApplyOnOpaque:1 ; Always have FastSkyLUT 1 in this case to avoid wrong sky]]
[2020.12.17-08.51.46:776][  0]LogConfig: Setting CVar [[r.SkyAtmosphere.AerialPerspectiveLUT.SampleCountPerSlice:1]]
[2020.12.17-08.51.46:776][  0]LogConfig: Setting CVar [[r.SkyAtmosphere.AerialPerspectiveLUT.DepthResolution:16.0]]
[2020.12.17-08.51.46:776][  0]LogConfig: Setting CVar [[r.SkyAtmosphere.FastSkyLUT:1]]
[2020.12.17-08.51.46:776][  0]LogConfig: Setting CVar [[r.SkyAtmosphere.FastSkyLUT.SampleCountMin:4.0]]
[2020.12.17-08.51.46:776][  0]LogConfig: Setting CVar [[r.SkyAtmosphere.FastSkyLUT.SampleCountMax:32.0]]
[2020.12.17-08.51.46:776][  0]LogConfig: Setting CVar [[r.SkyAtmosphere.SampleCountMin:4.0]]
[2020.12.17-08.51.46:776][  0]LogConfig: Setting CVar [[r.SkyAtmosphere.SampleCountMax:32.0]]
[2020.12.17-08.51.46:776][  0]LogConfig: Setting CVar [[r.SkyAtmosphere.TransmittanceLUT.UseSmallFormat:0]]
[2020.12.17-08.51.46:776][  0]LogConfig: Setting CVar [[r.SkyAtmosphere.TransmittanceLUT.SampleCount:10.0]]
[2020.12.17-08.51.46:776][  0]LogConfig: Setting CVar [[r.SkyAtmosphere.MultiScatteringLUT.SampleCount:15.0]]
[2020.12.17-08.51.46:776][  0]LogConfig: Applying CVar settings from Section [FoliageQuality@3] File [E:/Lautturi/AutoBattlerProto/Saved/Config/Windows/Scalability.ini]
[2020.12.17-08.51.46:776][  0]LogConfig: Setting CVar [[foliage.DensityScale:1.0]]
[2020.12.17-08.51.46:776][  0]LogConfig: Setting CVar [[grass.DensityScale:1.0]]
[2020.12.17-08.51.46:776][  0]LogConfig: Applying CVar settings from Section [ShadingQuality@3] File [E:/Lautturi/AutoBattlerProto/Saved/Config/Windows/Scalability.ini]
[2020.12.17-08.51.46:776][  0]LogConfig: Setting CVar [[r.HairStrands.SkyLighting.SampleCount:16]]
[2020.12.17-08.51.46:776][  0]LogConfig: Setting CVar [[r.HairStrands.SkyLighting.JitterIntegration:0]]
[2020.12.17-08.51.46:776][  0]LogConfig: Setting CVar [[r.HairStrands.SkyAO.SampleCount:16]]
[2020.12.17-08.51.46:776][  0]LogConfig: Applying CVar settings from Section [Startup] File [../../../Engine/Config/ConsoleVariables.ini]
[2020.12.17-08.51.46:776][  0]LogConfig: Setting CVar [[net.UseAdaptiveNetUpdateFrequency:0]]
[2020.12.17-08.51.46:776][  0]LogConfig: Setting CVar [[p.chaos.AllowCreatePhysxBodies:1]]
[2020.12.17-08.51.46:776][  0]LogConfig: Applying CVar settings from Section [ConsoleVariables] File [E:/Lautturi/AutoBattlerProto/Saved/Config/Windows/Engine.ini]
[2020.12.17-08.51.46:776][  0]LogInit: Computer: DESKTOP-2POJTPC
[2020.12.17-08.51.46:776][  0]LogInit: User: Miros
[2020.12.17-08.51.46:776][  0]LogInit: CPU Page size=4096, Cores=12
[2020.12.17-08.51.46:777][  0]LogInit: High frequency timer resolution =10.000000 MHz
[2020.12.17-08.51.46:777][  0]LogMemory: Memory total: Physical=31.9GB (32GB approx)
[2020.12.17-08.51.46:777][  0]LogMemory: Platform Memory Stats for Windows
[2020.12.17-08.51.46:777][  0]LogMemory: Process Physical Memory: 108.89 MB used, 108.89 MB peak
[2020.12.17-08.51.46:777][  0]LogMemory: Process Virtual Memory: 104.42 MB used, 104.42 MB peak
[2020.12.17-08.51.46:777][  0]LogMemory: Physical Memory: 9565.31 MB used,  23149.78 MB free, 32715.09 MB total
[2020.12.17-08.51.46:777][  0]LogMemory: Virtual Memory: 5189.32 MB used,  134212536.00 MB free, 134217728.00 MB total
[2020.12.17-08.51.46:779][  0]LogWindows: WindowsPlatformFeatures enabled
[2020.12.17-08.51.46:792][  0]LogInit: Using OS detected language (fi-FI).
[2020.12.17-08.51.46:792][  0]LogInit: Using OS detected locale (fi-FI).
[2020.12.17-08.51.46:793][  0]LogTextLocalizationManager: No localization for 'fi-FI' exists, so 'en' will be used for the language.
[2020.12.17-08.51.46:910][  0]LogInit: Setting process to per monitor DPI aware
[2020.12.17-08.51.46:940][  0]LogSlate: New Slate User Created.  User Index 0, Is Virtual User: 0
[2020.12.17-08.51.46:941][  0]LogSlate: Slate User Registered.  User Index 0, Is Virtual User: 0
[2020.12.17-08.51.47:063][  0]LogHMD: Failed to initialize OpenVR with code 110
[2020.12.17-08.51.47:063][  0]LogD3D11RHI: D3D11 min allowed feature level: 11_0
[2020.12.17-08.51.47:063][  0]LogD3D11RHI: D3D11 max allowed feature level: 11_0
[2020.12.17-08.51.47:063][  0]LogD3D11RHI: D3D11 adapters:
[2020.12.17-08.51.47:121][  0]LogD3D11RHI:    0. 'NVIDIA GeForce GTX 1080' (Feature Level 11_0)
[2020.12.17-08.51.47:121][  0]LogD3D11RHI:       8079/0/16357 MB DedicatedVideo/DedicatedSystem/SharedSystem, Outputs:2, VendorId:0x10de
[2020.12.17-08.51.47:123][  0]LogD3D11RHI:    1. 'Microsoft Basic Render Driver' (Feature Level 11_0)
[2020.12.17-08.51.47:123][  0]LogD3D11RHI:       0/0/16357 MB DedicatedVideo/DedicatedSystem/SharedSystem, Outputs:0, VendorId:0x1414
[2020.12.17-08.51.47:123][  0]LogD3D11RHI: Chosen D3D11 Adapter: 0
[2020.12.17-08.51.47:132][  0]LogD3D11RHI: Creating new Direct3DDevice
[2020.12.17-08.51.47:132][  0]LogD3D11RHI:     GPU DeviceId: 0x1b80 (for the marketing name, search the web for "GPU Device Id")
[2020.12.17-08.51.47:132][  0]LogWindows: EnumDisplayDevices:
[2020.12.17-08.51.47:132][  0]LogWindows:    0. 'NVIDIA GeForce GTX 1080' (P:1 D:1)
[2020.12.17-08.51.47:132][  0]LogWindows:    1. 'NVIDIA GeForce GTX 1080' (P:0 D:1)
[2020.12.17-08.51.47:133][  0]LogWindows:    2. 'NVIDIA GeForce GTX 1080' (P:0 D:0)
[2020.12.17-08.51.47:133][  0]LogWindows:    3. 'NVIDIA GeForce GTX 1080' (P:0 D:0)
[2020.12.17-08.51.47:133][  0]LogWindows: DebugString: FoundDriverCount:4 
[2020.12.17-08.51.47:133][  0]LogD3D11RHI:     Adapter Name: NVIDIA GeForce GTX 1080
[2020.12.17-08.51.47:133][  0]LogD3D11RHI:   Driver Version: 445.87 (internal:26.21.14.4587, unified:445.87)
[2020.12.17-08.51.47:133][  0]LogD3D11RHI:      Driver Date: 4-3-2020
[2020.12.17-08.51.47:133][  0]LogRHI: Texture pool is 5655 MB (70% of 8079 MB)
[2020.12.17-08.51.47:176][  0]LogD3D11RHI: RHI has support for 64 bit atomics
[2020.12.17-08.51.47:176][  0]LogD3D11RHI: Async texture creation enabled
[2020.12.17-08.51.47:193][  0]LogD3D11RHI: GPU Timing Frequency: 1000.000000 (Debug: 2 1)
[2020.12.17-08.51.47:411][  0]LogTargetPlatformManager: Display: Loaded TargetPlatform 'AllDesktop'
[2020.12.17-08.51.47:436][  0]LogTargetPlatformManager: Display: Loaded TargetPlatform 'Android'
[2020.12.17-08.51.47:436][  0]LogTargetPlatformManager: Display: Loaded TargetPlatform 'Android_ASTC'
[2020.12.17-08.51.47:436][  0]LogTargetPlatformManager: Display: Loaded TargetPlatform 'Android_ATC'
[2020.12.17-08.51.47:437][  0]LogTargetPlatformManager: Display: Loaded TargetPlatform 'Android_DXT'
[2020.12.17-08.51.47:437][  0]LogTargetPlatformManager: Display: Loaded TargetPlatform 'Android_ETC1'
[2020.12.17-08.51.47:437][  0]LogTargetPlatformManager: Display: Loaded TargetPlatform 'Android_ETC1a'
[2020.12.17-08.51.47:437][  0]LogTargetPlatformManager: Display: Loaded TargetPlatform 'Android_ETC2'
[2020.12.17-08.51.47:437][  0]LogTargetPlatformManager: Display: Loaded TargetPlatform 'Android_PVRTC'
[2020.12.17-08.51.47:437][  0]LogTargetPlatformManager: Display: Loaded TargetPlatform 'AndroidClient'
[2020.12.17-08.51.47:437][  0]LogTargetPlatformManager: Display: Loaded TargetPlatform 'Android_ASTCClient'
[2020.12.17-08.51.47:437][  0]LogTargetPlatformManager: Display: Loaded TargetPlatform 'Android_ATCClient'
[2020.12.17-08.51.47:437][  0]LogTargetPlatformManager: Display: Loaded TargetPlatform 'Android_DXTClient'
[2020.12.17-08.51.47:437][  0]LogTargetPlatformManager: Display: Loaded TargetPlatform 'Android_ETC1Client'
[2020.12.17-08.51.47:437][  0]LogTargetPlatformManager: Display: Loaded TargetPlatform 'Android_ETC1aClient'
[2020.12.17-08.51.47:437][  0]LogTargetPlatformManager: Display: Loaded TargetPlatform 'Android_ETC2Client'
[2020.12.17-08.51.47:437][  0]LogTargetPlatformManager: Display: Loaded TargetPlatform 'Android_PVRTCClient'
[2020.12.17-08.51.47:437][  0]LogTargetPlatformManager: Display: Loaded TargetPlatform 'Android_Multi'
[2020.12.17-08.51.47:437][  0]LogTargetPlatformManager: Display: Loaded TargetPlatform 'Android_MultiClient'
[2020.12.17-08.51.47:453][  0]LogTargetPlatformManager: Display: Loaded TargetPlatform 'IOSClient'
[2020.12.17-08.51.47:453][  0]LogTargetPlatformManager: Display: Loaded TargetPlatform 'IOS'
[2020.12.17-08.51.47:459][  0]LogTargetPlatformManager: Display: Loaded TargetPlatform 'LinuxNoEditor'
[2020.12.17-08.51.47:464][  0]LogTargetPlatformManager: Display: Loaded TargetPlatform 'LinuxClient'
[2020.12.17-08.51.47:470][  0]LogTargetPlatformManager: Display: Loaded TargetPlatform 'LinuxServer'
[2020.12.17-08.51.47:476][  0]LogTargetPlatformManager: Display: Loaded TargetPlatform 'LinuxAArch64NoEditor'
[2020.12.17-08.51.47:482][  0]LogTargetPlatformManager: Display: Loaded TargetPlatform 'LinuxAArch64Client'
[2020.12.17-08.51.47:487][  0]LogTargetPlatformManager: Display: Loaded TargetPlatform 'LinuxAArch64Server'
[2020.12.17-08.51.47:507][  0]LogTargetPlatformManager: Display: Loaded TargetPlatform 'Lumin'
[2020.12.17-08.51.47:507][  0]LogTargetPlatformManager: Display: Loaded TargetPlatform 'LuminClient'
[2020.12.17-08.51.47:518][  0]LogTargetPlatformManager: Display: Loaded TargetPlatform 'TVOSClient'
[2020.12.17-08.51.47:518][  0]LogTargetPlatformManager: Display: Loaded TargetPlatform 'TVOS'
[2020.12.17-08.51.47:524][  0]LogTargetPlatformManager: Display: Loaded TargetPlatform 'WindowsNoEditor'
[2020.12.17-08.51.47:531][  0]LogTargetPlatformManager: Display: Loaded TargetPlatform 'Windows'
[2020.12.17-08.51.47:536][  0]LogTargetPlatformManager: Display: Loaded TargetPlatform 'WindowsClient'
[2020.12.17-08.51.47:542][  0]LogTargetPlatformManager: Display: Loaded TargetPlatform 'WindowsServer'
[2020.12.17-08.51.47:542][  0]LogTargetPlatformManager: Display: Building Assets For Windows
[2020.12.17-08.51.47:544][  0]LogAudioDebug: Display: Lib vorbis DLL was dynamically loaded.
[2020.12.17-08.51.47:560][  0]LogShaderCompilers: Guid format shader working directory is 17 characters bigger than the processId version (E:/Lautturi/AutoBattlerProto/Intermediate/Shaders/WorkingDirectory/13472/).
[2020.12.17-08.51.47:560][  0]LogShaderCompilers: Cleaned the shader compiler working directory 'C:/Users/Miros/AppData/Local/Temp/UnrealShaderWorkingDir/EEE2BCF2408E99A39371E08D911FD588/'.
[2020.12.17-08.51.47:560][  0]LogXGEController: Cleaning working directory: C:/Users/Miros/AppData/Local/Temp/UnrealXGEWorkingDir/
[2020.12.17-08.51.47:560][  0]LogXGEController: Cannot use XGE Controller as Incredibuild is not installed on this machine.
[2020.12.17-08.51.47:560][  0]LogShaderCompilers: Cannot use XGE Shader Compiler as Incredibuild is not installed on this machine.
[2020.12.17-08.51.47:561][  0]LogShaderCompilers: Display: Using Local Shader Compiler.
[2020.12.17-08.51.48:147][  0]LogDerivedDataCache: Display: Max Cache Size: 512 MB
[2020.12.17-08.51.48:190][  0]LogDerivedDataCache: Loaded boot cache 0.04s 78MB C:/Users/Miros/AppData/Local/UnrealEngine/4.24/DerivedDataCache/Boot.ddc.
[2020.12.17-08.51.48:190][  0]LogDerivedDataCache: Display: Loaded Boot cache: C:/Users/Miros/AppData/Local/UnrealEngine/4.24/DerivedDataCache/Boot.ddc
[2020.12.17-08.51.48:190][  0]LogDerivedDataCache: FDerivedDataBackendGraph:  Pak pak cache file E:/Lautturi/AutoBattlerProto/DerivedDataCache/DDC.ddp not found, will not use a pak cache.
[2020.12.17-08.51.48:190][  0]LogDerivedDataCache: Unable to find inner node Pak for hierarchical cache Hierarchy.
[2020.12.17-08.51.48:190][  0]LogDerivedDataCache: FDerivedDataBackendGraph:  CompressedPak pak cache file E:/Lautturi/AutoBattlerProto/DerivedDataCache/Compressed.ddp not found, will not use a pak cache.
[2020.12.17-08.51.48:190][  0]LogDerivedDataCache: Unable to find inner node CompressedPak for hierarchical cache Hierarchy.
[2020.12.17-08.51.48:199][  0]LogDerivedDataCache: Display: Pak cache opened for reading ../../../Engine/DerivedDataCache/Compressed.ddp.
[2020.12.17-08.51.48:199][  0]LogDerivedDataCache: FDerivedDataBackendGraph:  EnterprisePak pak cache file ../../../Enterprise/DerivedDataCache/Compressed.ddp not found, will not use a pak cache.
[2020.12.17-08.51.48:199][  0]LogDerivedDataCache: Unable to find inner node EnterprisePak for hierarchical cache Hierarchy.
[2020.12.17-08.51.48:200][  0]LogDerivedDataCache: Using Local data cache path C:/Users/Miros/AppData/Local/UnrealEngine/Common/DerivedDataCache: Writable
[2020.12.17-08.51.48:200][  0]LogDerivedDataCache: Shared data cache path not found in *engine.ini, will not use an Shared cache.
[2020.12.17-08.51.48:200][  0]LogDerivedDataCache: Unable to find inner node Shared for hierarchical cache Hierarchy.
[2020.12.17-08.51.48:221][  0]LogMaterial: Verifying Global Shaders for PCD3D_SM5
[2020.12.17-08.51.48:224][  0]LogSlate: Using FreeType 2.10.0
[2020.12.17-08.51.48:224][  0]LogSlate: SlateFontServices - WITH_FREETYPE: 1, WITH_HARFBUZZ: 1
[2020.12.17-08.51.48:268][  0]LogAssetRegistry: FAssetRegistry took 0.0022 seconds to start up
[2020.12.17-08.51.48:507][  0]LogInit: Selected Device Profile: [Windows]
[2020.12.17-08.51.48:627][  0]LogMeshReduction: Using QuadricMeshReduction for automatic static mesh reduction
[2020.12.17-08.51.48:627][  0]LogMeshReduction: Using SimplygonMeshReduction for automatic skeletal mesh reduction
[2020.12.17-08.51.48:627][  0]LogMeshReduction: Using ProxyLODMeshReduction for automatic mesh merging
[2020.12.17-08.51.48:627][  0]LogMeshReduction: No distributed automatic mesh merging module available
[2020.12.17-08.51.48:627][  0]LogMeshMerging: No distributed automatic mesh merging module available
[2020.12.17-08.51.48:638][  0]LogNetVersion: AutoBattlerProto 1.0.0, NetCL: 10570792, EngineNetVer: 13, GameNetVer: 0 (Checksum: 2377359032)
[2020.12.17-08.51.49:451][  0]LogPackageLocalizationCache: Processed 10 localized package path(s) for 1 prioritized culture(s) in 0.025459 seconds
[2020.12.17-08.51.49:457][  0]LogUObjectArray: 46750 objects as part of root set at end of initial load.
[2020.12.17-08.51.49:457][  0]LogUObjectAllocator: 8137160 out of 0 bytes used by permanent object pool.
[2020.12.17-08.51.49:457][  0]LogUObjectArray: CloseDisregardForGC: 0/0 objects in disregard for GC pool
[2020.12.17-08.51.49:768][  0]LogTcpMessaging: Initializing TcpMessaging bridge
[2020.12.17-08.51.49:770][  0]LogUdpMessaging: Initializing bridge on interface 0.0.0.0:0 to multicast group 230.0.0.1:6666.
[2020.12.17-08.51.49:812][  0]SourceControl: Source control is disabled
[2020.12.17-08.51.49:812][  0]SourceControl: Source control is disabled
[2020.12.17-08.51.49:813][  0]SourceControl: Source control is disabled
[2020.12.17-08.51.49:813][  0]SourceControl: Source control is disabled
[2020.12.17-08.51.49:814][  0]SourceControl: Source control is disabled
[2020.12.17-08.51.49:873][  0]LogAndroidPermission: UAndroidPermissionCallbackProxy::GetInstance
[2020.12.17-08.51.49:880][  0]LogAudioCaptureCore: Display: No Audio Capture implementations found. Audio input will be silent.
[2020.12.17-08.51.49:880][  0]LogAudioCaptureCore: Display: No Audio Capture implementations found. Audio input will be silent.
[2020.12.17-08.51.49:949][  0]LogOcInput: OculusInput pre-init called
[2020.12.17-08.51.49:955][  0]LogWindows: Failed to load 'OVRPlugin.dll' (GetLastError=126)
[2020.12.17-08.51.49:955][  0]LogWindows: File 'OVRPlugin.dll' does not exist
[2020.12.17-08.51.50:013][  0]LogEngine: Initializing Engine...
[2020.12.17-08.51.50:014][  0]LogHMD: Failed to initialize OpenVR with code 110
[2020.12.17-08.51.50:014][  0]LogStats: UGameplayTagsManager::InitializeManager -  0.000 s
[2020.12.17-08.51.50:282][  0]LogInit: Initializing FReadOnlyCVARCache
[2020.12.17-08.51.50:287][  0]LogAIModule: Creating AISystem for world Untitled
[2020.12.17-08.51.50:296][  0]LogAudioMixer: Display: Audio Mixer Platform Settings:
[2020.12.17-08.51.50:296][  0]LogAudioMixer: Display: 	Sample Rate:						  48000
[2020.12.17-08.51.50:296][  0]LogAudioMixer: Display: 	Callback Buffer Frame Size Requested: 1024
[2020.12.17-08.51.50:296][  0]LogAudioMixer: Display: 	Callback Buffer Frame Size To Use:	  1024
[2020.12.17-08.51.50:296][  0]LogAudioMixer: Display: 	Number of buffers to queue:			  2
[2020.12.17-08.51.50:296][  0]LogAudioMixer: Display: 	Max Channels (voices):				  32
[2020.12.17-08.51.50:296][  0]LogAudioMixer: Display: 	Number of Async Source Workers:		  0
[2020.12.17-08.51.50:296][  0]LogAudio: Display: AudioDevice MaxSources: 32
[2020.12.17-08.51.50:296][  0]LogAudio: Display: Using built-in audio occlusion.
[2020.12.17-08.51.50:296][  0]LogAudioMixer: Display: Initializing audio mixer.
[2020.12.17-08.51.50:430][  0]LogAudioMixer: Display: Audio Device Output Speaker Info:
[2020.12.17-08.51.50:430][  0]LogAudioMixer: Display: Name: Kaiuttimet (Realtek(R) Audio)
[2020.12.17-08.51.50:430][  0]LogAudioMixer: Display: Is Default: Yes
[2020.12.17-08.51.50:430][  0]LogAudioMixer: Display: Sample Rate: 48000
[2020.12.17-08.51.50:430][  0]LogAudioMixer: Display: Channel Count Used: 2
[2020.12.17-08.51.50:430][  0]LogAudioMixer: Display: Device Channel Count: 2
[2020.12.17-08.51.50:430][  0]LogAudioMixer: Display: Channel Order:
[2020.12.17-08.51.50:430][  0]LogAudioMixer: Display: 0: FrontLeft
[2020.12.17-08.51.50:430][  0]LogAudioMixer: Display: 1: FrontRight
[2020.12.17-08.51.50:461][  0]LogAudioMixer: Display: Using Audio Device Kaiuttimet (Realtek(R) Audio)
[2020.12.17-08.51.50:465][  0]LogInit: FAudioDevice initialized.
[2020.12.17-08.51.50:465][  0]LogNetVersion: Set ProjectVersion to 1.0.0.0. Version Checksum will be recalculated on next use.
[2020.12.17-08.51.50:545][  0]LogDerivedDataCache: Saved boot cache 0.08s 78MB C:/Users/Miros/AppData/Local/UnrealEngine/4.24/DerivedDataCache/Boot.ddc.
[2020.12.17-08.51.50:546][  0]LogInit: Texture streaming: Enabled
[2020.12.17-08.51.50:555][  0]LogEngineSessionManager: EngineSessionManager initialized
[2020.12.17-08.51.50:555][  0]LogEngineSessionManager: EngineSessionManager sent abnormal shutdown report. Type=Crashed, SessionId={BE53CB8F-4A33-B4EB-2837-CC87EAC5A4E6}
[2020.12.17-08.51.50:555][  0]LogEditorSessionSummary: Verbose: Initializing EditorSessionSummaryWriter for editor session tracking
[2020.12.17-08.51.50:559][  0]LogEditorSessionSummary: EditorSessionSummaryWriter initialized
[2020.12.17-08.51.50:589][  0]LogInit: Transaction tracking system initialized
[2020.12.17-08.51.50:597][  0]BlueprintLog: New page: Editor Load
[2020.12.17-08.51.50:620][  0]LocalizationService: Localization service is disabled
[2020.12.17-08.51.50:826][  0]LogCook: Display: Max memory allowance for cook 16384mb min free memory 0mb
[2020.12.17-08.51.50:826][  0]LogCook: Display: Mobile HDR setting 1
[2020.12.17-08.51.50:889][  0]LogFileCache: Scanning file cache for directory 'E:/Lautturi/AutoBattlerProto/Content/' took 0.02s
[2020.12.17-08.51.51:357][  0]SourceControl: Source control is disabled
[2020.12.17-08.51.51:358][  0]Cmd: MAP LOAD FILE="E:/Lautturi/AutoBattlerProto/Content/TestingContent/Persistent.umap" TEMPLATE=0 SHOWPROGRESS=1 FEATURELEVEL=3
[2020.12.17-08.51.51:358][  0]LightingResults: New page: Lighting Build
[2020.12.17-08.51.51:358][  0]LogWorld: UWorld::CleanupWorld for Untitled, bSessionEnded=true, bCleanupResources=true
[2020.12.17-08.51.51:358][  0]LogSlate: InvalidateAllWidgets triggered.  All widgets were invalidated
[2020.12.17-08.51.51:359][  0]MapCheck: New page: Map Check
[2020.12.17-08.51.51:359][  0]LightingResults: New page: Lighting Build
[2020.12.17-08.51.51:393][  0]LogUObjectHash: Compacting FUObjectHashTables data took   1.84ms
[2020.12.17-08.51.51:417][  0]LogAIModule: Creating AISystem for world Persistent
[2020.12.17-08.51.51:418][  0]LogStreaming: Display: ULevelStreaming::RequestLevel(/Game/TestingContent/CombatLevel) is flushing async loading
[2020.12.17-08.51.51:418][  0]LogStreaming: Display: Flushing async loaders.
[2020.12.17-08.51.51:993][  0]LogStreaming: Display: ULevelStreaming::RequestLevel(/Game/TestingContent/PickingLevel) is flushing async loading
[2020.12.17-08.51.52:116][  0]LogEditorServer: Finished looking for orphan Actors (0.000 secs)
[2020.12.17-08.51.52:158][  0]LogUObjectHash: Compacting FUObjectHashTables data took   2.25ms
[2020.12.17-08.51.52:158][  0]Cmd: MAP CHECKDEP NOCLEARLOG
[2020.12.17-08.51.52:158][  0]MapCheck: Map check complete: 0 Error(s), 0 Warning(s), took 0,157ms to complete.
[2020.12.17-08.51.52:158][  0]LogFileHelpers: Loading map 'Persistent' took 0.800
[2020.12.17-08.51.53:090][  0]LogSlate: Updating window title bar state: overlay mode, drag disabled, window buttons hidden, title bar hidden
[2020.12.17-08.51.53:098][  0]LogSlate: Updating window title bar state: overlay mode, drag disabled, window buttons hidden, title bar hidden
[2020.12.17-08.51.53:104][  0]LogSlate: Updating window title bar state: overlay mode, drag disabled, window buttons hidden, title bar hidden
[2020.12.17-08.51.53:109][  0]LogSlate: Updating window title bar state: overlay mode, drag disabled, window buttons hidden, title bar hidden
[2020.12.17-08.51.53:117][  0]LogCollectionManager: Loaded 0 collections in 0.002627 seconds
[2020.12.17-08.51.53:130][  0]LogFileCache: Scanning file cache for directory 'E:/Lautturi/AutoBattlerProto/Saved/Collections/' took 0.00s
[2020.12.17-08.51.53:130][  0]LogFileCache: Scanning file cache for directory 'E:/Lautturi/AutoBattlerProto/Content/Developers/Miros/Collections/' took 0.00s
[2020.12.17-08.51.53:130][  0]LogFileCache: Scanning file cache for directory 'E:/Lautturi/AutoBattlerProto/Content/Collections/' took 0.00s
[2020.12.17-08.51.53:130][  0]LogContentBrowser: Native class hierarchy populated in 0.0084 seconds. Added 3034 classes and 722 folders.
[2020.12.17-08.51.53:133][  0]LogContentBrowser: Native class hierarchy updated for 'WidgetCarousel' in 0.0004 seconds. Added 0 classes and 0 folders.
[2020.12.17-08.51.53:177][  0]LogContentBrowser: Native class hierarchy updated for 'AddContentDialog' in 0.0004 seconds. Added 0 classes and 0 folders.
[2020.12.17-08.51.53:181][  0]LogContentBrowser: Native class hierarchy updated for 'SceneOutliner' in 0.0005 seconds. Added 2 classes and 3 folders.
[2020.12.17-08.51.53:246][  0]LogSlate: Took 0.000226 seconds to synchronously load lazily loaded font '../../../Engine/Content/Slate/Fonts/Roboto-Regular.ttf' (155K)
[2020.12.17-08.51.53:248][  0]LogSlate: Took 0.000132 seconds to synchronously load lazily loaded font '../../../Engine/Content/Slate/Fonts/Roboto-Bold.ttf' (160K)
[2020.12.17-08.51.53:252][  0]LogSlate: Took 0.000132 seconds to synchronously load lazily loaded font '../../../Engine/Content/Editor/Slate/Fonts/FontAwesome.ttf' (139K)
[2020.12.17-08.51.53:308][  0]LogRenderer: Reallocating scene render targets to support 1800x820 Format 10 NumSamples 1 (Frame:1).
[2020.12.17-08.51.53:386][  0]LogContentBrowser: Native class hierarchy updated for 'HierarchicalLODOutliner' in 0.0005 seconds. Added 0 classes and 0 folders.
[2020.12.17-08.51.53:387][  0]LogLoad: (Engine Initialization) Total time: 7.63 seconds
[2020.12.17-08.51.53:387][  0]LogLoad: (Engine Initialization) Total Blueprint compile time: 0.00 seconds
[2020.12.17-08.51.53:447][  0]LogAssetRegistry: Asset discovery search completed in 5.1801 seconds
[2020.12.17-08.51.53:450][  0]LogCollectionManager: Fixed up redirectors for 0 collections in 0.000006 seconds (updated 0 objects)
[2020.12.17-08.51.53:455][  0]LogContentStreaming: Texture pool size now 1000 MB
[2020.12.17-08.51.55:924][282]LogSlate: Took 0.000183 seconds to synchronously load lazily loaded font '../../../Engine/Content/Slate/Fonts/Roboto-Light.ttf' (167K)
[2020.12.17-08.51.55:937][282]LogAssetEditorSubsystem: Opening Asset editor for World /Game/TestingContent/PickingLevel.PickingLevel
[2020.12.17-08.51.55:974][282]LogUObjectHash: Compacting FUObjectHashTables data took   0.75ms
[2020.12.17-08.51.55:977][282]Cmd: MAP LOAD FILE="E:/Lautturi/AutoBattlerProto/Content/TestingContent/PickingLevel.umap" TEMPLATE=0 SHOWPROGRESS=1 FEATURELEVEL=3
[2020.12.17-08.51.55:978][282]LightingResults: New page: Lighting Build
[2020.12.17-08.51.55:978][282]LoadErrors: New page: Loading map: PickingLevel.umap
[2020.12.17-08.51.55:979][282]LogWorld: UWorld::CleanupWorld for Persistent, bSessionEnded=true, bCleanupResources=true
[2020.12.17-08.51.55:979][282]LogSlate: InvalidateAllWidgets triggered.  All widgets were invalidated
[2020.12.17-08.51.55:979][282]LogWorld: UWorld::CleanupWorld for CombatLevel, bSessionEnded=true, bCleanupResources=true
[2020.12.17-08.51.55:979][282]LogSlate: InvalidateAllWidgets triggered.  All widgets were invalidated
[2020.12.17-08.51.55:979][282]LogWorld: UWorld::CleanupWorld for PickingLevel, bSessionEnded=true, bCleanupResources=true
[2020.12.17-08.51.55:979][282]LogSlate: InvalidateAllWidgets triggered.  All widgets were invalidated
[2020.12.17-08.51.55:979][282]MapCheck: New page: Map Check
[2020.12.17-08.51.55:979][282]LightingResults: New page: Lighting Build
[2020.12.17-08.51.56:018][282]LogUObjectHash: Compacting FUObjectHashTables data took   2.08ms
[2020.12.17-08.51.56:019][282]LogAIModule: Creating AISystem for world PickingLevel
[2020.12.17-08.51.56:099][282]LogEditorServer: Finished looking for orphan Actors (0.000 secs)
[2020.12.17-08.51.56:135][282]LogUObjectHash: Compacting FUObjectHashTables data took   1.65ms
[2020.12.17-08.51.56:147][282]Cmd: MAP CHECKDEP NOCLEARLOG
[2020.12.17-08.51.56:148][282]MapCheck: Map check complete: 0 Error(s), 0 Warning(s), took 1,058ms to complete.
[2020.12.17-08.51.56:148][282]LogFileHelpers: Loading map 'PickingLevel' took 0.172
[2020.12.17-08.51.56:208][282]LogUObjectHash: Compacting FUObjectHashTables data took   0.75ms
[2020.12.17-08.51.57:193][396]LogEditorViewport: Clicking on Actor (LMB): BP_PlayerSlot_C (BP_PlayerSlot12)
[2020.12.17-08.52.00:445][780]Cmd: DELETE
[2020.12.17-08.52.00:445][780]Cmd: ACTOR DELETE
[2020.12.17-08.52.00:467][780]LogAIModule: Creating AISystem for world Persistent
[2020.12.17-08.52.00:475][780]LogEditorActor: Deleted Actor: BP_PlayerSlot_C
[2020.12.17-08.52.00:476][780]LogEditorActor: Deleted Actor: BP_Ferry_C
[2020.12.17-08.52.00:476][780]LogEditorActor: Deleted Actor: BP_PlayerSlot_C
[2020.12.17-08.52.00:477][780]LogEditorActor: Deleted Actor: BP_PlayerSlot_C
[2020.12.17-08.52.00:477][780]LogEditorActor: Deleted Actor: BP_PlayerSlot_C
[2020.12.17-08.52.00:477][780]LogEditorActor: Deleted Actor: BP_PlayerSlot_C
[2020.12.17-08.52.00:477][780]LogEditorActor: Deleted Actor: BP_PlayerSlot_C
[2020.12.17-08.52.00:478][780]LogEditorActor: Deleted Actor: BP_PlayerSlot_C
[2020.12.17-08.52.00:478][780]LogEditorActor: Deleted Actor: BP_PlayerSlot_C
[2020.12.17-08.52.00:478][780]LogEditorActor: Deleted Actor: BP_PlayerSlot_C
[2020.12.17-08.52.00:518][780]LogUObjectHash: Compacting FUObjectHashTables data took   1.94ms
[2020.12.17-08.52.00:518][780]LogEditorActor: Deleted 10 Actors (0.071 secs)
[2020.12.17-08.52.04:021][197]Cmd: OBJ SAVEPACKAGE PACKAGE="/Game/TestingContent/PickingLevel" FILE="E:/Lautturi/AutoBattlerProto/Content/TestingContent/PickingLevel.umap" SILENT=true AUTOSAVING=false KEEPDIRTY=false
[2020.12.17-08.52.04:058][197]LogUObjectHash: Compacting FUObjectHashTables data took   0.77ms
[2020.12.17-08.52.04:180][197]LogSavePackage: Moving 'E:/Lautturi/AutoBattlerProto/Saved/PickingLevelBCFB833F451F12352DB9F79F0D8746D9.tmp' to 'E:/Lautturi/AutoBattlerProto/Content/TestingContent/PickingLevel.umap'
[2020.12.17-08.52.04:202][197]AssetCheck: New page: Asset Save: PickingLevel
[2020.12.17-08.52.04:202][197]LogContentValidation: Display: Validating World /Game/TestingContent/PickingLevel.PickingLevel
[2020.12.17-08.52.06:425][458]LogAssetEditorSubsystem: Opening Asset editor for World /Game/TestingContent/Persistent.Persistent
[2020.12.17-08.52.06:461][458]LogUObjectHash: Compacting FUObjectHashTables data took   1.88ms
[2020.12.17-08.52.06:462][458]Cmd: MAP LOAD FILE="E:/Lautturi/AutoBattlerProto/Content/TestingContent/Persistent.umap" TEMPLATE=0 SHOWPROGRESS=1 FEATURELEVEL=3
[2020.12.17-08.52.06:462][458]LightingResults: New page: Lighting Build
[2020.12.17-08.52.06:463][458]LoadErrors: New page: Loading map: Persistent.umap
[2020.12.17-08.52.06:463][458]LogWorld: UWorld::CleanupWorld for PickingLevel, bSessionEnded=true, bCleanupResources=true
[2020.12.17-08.52.06:463][458]LogSlate: InvalidateAllWidgets triggered.  All widgets were invalidated
[2020.12.17-08.52.06:464][458]MapCheck: New page: Map Check
[2020.12.17-08.52.06:464][458]LightingResults: New page: Lighting Build
[2020.12.17-08.52.06:502][458]LogUObjectHash: Compacting FUObjectHashTables data took   1.97ms
[2020.12.17-08.52.06:503][458]LogStreaming: Display: ULevelStreaming::RequestLevel(/Game/TestingContent/CombatLevel) is flushing async loading
[2020.12.17-08.52.06:503][458]LogStreaming: Display: Flushing async loaders.
[2020.12.17-08.52.06:511][458]LogStreaming: Display: ULevelStreaming::RequestLevel(/Game/TestingContent/PickingLevel) is flushing async loading
[2020.12.17-08.52.06:597][458]LogEditorServer: Finished looking for orphan Actors (0.000 secs)
[2020.12.17-08.52.06:638][458]LogUObjectHash: Compacting FUObjectHashTables data took   1.64ms
[2020.12.17-08.52.06:651][458]Cmd: MAP CHECKDEP NOCLEARLOG
[2020.12.17-08.52.06:651][458]MapCheck: Map check complete: 0 Error(s), 0 Warning(s), took 0,116ms to complete.
[2020.12.17-08.52.06:651][458]LogFileHelpers: Loading map 'Persistent' took 0.190
[2020.12.17-08.52.07:361][535]LogTemp: Repeating last play command: Selected Viewport
[2020.12.17-08.52.07:368][535]LogBlueprintUserMessages: Early PlayInEditor Detection: Level '/Game/TestingContent/Persistent.Persistent:PersistentLevel' has LevelScriptBlueprint '/Game/TestingContent/Persistent.Persistent:PersistentLevel.Persistent' with GeneratedClass '/Game/TestingContent/Persistent.Persistent_C' with ClassGeneratedBy '/Game/TestingContent/Persistent.Persistent:PersistentLevel.Persistent'
[2020.12.17-08.52.07:368][535]LogBlueprintUserMessages: Early PlayInEditor Detection: Level '/Game/TestingContent/PickingLevel.PickingLevel:PersistentLevel' has LevelScriptBlueprint '/Game/TestingContent/PickingLevel.PickingLevel:PersistentLevel.PickingLevel' with GeneratedClass '/Game/TestingContent/PickingLevel.PickingLevel_C' with ClassGeneratedBy '/Game/TestingContent/PickingLevel.PickingLevel:PersistentLevel.PickingLevel'
[2020.12.17-08.52.07:368][535]LogPlayLevel: PlayLevel: No blueprints needed recompiling
[2020.12.17-08.52.07:368][535]PIE: New page: PIE session: Persistent (17.12.2020 klo 12.52.07)
[2020.12.17-08.52.07:369][535]LogOnline: OSS: Creating online subsystem instance for: NULL
[2020.12.17-08.52.07:370][535]LogOnline: OSS: TryLoadSubsystemAndSetDefault: Loaded subsystem for module [NULL]
[2020.12.17-08.52.07:376][535]LogPlayLevel: Creating play world package: /Game/TestingContent/UEDPIE_0_Persistent
[2020.12.17-08.52.07:377][535]LogPlayLevel: PIE: StaticDuplicateObject took: (0.001083s)
[2020.12.17-08.52.07:378][535]LogAIModule: Creating AISystem for world Persistent
[2020.12.17-08.52.07:378][535]LogPlayLevel: PIE: World Init took: (0.001006s)
[2020.12.17-08.52.07:378][535]LogPlayLevel: PIE: Created PIE world by copying editor world from /Game/TestingContent/Persistent.Persistent to /Game/TestingContent/UEDPIE_0_Persistent.Persistent (0.002252s)
[2020.12.17-08.52.07:415][535]LogUObjectHash: Compacting FUObjectHashTables data took   1.49ms
[2020.12.17-08.52.07:415][535]LogAudioMixer: Display: Audio Mixer Platform Settings:
[2020.12.17-08.52.07:416][535]LogAudioMixer: Display: 	Sample Rate:						  48000
[2020.12.17-08.52.07:416][535]LogAudioMixer: Display: 	Callback Buffer Frame Size Requested: 1024
[2020.12.17-08.52.07:416][535]LogAudioMixer: Display: 	Callback Buffer Frame Size To Use:	  1024
[2020.12.17-08.52.07:416][535]LogAudioMixer: Display: 	Number of buffers to queue:			  2
[2020.12.17-08.52.07:416][535]LogAudioMixer: Display: 	Max Channels (voices):				  32
[2020.12.17-08.52.07:416][535]LogAudioMixer: Display: 	Number of Async Source Workers:		  0
[2020.12.17-08.52.07:416][535]LogAudio: Display: AudioDevice MaxSources: 32
[2020.12.17-08.52.07:416][535]LogAudio: Display: Using built-in audio occlusion.
[2020.12.17-08.52.07:416][535]LogAudioMixer: Display: Initializing audio mixer.
[2020.12.17-08.52.07:538][535]LogAudioMixer: Display: Audio Device Output Speaker Info:
[2020.12.17-08.52.07:538][535]LogAudioMixer: Display: Name: Kaiuttimet (Realtek(R) Audio)
[2020.12.17-08.52.07:538][535]LogAudioMixer: Display: Is Default: Yes
[2020.12.17-08.52.07:538][535]LogAudioMixer: Display: Sample Rate: 48000
[2020.12.17-08.52.07:538][535]LogAudioMixer: Display: Channel Count Used: 2
[2020.12.17-08.52.07:538][535]LogAudioMixer: Display: Device Channel Count: 2
[2020.12.17-08.52.07:538][535]LogAudioMixer: Display: Channel Order:
[2020.12.17-08.52.07:538][535]LogAudioMixer: Display: 0: FrontLeft
[2020.12.17-08.52.07:538][535]LogAudioMixer: Display: 1: FrontRight
[2020.12.17-08.52.07:558][535]LogAudioMixer: Display: Using Audio Device Kaiuttimet (Realtek(R) Audio)
[2020.12.17-08.52.07:560][535]LogInit: FAudioDevice initialized.
[2020.12.17-08.52.07:570][535]LogLoad: Game class is 'BP_AutoBattlerProtoGameModeBase_C'
[2020.12.17-08.52.07:571][535]LogWorld: Bringing World /Game/TestingContent/UEDPIE_0_Persistent.Persistent up for play (max tick rate 0) at 2020.12.17-10.52.07
[2020.12.17-08.52.07:571][535]LogWorld: Bringing up level for play took: 0.000285
[2020.12.17-08.52.07:571][535]LogOnline: OSS: Creating online subsystem instance for: :Context_3
[2020.12.17-08.52.07:572][535]LogGameMode: FindPlayerStart: PATHS NOT DEFINED or NO PLAYERSTART with positive rating
[2020.12.17-08.52.07:574][535]LogContentBrowser: Native class hierarchy updated for 'MovieSceneCapture' in 0.0005 seconds. Added 20 classes and 0 folders.
[2020.12.17-08.52.07:574][535]LogLevel: ActivateLevel /Game/TestingContent/UEDPIE_0_PickingLevel 1 1 1
[2020.12.17-08.52.07:581][535]PIE: Play in editor start time for /Game/TestingContent/UEDPIE_0_Persistent −0,639
[2020.12.17-08.52.07:581][535]LogBlueprintUserMessages: Late PlayInEditor Detection: Level '/Game/TestingContent/Persistent.Persistent:PersistentLevel' has LevelScriptBlueprint '/Game/TestingContent/Persistent.Persistent:PersistentLevel.Persistent' with GeneratedClass '/Game/TestingContent/Persistent.Persistent_C' with ClassGeneratedBy '/Game/TestingContent/Persistent.Persistent:PersistentLevel.Persistent'
[2020.12.17-08.52.07:581][535]LogBlueprintUserMessages: Late PlayInEditor Detection: Level '/Game/TestingContent/PickingLevel.PickingLevel:PersistentLevel' has LevelScriptBlueprint '/Game/TestingContent/PickingLevel.PickingLevel:PersistentLevel.PickingLevel' with GeneratedClass '/Game/TestingContent/PickingLevel.PickingLevel_C' with ClassGeneratedBy '/Game/TestingContent/PickingLevel.PickingLevel:PersistentLevel.PickingLevel'
[2020.12.17-08.52.07:581][535]LogLevelStreaming: Display: FStreamLevelAction::UpdateOperation() LevelName PickingLevel, bIsLevelValid 1
[2020.12.17-08.52.07:624][536]LogLevelStreaming: Display: FStreamLevelAction::UpdateOperation() LevelName PickingLevel, bIsLevelValid 1
[2020.12.17-08.52.08:572][650]LogTemp: Warning: MouseDown
[2020.12.17-08.52.08:580][651]LogTemp: Warning: Drag
[2020.12.17-08.52.09:364][745]LogTemp: Warning: MouseDown
[2020.12.17-08.52.09:372][746]LogTemp: Warning: Drag
[2020.12.17-08.52.09:947][815]LogTemp: Warning: MouseDown
[2020.12.17-08.52.09:956][816]LogTemp: Warning: Drag
[2020.12.17-08.52.10:389][868]LogTemp: Warning: MouseDown
[2020.12.17-08.52.10:398][869]LogTemp: Warning: Drag
[2020.12.17-08.52.10:774][914]LogTemp: Warning: MouseDown
[2020.12.17-08.52.10:782][915]LogTemp: Warning: Drag
[2020.12.17-08.52.15:392][468]LogAudioMixer: Display: No commands were queued while flushing the source manager.
[2020.12.17-08.52.15:392][468]LogAudioMixer: Display: No commands were queued while flushing the source manager.
[2020.12.17-08.52.15:392][468]LogBlueprintUserMessages: Early EndPlayMap Detection: Level '/Game/TestingContent/Persistent.Persistent:PersistentLevel' has LevelScriptBlueprint '/Game/TestingContent/Persistent.Persistent:PersistentLevel.Persistent' with GeneratedClass '/Game/TestingContent/Persistent.Persistent_C' with ClassGeneratedBy '/Game/TestingContent/Persistent.Persistent:PersistentLevel.Persistent'
[2020.12.17-08.52.15:392][468]LogBlueprintUserMessages: Early EndPlayMap Detection: Level '/Game/TestingContent/PickingLevel.PickingLevel:PersistentLevel' has LevelScriptBlueprint '/Game/TestingContent/PickingLevel.PickingLevel:PersistentLevel.PickingLevel' with GeneratedClass '/Game/TestingContent/PickingLevel.PickingLevel_C' with ClassGeneratedBy '/Game/TestingContent/PickingLevel.PickingLevel:PersistentLevel.PickingLevel'
[2020.12.17-08.52.15:392][468]LogSlate: Updating window title bar state: overlay mode, drag disabled, window buttons hidden, title bar hidden
[2020.12.17-08.52.15:393][468]LogWorld: BeginTearingDown for /Game/TestingContent/UEDPIE_0_Persistent
[2020.12.17-08.52.15:393][468]LogAudioMixer: Display: No commands were queued while flushing the source manager.
[2020.12.17-08.52.15:393][468]LogWorld: UWorld::CleanupWorld for Persistent, bSessionEnded=true, bCleanupResources=true
[2020.12.17-08.52.15:393][468]LogSlate: InvalidateAllWidgets triggered.  All widgets were invalidated
[2020.12.17-08.52.15:402][468]LogPlayLevel: Display: Shutting down PIE online subsystems
[2020.12.17-08.52.15:402][468]LogBlueprintUserMessages: Late EndPlayMap Detection: Level '/Game/TestingContent/Persistent.Persistent:PersistentLevel' has LevelScriptBlueprint '/Game/TestingContent/Persistent.Persistent:PersistentLevel.Persistent' with GeneratedClass '/Game/TestingContent/Persistent.Persistent_C' with ClassGeneratedBy '/Game/TestingContent/Persistent.Persistent:PersistentLevel.Persistent'
[2020.12.17-08.52.15:402][468]LogBlueprintUserMessages: Late EndPlayMap Detection: Level '/Game/TestingContent/PickingLevel.PickingLevel:PersistentLevel' has LevelScriptBlueprint '/Game/TestingContent/PickingLevel.PickingLevel:PersistentLevel.PickingLevel' with GeneratedClass '/Game/TestingContent/PickingLevel.PickingLevel_C' with ClassGeneratedBy '/Game/TestingContent/PickingLevel.PickingLevel:PersistentLevel.PickingLevel'
[2020.12.17-08.52.15:406][468]LogSlate: InvalidateAllWidgets triggered.  All widgets were invalidated
[2020.12.17-08.52.15:440][468]LogAudioMixer: Display: No commands were queued while flushing the source manager.
[2020.12.17-08.52.15:443][468]LogSlate: Updating window title bar state: overlay mode, drag disabled, window buttons hidden, title bar hidden
[2020.12.17-08.52.15:447][468]LogUObjectHash: Compacting FUObjectHashTables data took   1.71ms
[2020.12.17-08.52.15:502][469]LogUObjectHash: Compacting FUObjectHashTables data took   0.74ms
[2020.12.17-08.52.15:529][470]LogPlayLevel: Display: Destroying online subsystem :Context_3
[2020.12.17-08.52.39:826][872]LogAssetEditorSubsystem: Opening Asset editor for Blueprint /Game/TestingContent/BP_Ferry.BP_Ferry
[2020.12.17-08.52.39:963][872]LogContentBrowser: Native class hierarchy updated for 'BlueprintGraph' in 0.0007 seconds. Added 121 classes and 0 folders.
[2020.12.17-08.52.40:638][872]LogSlate: Took 0.000217 seconds to synchronously load lazily loaded font '../../../Engine/Content/Slate/Fonts/Roboto-BoldCondensed.ttf' (158K)
[2020.12.17-08.52.40:676][873]LogSlate: Took 0.000210 seconds to synchronously load lazily loaded font '../../../Engine/Content/Slate/Fonts/Roboto-Italic.ttf' (157K)
[2020.12.17-08.53.28:689][648]LogAssetEditorSubsystem: Opening Asset editor for Blueprint /Game/TestingContent/BP_AutoBattlerProtoGameModeBase.BP_AutoBattlerProtoGameModeBase
[2020.12.17-08.53.31:076][891]LogSlate: Window 'BP_Ferry' being destroyed
[2020.12.17-08.59.52:071][783]LogHotReload: New module detected: UE4Editor-AutoBattlerProto-0001.dll
[2020.12.17-08.59.53:091][787]LogHotReload: Starting Hot-Reload from IDE
[2020.12.17-08.59.53:158][787]LogUObjectHash: Compacting FUObjectHashTables data took   4.76ms
[2020.12.17-08.59.53:219][787]LogClass: CharacterData HotReload.
[2020.12.17-08.59.53:219][787]LogClass: ETurnEnum HotReload.
[2020.12.17-08.59.53:219][787]LogClass: EAffectRange HotReload.
[2020.12.17-08.59.53:219][787]LogClass: ESkillType HotReload.
[2020.12.17-08.59.53:219][787]LogClass: FerrySoulSpot HotReload.
[2020.12.17-08.59.53:219][787]LogClass: DraggableParams HotReload.
[2020.12.17-08.59.53:219][787]LogClass: CharacterAttributes HotReload.
[2020.12.17-08.59.53:229][787]LogContentBrowser: Native class hierarchy updated for 'AutoBattlerProto' in 0.0006 seconds. Added 17 classes and 2 folders.
[2020.12.17-08.59.53:234][787]Display: HotReload successful (29 functions remapped  4 scriptstructs remapped)
[2020.12.17-08.59.53:328][787]LogUObjectHash: Compacting FUObjectHashTables data took   1.85ms
[2020.12.17-08.59.53:336][787]LogContentBrowser: Native class hierarchy populated in 0.0082 seconds. Added 3036 classes and 725 folders.
[2020.12.17-08.59.53:346][787]Display: HotReload took  0.3s.
[2020.12.17-08.59.56:848][120]LogTemp: Repeating last play command: Selected Viewport
[2020.12.17-08.59.56:867][120]LogBlueprintUserMessages: Early PlayInEditor Detection: Level '/Game/TestingContent/Persistent.Persistent:PersistentLevel' has LevelScriptBlueprint '/Game/TestingContent/Persistent.Persistent:PersistentLevel.Persistent' with GeneratedClass '/Game/TestingContent/Persistent.Persistent_C' with ClassGeneratedBy '/Game/TestingContent/Persistent.Persistent:PersistentLevel.Persistent'
[2020.12.17-08.59.56:867][120]LogBlueprintUserMessages: Early PlayInEditor Detection: Level '/Game/TestingContent/PickingLevel.PickingLevel:PersistentLevel' has LevelScriptBlueprint '/Game/TestingContent/PickingLevel.PickingLevel:PersistentLevel.PickingLevel' with GeneratedClass '/Game/TestingContent/PickingLevel.PickingLevel_C' with ClassGeneratedBy '/Game/TestingContent/PickingLevel.PickingLevel:PersistentLevel.PickingLevel'
[2020.12.17-08.59.56:867][120]LogPlayLevel: PlayLevel: No blueprints needed recompiling
[2020.12.17-08.59.56:868][120]PIE: New page: PIE session: Persistent (17.12.2020 klo 12.59.56)
[2020.12.17-08.59.56:868][120]LogPlayLevel: Creating play world package: /Game/TestingContent/UEDPIE_0_Persistent
[2020.12.17-08.59.56:869][120]LogPlayLevel: PIE: StaticDuplicateObject took: (0.001226s)
[2020.12.17-08.59.56:870][120]LogAIModule: Creating AISystem for world Persistent
[2020.12.17-08.59.56:870][120]LogPlayLevel: PIE: World Init took: (0.001097s)
[2020.12.17-08.59.56:870][120]LogPlayLevel: PIE: Created PIE world by copying editor world from /Game/TestingContent/Persistent.Persistent to /Game/TestingContent/UEDPIE_0_Persistent.Persistent (0.002450s)
[2020.12.17-08.59.56:942][120]LogUObjectHash: Compacting FUObjectHashTables data took   3.80ms
[2020.12.17-08.59.56:944][120]LogAudioMixer: Display: Audio Mixer Platform Settings:
[2020.12.17-08.59.56:944][120]LogAudioMixer: Display: 	Sample Rate:						  48000
[2020.12.17-08.59.56:944][120]LogAudioMixer: Display: 	Callback Buffer Frame Size Requested: 1024
[2020.12.17-08.59.56:944][120]LogAudioMixer: Display: 	Callback Buffer Frame Size To Use:	  1024
[2020.12.17-08.59.56:944][120]LogAudioMixer: Display: 	Number of buffers to queue:			  2
[2020.12.17-08.59.56:944][120]LogAudioMixer: Display: 	Max Channels (voices):				  32
[2020.12.17-08.59.56:944][120]LogAudioMixer: Display: 	Number of Async Source Workers:		  0
[2020.12.17-08.59.56:944][120]LogAudio: Display: AudioDevice MaxSources: 32
[2020.12.17-08.59.56:944][120]LogAudio: Display: Using built-in audio occlusion.
[2020.12.17-08.59.56:944][120]LogAudioMixer: Display: Initializing audio mixer.
[2020.12.17-08.59.57:068][120]LogAudioMixer: Display: Audio Device Output Speaker Info:
[2020.12.17-08.59.57:068][120]LogAudioMixer: Display: Name: Kaiuttimet (Realtek(R) Audio)
[2020.12.17-08.59.57:068][120]LogAudioMixer: Display: Is Default: Yes
[2020.12.17-08.59.57:068][120]LogAudioMixer: Display: Sample Rate: 48000
[2020.12.17-08.59.57:068][120]LogAudioMixer: Display: Channel Count Used: 2
[2020.12.17-08.59.57:068][120]LogAudioMixer: Display: Device Channel Count: 2
[2020.12.17-08.59.57:068][120]LogAudioMixer: Display: Channel Order:
[2020.12.17-08.59.57:068][120]LogAudioMixer: Display: 0: FrontLeft
[2020.12.17-08.59.57:068][120]LogAudioMixer: Display: 1: FrontRight
[2020.12.17-08.59.57:089][120]LogAudioMixer: Display: Using Audio Device Kaiuttimet (Realtek(R) Audio)
[2020.12.17-08.59.57:091][120]LogInit: FAudioDevice initialized.
[2020.12.17-08.59.57:098][120]LogLoad: Game class is 'BP_AutoBattlerProtoGameModeBase_C'
[2020.12.17-08.59.57:099][120]LogWorld: Bringing World /Game/TestingContent/UEDPIE_0_Persistent.Persistent up for play (max tick rate 0) at 2020.12.17-10.59.57
[2020.12.17-08.59.57:099][120]LogWorld: Bringing up level for play took: 0.000381
[2020.12.17-08.59.57:099][120]LogOnline: OSS: Creating online subsystem instance for: :Context_6
[2020.12.17-08.59.57:100][120]LogGameMode: FindPlayerStart: PATHS NOT DEFINED or NO PLAYERSTART with positive rating
[2020.12.17-08.59.57:101][120]LogLevel: ActivateLevel /Game/TestingContent/UEDPIE_0_PickingLevel 1 1 1
[2020.12.17-08.59.57:107][120]PIE: Play in editor start time for /Game/TestingContent/UEDPIE_0_Persistent 0,887
[2020.12.17-08.59.57:107][120]LogBlueprintUserMessages: Late PlayInEditor Detection: Level '/Game/TestingContent/Persistent.Persistent:PersistentLevel' has LevelScriptBlueprint '/Game/TestingContent/Persistent.Persistent:PersistentLevel.Persistent' with GeneratedClass '/Game/TestingContent/Persistent.Persistent_C' with ClassGeneratedBy '/Game/TestingContent/Persistent.Persistent:PersistentLevel.Persistent'
[2020.12.17-08.59.57:107][120]LogBlueprintUserMessages: Late PlayInEditor Detection: Level '/Game/TestingContent/PickingLevel.PickingLevel:PersistentLevel' has LevelScriptBlueprint '/Game/TestingContent/PickingLevel.PickingLevel:PersistentLevel.PickingLevel' with GeneratedClass '/Game/TestingContent/PickingLevel.PickingLevel_C' with ClassGeneratedBy '/Game/TestingContent/PickingLevel.PickingLevel:PersistentLevel.PickingLevel'
[2020.12.17-08.59.57:107][120]LogLevelStreaming: Display: FStreamLevelAction::UpdateOperation() LevelName PickingLevel, bIsLevelValid 1
[2020.12.17-08.59.57:132][121]LogLevelStreaming: Display: FStreamLevelAction::UpdateOperation() LevelName PickingLevel, bIsLevelValid 1
[2020.12.17-08.59.57:927][210]LogTemp: Warning: MouseDown
[2020.12.17-08.59.57:930][210]LogTemp: Warning: Drag
[2020.12.17-08.59.58:328][258]LogTemp: Warning: MouseDown
[2020.12.17-08.59.58:369][263]LogTemp: Warning: Drag
[2020.12.17-08.59.59:110][352]LogTemp: Warning: MouseDown
[2020.12.17-08.59.59:118][353]LogTemp: Warning: Drag
[2020.12.17-08.59.59:477][396]LogTemp: Warning: MouseDown
[2020.12.17-08.59.59:502][399]LogTemp: Warning: Drag
[2020.12.17-08.59.59:844][440]LogTemp: Warning: MouseDown
[2020.12.17-08.59.59:852][441]LogTemp: Warning: Drag
[2020.12.17-09.00.00:677][540]LogLevel: ActivateLevel /Game/TestingContent/UEDPIE_0_CombatLevel 1 1 1
[2020.12.17-09.00.04:066][540]LogWindows: Error: === Critical error: ===
[2020.12.17-09.00.04:066][540]LogWindows: Error: 
[2020.12.17-09.00.04:066][540]LogWindows: Error: Fatal error!
[2020.12.17-09.00.04:066][540]LogWindows: Error: 
[2020.12.17-09.00.04:066][540]LogWindows: Error: Unhandled Exception: EXCEPTION_ACCESS_VIOLATION reading address 0x00000358
[2020.12.17-09.00.04:066][540]LogWindows: Error: 
[2020.12.17-09.00.04:066][540]LogWindows: Error: [Callstack] 0x00007fffca4ce928 UE4Editor-AutoBattlerProto-0001.dll!APlayerCharacter::CombatInitialize() [e:\lautturi\autobattlerproto\source\lautturi\playercharacter.cpp:44]
[2020.12.17-09.00.04:066][540]LogWindows: Error: [Callstack] 0x00007fffca4d1447 UE4Editor-AutoBattlerProto-0001.dll!ASlotBase::BeginPlay() [e:\lautturi\autobattlerproto\source\lautturi\slotbase.cpp:59]
[2020.12.17-09.00.04:066][540]LogWindows: Error: [Callstack] 0x00007ff804f5c7dd UE4Editor-Engine.dll!AActor::DispatchBeginPlay() [d:\build\++ue4\sync\engine\source\runtime\engine\private\actor.cpp:3384]
[2020.12.17-09.00.04:066][540]LogWindows: Error: [Callstack] 0x00007ff80585a0da UE4Editor-Engine.dll!ULevel::RouteActorInitialize() [d:\build\++ue4\sync\engine\source\runtime\engine\private\level.cpp:1784]
[2020.12.17-09.00.04:066][540]LogWindows: Error: [Callstack] 0x00007ff806205148 UE4Editor-Engine.dll!UWorld::AddToWorld() [d:\build\++ue4\sync\engine\source\runtime\engine\private\world.cpp:2447]
[2020.12.17-09.00.04:066][540]LogWindows: Error: [Callstack] 0x00007ff80586a6f6 UE4Editor-Engine.dll!ULevelStreaming::UpdateStreamingState() [d:\build\++ue4\sync\engine\source\runtime\engine\private\levelstreaming.cpp:578]
[2020.12.17-09.00.04:066][540]LogWindows: Error: [Callstack] 0x00007ff80625424f UE4Editor-Engine.dll!UWorld::UpdateLevelStreaming() [d:\build\++ue4\sync\engine\source\runtime\engine\private\world.cpp:3254]
[2020.12.17-09.00.04:067][540]LogWindows: Error: [Callstack] 0x00007ff80565ea42 UE4Editor-Engine.dll!UGameViewportClient::Draw() [d:\build\++ue4\sync\engine\source\runtime\engine\private\gameviewportclient.cpp:1370]
[2020.12.17-09.00.04:067][540]LogWindows: Error: [Callstack] 0x00007ff8060a82d6 UE4Editor-Engine.dll!FViewport::Draw() [d:\build\++ue4\sync\engine\source\runtime\engine\private\unrealclient.cpp:1570]
[2020.12.17-09.00.04:067][540]LogWindows: Error: [Callstack] 0x00007ff80303b611 UE4Editor-UnrealEd.dll!UEditorEngine::Tick() [d:\build\++ue4\sync\engine\source\editor\unrealed\private\editorengine.cpp:1886]
[2020.12.17-09.00.04:067][540]LogWindows: Error: [Callstack] 0x00007ff80389e476 UE4Editor-UnrealEd.dll!UUnrealEdEngine::Tick() [d:\build\++ue4\sync\engine\source\editor\unrealed\private\unrealedengine.cpp:410]
[2020.12.17-09.00.04:067][540]LogWindows: Error: [Callstack] 0x00007ff694267f62 UE4Editor.exe!FEngineLoop::Tick() [d:\build\++ue4\sync\engine\source\runtime\launch\private\launchengineloop.cpp:4485]
[2020.12.17-09.00.04:067][540]LogWindows: Error: [Callstack] 0x00007ff69427c3ec UE4Editor.exe!GuardedMain() [d:\build\++ue4\sync\engine\source\runtime\launch\private\launch.cpp:173]
[2020.12.17-09.00.04:067][540]LogWindows: Error: [Callstack] 0x00007ff69427c4ca UE4Editor.exe!GuardedMainWrapper() [d:\build\++ue4\sync\engine\source\runtime\launch\private\windows\launchwindows.cpp:134]
[2020.12.17-09.00.04:067][540]LogWindows: Error: [Callstack] 0x00007ff69428ceae UE4Editor.exe!WinMain() [d:\build\++ue4\sync\engine\source\runtime\launch\private\windows\launchwindows.cpp:263]
[2020.12.17-09.00.04:067][540]LogWindows: Error: [Callstack] 0x00007ff69428fcbe UE4Editor.exe!__scrt_common_main_seh() [d:\agent\_work\2\s\src\vctools\crt\vcstartup\src\startup\exe_common.inl:288]
[2020.12.17-09.00.04:067][540]LogWindows: Error: [Callstack] 0x00007ff862c97034 KERNEL32.DLL!UnknownFunction []
[2020.12.17-09.00.04:067][540]LogWindows: Error: [Callstack] 0x00007ff863edd0d1 ntdll.dll!UnknownFunction []
[2020.12.17-09.00.04:067][540]LogWindows: Error: 
[2020.12.17-09.00.04:083][540]LogExit: Executing StaticShutdownAfterError
[2020.12.17-09.00.04:087][540]LogWindows: FPlatformMisc::RequestExit(1)
[2020.12.17-09.00.04:087][540]LogCore: Engine exit requested (reason: Win RequestExit)
[2020.12.17-09.00.04:089][540]Log file closed, 12/17/20 11:00:04
