Log file open, 12/16/20 09:56:38
LogWindows: Failed to load 'aqProf.dll' (GetLastError=126)
LogWindows: File 'aqProf.dll' does not exist
LogWindows: Failed to load 'VtuneApi.dll' (GetLastError=126)
LogWindows: File 'VtuneApi.dll' does not exist
LogWindows: Failed to load 'VtuneApi32e.dll' (GetLastError=126)
LogWindows: File 'VtuneApi32e.dll' does not exist
LogConsoleResponse: Display: Failed to find resolution value strings in scalability ini. Falling back to default.
LogInit: Display: Running engine for game: AutoBattlerProto
LogPlatformFile: Not using cached read wrapper
LogTaskGraph: Started task graph with 5 named threads and 71 total threads with 3 sets of task threads.
LogStats: Stats thread started at 0.063388
LogD3D11RHI: Loaded GFSDK_Aftermath_Lib.x64.dll
LogICUInternationalization: ICU TimeZone Detection - Raw Offset: +2:00, Platform Override: ''
LogPluginManager: Mounting plugin Paper2D
LogPluginManager: Mounting plugin AISupport
LogPluginManager: Mounting plugin LightPropagationVolume
LogPluginManager: Mounting plugin ActorLayerUtilities
LogPluginManager: Mounting plugin AnimationSharing
LogPluginManager: Mounting plugin CLionSourceCodeAccess
LogPluginManager: Mounting plugin CodeLiteSourceCodeAccess
LogPluginManager: Mounting plugin GitSourceControl
LogPluginManager: Mounting plugin KDevelopSourceCodeAccess
LogPluginManager: Mounting plugin NullSourceCodeAccess
LogPluginManager: Mounting plugin PerforceSourceControl
LogPluginManager: Mounting plugin PlasticSourceControl
LogPluginManager: Mounting plugin SubversionSourceControl
LogPluginManager: Mounting plugin UObjectPlugin
LogPluginManager: Mounting plugin VisualStudioCodeSourceCodeAccess
LogPluginManager: Mounting plugin VisualStudioSourceCodeAccess
LogPluginManager: Mounting plugin XCodeSourceCodeAccess
LogPluginManager: Mounting plugin AssetManagerEditor
LogPluginManager: Mounting plugin CryptoKeys
LogPluginManager: Mounting plugin CurveEditorTools
LogPluginManager: Mounting plugin DataValidation
LogPluginManager: Mounting plugin FacialAnimation
LogPluginManager: Mounting plugin GameplayTagsEditor
LogPluginManager: Mounting plugin MacGraphicsSwitching
LogPluginManager: Mounting plugin MaterialAnalyzer
LogPluginManager: Mounting plugin MobileLauncherProfileWizard
LogPluginManager: Mounting plugin PluginBrowser
LogPluginManager: Mounting plugin SpeedTreeImporter
LogPluginManager: Mounting plugin DatasmithContent
LogPluginManager: Mounting plugin VariantManagerContent
LogPluginManager: Mounting plugin AlembicImporter
LogPluginManager: Mounting plugin AutomationUtils
LogPluginManager: Mounting plugin BackChannel
LogPluginManager: Mounting plugin CharacterAI
LogPluginManager: Mounting plugin GeometryCache
LogPluginManager: Mounting plugin PlatformCrypto
LogPluginManager: Mounting plugin ProxyLODPlugin
LogPluginManager: Mounting plugin SkeletalReduction
LogPluginManager: Mounting plugin MagicLeap
LogPluginManager: Mounting plugin MagicLeapMedia
LogPluginManager: Mounting plugin MLSDK
LogPluginManager: Mounting plugin AndroidMedia
LogPluginManager: Mounting plugin AvfMedia
LogPluginManager: Mounting plugin ImgMedia
LogPluginManager: Mounting plugin MediaCompositing
LogPluginManager: Mounting plugin MediaPlayerEditor
LogPluginManager: Mounting plugin WebMMedia
LogPluginManager: Mounting plugin WmfMedia
LogPluginManager: Mounting plugin TcpMessaging
LogPluginManager: Mounting plugin UdpMessaging
LogPluginManager: Mounting plugin ActorSequence
LogPluginManager: Mounting plugin LevelSequenceEditor
LogPluginManager: Mounting plugin MatineeToLevelSequence
LogPluginManager: Mounting plugin NetcodeUnitTest
LogPluginManager: Mounting plugin NUTUnrealEngine4
LogPluginManager: Mounting plugin OnlineSubsystemGooglePlay
LogPluginManager: Mounting plugin OnlineSubsystemIOS
LogPluginManager: Mounting plugin OnlineSubsystem
LogPluginManager: Mounting plugin OnlineSubsystemNull
LogPluginManager: Mounting plugin OnlineSubsystemUtils
LogPluginManager: Mounting plugin LauncherChunkInstaller
LogPluginManager: Mounting plugin AndroidDeviceProfileSelector
LogPluginManager: Mounting plugin AndroidMoviePlayer
LogPluginManager: Mounting plugin AndroidPermission
LogPluginManager: Mounting plugin AppleImageUtils
LogPluginManager: Mounting plugin AppleMoviePlayer
LogPluginManager: Mounting plugin ArchVisCharacter
LogPluginManager: Mounting plugin AssetTags
LogPluginManager: Mounting plugin AudioCapture
LogPluginManager: Mounting plugin CableComponent
LogPluginManager: Mounting plugin CustomMeshComponent
LogPluginManager: Mounting plugin EditableMesh
LogPluginManager: Mounting plugin ExampleDeviceProfileSelector
LogPluginManager: Mounting plugin GoogleCloudMessaging
LogPluginManager: Mounting plugin IOSDeviceProfileSelector
LogPluginManager: Mounting plugin LinuxDeviceProfileSelector
LogPluginManager: Mounting plugin LocationServicesBPLibrary
LogPluginManager: Mounting plugin MobilePatchingUtils
LogPluginManager: Mounting plugin OculusVR
LogPluginManager: Mounting plugin PhysXVehicles
LogPluginManager: Mounting plugin PostSplashScreen
LogPluginManager: Mounting plugin ProceduralMeshComponent
LogPluginManager: Mounting plugin RuntimePhysXCooking
LogPluginManager: Mounting plugin SignificanceManager
LogPluginManager: Mounting plugin SteamVR
LogPluginManager: Mounting plugin WebMMoviePlayer
LogPluginManager: Mounting plugin WindowsMoviePlayer
LogPluginManager: Mounting plugin ScreenshotTools
LogInit: Using libcurl 7.55.1-DEV
LogInit:  - built for x86_64-pc-win32
LogInit:  - supports SSL with OpenSSL/1.1.1
LogInit:  - supports HTTP deflate (compression) using libz 1.2.8
LogInit:  - other features:
LogInit:      CURL_VERSION_SSL
LogInit:      CURL_VERSION_LIBZ
LogInit:      CURL_VERSION_IPV6
LogInit:      CURL_VERSION_ASYNCHDNS
LogInit:      CURL_VERSION_LARGEFILE
LogInit:      CURL_VERSION_IDN
LogInit:  CurlRequestOptions (configurable via config and command line):
LogInit:  - bVerifyPeer = true  - Libcurl will verify peer certificate
LogInit:  - bUseHttpProxy = false  - Libcurl will NOT use HTTP proxy
LogInit:  - bDontReuseConnections = false  - Libcurl will reuse connections
LogInit:  - MaxHostConnections = 16  - Libcurl will limit the number of connections to a host
LogInit:  - LocalHostAddr = Default
LogInit:  - BufferSize = 65536
LogOnline: OSS: Creating online subsystem instance for: NULL
LogInit: WinSock: version 1.1 (2.2), MaxSocks=32767, MaxUdp=65467
LogOnline: OSS: TryLoadSubsystemAndSetDefault: Loaded subsystem for module [NULL]
LogInit: Build: ++UE4+Release-4.24-CL-11590370
LogInit: Engine Version: 4.24.3-11590370+++UE4+Release-4.24
LogInit: Compatible Engine Version: 4.24.0-10570792+++UE4+Release-4.24
LogInit: Net CL: 10570792
LogInit: OS: Windows 10 (Release 2004) (), CPU: AMD Ryzen 9 3900X 12-Core Processor            , GPU: NVIDIA GeForce GTX 1080
LogInit: Compiled (64-bit): Feb 24 2020 15:39:18
LogInit: Compiled with Visual C++: 19.16.27032.01
LogInit: Build Configuration: Development
LogInit: Branch Name: ++UE4+Release-4.24
LogInit: Command Line: 
LogInit: Base Directory: D:/Epic Games/UE_4.24/Engine/Binaries/Win64/
LogInit: Installed Engine Build: 1
LogDevObjectVersion: Number of dev versions registered: 25
LogDevObjectVersion:   Dev-Blueprints (B0D832E4-1F89-4F0D-ACCF-7EB736FD4AA2): 10
LogDevObjectVersion:   Dev-Build (E1C64328-A22C-4D53-A36C-8E866417BD8C): 0
LogDevObjectVersion:   Dev-Core (375EC13C-06E4-48FB-B500-84F0262A717E): 3
LogDevObjectVersion:   Dev-Editor (E4B068ED-F494-42E9-A231-DA0B2E46BB41): 37
LogDevObjectVersion:   Dev-Framework (CFFC743F-43B0-4480-9391-14DF171D2073): 36
LogDevObjectVersion:   Dev-Mobile (B02B49B5-BB20-44E9-A304-32B752E40360): 2
LogDevObjectVersion:   Dev-Networking (A4E4105C-59A1-49B5-A7C5-40C4547EDFEE): 0
LogDevObjectVersion:   Dev-Online (39C831C9-5AE6-47DC-9A44-9C173E1C8E7C): 0
LogDevObjectVersion:   Dev-Physics (78F01B33-EBEA-4F98-B9B4-84EACCB95AA2): 2
LogDevObjectVersion:   Dev-Platform (6631380F-2D4D-43E0-8009-CF276956A95A): 0
LogDevObjectVersion:   Dev-Rendering (12F88B9F-8875-4AFC-A67C-D90C383ABD29): 36
LogDevObjectVersion:   Dev-Sequencer (7B5AE74C-D270-4C10-A958-57980B212A5A): 11
LogDevObjectVersion:   Dev-VR (D7296918-1DD6-4BDD-9DE2-64A83CC13884): 2
LogDevObjectVersion:   Dev-LoadTimes (C2A15278-BFE7-4AFE-6C17-90FF531DF755): 1
LogDevObjectVersion:   Private-Geometry (6EACA3D4-40EC-4CC1-B786-8BED09428FC5): 3
LogDevObjectVersion:   Dev-AnimPhys (29E575DD-E0A3-4627-9D10-D276232CDCEA): 17
LogDevObjectVersion:   Dev-Anim (AF43A65D-7FD3-4947-9873-3E8ED9C1BB05): 2
LogDevObjectVersion:   Dev-ReflectionCapture (6B266CEC-1EC7-4B8F-A30B-E4D90942FC07): 1
LogDevObjectVersion:   Dev-Automation (0DF73D61-A23F-47EA-B727-89E90C41499A): 1
LogDevObjectVersion:   FortniteMain (601D1886-AC64-4F84-AA16-D3DE0DEAC7D6): 31
LogDevObjectVersion:   Dev-Enterprise (9DFFBCD6-494F-0158-E221-12823C92A888): 8
LogDevObjectVersion:   Dev-Niagara (F2AED0AC-9AFE-416F-8664-AA7FFA26D6FC): 1
LogDevObjectVersion:   Dev-Destruction (174F1F0B-B4C6-45A5-B13F-2EE8D0FB917D): 9
LogDevObjectVersion:   Dev-Physics-Ext (35F94A83-E258-406C-A318-09F59610247C): 8
LogDevObjectVersion:   Dev-CineCamera (B2E18506-4273-CFC2-A54E-F4BB758BBA07): 1
LogInit: Presizing for max 25165824 objects, including 0 objects not considered by GC, pre-allocating 0 bytes for permanent pool.
LogInit: Object subsystem initialized
LogConfig: Setting CVar [[con.DebugEarlyDefault:1]]
LogConfig: Setting CVar [[r.setres:1280x720]]
[2020.12.16-07.56.39:017][  0]LogConfig: Setting CVar [[r.VSync:0]]
[2020.12.16-07.56.39:017][  0]LogConfig: Setting CVar [[r.RHICmdBypass:0]]
[2020.12.16-07.56.39:017][  0]LogConfig: Applying CVar settings from Section [/Script/Engine.RendererSettings] File [E:/Lautturi/AutoBattlerProto/Saved/Config/Windows/Engine.ini]
[2020.12.16-07.56.39:017][  0]LogConfig: Setting CVar [[r.GPUCrashDebugging:0]]
[2020.12.16-07.56.39:017][  0]LogConfig: Applying CVar settings from Section [/Script/Engine.RendererOverrideSettings] File [E:/Lautturi/AutoBattlerProto/Saved/Config/Windows/Engine.ini]
[2020.12.16-07.56.39:017][  0]LogConfig: Applying CVar settings from Section [/Script/Engine.StreamingSettings] File [E:/Lautturi/AutoBattlerProto/Saved/Config/Windows/Engine.ini]
[2020.12.16-07.56.39:017][  0]LogConfig: Setting CVar [[s.MinBulkDataSizeForAsyncLoading:131072]]
[2020.12.16-07.56.39:017][  0]LogConfig: Setting CVar [[s.AsyncLoadingThreadEnabled:0]]
[2020.12.16-07.56.39:017][  0]LogConfig: Setting CVar [[s.EventDrivenLoaderEnabled:1]]
[2020.12.16-07.56.39:017][  0]LogConfig: Setting CVar [[s.WarnIfTimeLimitExceeded:0]]
[2020.12.16-07.56.39:018][  0]LogConfig: Setting CVar [[s.TimeLimitExceededMultiplier:1.5]]
[2020.12.16-07.56.39:018][  0]LogConfig: Setting CVar [[s.TimeLimitExceededMinTime:0.005]]
[2020.12.16-07.56.39:018][  0]LogConfig: Setting CVar [[s.UseBackgroundLevelStreaming:1]]
[2020.12.16-07.56.39:018][  0]LogConfig: Setting CVar [[s.PriorityAsyncLoadingExtraTime:15.0]]
[2020.12.16-07.56.39:018][  0]LogConfig: Setting CVar [[s.LevelStreamingActorsUpdateTimeLimit:5.0]]
[2020.12.16-07.56.39:018][  0]LogConfig: Setting CVar [[s.PriorityLevelStreamingActorsUpdateExtraTime:5.0]]
[2020.12.16-07.56.39:018][  0]LogConfig: Setting CVar [[s.LevelStreamingComponentsRegistrationGranularity:10]]
[2020.12.16-07.56.39:018][  0]LogConfig: Setting CVar [[s.UnregisterComponentsTimeLimit:1.0]]
[2020.12.16-07.56.39:018][  0]LogConfig: Setting CVar [[s.LevelStreamingComponentsUnregistrationGranularity:5]]
[2020.12.16-07.56.39:018][  0]LogConfig: Setting CVar [[s.FlushStreamingOnExit:1]]
[2020.12.16-07.56.39:018][  0]LogConfig: Applying CVar settings from Section [/Script/Engine.GarbageCollectionSettings] File [E:/Lautturi/AutoBattlerProto/Saved/Config/Windows/Engine.ini]
[2020.12.16-07.56.39:018][  0]LogConfig: Setting CVar [[gc.MaxObjectsNotConsideredByGC:1]]
[2020.12.16-07.56.39:018][  0]LogConfig: Setting CVar [[gc.SizeOfPermanentObjectPool:0]]
[2020.12.16-07.56.39:018][  0]LogConfig: Setting CVar [[gc.FlushStreamingOnGC:0]]
[2020.12.16-07.56.39:018][  0]LogConfig: Setting CVar [[gc.NumRetriesBeforeForcingGC:10]]
[2020.12.16-07.56.39:018][  0]LogConfig: Setting CVar [[gc.AllowParallelGC:1]]
[2020.12.16-07.56.39:018][  0]LogConfig: Setting CVar [[gc.TimeBetweenPurgingPendingKillObjects:61.1]]
[2020.12.16-07.56.39:018][  0]LogConfig: Setting CVar [[gc.MaxObjectsInEditor:25165824]]
[2020.12.16-07.56.39:018][  0]LogConfig: Setting CVar [[gc.IncrementalBeginDestroyEnabled:1]]
[2020.12.16-07.56.39:018][  0]LogConfig: Setting CVar [[gc.CreateGCClusters:1]]
[2020.12.16-07.56.39:018][  0]LogConfig: Setting CVar [[gc.MinGCClusterSize:5]]
[2020.12.16-07.56.39:018][  0]LogConfig: Setting CVar [[gc.ActorClusteringEnabled:0]]
[2020.12.16-07.56.39:018][  0]LogConfig: Setting CVar [[gc.BlueprintClusteringEnabled:0]]
[2020.12.16-07.56.39:018][  0]LogConfig: Setting CVar [[gc.UseDisregardForGCOnDedicatedServers:0]]
[2020.12.16-07.56.39:018][  0]LogConfig: Applying CVar settings from Section [/Script/Engine.NetworkSettings] File [E:/Lautturi/AutoBattlerProto/Saved/Config/Windows/Engine.ini]
[2020.12.16-07.56.39:018][  0]LogConfig: Applying CVar settings from Section [/Script/UnrealEd.CookerSettings] File [E:/Lautturi/AutoBattlerProto/Saved/Config/Windows/Engine.ini]
[2020.12.16-07.56.39:022][  0]LogConfig: Applying CVar settings from Section [ViewDistanceQuality@3] File [E:/Lautturi/AutoBattlerProto/Saved/Config/Windows/Scalability.ini]
[2020.12.16-07.56.39:023][  0]LogConfig: Setting CVar [[r.SkeletalMeshLODBias:0]]
[2020.12.16-07.56.39:023][  0]LogConfig: Setting CVar [[r.ViewDistanceScale:1.0]]
[2020.12.16-07.56.39:023][  0]LogConfig: Applying CVar settings from Section [AntiAliasingQuality@3] File [E:/Lautturi/AutoBattlerProto/Saved/Config/Windows/Scalability.ini]
[2020.12.16-07.56.39:023][  0]LogConfig: Setting CVar [[r.PostProcessAAQuality:4]]
[2020.12.16-07.56.39:023][  0]LogConfig: Applying CVar settings from Section [ShadowQuality@3] File [E:/Lautturi/AutoBattlerProto/Saved/Config/Windows/Scalability.ini]
[2020.12.16-07.56.39:023][  0]LogConfig: Setting CVar [[r.LightFunctionQuality:1]]
[2020.12.16-07.56.39:023][  0]LogConfig: Setting CVar [[r.ShadowQuality:5]]
[2020.12.16-07.56.39:023][  0]LogConfig: Setting CVar [[r.Shadow.CSM.MaxCascades:10]]
[2020.12.16-07.56.39:023][  0]LogConfig: Setting CVar [[r.Shadow.MaxResolution:2048]]
[2020.12.16-07.56.39:023][  0]LogConfig: Setting CVar [[r.Shadow.MaxCSMResolution:2048]]
[2020.12.16-07.56.39:023][  0]LogConfig: Setting CVar [[r.Shadow.RadiusThreshold:0.01]]
[2020.12.16-07.56.39:023][  0]LogConfig: Setting CVar [[r.Shadow.DistanceScale:1.0]]
[2020.12.16-07.56.39:023][  0]LogConfig: Setting CVar [[r.Shadow.CSM.TransitionScale:1.0]]
[2020.12.16-07.56.39:023][  0]LogConfig: Setting CVar [[r.Shadow.PreShadowResolutionFactor:1.0]]
[2020.12.16-07.56.39:023][  0]LogConfig: Setting CVar [[r.DistanceFieldShadowing:1]]
[2020.12.16-07.56.39:023][  0]LogConfig: Setting CVar [[r.DistanceFieldAO:1]]
[2020.12.16-07.56.39:023][  0]LogConfig: Setting CVar [[r.AOQuality:2]]
[2020.12.16-07.56.39:023][  0]LogConfig: Setting CVar [[r.VolumetricFog:1]]
[2020.12.16-07.56.39:023][  0]LogConfig: Setting CVar [[r.VolumetricFog.GridPixelSize:8]]
[2020.12.16-07.56.39:023][  0]LogConfig: Setting CVar [[r.VolumetricFog.GridSizeZ:128]]
[2020.12.16-07.56.39:023][  0]LogConfig: Setting CVar [[r.VolumetricFog.HistoryMissSupersampleCount:4]]
[2020.12.16-07.56.39:023][  0]LogConfig: Setting CVar [[r.LightMaxDrawDistanceScale:1]]
[2020.12.16-07.56.39:023][  0]LogConfig: Setting CVar [[r.CapsuleShadows:1]]
[2020.12.16-07.56.39:023][  0]LogConfig: Applying CVar settings from Section [PostProcessQuality@3] File [E:/Lautturi/AutoBattlerProto/Saved/Config/Windows/Scalability.ini]
[2020.12.16-07.56.39:023][  0]LogConfig: Setting CVar [[r.MotionBlurQuality:4]]
[2020.12.16-07.56.39:023][  0]LogConfig: Setting CVar [[r.AmbientOcclusionMipLevelFactor:0.4]]
[2020.12.16-07.56.39:023][  0]LogConfig: Setting CVar [[r.AmbientOcclusionMaxQuality:100]]
[2020.12.16-07.56.39:023][  0]LogConfig: Setting CVar [[r.AmbientOcclusionLevels:-1]]
[2020.12.16-07.56.39:023][  0]LogConfig: Setting CVar [[r.AmbientOcclusionRadiusScale:1.0]]
[2020.12.16-07.56.39:023][  0]LogConfig: Setting CVar [[r.DepthOfFieldQuality:2]]
[2020.12.16-07.56.39:023][  0]LogConfig: Setting CVar [[r.RenderTargetPoolMin:400]]
[2020.12.16-07.56.39:023][  0]LogConfig: Setting CVar [[r.LensFlareQuality:2]]
[2020.12.16-07.56.39:023][  0]LogConfig: Setting CVar [[r.SceneColorFringeQuality:1]]
[2020.12.16-07.56.39:023][  0]LogConfig: Setting CVar [[r.EyeAdaptationQuality:2]]
[2020.12.16-07.56.39:023][  0]LogConfig: Setting CVar [[r.BloomQuality:5]]
[2020.12.16-07.56.39:023][  0]LogConfig: Setting CVar [[r.FastBlurThreshold:100]]
[2020.12.16-07.56.39:023][  0]LogConfig: Setting CVar [[r.Upscale.Quality:3]]
[2020.12.16-07.56.39:023][  0]LogConfig: Setting CVar [[r.Tonemapper.GrainQuantization:1]]
[2020.12.16-07.56.39:023][  0]LogConfig: Setting CVar [[r.LightShaftQuality:1]]
[2020.12.16-07.56.39:023][  0]LogConfig: Setting CVar [[r.Filter.SizeScale:1]]
[2020.12.16-07.56.39:023][  0]LogConfig: Setting CVar [[r.Tonemapper.Quality:5]]
[2020.12.16-07.56.39:023][  0]LogConfig: Setting CVar [[r.DOF.Gather.AccumulatorQuality:1        ; higher gathering accumulator quality]]
[2020.12.16-07.56.39:023][  0]LogConfig: Setting CVar [[r.DOF.Gather.PostfilterMethod:1          ; Median3x3 postfilering method]]
[2020.12.16-07.56.39:023][  0]LogConfig: Setting CVar [[r.DOF.Gather.EnableBokehSettings:0       ; no bokeh simulation when gathering]]
[2020.12.16-07.56.39:023][  0]LogConfig: Setting CVar [[r.DOF.Gather.RingCount:4                 ; medium number of samples when gathering]]
[2020.12.16-07.56.39:023][  0]LogConfig: Setting CVar [[r.DOF.Scatter.ForegroundCompositing:1    ; additive foreground scattering]]
[2020.12.16-07.56.39:023][  0]LogConfig: Setting CVar [[r.DOF.Scatter.BackgroundCompositing:2    ; additive background scattering]]
[2020.12.16-07.56.39:023][  0]LogConfig: Setting CVar [[r.DOF.Scatter.EnableBokehSettings:1      ; bokeh simulation when scattering]]
[2020.12.16-07.56.39:023][  0]LogConfig: Setting CVar [[r.DOF.Scatter.MaxSpriteRatio:0.1         ; only a maximum of 10% of scattered bokeh]]
[2020.12.16-07.56.39:023][  0]LogConfig: Setting CVar [[r.DOF.Recombine.Quality:1                ; cheap slight out of focus]]
[2020.12.16-07.56.39:023][  0]LogConfig: Setting CVar [[r.DOF.Recombine.EnableBokehSettings:0    ; no bokeh simulation on slight out of focus]]
[2020.12.16-07.56.39:023][  0]LogConfig: Setting CVar [[r.DOF.TemporalAAQuality:1                ; more stable temporal accumulation]]
[2020.12.16-07.56.39:023][  0]LogConfig: Setting CVar [[r.DOF.Kernel.MaxForegroundRadius:0.025]]
[2020.12.16-07.56.39:023][  0]LogConfig: Setting CVar [[r.DOF.Kernel.MaxBackgroundRadius:0.025]]
[2020.12.16-07.56.39:023][  0]LogConfig: Applying CVar settings from Section [TextureQuality@3] File [E:/Lautturi/AutoBattlerProto/Saved/Config/Windows/Scalability.ini]
[2020.12.16-07.56.39:023][  0]LogConfig: Setting CVar [[r.Streaming.MipBias:0]]
[2020.12.16-07.56.39:023][  0]LogConfig: Setting CVar [[r.Streaming.AmortizeCPUToGPUCopy:0]]
[2020.12.16-07.56.39:023][  0]LogConfig: Setting CVar [[r.Streaming.MaxNumTexturesToStreamPerFrame:0]]
[2020.12.16-07.56.39:023][  0]LogConfig: Setting CVar [[r.Streaming.Boost:1]]
[2020.12.16-07.56.39:023][  0]LogConfig: Setting CVar [[r.MaxAnisotropy:8]]
[2020.12.16-07.56.39:024][  0]LogConfig: Setting CVar [[r.VT.MaxAnisotropy:8]]
[2020.12.16-07.56.39:024][  0]LogConfig: Setting CVar [[r.Streaming.LimitPoolSizeToVRAM:0]]
[2020.12.16-07.56.39:024][  0]LogConfig: Setting CVar [[r.Streaming.PoolSize:1000]]
[2020.12.16-07.56.39:024][  0]LogConfig: Setting CVar [[r.Streaming.MaxEffectiveScreenSize:0]]
[2020.12.16-07.56.39:024][  0]LogConfig: Applying CVar settings from Section [EffectsQuality@3] File [E:/Lautturi/AutoBattlerProto/Saved/Config/Windows/Scalability.ini]
[2020.12.16-07.56.39:024][  0]LogConfig: Setting CVar [[r.TranslucencyLightingVolumeDim:64]]
[2020.12.16-07.56.39:024][  0]LogConfig: Setting CVar [[r.RefractionQuality:2]]
[2020.12.16-07.56.39:024][  0]LogConfig: Setting CVar [[r.SSR.Quality:3]]
[2020.12.16-07.56.39:024][  0]LogConfig: Setting CVar [[r.SSR.HalfResSceneColor:0]]
[2020.12.16-07.56.39:024][  0]LogConfig: Setting CVar [[r.SceneColorFormat:4]]
[2020.12.16-07.56.39:024][  0]LogConfig: Setting CVar [[r.DetailMode:2]]
[2020.12.16-07.56.39:024][  0]LogConfig: Setting CVar [[r.TranslucencyVolumeBlur:1]]
[2020.12.16-07.56.39:024][  0]LogConfig: Setting CVar [[r.MaterialQualityLevel:1 ; High quality]]
[2020.12.16-07.56.39:024][  0]LogConfig: Setting CVar [[r.SSS.Scale:1]]
[2020.12.16-07.56.39:024][  0]LogConfig: Setting CVar [[r.SSS.SampleSet:2]]
[2020.12.16-07.56.39:024][  0]LogConfig: Setting CVar [[r.SSS.Quality:1]]
[2020.12.16-07.56.39:024][  0]LogConfig: Setting CVar [[r.SSS.HalfRes:1]]
[2020.12.16-07.56.39:024][  0]LogConfig: Setting CVar [[r.SSGI.Quality:3]]
[2020.12.16-07.56.39:024][  0]LogConfig: Setting CVar [[r.EmitterSpawnRateScale:1.0]]
[2020.12.16-07.56.39:024][  0]LogConfig: Setting CVar [[r.ParticleLightQuality:2]]
[2020.12.16-07.56.39:024][  0]LogConfig: Setting CVar [[r.SkyAtmosphere.AerialPerspectiveLUT.FastApplyOnOpaque:1 ; Always have FastSkyLUT 1 in this case to avoid wrong sky]]
[2020.12.16-07.56.39:024][  0]LogConfig: Setting CVar [[r.SkyAtmosphere.AerialPerspectiveLUT.SampleCountPerSlice:1]]
[2020.12.16-07.56.39:024][  0]LogConfig: Setting CVar [[r.SkyAtmosphere.AerialPerspectiveLUT.DepthResolution:16.0]]
[2020.12.16-07.56.39:024][  0]LogConfig: Setting CVar [[r.SkyAtmosphere.FastSkyLUT:1]]
[2020.12.16-07.56.39:024][  0]LogConfig: Setting CVar [[r.SkyAtmosphere.FastSkyLUT.SampleCountMin:4.0]]
[2020.12.16-07.56.39:024][  0]LogConfig: Setting CVar [[r.SkyAtmosphere.FastSkyLUT.SampleCountMax:32.0]]
[2020.12.16-07.56.39:024][  0]LogConfig: Setting CVar [[r.SkyAtmosphere.SampleCountMin:4.0]]
[2020.12.16-07.56.39:024][  0]LogConfig: Setting CVar [[r.SkyAtmosphere.SampleCountMax:32.0]]
[2020.12.16-07.56.39:024][  0]LogConfig: Setting CVar [[r.SkyAtmosphere.TransmittanceLUT.UseSmallFormat:0]]
[2020.12.16-07.56.39:024][  0]LogConfig: Setting CVar [[r.SkyAtmosphere.TransmittanceLUT.SampleCount:10.0]]
[2020.12.16-07.56.39:024][  0]LogConfig: Setting CVar [[r.SkyAtmosphere.MultiScatteringLUT.SampleCount:15.0]]
[2020.12.16-07.56.39:024][  0]LogConfig: Applying CVar settings from Section [FoliageQuality@3] File [E:/Lautturi/AutoBattlerProto/Saved/Config/Windows/Scalability.ini]
[2020.12.16-07.56.39:024][  0]LogConfig: Setting CVar [[foliage.DensityScale:1.0]]
[2020.12.16-07.56.39:024][  0]LogConfig: Setting CVar [[grass.DensityScale:1.0]]
[2020.12.16-07.56.39:024][  0]LogConfig: Applying CVar settings from Section [ShadingQuality@3] File [E:/Lautturi/AutoBattlerProto/Saved/Config/Windows/Scalability.ini]
[2020.12.16-07.56.39:024][  0]LogConfig: Setting CVar [[r.HairStrands.SkyLighting.SampleCount:16]]
[2020.12.16-07.56.39:024][  0]LogConfig: Setting CVar [[r.HairStrands.SkyLighting.JitterIntegration:0]]
[2020.12.16-07.56.39:024][  0]LogConfig: Setting CVar [[r.HairStrands.SkyAO.SampleCount:16]]
[2020.12.16-07.56.39:024][  0]LogInit: Selected Device Profile: [Windows]
[2020.12.16-07.56.39:024][  0]LogInit: Applying CVar settings loaded from the selected device profile: [Windows]
[2020.12.16-07.56.39:026][  0]LogHAL: Display: Platform has ~ 32 GB [34304262144 / 34359738368 / 32], which maps to Largest [LargestMinGB=32, LargerMinGB=12, DefaultMinGB=8, SmallerMinGB=6, SmallestMinGB=0)
[2020.12.16-07.56.39:026][  0]LogInit: Going up to parent DeviceProfile []
[2020.12.16-07.56.39:026][  0]LogConfig: Applying CVar settings from Section [ViewDistanceQuality@3] File [E:/Lautturi/AutoBattlerProto/Saved/Config/Windows/Scalability.ini]
[2020.12.16-07.56.39:026][  0]LogConfig: Setting CVar [[r.SkeletalMeshLODBias:0]]
[2020.12.16-07.56.39:026][  0]LogConfig: Setting CVar [[r.ViewDistanceScale:1.0]]
[2020.12.16-07.56.39:026][  0]LogConfig: Applying CVar settings from Section [AntiAliasingQuality@3] File [E:/Lautturi/AutoBattlerProto/Saved/Config/Windows/Scalability.ini]
[2020.12.16-07.56.39:026][  0]LogConfig: Setting CVar [[r.PostProcessAAQuality:4]]
[2020.12.16-07.56.39:026][  0]LogConfig: Applying CVar settings from Section [ShadowQuality@3] File [E:/Lautturi/AutoBattlerProto/Saved/Config/Windows/Scalability.ini]
[2020.12.16-07.56.39:026][  0]LogConfig: Setting CVar [[r.LightFunctionQuality:1]]
[2020.12.16-07.56.39:026][  0]LogConfig: Setting CVar [[r.ShadowQuality:5]]
[2020.12.16-07.56.39:027][  0]LogConfig: Setting CVar [[r.Shadow.CSM.MaxCascades:10]]
[2020.12.16-07.56.39:027][  0]LogConfig: Setting CVar [[r.Shadow.MaxResolution:2048]]
[2020.12.16-07.56.39:027][  0]LogConfig: Setting CVar [[r.Shadow.MaxCSMResolution:2048]]
[2020.12.16-07.56.39:027][  0]LogConfig: Setting CVar [[r.Shadow.RadiusThreshold:0.01]]
[2020.12.16-07.56.39:027][  0]LogConfig: Setting CVar [[r.Shadow.DistanceScale:1.0]]
[2020.12.16-07.56.39:027][  0]LogConfig: Setting CVar [[r.Shadow.CSM.TransitionScale:1.0]]
[2020.12.16-07.56.39:027][  0]LogConfig: Setting CVar [[r.Shadow.PreShadowResolutionFactor:1.0]]
[2020.12.16-07.56.39:027][  0]LogConfig: Setting CVar [[r.DistanceFieldShadowing:1]]
[2020.12.16-07.56.39:027][  0]LogConfig: Setting CVar [[r.DistanceFieldAO:1]]
[2020.12.16-07.56.39:027][  0]LogConfig: Setting CVar [[r.AOQuality:2]]
[2020.12.16-07.56.39:027][  0]LogConfig: Setting CVar [[r.VolumetricFog:1]]
[2020.12.16-07.56.39:027][  0]LogConfig: Setting CVar [[r.VolumetricFog.GridPixelSize:8]]
[2020.12.16-07.56.39:027][  0]LogConfig: Setting CVar [[r.VolumetricFog.GridSizeZ:128]]
[2020.12.16-07.56.39:027][  0]LogConfig: Setting CVar [[r.VolumetricFog.HistoryMissSupersampleCount:4]]
[2020.12.16-07.56.39:027][  0]LogConfig: Setting CVar [[r.LightMaxDrawDistanceScale:1]]
[2020.12.16-07.56.39:027][  0]LogConfig: Setting CVar [[r.CapsuleShadows:1]]
[2020.12.16-07.56.39:027][  0]LogConfig: Applying CVar settings from Section [PostProcessQuality@3] File [E:/Lautturi/AutoBattlerProto/Saved/Config/Windows/Scalability.ini]
[2020.12.16-07.56.39:027][  0]LogConfig: Setting CVar [[r.MotionBlurQuality:4]]
[2020.12.16-07.56.39:027][  0]LogConfig: Setting CVar [[r.AmbientOcclusionMipLevelFactor:0.4]]
[2020.12.16-07.56.39:027][  0]LogConfig: Setting CVar [[r.AmbientOcclusionMaxQuality:100]]
[2020.12.16-07.56.39:027][  0]LogConfig: Setting CVar [[r.AmbientOcclusionLevels:-1]]
[2020.12.16-07.56.39:027][  0]LogConfig: Setting CVar [[r.AmbientOcclusionRadiusScale:1.0]]
[2020.12.16-07.56.39:027][  0]LogConfig: Setting CVar [[r.DepthOfFieldQuality:2]]
[2020.12.16-07.56.39:027][  0]LogConfig: Setting CVar [[r.RenderTargetPoolMin:400]]
[2020.12.16-07.56.39:027][  0]LogConfig: Setting CVar [[r.LensFlareQuality:2]]
[2020.12.16-07.56.39:027][  0]LogConfig: Setting CVar [[r.SceneColorFringeQuality:1]]
[2020.12.16-07.56.39:027][  0]LogConfig: Setting CVar [[r.EyeAdaptationQuality:2]]
[2020.12.16-07.56.39:027][  0]LogConfig: Setting CVar [[r.BloomQuality:5]]
[2020.12.16-07.56.39:027][  0]LogConfig: Setting CVar [[r.FastBlurThreshold:100]]
[2020.12.16-07.56.39:027][  0]LogConfig: Setting CVar [[r.Upscale.Quality:3]]
[2020.12.16-07.56.39:027][  0]LogConfig: Setting CVar [[r.Tonemapper.GrainQuantization:1]]
[2020.12.16-07.56.39:027][  0]LogConfig: Setting CVar [[r.LightShaftQuality:1]]
[2020.12.16-07.56.39:027][  0]LogConfig: Setting CVar [[r.Filter.SizeScale:1]]
[2020.12.16-07.56.39:027][  0]LogConfig: Setting CVar [[r.Tonemapper.Quality:5]]
[2020.12.16-07.56.39:027][  0]LogConfig: Setting CVar [[r.DOF.Gather.AccumulatorQuality:1        ; higher gathering accumulator quality]]
[2020.12.16-07.56.39:027][  0]LogConfig: Setting CVar [[r.DOF.Gather.PostfilterMethod:1          ; Median3x3 postfilering method]]
[2020.12.16-07.56.39:027][  0]LogConfig: Setting CVar [[r.DOF.Gather.EnableBokehSettings:0       ; no bokeh simulation when gathering]]
[2020.12.16-07.56.39:027][  0]LogConfig: Setting CVar [[r.DOF.Gather.RingCount:4                 ; medium number of samples when gathering]]
[2020.12.16-07.56.39:027][  0]LogConfig: Setting CVar [[r.DOF.Scatter.ForegroundCompositing:1    ; additive foreground scattering]]
[2020.12.16-07.56.39:027][  0]LogConfig: Setting CVar [[r.DOF.Scatter.BackgroundCompositing:2    ; additive background scattering]]
[2020.12.16-07.56.39:027][  0]LogConfig: Setting CVar [[r.DOF.Scatter.EnableBokehSettings:1      ; bokeh simulation when scattering]]
[2020.12.16-07.56.39:027][  0]LogConfig: Setting CVar [[r.DOF.Scatter.MaxSpriteRatio:0.1         ; only a maximum of 10% of scattered bokeh]]
[2020.12.16-07.56.39:027][  0]LogConfig: Setting CVar [[r.DOF.Recombine.Quality:1                ; cheap slight out of focus]]
[2020.12.16-07.56.39:027][  0]LogConfig: Setting CVar [[r.DOF.Recombine.EnableBokehSettings:0    ; no bokeh simulation on slight out of focus]]
[2020.12.16-07.56.39:027][  0]LogConfig: Setting CVar [[r.DOF.TemporalAAQuality:1                ; more stable temporal accumulation]]
[2020.12.16-07.56.39:027][  0]LogConfig: Setting CVar [[r.DOF.Kernel.MaxForegroundRadius:0.025]]
[2020.12.16-07.56.39:027][  0]LogConfig: Setting CVar [[r.DOF.Kernel.MaxBackgroundRadius:0.025]]
[2020.12.16-07.56.39:027][  0]LogConfig: Applying CVar settings from Section [TextureQuality@3] File [E:/Lautturi/AutoBattlerProto/Saved/Config/Windows/Scalability.ini]
[2020.12.16-07.56.39:027][  0]LogConfig: Setting CVar [[r.Streaming.MipBias:0]]
[2020.12.16-07.56.39:027][  0]LogConfig: Setting CVar [[r.Streaming.AmortizeCPUToGPUCopy:0]]
[2020.12.16-07.56.39:027][  0]LogConfig: Setting CVar [[r.Streaming.MaxNumTexturesToStreamPerFrame:0]]
[2020.12.16-07.56.39:027][  0]LogConfig: Setting CVar [[r.Streaming.Boost:1]]
[2020.12.16-07.56.39:027][  0]LogConfig: Setting CVar [[r.MaxAnisotropy:8]]
[2020.12.16-07.56.39:027][  0]LogConfig: Setting CVar [[r.VT.MaxAnisotropy:8]]
[2020.12.16-07.56.39:027][  0]LogConfig: Setting CVar [[r.Streaming.LimitPoolSizeToVRAM:0]]
[2020.12.16-07.56.39:027][  0]LogConfig: Setting CVar [[r.Streaming.PoolSize:1000]]
[2020.12.16-07.56.39:027][  0]LogConfig: Setting CVar [[r.Streaming.MaxEffectiveScreenSize:0]]
[2020.12.16-07.56.39:027][  0]LogConfig: Applying CVar settings from Section [EffectsQuality@3] File [E:/Lautturi/AutoBattlerProto/Saved/Config/Windows/Scalability.ini]
[2020.12.16-07.56.39:027][  0]LogConfig: Setting CVar [[r.TranslucencyLightingVolumeDim:64]]
[2020.12.16-07.56.39:027][  0]LogConfig: Setting CVar [[r.RefractionQuality:2]]
[2020.12.16-07.56.39:027][  0]LogConfig: Setting CVar [[r.SSR.Quality:3]]
[2020.12.16-07.56.39:027][  0]LogConfig: Setting CVar [[r.SSR.HalfResSceneColor:0]]
[2020.12.16-07.56.39:027][  0]LogConfig: Setting CVar [[r.SceneColorFormat:4]]
[2020.12.16-07.56.39:027][  0]LogConfig: Setting CVar [[r.DetailMode:2]]
[2020.12.16-07.56.39:028][  0]LogConfig: Setting CVar [[r.TranslucencyVolumeBlur:1]]
[2020.12.16-07.56.39:028][  0]LogConfig: Setting CVar [[r.MaterialQualityLevel:1 ; High quality]]
[2020.12.16-07.56.39:028][  0]LogConfig: Setting CVar [[r.SSS.Scale:1]]
[2020.12.16-07.56.39:028][  0]LogConfig: Setting CVar [[r.SSS.SampleSet:2]]
[2020.12.16-07.56.39:028][  0]LogConfig: Setting CVar [[r.SSS.Quality:1]]
[2020.12.16-07.56.39:028][  0]LogConfig: Setting CVar [[r.SSS.HalfRes:1]]
[2020.12.16-07.56.39:028][  0]LogConfig: Setting CVar [[r.SSGI.Quality:3]]
[2020.12.16-07.56.39:028][  0]LogConfig: Setting CVar [[r.EmitterSpawnRateScale:1.0]]
[2020.12.16-07.56.39:028][  0]LogConfig: Setting CVar [[r.ParticleLightQuality:2]]
[2020.12.16-07.56.39:028][  0]LogConfig: Setting CVar [[r.SkyAtmosphere.AerialPerspectiveLUT.FastApplyOnOpaque:1 ; Always have FastSkyLUT 1 in this case to avoid wrong sky]]
[2020.12.16-07.56.39:028][  0]LogConfig: Setting CVar [[r.SkyAtmosphere.AerialPerspectiveLUT.SampleCountPerSlice:1]]
[2020.12.16-07.56.39:028][  0]LogConfig: Setting CVar [[r.SkyAtmosphere.AerialPerspectiveLUT.DepthResolution:16.0]]
[2020.12.16-07.56.39:028][  0]LogConfig: Setting CVar [[r.SkyAtmosphere.FastSkyLUT:1]]
[2020.12.16-07.56.39:028][  0]LogConfig: Setting CVar [[r.SkyAtmosphere.FastSkyLUT.SampleCountMin:4.0]]
[2020.12.16-07.56.39:028][  0]LogConfig: Setting CVar [[r.SkyAtmosphere.FastSkyLUT.SampleCountMax:32.0]]
[2020.12.16-07.56.39:028][  0]LogConfig: Setting CVar [[r.SkyAtmosphere.SampleCountMin:4.0]]
[2020.12.16-07.56.39:028][  0]LogConfig: Setting CVar [[r.SkyAtmosphere.SampleCountMax:32.0]]
[2020.12.16-07.56.39:028][  0]LogConfig: Setting CVar [[r.SkyAtmosphere.TransmittanceLUT.UseSmallFormat:0]]
[2020.12.16-07.56.39:028][  0]LogConfig: Setting CVar [[r.SkyAtmosphere.TransmittanceLUT.SampleCount:10.0]]
[2020.12.16-07.56.39:028][  0]LogConfig: Setting CVar [[r.SkyAtmosphere.MultiScatteringLUT.SampleCount:15.0]]
[2020.12.16-07.56.39:028][  0]LogConfig: Applying CVar settings from Section [FoliageQuality@3] File [E:/Lautturi/AutoBattlerProto/Saved/Config/Windows/Scalability.ini]
[2020.12.16-07.56.39:028][  0]LogConfig: Setting CVar [[foliage.DensityScale:1.0]]
[2020.12.16-07.56.39:028][  0]LogConfig: Setting CVar [[grass.DensityScale:1.0]]
[2020.12.16-07.56.39:028][  0]LogConfig: Applying CVar settings from Section [ShadingQuality@3] File [E:/Lautturi/AutoBattlerProto/Saved/Config/Windows/Scalability.ini]
[2020.12.16-07.56.39:028][  0]LogConfig: Setting CVar [[r.HairStrands.SkyLighting.SampleCount:16]]
[2020.12.16-07.56.39:028][  0]LogConfig: Setting CVar [[r.HairStrands.SkyLighting.JitterIntegration:0]]
[2020.12.16-07.56.39:028][  0]LogConfig: Setting CVar [[r.HairStrands.SkyAO.SampleCount:16]]
[2020.12.16-07.56.39:028][  0]LogConfig: Applying CVar settings from Section [Startup] File [../../../Engine/Config/ConsoleVariables.ini]
[2020.12.16-07.56.39:028][  0]LogConfig: Setting CVar [[net.UseAdaptiveNetUpdateFrequency:0]]
[2020.12.16-07.56.39:028][  0]LogConfig: Setting CVar [[p.chaos.AllowCreatePhysxBodies:1]]
[2020.12.16-07.56.39:028][  0]LogConfig: Applying CVar settings from Section [ConsoleVariables] File [E:/Lautturi/AutoBattlerProto/Saved/Config/Windows/Engine.ini]
[2020.12.16-07.56.39:028][  0]LogInit: Computer: DESKTOP-2POJTPC
[2020.12.16-07.56.39:028][  0]LogInit: User: Miros
[2020.12.16-07.56.39:028][  0]LogInit: CPU Page size=4096, Cores=12
[2020.12.16-07.56.39:028][  0]LogInit: High frequency timer resolution =10.000000 MHz
[2020.12.16-07.56.39:028][  0]LogMemory: Memory total: Physical=31.9GB (32GB approx)
[2020.12.16-07.56.39:028][  0]LogMemory: Platform Memory Stats for Windows
[2020.12.16-07.56.39:028][  0]LogMemory: Process Physical Memory: 109.01 MB used, 109.02 MB peak
[2020.12.16-07.56.39:029][  0]LogMemory: Process Virtual Memory: 104.69 MB used, 104.69 MB peak
[2020.12.16-07.56.39:029][  0]LogMemory: Physical Memory: 9652.48 MB used,  23062.62 MB free, 32715.09 MB total
[2020.12.16-07.56.39:029][  0]LogMemory: Virtual Memory: 5189.32 MB used,  134212536.00 MB free, 134217728.00 MB total
[2020.12.16-07.56.39:031][  0]LogWindows: WindowsPlatformFeatures enabled
[2020.12.16-07.56.39:044][  0]LogInit: Using OS detected language (fi-FI).
[2020.12.16-07.56.39:044][  0]LogInit: Using OS detected locale (fi-FI).
[2020.12.16-07.56.39:045][  0]LogTextLocalizationManager: No localization for 'fi-FI' exists, so 'en' will be used for the language.
[2020.12.16-07.56.39:162][  0]LogInit: Setting process to per monitor DPI aware
[2020.12.16-07.56.39:192][  0]LogSlate: New Slate User Created.  User Index 0, Is Virtual User: 0
[2020.12.16-07.56.39:192][  0]LogSlate: Slate User Registered.  User Index 0, Is Virtual User: 0
[2020.12.16-07.56.39:321][  0]LogHMD: Failed to initialize OpenVR with code 110
[2020.12.16-07.56.39:321][  0]LogD3D11RHI: D3D11 min allowed feature level: 11_0
[2020.12.16-07.56.39:321][  0]LogD3D11RHI: D3D11 max allowed feature level: 11_0
[2020.12.16-07.56.39:321][  0]LogD3D11RHI: D3D11 adapters:
[2020.12.16-07.56.39:399][  0]LogD3D11RHI:    0. 'NVIDIA GeForce GTX 1080' (Feature Level 11_0)
[2020.12.16-07.56.39:399][  0]LogD3D11RHI:       8079/0/16357 MB DedicatedVideo/DedicatedSystem/SharedSystem, Outputs:2, VendorId:0x10de
[2020.12.16-07.56.39:401][  0]LogD3D11RHI:    1. 'Microsoft Basic Render Driver' (Feature Level 11_0)
[2020.12.16-07.56.39:401][  0]LogD3D11RHI:       0/0/16357 MB DedicatedVideo/DedicatedSystem/SharedSystem, Outputs:0, VendorId:0x1414
[2020.12.16-07.56.39:401][  0]LogD3D11RHI: Chosen D3D11 Adapter: 0
[2020.12.16-07.56.39:409][  0]LogD3D11RHI: Creating new Direct3DDevice
[2020.12.16-07.56.39:409][  0]LogD3D11RHI:     GPU DeviceId: 0x1b80 (for the marketing name, search the web for "GPU Device Id")
[2020.12.16-07.56.39:409][  0]LogWindows: EnumDisplayDevices:
[2020.12.16-07.56.39:409][  0]LogWindows:    0. 'NVIDIA GeForce GTX 1080' (P:1 D:1)
[2020.12.16-07.56.39:410][  0]LogWindows:    1. 'NVIDIA GeForce GTX 1080' (P:0 D:1)
[2020.12.16-07.56.39:410][  0]LogWindows:    2. 'NVIDIA GeForce GTX 1080' (P:0 D:0)
[2020.12.16-07.56.39:410][  0]LogWindows:    3. 'NVIDIA GeForce GTX 1080' (P:0 D:0)
[2020.12.16-07.56.39:410][  0]LogWindows: DebugString: FoundDriverCount:4 
[2020.12.16-07.56.39:411][  0]LogD3D11RHI:     Adapter Name: NVIDIA GeForce GTX 1080
[2020.12.16-07.56.39:411][  0]LogD3D11RHI:   Driver Version: 445.87 (internal:26.21.14.4587, unified:445.87)
[2020.12.16-07.56.39:411][  0]LogD3D11RHI:      Driver Date: 4-3-2020
[2020.12.16-07.56.39:411][  0]LogRHI: Texture pool is 5655 MB (70% of 8079 MB)
[2020.12.16-07.56.39:454][  0]LogD3D11RHI: RHI has support for 64 bit atomics
[2020.12.16-07.56.39:454][  0]LogD3D11RHI: Async texture creation enabled
[2020.12.16-07.56.39:474][  0]LogD3D11RHI: GPU Timing Frequency: 1000.000000 (Debug: 2 1)
[2020.12.16-07.56.39:690][  0]LogTargetPlatformManager: Display: Loaded TargetPlatform 'AllDesktop'
[2020.12.16-07.56.39:716][  0]LogTargetPlatformManager: Display: Loaded TargetPlatform 'Android'
[2020.12.16-07.56.39:716][  0]LogTargetPlatformManager: Display: Loaded TargetPlatform 'Android_ASTC'
[2020.12.16-07.56.39:716][  0]LogTargetPlatformManager: Display: Loaded TargetPlatform 'Android_ATC'
[2020.12.16-07.56.39:716][  0]LogTargetPlatformManager: Display: Loaded TargetPlatform 'Android_DXT'
[2020.12.16-07.56.39:716][  0]LogTargetPlatformManager: Display: Loaded TargetPlatform 'Android_ETC1'
[2020.12.16-07.56.39:716][  0]LogTargetPlatformManager: Display: Loaded TargetPlatform 'Android_ETC1a'
[2020.12.16-07.56.39:716][  0]LogTargetPlatformManager: Display: Loaded TargetPlatform 'Android_ETC2'
[2020.12.16-07.56.39:716][  0]LogTargetPlatformManager: Display: Loaded TargetPlatform 'Android_PVRTC'
[2020.12.16-07.56.39:716][  0]LogTargetPlatformManager: Display: Loaded TargetPlatform 'AndroidClient'
[2020.12.16-07.56.39:716][  0]LogTargetPlatformManager: Display: Loaded TargetPlatform 'Android_ASTCClient'
[2020.12.16-07.56.39:716][  0]LogTargetPlatformManager: Display: Loaded TargetPlatform 'Android_ATCClient'
[2020.12.16-07.56.39:716][  0]LogTargetPlatformManager: Display: Loaded TargetPlatform 'Android_DXTClient'
[2020.12.16-07.56.39:716][  0]LogTargetPlatformManager: Display: Loaded TargetPlatform 'Android_ETC1Client'
[2020.12.16-07.56.39:716][  0]LogTargetPlatformManager: Display: Loaded TargetPlatform 'Android_ETC1aClient'
[2020.12.16-07.56.39:716][  0]LogTargetPlatformManager: Display: Loaded TargetPlatform 'Android_ETC2Client'
[2020.12.16-07.56.39:716][  0]LogTargetPlatformManager: Display: Loaded TargetPlatform 'Android_PVRTCClient'
[2020.12.16-07.56.39:716][  0]LogTargetPlatformManager: Display: Loaded TargetPlatform 'Android_Multi'
[2020.12.16-07.56.39:716][  0]LogTargetPlatformManager: Display: Loaded TargetPlatform 'Android_MultiClient'
[2020.12.16-07.56.39:732][  0]LogTargetPlatformManager: Display: Loaded TargetPlatform 'IOSClient'
[2020.12.16-07.56.39:732][  0]LogTargetPlatformManager: Display: Loaded TargetPlatform 'IOS'
[2020.12.16-07.56.39:738][  0]LogTargetPlatformManager: Display: Loaded TargetPlatform 'LinuxNoEditor'
[2020.12.16-07.56.39:744][  0]LogTargetPlatformManager: Display: Loaded TargetPlatform 'LinuxClient'
[2020.12.16-07.56.39:749][  0]LogTargetPlatformManager: Display: Loaded TargetPlatform 'LinuxServer'
[2020.12.16-07.56.39:755][  0]LogTargetPlatformManager: Display: Loaded TargetPlatform 'LinuxAArch64NoEditor'
[2020.12.16-07.56.39:761][  0]LogTargetPlatformManager: Display: Loaded TargetPlatform 'LinuxAArch64Client'
[2020.12.16-07.56.39:767][  0]LogTargetPlatformManager: Display: Loaded TargetPlatform 'LinuxAArch64Server'
[2020.12.16-07.56.39:786][  0]LogTargetPlatformManager: Display: Loaded TargetPlatform 'Lumin'
[2020.12.16-07.56.39:786][  0]LogTargetPlatformManager: Display: Loaded TargetPlatform 'LuminClient'
[2020.12.16-07.56.39:798][  0]LogTargetPlatformManager: Display: Loaded TargetPlatform 'TVOSClient'
[2020.12.16-07.56.39:798][  0]LogTargetPlatformManager: Display: Loaded TargetPlatform 'TVOS'
[2020.12.16-07.56.39:804][  0]LogTargetPlatformManager: Display: Loaded TargetPlatform 'WindowsNoEditor'
[2020.12.16-07.56.39:810][  0]LogTargetPlatformManager: Display: Loaded TargetPlatform 'Windows'
[2020.12.16-07.56.39:816][  0]LogTargetPlatformManager: Display: Loaded TargetPlatform 'WindowsClient'
[2020.12.16-07.56.39:821][  0]LogTargetPlatformManager: Display: Loaded TargetPlatform 'WindowsServer'
[2020.12.16-07.56.39:821][  0]LogTargetPlatformManager: Display: Building Assets For Windows
[2020.12.16-07.56.39:823][  0]LogAudioDebug: Display: Lib vorbis DLL was dynamically loaded.
[2020.12.16-07.56.39:838][  0]LogShaderCompilers: Guid format shader working directory is 18 characters bigger than the processId version (E:/Lautturi/AutoBattlerProto/Intermediate/Shaders/WorkingDirectory/5412/).
[2020.12.16-07.56.39:838][  0]LogShaderCompilers: Cleaned the shader compiler working directory 'C:/Users/Miros/AppData/Local/Temp/UnrealShaderWorkingDir/D2A5D27E447A87F70729438B00CBE192/'.
[2020.12.16-07.56.39:839][  0]LogXGEController: Cannot use XGE Controller as Incredibuild is not installed on this machine.
[2020.12.16-07.56.39:839][  0]LogShaderCompilers: Cannot use XGE Shader Compiler as Incredibuild is not installed on this machine.
[2020.12.16-07.56.39:839][  0]LogShaderCompilers: Display: Using Local Shader Compiler.
[2020.12.16-07.56.40:432][  0]LogDerivedDataCache: Display: Max Cache Size: 512 MB
[2020.12.16-07.56.40:473][  0]LogDerivedDataCache: Loaded boot cache 0.04s 78MB C:/Users/Miros/AppData/Local/UnrealEngine/4.24/DerivedDataCache/Boot.ddc.
[2020.12.16-07.56.40:473][  0]LogDerivedDataCache: Display: Loaded Boot cache: C:/Users/Miros/AppData/Local/UnrealEngine/4.24/DerivedDataCache/Boot.ddc
[2020.12.16-07.56.40:473][  0]LogDerivedDataCache: FDerivedDataBackendGraph:  Pak pak cache file E:/Lautturi/AutoBattlerProto/DerivedDataCache/DDC.ddp not found, will not use a pak cache.
[2020.12.16-07.56.40:473][  0]LogDerivedDataCache: Unable to find inner node Pak for hierarchical cache Hierarchy.
[2020.12.16-07.56.40:473][  0]LogDerivedDataCache: FDerivedDataBackendGraph:  CompressedPak pak cache file E:/Lautturi/AutoBattlerProto/DerivedDataCache/Compressed.ddp not found, will not use a pak cache.
[2020.12.16-07.56.40:473][  0]LogDerivedDataCache: Unable to find inner node CompressedPak for hierarchical cache Hierarchy.
[2020.12.16-07.56.40:482][  0]LogDerivedDataCache: Display: Pak cache opened for reading ../../../Engine/DerivedDataCache/Compressed.ddp.
[2020.12.16-07.56.40:482][  0]LogDerivedDataCache: FDerivedDataBackendGraph:  EnterprisePak pak cache file ../../../Enterprise/DerivedDataCache/Compressed.ddp not found, will not use a pak cache.
[2020.12.16-07.56.40:482][  0]LogDerivedDataCache: Unable to find inner node EnterprisePak for hierarchical cache Hierarchy.
[2020.12.16-07.56.40:484][  0]LogDerivedDataCache: Using Local data cache path C:/Users/Miros/AppData/Local/UnrealEngine/Common/DerivedDataCache: Writable
[2020.12.16-07.56.40:484][  0]LogDerivedDataCache: Shared data cache path not found in *engine.ini, will not use an Shared cache.
[2020.12.16-07.56.40:484][  0]LogDerivedDataCache: Unable to find inner node Shared for hierarchical cache Hierarchy.
[2020.12.16-07.56.40:504][  0]LogMaterial: Verifying Global Shaders for PCD3D_SM5
[2020.12.16-07.56.40:507][  0]LogSlate: Using FreeType 2.10.0
[2020.12.16-07.56.40:507][  0]LogSlate: SlateFontServices - WITH_FREETYPE: 1, WITH_HARFBUZZ: 1
[2020.12.16-07.56.40:552][  0]LogAssetRegistry: FAssetRegistry took 0.0024 seconds to start up
[2020.12.16-07.56.40:792][  0]LogInit: Selected Device Profile: [Windows]
[2020.12.16-07.56.40:911][  0]LogMeshReduction: Using QuadricMeshReduction for automatic static mesh reduction
[2020.12.16-07.56.40:911][  0]LogMeshReduction: Using SimplygonMeshReduction for automatic skeletal mesh reduction
[2020.12.16-07.56.40:911][  0]LogMeshReduction: Using ProxyLODMeshReduction for automatic mesh merging
[2020.12.16-07.56.40:911][  0]LogMeshReduction: No distributed automatic mesh merging module available
[2020.12.16-07.56.40:911][  0]LogMeshMerging: No distributed automatic mesh merging module available
[2020.12.16-07.56.40:922][  0]LogNetVersion: AutoBattlerProto 1.0.0, NetCL: 10570792, EngineNetVer: 13, GameNetVer: 0 (Checksum: 2377359032)
[2020.12.16-07.56.41:750][  0]LogPackageLocalizationCache: Processed 10 localized package path(s) for 1 prioritized culture(s) in 0.024192 seconds
[2020.12.16-07.56.41:756][  0]LogUObjectArray: 46750 objects as part of root set at end of initial load.
[2020.12.16-07.56.41:756][  0]LogUObjectAllocator: 8137160 out of 0 bytes used by permanent object pool.
[2020.12.16-07.56.41:756][  0]LogUObjectArray: CloseDisregardForGC: 0/0 objects in disregard for GC pool
[2020.12.16-07.56.42:062][  0]LogTcpMessaging: Initializing TcpMessaging bridge
[2020.12.16-07.56.42:065][  0]LogUdpMessaging: Initializing bridge on interface 0.0.0.0:0 to multicast group 230.0.0.1:6666.
[2020.12.16-07.56.42:107][  0]SourceControl: Source control is disabled
[2020.12.16-07.56.42:107][  0]SourceControl: Source control is disabled
[2020.12.16-07.56.42:108][  0]SourceControl: Source control is disabled
[2020.12.16-07.56.42:109][  0]SourceControl: Source control is disabled
[2020.12.16-07.56.42:109][  0]SourceControl: Source control is disabled
[2020.12.16-07.56.42:166][  0]LogAndroidPermission: UAndroidPermissionCallbackProxy::GetInstance
[2020.12.16-07.56.42:173][  0]LogAudioCaptureCore: Display: No Audio Capture implementations found. Audio input will be silent.
[2020.12.16-07.56.42:173][  0]LogAudioCaptureCore: Display: No Audio Capture implementations found. Audio input will be silent.
[2020.12.16-07.56.42:243][  0]LogOcInput: OculusInput pre-init called
[2020.12.16-07.56.42:250][  0]LogWindows: Failed to load 'OVRPlugin.dll' (GetLastError=126)
[2020.12.16-07.56.42:250][  0]LogWindows: File 'OVRPlugin.dll' does not exist
[2020.12.16-07.56.42:308][  0]LogEngine: Initializing Engine...
[2020.12.16-07.56.42:309][  0]LogHMD: Failed to initialize OpenVR with code 110
[2020.12.16-07.56.42:310][  0]LogStats: UGameplayTagsManager::InitializeManager -  0.000 s
[2020.12.16-07.56.42:573][  0]LogInit: Initializing FReadOnlyCVARCache
[2020.12.16-07.56.42:579][  0]LogAIModule: Creating AISystem for world Untitled
[2020.12.16-07.56.42:587][  0]LogAudioMixer: Display: Audio Mixer Platform Settings:
[2020.12.16-07.56.42:587][  0]LogAudioMixer: Display: 	Sample Rate:						  48000
[2020.12.16-07.56.42:587][  0]LogAudioMixer: Display: 	Callback Buffer Frame Size Requested: 1024
[2020.12.16-07.56.42:587][  0]LogAudioMixer: Display: 	Callback Buffer Frame Size To Use:	  1024
[2020.12.16-07.56.42:587][  0]LogAudioMixer: Display: 	Number of buffers to queue:			  2
[2020.12.16-07.56.42:587][  0]LogAudioMixer: Display: 	Max Channels (voices):				  32
[2020.12.16-07.56.42:587][  0]LogAudioMixer: Display: 	Number of Async Source Workers:		  0
[2020.12.16-07.56.42:587][  0]LogAudio: Display: AudioDevice MaxSources: 32
[2020.12.16-07.56.42:587][  0]LogAudio: Display: Using built-in audio occlusion.
[2020.12.16-07.56.42:587][  0]LogAudioMixer: Display: Initializing audio mixer.
[2020.12.16-07.56.42:722][  0]LogAudioMixer: Display: Audio Device Output Speaker Info:
[2020.12.16-07.56.42:722][  0]LogAudioMixer: Display: Name: Kaiuttimet (Realtek(R) Audio)
[2020.12.16-07.56.42:722][  0]LogAudioMixer: Display: Is Default: Yes
[2020.12.16-07.56.42:722][  0]LogAudioMixer: Display: Sample Rate: 48000
[2020.12.16-07.56.42:722][  0]LogAudioMixer: Display: Channel Count Used: 2
[2020.12.16-07.56.42:722][  0]LogAudioMixer: Display: Device Channel Count: 2
[2020.12.16-07.56.42:722][  0]LogAudioMixer: Display: Channel Order:
[2020.12.16-07.56.42:722][  0]LogAudioMixer: Display: 0: FrontLeft
[2020.12.16-07.56.42:722][  0]LogAudioMixer: Display: 1: FrontRight
[2020.12.16-07.56.42:752][  0]LogAudioMixer: Display: Using Audio Device Kaiuttimet (Realtek(R) Audio)
[2020.12.16-07.56.42:754][  0]LogInit: FAudioDevice initialized.
[2020.12.16-07.56.42:755][  0]LogNetVersion: Set ProjectVersion to 1.0.0.0. Version Checksum will be recalculated on next use.
[2020.12.16-07.56.42:829][  0]LogDerivedDataCache: Saved boot cache 0.07s 78MB C:/Users/Miros/AppData/Local/UnrealEngine/4.24/DerivedDataCache/Boot.ddc.
[2020.12.16-07.56.42:830][  0]LogInit: Texture streaming: Enabled
[2020.12.16-07.56.42:839][  0]LogEngineSessionManager: EngineSessionManager initialized
[2020.12.16-07.56.42:839][  0]LogEditorSessionSummary: Verbose: Initializing EditorSessionSummaryWriter for editor session tracking
[2020.12.16-07.56.42:842][  0]LogEditorSessionSummary: EditorSessionSummaryWriter initialized
[2020.12.16-07.56.42:873][  0]LogInit: Transaction tracking system initialized
[2020.12.16-07.56.42:881][  0]BlueprintLog: New page: Editor Load
[2020.12.16-07.56.42:905][  0]LocalizationService: Localization service is disabled
[2020.12.16-07.56.43:114][  0]LogCook: Display: Max memory allowance for cook 16384mb min free memory 0mb
[2020.12.16-07.56.43:114][  0]LogCook: Display: Mobile HDR setting 1
[2020.12.16-07.56.43:176][  0]LogFileCache: Scanning file cache for directory 'E:/Lautturi/AutoBattlerProto/Content/' took 0.02s
[2020.12.16-07.56.43:652][  0]SourceControl: Source control is disabled
[2020.12.16-07.56.43:652][  0]Cmd: MAP LOAD FILE="E:/Lautturi/AutoBattlerProto/Content/TestingContent/Persistent.umap" TEMPLATE=0 SHOWPROGRESS=1 FEATURELEVEL=3
[2020.12.16-07.56.43:652][  0]LightingResults: New page: Lighting Build
[2020.12.16-07.56.43:653][  0]LogWorld: UWorld::CleanupWorld for Untitled, bSessionEnded=true, bCleanupResources=true
[2020.12.16-07.56.43:653][  0]LogSlate: InvalidateAllWidgets triggered.  All widgets were invalidated
[2020.12.16-07.56.43:653][  0]MapCheck: New page: Map Check
[2020.12.16-07.56.43:653][  0]LightingResults: New page: Lighting Build
[2020.12.16-07.56.43:687][  0]LogUObjectHash: Compacting FUObjectHashTables data took   1.63ms
[2020.12.16-07.56.43:699][  0]LogAIModule: Creating AISystem for world Persistent
[2020.12.16-07.56.43:700][  0]LogStreaming: Display: ULevelStreaming::RequestLevel(/Game/TestingContent/CombatLevel) is flushing async loading
[2020.12.16-07.56.43:700][  0]LogStreaming: Display: Flushing async loaders.
[2020.12.16-07.56.44:276][  0]LogStreaming: Display: ULevelStreaming::RequestLevel(/Game/TestingContent/PickingLevel) is flushing async loading
[2020.12.16-07.56.44:401][  0]LogEditorServer: Finished looking for orphan Actors (0.000 secs)
[2020.12.16-07.56.44:441][  0]LogUObjectHash: Compacting FUObjectHashTables data took   2.27ms
[2020.12.16-07.56.44:442][  0]Cmd: MAP CHECKDEP NOCLEARLOG
[2020.12.16-07.56.44:442][  0]MapCheck: Map check complete: 0 Error(s), 0 Warning(s), took 0,156ms to complete.
[2020.12.16-07.56.44:442][  0]LogFileHelpers: Loading map 'Persistent' took 0.790
[2020.12.16-07.56.45:410][  0]LogSlate: Updating window title bar state: overlay mode, drag disabled, window buttons hidden, title bar hidden
[2020.12.16-07.56.45:417][  0]LogSlate: Updating window title bar state: overlay mode, drag disabled, window buttons hidden, title bar hidden
[2020.12.16-07.56.45:422][  0]LogSlate: Updating window title bar state: overlay mode, drag disabled, window buttons hidden, title bar hidden
[2020.12.16-07.56.45:427][  0]LogSlate: Updating window title bar state: overlay mode, drag disabled, window buttons hidden, title bar hidden
[2020.12.16-07.56.45:435][  0]LogCollectionManager: Loaded 0 collections in 0.002576 seconds
[2020.12.16-07.56.45:448][  0]LogFileCache: Scanning file cache for directory 'E:/Lautturi/AutoBattlerProto/Saved/Collections/' took 0.00s
[2020.12.16-07.56.45:448][  0]LogFileCache: Scanning file cache for directory 'E:/Lautturi/AutoBattlerProto/Content/Developers/Miros/Collections/' took 0.00s
[2020.12.16-07.56.45:448][  0]LogFileCache: Scanning file cache for directory 'E:/Lautturi/AutoBattlerProto/Content/Collections/' took 0.00s
[2020.12.16-07.56.45:448][  0]LogContentBrowser: Native class hierarchy populated in 0.0083 seconds. Added 3034 classes and 722 folders.
[2020.12.16-07.56.45:450][  0]LogContentBrowser: Native class hierarchy updated for 'WidgetCarousel' in 0.0003 seconds. Added 0 classes and 0 folders.
[2020.12.16-07.56.45:498][  0]LogContentBrowser: Native class hierarchy updated for 'AddContentDialog' in 0.0004 seconds. Added 0 classes and 0 folders.
[2020.12.16-07.56.45:502][  0]LogContentBrowser: Native class hierarchy updated for 'SceneOutliner' in 0.0005 seconds. Added 2 classes and 3 folders.
[2020.12.16-07.56.45:596][  0]LogSlate: Took 0.000325 seconds to synchronously load lazily loaded font '../../../Engine/Content/Slate/Fonts/Roboto-Regular.ttf' (155K)
[2020.12.16-07.56.45:599][  0]LogSlate: Took 0.000168 seconds to synchronously load lazily loaded font '../../../Engine/Content/Slate/Fonts/Roboto-Bold.ttf' (160K)
[2020.12.16-07.56.45:603][  0]LogSlate: Took 0.000119 seconds to synchronously load lazily loaded font '../../../Engine/Content/Editor/Slate/Fonts/FontAwesome.ttf' (139K)
[2020.12.16-07.56.45:663][  0]LogRenderer: Reallocating scene render targets to support 1800x820 Format 10 NumSamples 1 (Frame:1).
[2020.12.16-07.56.45:741][  0]LogContentBrowser: Native class hierarchy updated for 'HierarchicalLODOutliner' in 0.0005 seconds. Added 0 classes and 0 folders.
[2020.12.16-07.56.45:741][  0]LogLoad: (Engine Initialization) Total time: 7.77 seconds
[2020.12.16-07.56.45:741][  0]LogLoad: (Engine Initialization) Total Blueprint compile time: 0.00 seconds
[2020.12.16-07.56.45:810][  0]LogAssetRegistry: Asset discovery search completed in 5.2593 seconds
[2020.12.16-07.56.45:813][  0]LogCollectionManager: Fixed up redirectors for 0 collections in 0.000005 seconds (updated 0 objects)
[2020.12.16-07.56.45:818][  0]LogContentStreaming: Texture pool size now 1000 MB
[2020.12.16-07.56.47:892][238]LogSlate: Window 'Message Log' being destroyed
[2020.12.16-07.56.47:896][238]LogSlate: Window 'Message Log' being destroyed
[2020.12.16-07.56.50:292][520]LogSlate: Took 0.000190 seconds to synchronously load lazily loaded font '../../../Engine/Content/Slate/Fonts/Roboto-Light.ttf' (167K)
[2020.12.16-07.56.50:303][520]LogAssetEditorSubsystem: Opening Asset editor for Blueprint /Game/TestingContent/UITEST/WidgetDrag.WidgetDrag
[2020.12.16-07.56.50:442][520]LogContentBrowser: Native class hierarchy updated for 'BlueprintGraph' in 0.0007 seconds. Added 121 classes and 0 folders.
[2020.12.16-07.56.51:072][520]LogSlate: Took 0.000198 seconds to synchronously load lazily loaded font '../../../Engine/Content/Slate/Fonts/Roboto-BoldCondensed.ttf' (158K)
[2020.12.16-07.56.53:172][765]LogSlate: Took 0.000336 seconds to synchronously load lazily loaded font '../../../Engine/Content/Slate/Fonts/Roboto-Italic.ttf' (157K)
[2020.12.16-07.56.57:650][274]LogBlueprint: Warning: Reparenting blueprint Blueprint /Game/TestingContent/UITEST/WidgetDrag.WidgetDrag from DragDropOperation to DragDrop...
[2020.12.16-07.56.57:653][274]BlueprintLog: New page: Compile WidgetDrag
[2020.12.16-07.56.57:699][274]LogUObjectHash: Compacting FUObjectHashTables data took   3.37ms
[2020.12.16-07.56.59:140][437]Cmd: OBJ SAVEPACKAGE PACKAGE="/Game/TestingContent/UITEST/WidgetDrag" FILE="E:/Lautturi/AutoBattlerProto/Content/TestingContent/UITEST/WidgetDrag.uasset" SILENT=true
[2020.12.16-07.56.59:144][437]LogSavePackage: Moving 'E:/Lautturi/AutoBattlerProto/Saved/WidgetDragC32804724903A92C77E6E2879899DAC9.tmp' to 'E:/Lautturi/AutoBattlerProto/Content/TestingContent/UITEST/WidgetDrag.uasset'
[2020.12.16-07.56.59:144][437]LogFileManager: Warning: DeleteFile was unable to delete 'E:/Lautturi/AutoBattlerProto/Content/TestingContent/UITEST/WidgetDrag.uasset', retrying in .5s...
[2020.12.16-07.56.59:645][437]LogFileManager: Error: Error deleting file 'E:/Lautturi/AutoBattlerProto/Content/TestingContent/UITEST/WidgetDrag.uasset'.
[2020.12.16-07.56.59:645][437]LogSavePackage: Error: Error saving 'E:/Lautturi/AutoBattlerProto/Content/TestingContent/UITEST/WidgetDrag.uasset'
[2020.12.16-07.57.04:455][437]LogSlate: Window 'Message' being destroyed
[2020.12.16-07.57.04:476][437]EditorErrors: New page: Save Output
[2020.12.16-07.57.04:476][437]EditorErrors: Warning: Error saving 'E:/Lautturi/AutoBattlerProto/Content/TestingContent/UITEST/WidgetDrag.uasset'
[2020.12.16-07.57.05:562][437]LogSlate: Window 'Packages Failed To Save' being destroyed
[2020.12.16-07.57.06:597][560]LogSlate: Window 'Message Log' being destroyed
[2020.12.16-07.57.06:601][560]LogSlate: Window 'Message Log' being destroyed
[2020.12.16-07.57.07:580][671]LogSlate: Window 'WidgetDrag' being destroyed
[2020.12.16-07.57.13:004][304]LogUObjectHash: Compacting FUObjectHashTables data took   2.74ms
[2020.12.16-07.57.14:262][304]LogSlate: Window 'Delete Assets' being destroyed
[2020.12.16-07.57.14:765][304]LogWorld: UWorld::CleanupWorld for World_2, bSessionEnded=true, bCleanupResources=true
[2020.12.16-07.57.14:765][304]LogSlate: InvalidateAllWidgets triggered.  All widgets were invalidated
[2020.12.16-07.57.14:797][304]LogUObjectGlobals: Force Deleting 1 Package(s):
	Asset Name: /Game/TestingContent/UITEST/WidgetDrag.WidgetDrag
[2020.12.16-07.57.15:978][304]LogUObjectHash: Compacting FUObjectHashTables data took   2.74ms
[2020.12.16-07.57.16:025][304]LogUObjectHash: Compacting FUObjectHashTables data took   2.43ms
[2020.12.16-07.57.16:070][304]LogUObjectHash: Compacting FUObjectHashTables data took   1.04ms
[2020.12.16-07.57.16:070][304]LogFileManager: Warning: Error deleting file: E:/Lautturi/AutoBattlerProto/Content/TestingContent/UITEST/WidgetDrag.uasset (Error Code 32)
[2020.12.16-07.57.18:011][515]LogSlate: Warning: Slate: Had to block on waiting for a draw buffer
[2020.12.16-07.57.21:876][515]LogSlate: Window 'Pick Parent Class' being destroyed
[2020.12.16-07.57.31:808][965]LogSlate: Window 'Message' being destroyed
[2020.12.16-07.57.34:819][965]LogSlate: Window 'Message' being destroyed
[2020.12.16-07.57.36:301][965]LogSlate: Window 'Message' being destroyed
[2020.12.16-07.57.48:701][402]LogUObjectHash: Compacting FUObjectHashTables data took   3.19ms
[2020.12.16-07.57.49:607][402]LogUObjectHash: Compacting FUObjectHashTables data took   2.26ms
[2020.12.16-07.57.49:659][402]LogUObjectHash: Compacting FUObjectHashTables data took   2.38ms
[2020.12.16-07.57.49:704][402]LogUObjectHash: Compacting FUObjectHashTables data took   0.94ms
[2020.12.16-07.57.50:914][542]LogSlate: Window 'Message Log' being destroyed
[2020.12.16-07.57.50:918][542]LogSlate: Window 'Message Log' being destroyed
[2020.12.16-07.57.58:272][407]LogUObjectHash: Compacting FUObjectHashTables data took   2.51ms
[2020.12.16-07.57.59:695][407]LogSlate: Window 'Delete Assets' being destroyed
[2020.12.16-07.57.59:805][407]LogUObjectHash: Compacting FUObjectHashTables data took   2.49ms
[2020.12.16-07.57.59:852][407]LogUObjectHash: Compacting FUObjectHashTables data took   2.34ms
[2020.12.16-07.57.59:898][407]LogUObjectHash: Compacting FUObjectHashTables data took   1.02ms
[2020.12.16-07.57.59:899][407]LogFileManager: Warning: Error deleting file: E:/Lautturi/AutoBattlerProto/Content/TestingContent/UITEST/WidgetDrag.uasset (Error Code 32)
[2020.12.16-07.58.01:471][574]LogSlate: Warning: Slate: Had to block on waiting for a draw buffer
[2020.12.16-07.58.04:939][574]LogSlate: Window 'Pick Parent Class' being destroyed
[2020.12.16-07.58.13:021][538]LogAssetEditorSubsystem: Opening Asset editor for Blueprint /Game/TestingContent/UITEST/WidgetDragDrop.WidgetDragDrop
[2020.12.16-07.58.15:197][762]Cmd: OBJ SAVEPACKAGE PACKAGE="/Game/TestingContent/UITEST/WidgetDragDrop" FILE="E:/Lautturi/AutoBattlerProto/Content/TestingContent/UITEST/WidgetDragDrop.uasset" SILENT=true
[2020.12.16-07.58.15:199][762]LogSavePackage: Moving 'E:/Lautturi/AutoBattlerProto/Saved/WidgetDragDropA247DBA146501C952D677DB4F38E7DCF.tmp' to 'E:/Lautturi/AutoBattlerProto/Content/TestingContent/UITEST/WidgetDragDrop.uasset'
[2020.12.16-07.58.15:218][762]AssetCheck: New page: Asset Save: WidgetDragDrop
[2020.12.16-07.58.15:218][762]LogContentValidation: Display: Validating Blueprint /Game/TestingContent/UITEST/WidgetDragDrop.WidgetDragDrop
[2020.12.16-08.06.19:880][558]LogHotReload: New module detected: UE4Editor-AutoBattlerProto-0004.dll
[2020.12.16-08.06.20:898][562]LogHotReload: Starting Hot-Reload from IDE
[2020.12.16-08.06.20:957][562]LogUObjectHash: Compacting FUObjectHashTables data took   2.96ms
[2020.12.16-08.06.20:986][562]LogClass: Could not find existing class DragDrop in package /Script/AutoBattlerProto for HotReload, assuming new class
[2020.12.16-08.06.21:004][562]LogClass: CharacterData HotReload.
[2020.12.16-08.06.21:004][562]LogClass: ETurnEnum HotReload.
[2020.12.16-08.06.21:004][562]LogClass: EAffectRange HotReload.
[2020.12.16-08.06.21:004][562]LogClass: ESkillType HotReload.
[2020.12.16-08.06.21:004][562]LogClass: FerrySoulSpot HotReload.
[2020.12.16-08.06.21:004][562]LogClass: DraggableParams HotReload.
[2020.12.16-08.06.21:016][562]LogHotReload: Re-instancing DragDrop after hot-reload.
[2020.12.16-08.06.21:217][562]LogContentBrowser: Native class hierarchy updated for 'AutoBattlerProto' in 0.0007 seconds. Added 17 classes and 2 folders.
[2020.12.16-08.06.21:222][562]Display: HotReload successful (28 functions remapped  3 scriptstructs remapped)
[2020.12.16-08.06.21:310][562]LogUObjectHash: Compacting FUObjectHashTables data took   2.78ms
[2020.12.16-08.06.21:325][562]LogContentBrowser: Native class hierarchy populated in 0.0079 seconds. Added 3036 classes and 725 folders.
[2020.12.16-08.06.21:328][562]Display: HotReload took  0.4s.
[2020.12.16-08.06.25:907][677]LogSlate: Window 'WidgetDragDrop' being destroyed
[2020.12.16-08.06.25:911][677]LogSlate: Window 'WidgetDragDrop' being destroyed
[2020.12.16-08.06.25:917][677]LogWorld: UWorld::CleanupWorld for World_3, bSessionEnded=true, bCleanupResources=true
[2020.12.16-08.06.25:917][677]LogSlate: InvalidateAllWidgets triggered.  All widgets were invalidated
[2020.12.16-08.06.27:215][826]LogAssetEditorSubsystem: Opening Asset editor for Blueprint /Game/TestingContent/UITEST/WidgetDragDrop.WidgetDragDrop
[2020.12.16-08.06.31:095][243]LogSlate: Prevented a slow task dialog from being summoned while a context menu was open
[2020.12.16-08.06.34:900][692]LogSlate: Window 'WidgetDragDrop' being destroyed
[2020.12.16-08.06.34:907][692]LogWorld: UWorld::CleanupWorld for World_4, bSessionEnded=true, bCleanupResources=true
[2020.12.16-08.06.34:907][692]LogSlate: InvalidateAllWidgets triggered.  All widgets were invalidated
[2020.12.16-08.06.34:958][692]LogAssetEditorSubsystem: Opening Asset editor for Blueprint /Game/TestingContent/UITEST/WidgetDragDrop.WidgetDragDrop
[2020.12.16-08.07.32:686][159]LogHotReload: New module detected: UE4Editor-AutoBattlerProto-0005.dll
[2020.12.16-08.07.33:702][163]LogHotReload: Starting Hot-Reload from IDE
[2020.12.16-08.07.33:801][163]LogUObjectHash: Compacting FUObjectHashTables data took   3.86ms
[2020.12.16-08.07.33:833][163]LogClass: Could not find existing class DragDrop in package /Script/AutoBattlerProto for HotReload, assuming new class
[2020.12.16-08.07.33:857][163]LogClass: CharacterData HotReload.
[2020.12.16-08.07.33:857][163]LogClass: ETurnEnum HotReload.
[2020.12.16-08.07.33:857][163]LogClass: EAffectRange HotReload.
[2020.12.16-08.07.33:857][163]LogClass: ESkillType HotReload.
[2020.12.16-08.07.33:857][163]LogClass: FerrySoulSpot HotReload.
[2020.12.16-08.07.33:857][163]LogClass: DraggableParams HotReload.
[2020.12.16-08.07.33:869][163]LogHotReload: Re-instancing DragDrop after hot-reload.
[2020.12.16-08.07.34:103][163]LogContentBrowser: Native class hierarchy updated for 'AutoBattlerProto' in 0.0006 seconds. Added 17 classes and 2 folders.
[2020.12.16-08.07.34:109][163]Display: HotReload successful (28 functions remapped  3 scriptstructs remapped)
[2020.12.16-08.07.34:215][163]LogUObjectHash: Compacting FUObjectHashTables data took   3.33ms
[2020.12.16-08.07.34:230][163]LogContentBrowser: Native class hierarchy populated in 0.0080 seconds. Added 3036 classes and 725 folders.
[2020.12.16-08.07.34:233][163]Display: HotReload took  0.5s.
[2020.12.16-08.08.12:451][277]LogHotReload: New module detected: UE4Editor-AutoBattlerProto-0006.dll
[2020.12.16-08.08.13:475][281]LogHotReload: Starting Hot-Reload from IDE
[2020.12.16-08.08.13:557][281]LogUObjectHash: Compacting FUObjectHashTables data took   3.66ms
[2020.12.16-08.08.13:592][281]LogClass: Could not find existing class DragWidget in package /Script/AutoBattlerProto for HotReload, assuming new class
[2020.12.16-08.08.13:615][281]LogClass: CharacterData HotReload.
[2020.12.16-08.08.13:615][281]LogClass: ETurnEnum HotReload.
[2020.12.16-08.08.13:615][281]LogClass: EAffectRange HotReload.
[2020.12.16-08.08.13:615][281]LogClass: ESkillType HotReload.
[2020.12.16-08.08.13:615][281]LogClass: FerrySoulSpot HotReload.
[2020.12.16-08.08.13:615][281]LogClass: DraggableParams HotReload.
[2020.12.16-08.08.13:628][281]LogHotReload: Re-instancing DragWidget after hot-reload.
[2020.12.16-08.08.13:829][281]LogContentBrowser: Native class hierarchy updated for 'AutoBattlerProto' in 0.0006 seconds. Added 17 classes and 2 folders.
[2020.12.16-08.08.13:835][281]Display: HotReload successful (28 functions remapped  3 scriptstructs remapped)
[2020.12.16-08.08.13:916][281]LogUObjectHash: Compacting FUObjectHashTables data took   3.82ms
[2020.12.16-08.08.13:930][281]LogContentBrowser: Native class hierarchy populated in 0.0081 seconds. Added 3036 classes and 725 folders.
[2020.12.16-08.08.13:933][281]Display: HotReload took  0.5s.
[2020.12.16-08.10.35:294][510]LogHotReload: New module detected: UE4Editor-AutoBattlerProto-0007.dll
[2020.12.16-08.10.36:316][514]LogHotReload: Starting Hot-Reload from IDE
[2020.12.16-08.10.36:409][514]LogUObjectHash: Compacting FUObjectHashTables data took   4.30ms
[2020.12.16-08.10.36:475][514]LogClass: CharacterData HotReload.
[2020.12.16-08.10.36:475][514]LogClass: ETurnEnum HotReload.
[2020.12.16-08.10.36:475][514]LogClass: EAffectRange HotReload.
[2020.12.16-08.10.36:475][514]LogClass: ESkillType HotReload.
[2020.12.16-08.10.36:475][514]LogClass: FerrySoulSpot HotReload.
[2020.12.16-08.10.36:475][514]LogClass: DraggableParams HotReload.
[2020.12.16-08.10.36:486][514]LogContentBrowser: Native class hierarchy updated for 'AutoBattlerProto' in 0.0006 seconds. Added 17 classes and 2 folders.
[2020.12.16-08.10.36:492][514]Display: HotReload successful (28 functions remapped  3 scriptstructs remapped)
[2020.12.16-08.10.36:582][514]LogUObjectHash: Compacting FUObjectHashTables data took   3.90ms
[2020.12.16-08.10.36:596][514]LogContentBrowser: Native class hierarchy populated in 0.0081 seconds. Added 3036 classes and 725 folders.
[2020.12.16-08.10.36:599][514]Display: HotReload took  0.3s.
[2020.12.16-08.10.40:331][659]LogSlate: Window 'WidgetDragDrop' being destroyed
[2020.12.16-08.20.19:009][458]LogAIModule: Creating AISystem for world UIDragTest
[2020.12.16-08.20.19:009][458]LogAssetEditorSubsystem: Opening Asset editor for World /Game/TestingContent/UIDragTest.UIDragTest
[2020.12.16-08.20.19:093][458]LogUObjectHash: Compacting FUObjectHashTables data took   5.20ms
[2020.12.16-08.20.19:097][458]Cmd: MAP LOAD FILE="E:/Lautturi/AutoBattlerProto/Content/TestingContent/UIDragTest.umap" TEMPLATE=0 SHOWPROGRESS=1 FEATURELEVEL=3
[2020.12.16-08.20.19:097][458]LightingResults: New page: Lighting Build
[2020.12.16-08.20.19:098][458]LoadErrors: New page: Loading map: UIDragTest.umap
[2020.12.16-08.20.19:099][458]LogWorld: UWorld::CleanupWorld for Persistent, bSessionEnded=true, bCleanupResources=true
[2020.12.16-08.20.19:099][458]LogSlate: InvalidateAllWidgets triggered.  All widgets were invalidated
[2020.12.16-08.20.19:099][458]LogWorld: UWorld::CleanupWorld for CombatLevel, bSessionEnded=true, bCleanupResources=true
[2020.12.16-08.20.19:099][458]LogSlate: InvalidateAllWidgets triggered.  All widgets were invalidated
[2020.12.16-08.20.19:099][458]LogWorld: UWorld::CleanupWorld for PickingLevel, bSessionEnded=true, bCleanupResources=true
[2020.12.16-08.20.19:099][458]LogSlate: InvalidateAllWidgets triggered.  All widgets were invalidated
[2020.12.16-08.20.19:100][458]MapCheck: New page: Map Check
[2020.12.16-08.20.19:100][458]LightingResults: New page: Lighting Build
[2020.12.16-08.20.19:164][458]LogUObjectHash: Compacting FUObjectHashTables data took   4.01ms
[2020.12.16-08.20.19:235][458]LogEditorServer: Finished looking for orphan Actors (0.000 secs)
[2020.12.16-08.20.19:283][458]LogUObjectHash: Compacting FUObjectHashTables data took   2.96ms
[2020.12.16-08.20.19:295][458]Cmd: MAP CHECKDEP NOCLEARLOG
[2020.12.16-08.20.19:295][458]MapCheck: Map check complete: 0 Error(s), 0 Warning(s), took 0,065ms to complete.
[2020.12.16-08.20.19:295][458]LogFileHelpers: Loading map 'UIDragTest' took 0.199
[2020.12.16-08.20.19:360][458]LogUObjectHash: Compacting FUObjectHashTables data took   1.04ms
[2020.12.16-08.20.20:192][554]LogTemp: Repeating last play command: Selected Viewport
[2020.12.16-08.20.20:207][554]LogBlueprintUserMessages: Early PlayInEditor Detection: Level '/Game/TestingContent/UIDragTest.UIDragTest:PersistentLevel' has LevelScriptBlueprint '/Game/TestingContent/UIDragTest.UIDragTest:PersistentLevel.UIDragTest' with GeneratedClass '/Game/TestingContent/UIDragTest.UIDragTest_C' with ClassGeneratedBy '/Game/TestingContent/UIDragTest.UIDragTest:PersistentLevel.UIDragTest'
[2020.12.16-08.20.20:207][554]LogPlayLevel: PlayLevel: No blueprints needed recompiling
[2020.12.16-08.20.20:207][554]PIE: New page: PIE session: UIDragTest (16.12.2020 klo 12.20.20)
[2020.12.16-08.20.20:208][554]LogOnline: OSS: Creating online subsystem instance for: NULL
[2020.12.16-08.20.20:209][554]LogOnline: OSS: TryLoadSubsystemAndSetDefault: Loaded subsystem for module [NULL]
[2020.12.16-08.20.20:211][554]LogPlayLevel: Creating play world package: /Game/TestingContent/UEDPIE_0_UIDragTest
[2020.12.16-08.20.20:212][554]LogPlayLevel: PIE: StaticDuplicateObject took: (0.001158s)
[2020.12.16-08.20.20:213][554]LogAIModule: Creating AISystem for world UIDragTest
[2020.12.16-08.20.20:213][554]LogPlayLevel: PIE: World Init took: (0.000766s)
[2020.12.16-08.20.20:213][554]LogPlayLevel: PIE: Created PIE world by copying editor world from /Game/TestingContent/UIDragTest.UIDragTest to /Game/TestingContent/UEDPIE_0_UIDragTest.UIDragTest (0.002089s)
[2020.12.16-08.20.20:256][554]LogUObjectHash: Compacting FUObjectHashTables data took   2.90ms
[2020.12.16-08.20.20:257][554]LogAudioMixer: Display: Audio Mixer Platform Settings:
[2020.12.16-08.20.20:257][554]LogAudioMixer: Display: 	Sample Rate:						  48000
[2020.12.16-08.20.20:257][554]LogAudioMixer: Display: 	Callback Buffer Frame Size Requested: 1024
[2020.12.16-08.20.20:257][554]LogAudioMixer: Display: 	Callback Buffer Frame Size To Use:	  1024
[2020.12.16-08.20.20:257][554]LogAudioMixer: Display: 	Number of buffers to queue:			  2
[2020.12.16-08.20.20:257][554]LogAudioMixer: Display: 	Max Channels (voices):				  32
[2020.12.16-08.20.20:257][554]LogAudioMixer: Display: 	Number of Async Source Workers:		  0
[2020.12.16-08.20.20:257][554]LogAudio: Display: AudioDevice MaxSources: 32
[2020.12.16-08.20.20:257][554]LogAudio: Display: Using built-in audio occlusion.
[2020.12.16-08.20.20:257][554]LogAudioMixer: Display: Initializing audio mixer.
[2020.12.16-08.20.20:383][554]LogAudioMixer: Display: Audio Device Output Speaker Info:
[2020.12.16-08.20.20:383][554]LogAudioMixer: Display: Name: Kaiuttimet (Realtek(R) Audio)
[2020.12.16-08.20.20:383][554]LogAudioMixer: Display: Is Default: Yes
[2020.12.16-08.20.20:383][554]LogAudioMixer: Display: Sample Rate: 48000
[2020.12.16-08.20.20:383][554]LogAudioMixer: Display: Channel Count Used: 2
[2020.12.16-08.20.20:383][554]LogAudioMixer: Display: Device Channel Count: 2
[2020.12.16-08.20.20:383][554]LogAudioMixer: Display: Channel Order:
[2020.12.16-08.20.20:383][554]LogAudioMixer: Display: 0: FrontLeft
[2020.12.16-08.20.20:383][554]LogAudioMixer: Display: 1: FrontRight
[2020.12.16-08.20.20:404][554]LogAudioMixer: Display: Using Audio Device Kaiuttimet (Realtek(R) Audio)
[2020.12.16-08.20.20:405][554]LogInit: FAudioDevice initialized.
[2020.12.16-08.20.20:411][554]LogLinker: Warning: Failed to load '/Game/TestingContent/LautturiGameModeBase_BP': Can't find file.
[2020.12.16-08.20.20:411][554]LogLinker: Warning: Failed to load '/Game/TestingContent/LautturiGameModeBase_BP': Can't find file.
[2020.12.16-08.20.20:411][554]LogUObjectGlobals: Warning: Failed to find object 'Class /Game/TestingContent/LautturiGameModeBase_BP.LautturiGameModeBase_BP_C'
[2020.12.16-08.20.20:411][554]LogLoad: Game class is 'GameModeBase'
[2020.12.16-08.20.20:413][554]LogWorld: Bringing World /Game/TestingContent/UEDPIE_0_UIDragTest.UIDragTest up for play (max tick rate 0) at 2020.12.16-10.20.20
[2020.12.16-08.20.20:413][554]LogWorld: Bringing up level for play took: 0.000445
[2020.12.16-08.20.20:413][554]LogOnline: OSS: Creating online subsystem instance for: :Context_7
[2020.12.16-08.20.20:437][554]LogContentBrowser: Native class hierarchy updated for 'MovieSceneCapture' in 0.0005 seconds. Added 20 classes and 0 folders.
[2020.12.16-08.20.20:442][554]PIE: Play in editor start time for /Game/TestingContent/UEDPIE_0_UIDragTest −0,046
[2020.12.16-08.20.20:442][554]LogBlueprintUserMessages: Late PlayInEditor Detection: Level '/Game/TestingContent/UIDragTest.UIDragTest:PersistentLevel' has LevelScriptBlueprint '/Game/TestingContent/UIDragTest.UIDragTest:PersistentLevel.UIDragTest' with GeneratedClass '/Game/TestingContent/UIDragTest.UIDragTest_C' with ClassGeneratedBy '/Game/TestingContent/UIDragTest.UIDragTest:PersistentLevel.UIDragTest'
[2020.12.16-08.20.21:451][641]LogSlate: Took 0.000190 seconds to synchronously load lazily loaded font '../../../Engine/Content/Slate/Fonts/DroidSansMono.ttf' (77K)
[2020.12.16-08.20.24:023][943]LogTemp: Warning: MouseDown
[2020.12.16-08.20.24:073][949]LogTemp: Warning: Drag
[2020.12.16-08.20.32:428][949]LogWindows: Error: === Critical error: ===
[2020.12.16-08.20.32:428][949]LogWindows: Error: 
[2020.12.16-08.20.32:428][949]LogWindows: Error: Fatal error!
[2020.12.16-08.20.32:428][949]LogWindows: Error: 
[2020.12.16-08.20.32:428][949]LogWindows: Error: Unhandled Exception: EXCEPTION_ACCESS_VIOLATION writing address 0x00000050
[2020.12.16-08.20.32:428][949]LogWindows: Error: 
[2020.12.16-08.20.32:428][949]LogWindows: Error: [Callstack] 0x00007ff83b647b69 UE4Editor-AutoBattlerProto-0007.dll!UCharacterDataWidget::NativeOnDragDetected() [e:\lautturi\autobattlerproto\source\lautturi\characterdatawidget.cpp:30]
[2020.12.16-08.20.32:428][949]LogWindows: Error: [Callstack] 0x00007ffffbc43ec7 UE4Editor-UMG.dll!SObjectWidget::OnDragDetected() [d:\build\++ue4\sync\engine\source\runtime\umg\private\slate\sobjectwidget.cpp:359]
[2020.12.16-08.20.32:428][949]LogWindows: Error: [Callstack] 0x00007ff818ca2652 UE4Editor-Slate.dll!FEventRouter::Route<FReply,FEventRouter::FDirectPolicy,FPointerEvent,<lambda_8483a8b683243fbc3386976f40877333> >() [d:\build\++ue4\sync\engine\source\runtime\slate\private\framework\application\slateapplication.cpp:372]
[2020.12.16-08.20.32:428][949]LogWindows: Error: [Callstack] 0x00007ff818d2834f UE4Editor-Slate.dll!FSlateApplication::RoutePointerMoveEvent() [d:\build\++ue4\sync\engine\source\runtime\slate\private\framework\application\slateapplication.cpp:4771]
[2020.12.16-08.20.32:428][949]LogWindows: Error: [Callstack] 0x00007ff818d14ae5 UE4Editor-Slate.dll!FSlateApplication::ProcessMouseMoveEvent() [d:\build\++ue4\sync\engine\source\runtime\slate\private\framework\application\slateapplication.cpp:5370]
[2020.12.16-08.20.32:428][949]LogWindows: Error: [Callstack] 0x00007ff818d08ce2 UE4Editor-Slate.dll!FSlateApplication::OnMouseMove() [d:\build\++ue4\sync\engine\source\runtime\slate\private\framework\application\slateapplication.cpp:5298]
[2020.12.16-08.20.32:428][949]LogWindows: Error: [Callstack] 0x00007ff82d764ae7 UE4Editor-ApplicationCore.dll!FWindowsApplication::ProcessDeferredMessage() [d:\build\++ue4\sync\engine\source\runtime\applicationcore\private\windows\windowsapplication.cpp:1996]
[2020.12.16-08.20.32:428][949]LogWindows: Error: [Callstack] 0x00007ff82d75242f UE4Editor-ApplicationCore.dll!FWindowsApplication::DeferMessage() [d:\build\++ue4\sync\engine\source\runtime\applicationcore\private\windows\windowsapplication.cpp:2410]
[2020.12.16-08.20.32:428][949]LogWindows: Error: [Callstack] 0x00007ff82d767195 UE4Editor-ApplicationCore.dll!FWindowsApplication::ProcessMessage() [d:\build\++ue4\sync\engine\source\runtime\applicationcore\private\windows\windowsapplication.cpp:1638]
[2020.12.16-08.20.32:428][949]LogWindows: Error: [Callstack] 0x00007ff82d74ec40 UE4Editor-ApplicationCore.dll!FWindowsApplication::AppWndProc() [d:\build\++ue4\sync\engine\source\runtime\applicationcore\private\windows\windowsapplication.cpp:789]
[2020.12.16-08.20.32:428][949]LogWindows: Error: [Callstack] 0x00007ff8637ce858 USER32.dll!UnknownFunction []
[2020.12.16-08.20.32:428][949]LogWindows: Error: [Callstack] 0x00007ff8637ce299 USER32.dll!UnknownFunction []
[2020.12.16-08.20.32:428][949]LogWindows: Error: [Callstack] 0x00007ff82d768699 UE4Editor-ApplicationCore.dll!FWindowsPlatformApplicationMisc::PumpMessages() [d:\build\++ue4\sync\engine\source\runtime\applicationcore\private\windows\windowsplatformapplicationmisc.cpp:130]
[2020.12.16-08.20.32:428][949]LogWindows: Error: [Callstack] 0x00007ff694266db0 UE4Editor.exe!FEngineLoop::Tick() [d:\build\++ue4\sync\engine\source\runtime\launch\private\launchengineloop.cpp:4397]
[2020.12.16-08.20.32:428][949]LogWindows: Error: [Callstack] 0x00007ff69427c3ec UE4Editor.exe!GuardedMain() [d:\build\++ue4\sync\engine\source\runtime\launch\private\launch.cpp:173]
[2020.12.16-08.20.32:428][949]LogWindows: Error: [Callstack] 0x00007ff69427c4ca UE4Editor.exe!GuardedMainWrapper() [d:\build\++ue4\sync\engine\source\runtime\launch\private\windows\launchwindows.cpp:134]
[2020.12.16-08.20.32:428][949]LogWindows: Error: [Callstack] 0x00007ff69428ceae UE4Editor.exe!WinMain() [d:\build\++ue4\sync\engine\source\runtime\launch\private\windows\launchwindows.cpp:263]
[2020.12.16-08.20.32:428][949]LogWindows: Error: [Callstack] 0x00007ff69428fcbe UE4Editor.exe!__scrt_common_main_seh() [d:\agent\_work\2\s\src\vctools\crt\vcstartup\src\startup\exe_common.inl:288]
[2020.12.16-08.20.32:428][949]LogWindows: Error: [Callstack] 0x00007ff862c97034 KERNEL32.DLL!UnknownFunction []
[2020.12.16-08.20.32:428][949]LogWindows: Error: [Callstack] 0x00007ff863edd0d1 ntdll.dll!UnknownFunction []
[2020.12.16-08.20.32:428][949]LogWindows: Error: 
[2020.12.16-08.20.32:438][949]LogExit: Executing StaticShutdownAfterError
[2020.12.16-08.20.32:442][949]LogWindows: FPlatformMisc::RequestExit(1)
[2020.12.16-08.20.32:442][949]LogCore: Engine exit requested (reason: Win RequestExit)
[2020.12.16-08.20.32:455][949]Log file closed, 12/16/20 10:20:32
