Log file open, 12/09/20 10:33:04
LogWindows: Failed to load 'aqProf.dll' (GetLastError=126)
LogWindows: File 'aqProf.dll' does not exist
LogWindows: Failed to load 'VtuneApi.dll' (GetLastError=126)
LogWindows: File 'VtuneApi.dll' does not exist
LogWindows: Failed to load 'VtuneApi32e.dll' (GetLastError=126)
LogWindows: File 'VtuneApi32e.dll' does not exist
LogConsoleResponse: Display: Failed to find resolution value strings in scalability ini. Falling back to default.
LogInit: Display: Running engine for game: AutoBattlerProto
LogPlatformFile: Not using cached read wrapper
LogTaskGraph: Started task graph with 5 named threads and 71 total threads with 3 sets of task threads.
LogStats: Stats thread started at 0.061678
LogD3D11RHI: Loaded GFSDK_Aftermath_Lib.x64.dll
LogICUInternationalization: ICU TimeZone Detection - Raw Offset: +2:00, Platform Override: ''
LogPluginManager: Mounting plugin Paper2D
LogPluginManager: Mounting plugin AISupport
LogPluginManager: Mounting plugin LightPropagationVolume
LogPluginManager: Mounting plugin ActorLayerUtilities
LogPluginManager: Mounting plugin AnimationSharing
LogPluginManager: Mounting plugin CLionSourceCodeAccess
LogPluginManager: Mounting plugin CodeLiteSourceCodeAccess
LogPluginManager: Mounting plugin GitSourceControl
LogPluginManager: Mounting plugin KDevelopSourceCodeAccess
LogPluginManager: Mounting plugin NullSourceCodeAccess
LogPluginManager: Mounting plugin PerforceSourceControl
LogPluginManager: Mounting plugin PlasticSourceControl
LogPluginManager: Mounting plugin SubversionSourceControl
LogPluginManager: Mounting plugin UObjectPlugin
LogPluginManager: Mounting plugin VisualStudioCodeSourceCodeAccess
LogPluginManager: Mounting plugin VisualStudioSourceCodeAccess
LogPluginManager: Mounting plugin XCodeSourceCodeAccess
LogPluginManager: Mounting plugin AssetManagerEditor
LogPluginManager: Mounting plugin CryptoKeys
LogPluginManager: Mounting plugin CurveEditorTools
LogPluginManager: Mounting plugin DataValidation
LogPluginManager: Mounting plugin FacialAnimation
LogPluginManager: Mounting plugin GameplayTagsEditor
LogPluginManager: Mounting plugin MacGraphicsSwitching
LogPluginManager: Mounting plugin MaterialAnalyzer
LogPluginManager: Mounting plugin MobileLauncherProfileWizard
LogPluginManager: Mounting plugin PluginBrowser
LogPluginManager: Mounting plugin SpeedTreeImporter
LogPluginManager: Mounting plugin DatasmithContent
LogPluginManager: Mounting plugin VariantManagerContent
LogPluginManager: Mounting plugin AlembicImporter
LogPluginManager: Mounting plugin AutomationUtils
LogPluginManager: Mounting plugin BackChannel
LogPluginManager: Mounting plugin CharacterAI
LogPluginManager: Mounting plugin GeometryCache
LogPluginManager: Mounting plugin PlatformCrypto
LogPluginManager: Mounting plugin ProxyLODPlugin
LogPluginManager: Mounting plugin SkeletalReduction
LogPluginManager: Mounting plugin MagicLeap
LogPluginManager: Mounting plugin MagicLeapMedia
LogPluginManager: Mounting plugin MLSDK
LogPluginManager: Mounting plugin AndroidMedia
LogPluginManager: Mounting plugin AvfMedia
LogPluginManager: Mounting plugin ImgMedia
LogPluginManager: Mounting plugin MediaCompositing
LogPluginManager: Mounting plugin MediaPlayerEditor
LogPluginManager: Mounting plugin WebMMedia
LogPluginManager: Mounting plugin WmfMedia
LogPluginManager: Mounting plugin TcpMessaging
LogPluginManager: Mounting plugin UdpMessaging
LogPluginManager: Mounting plugin ActorSequence
LogPluginManager: Mounting plugin LevelSequenceEditor
LogPluginManager: Mounting plugin MatineeToLevelSequence
LogPluginManager: Mounting plugin NetcodeUnitTest
LogPluginManager: Mounting plugin NUTUnrealEngine4
LogPluginManager: Mounting plugin OnlineSubsystemGooglePlay
LogPluginManager: Mounting plugin OnlineSubsystemIOS
LogPluginManager: Mounting plugin OnlineSubsystem
LogPluginManager: Mounting plugin OnlineSubsystemNull
LogPluginManager: Mounting plugin OnlineSubsystemUtils
LogPluginManager: Mounting plugin LauncherChunkInstaller
LogPluginManager: Mounting plugin AndroidDeviceProfileSelector
LogPluginManager: Mounting plugin AndroidMoviePlayer
LogPluginManager: Mounting plugin AndroidPermission
LogPluginManager: Mounting plugin AppleImageUtils
LogPluginManager: Mounting plugin AppleMoviePlayer
LogPluginManager: Mounting plugin ArchVisCharacter
LogPluginManager: Mounting plugin AssetTags
LogPluginManager: Mounting plugin AudioCapture
LogPluginManager: Mounting plugin CableComponent
LogPluginManager: Mounting plugin CustomMeshComponent
LogPluginManager: Mounting plugin EditableMesh
LogPluginManager: Mounting plugin ExampleDeviceProfileSelector
LogPluginManager: Mounting plugin GoogleCloudMessaging
LogPluginManager: Mounting plugin IOSDeviceProfileSelector
LogPluginManager: Mounting plugin LinuxDeviceProfileSelector
LogPluginManager: Mounting plugin LocationServicesBPLibrary
LogPluginManager: Mounting plugin MobilePatchingUtils
LogPluginManager: Mounting plugin OculusVR
LogPluginManager: Mounting plugin PhysXVehicles
LogPluginManager: Mounting plugin PostSplashScreen
LogPluginManager: Mounting plugin ProceduralMeshComponent
LogPluginManager: Mounting plugin RuntimePhysXCooking
LogPluginManager: Mounting plugin SignificanceManager
LogPluginManager: Mounting plugin SteamVR
LogPluginManager: Mounting plugin WebMMoviePlayer
LogPluginManager: Mounting plugin WindowsMoviePlayer
LogPluginManager: Mounting plugin ScreenshotTools
LogInit: Using libcurl 7.55.1-DEV
LogInit:  - built for x86_64-pc-win32
LogInit:  - supports SSL with OpenSSL/1.1.1
LogInit:  - supports HTTP deflate (compression) using libz 1.2.8
LogInit:  - other features:
LogInit:      CURL_VERSION_SSL
LogInit:      CURL_VERSION_LIBZ
LogInit:      CURL_VERSION_IPV6
LogInit:      CURL_VERSION_ASYNCHDNS
LogInit:      CURL_VERSION_LARGEFILE
LogInit:      CURL_VERSION_IDN
LogInit:  CurlRequestOptions (configurable via config and command line):
LogInit:  - bVerifyPeer = true  - Libcurl will verify peer certificate
LogInit:  - bUseHttpProxy = false  - Libcurl will NOT use HTTP proxy
LogInit:  - bDontReuseConnections = false  - Libcurl will reuse connections
LogInit:  - MaxHostConnections = 16  - Libcurl will limit the number of connections to a host
LogInit:  - LocalHostAddr = Default
LogInit:  - BufferSize = 65536
LogOnline: OSS: Creating online subsystem instance for: NULL
LogInit: WinSock: version 1.1 (2.2), MaxSocks=32767, MaxUdp=65467
LogOnline: OSS: TryLoadSubsystemAndSetDefault: Loaded subsystem for module [NULL]
LogInit: Build: ++UE4+Release-4.24-CL-11590370
LogInit: Engine Version: 4.24.3-11590370+++UE4+Release-4.24
LogInit: Compatible Engine Version: 4.24.0-10570792+++UE4+Release-4.24
LogInit: Net CL: 10570792
LogInit: OS: Windows 10 (Release 2004) (), CPU: AMD Ryzen 9 3900X 12-Core Processor            , GPU: NVIDIA GeForce GTX 1080
LogInit: Compiled (64-bit): Feb 24 2020 15:39:18
LogInit: Compiled with Visual C++: 19.16.27032.01
LogInit: Build Configuration: Development
LogInit: Branch Name: ++UE4+Release-4.24
LogInit: Command Line: 
LogInit: Base Directory: D:/Epic Games/UE_4.24/Engine/Binaries/Win64/
LogInit: Installed Engine Build: 1
LogDevObjectVersion: Number of dev versions registered: 25
LogDevObjectVersion:   Dev-Blueprints (B0D832E4-1F89-4F0D-ACCF-7EB736FD4AA2): 10
LogDevObjectVersion:   Dev-Build (E1C64328-A22C-4D53-A36C-8E866417BD8C): 0
LogDevObjectVersion:   Dev-Core (375EC13C-06E4-48FB-B500-84F0262A717E): 3
LogDevObjectVersion:   Dev-Editor (E4B068ED-F494-42E9-A231-DA0B2E46BB41): 37
LogDevObjectVersion:   Dev-Framework (CFFC743F-43B0-4480-9391-14DF171D2073): 36
LogDevObjectVersion:   Dev-Mobile (B02B49B5-BB20-44E9-A304-32B752E40360): 2
LogDevObjectVersion:   Dev-Networking (A4E4105C-59A1-49B5-A7C5-40C4547EDFEE): 0
LogDevObjectVersion:   Dev-Online (39C831C9-5AE6-47DC-9A44-9C173E1C8E7C): 0
LogDevObjectVersion:   Dev-Physics (78F01B33-EBEA-4F98-B9B4-84EACCB95AA2): 2
LogDevObjectVersion:   Dev-Platform (6631380F-2D4D-43E0-8009-CF276956A95A): 0
LogDevObjectVersion:   Dev-Rendering (12F88B9F-8875-4AFC-A67C-D90C383ABD29): 36
LogDevObjectVersion:   Dev-Sequencer (7B5AE74C-D270-4C10-A958-57980B212A5A): 11
LogDevObjectVersion:   Dev-VR (D7296918-1DD6-4BDD-9DE2-64A83CC13884): 2
LogDevObjectVersion:   Dev-LoadTimes (C2A15278-BFE7-4AFE-6C17-90FF531DF755): 1
LogDevObjectVersion:   Private-Geometry (6EACA3D4-40EC-4CC1-B786-8BED09428FC5): 3
LogDevObjectVersion:   Dev-AnimPhys (29E575DD-E0A3-4627-9D10-D276232CDCEA): 17
LogDevObjectVersion:   Dev-Anim (AF43A65D-7FD3-4947-9873-3E8ED9C1BB05): 2
LogDevObjectVersion:   Dev-ReflectionCapture (6B266CEC-1EC7-4B8F-A30B-E4D90942FC07): 1
LogDevObjectVersion:   Dev-Automation (0DF73D61-A23F-47EA-B727-89E90C41499A): 1
LogDevObjectVersion:   FortniteMain (601D1886-AC64-4F84-AA16-D3DE0DEAC7D6): 31
LogDevObjectVersion:   Dev-Enterprise (9DFFBCD6-494F-0158-E221-12823C92A888): 8
LogDevObjectVersion:   Dev-Niagara (F2AED0AC-9AFE-416F-8664-AA7FFA26D6FC): 1
LogDevObjectVersion:   Dev-Destruction (174F1F0B-B4C6-45A5-B13F-2EE8D0FB917D): 9
LogDevObjectVersion:   Dev-Physics-Ext (35F94A83-E258-406C-A318-09F59610247C): 8
LogDevObjectVersion:   Dev-CineCamera (B2E18506-4273-CFC2-A54E-F4BB758BBA07): 1
LogInit: Presizing for max 25165824 objects, including 0 objects not considered by GC, pre-allocating 0 bytes for permanent pool.
LogInit: Object subsystem initialized
LogConfig: Setting CVar [[con.DebugEarlyDefault:1]]
LogConfig: Setting CVar [[r.setres:1280x720]]
[2020.12.09-08.33.04:149][  0]LogConfig: Setting CVar [[r.VSync:0]]
[2020.12.09-08.33.04:149][  0]LogConfig: Setting CVar [[r.RHICmdBypass:0]]
[2020.12.09-08.33.04:149][  0]LogConfig: Applying CVar settings from Section [/Script/Engine.RendererSettings] File [E:/Lautturi/AutoBattlerProto/Saved/Config/Windows/Engine.ini]
[2020.12.09-08.33.04:149][  0]LogConfig: Setting CVar [[r.GPUCrashDebugging:0]]
[2020.12.09-08.33.04:150][  0]LogConfig: Applying CVar settings from Section [/Script/Engine.RendererOverrideSettings] File [E:/Lautturi/AutoBattlerProto/Saved/Config/Windows/Engine.ini]
[2020.12.09-08.33.04:150][  0]LogConfig: Applying CVar settings from Section [/Script/Engine.StreamingSettings] File [E:/Lautturi/AutoBattlerProto/Saved/Config/Windows/Engine.ini]
[2020.12.09-08.33.04:150][  0]LogConfig: Setting CVar [[s.MinBulkDataSizeForAsyncLoading:131072]]
[2020.12.09-08.33.04:150][  0]LogConfig: Setting CVar [[s.AsyncLoadingThreadEnabled:0]]
[2020.12.09-08.33.04:150][  0]LogConfig: Setting CVar [[s.EventDrivenLoaderEnabled:1]]
[2020.12.09-08.33.04:150][  0]LogConfig: Setting CVar [[s.WarnIfTimeLimitExceeded:0]]
[2020.12.09-08.33.04:150][  0]LogConfig: Setting CVar [[s.TimeLimitExceededMultiplier:1.5]]
[2020.12.09-08.33.04:150][  0]LogConfig: Setting CVar [[s.TimeLimitExceededMinTime:0.005]]
[2020.12.09-08.33.04:150][  0]LogConfig: Setting CVar [[s.UseBackgroundLevelStreaming:1]]
[2020.12.09-08.33.04:150][  0]LogConfig: Setting CVar [[s.PriorityAsyncLoadingExtraTime:15.0]]
[2020.12.09-08.33.04:150][  0]LogConfig: Setting CVar [[s.LevelStreamingActorsUpdateTimeLimit:5.0]]
[2020.12.09-08.33.04:150][  0]LogConfig: Setting CVar [[s.PriorityLevelStreamingActorsUpdateExtraTime:5.0]]
[2020.12.09-08.33.04:150][  0]LogConfig: Setting CVar [[s.LevelStreamingComponentsRegistrationGranularity:10]]
[2020.12.09-08.33.04:150][  0]LogConfig: Setting CVar [[s.UnregisterComponentsTimeLimit:1.0]]
[2020.12.09-08.33.04:150][  0]LogConfig: Setting CVar [[s.LevelStreamingComponentsUnregistrationGranularity:5]]
[2020.12.09-08.33.04:150][  0]LogConfig: Setting CVar [[s.FlushStreamingOnExit:1]]
[2020.12.09-08.33.04:150][  0]LogConfig: Applying CVar settings from Section [/Script/Engine.GarbageCollectionSettings] File [E:/Lautturi/AutoBattlerProto/Saved/Config/Windows/Engine.ini]
[2020.12.09-08.33.04:150][  0]LogConfig: Setting CVar [[gc.MaxObjectsNotConsideredByGC:1]]
[2020.12.09-08.33.04:150][  0]LogConfig: Setting CVar [[gc.SizeOfPermanentObjectPool:0]]
[2020.12.09-08.33.04:150][  0]LogConfig: Setting CVar [[gc.FlushStreamingOnGC:0]]
[2020.12.09-08.33.04:150][  0]LogConfig: Setting CVar [[gc.NumRetriesBeforeForcingGC:10]]
[2020.12.09-08.33.04:150][  0]LogConfig: Setting CVar [[gc.AllowParallelGC:1]]
[2020.12.09-08.33.04:150][  0]LogConfig: Setting CVar [[gc.TimeBetweenPurgingPendingKillObjects:61.1]]
[2020.12.09-08.33.04:150][  0]LogConfig: Setting CVar [[gc.MaxObjectsInEditor:25165824]]
[2020.12.09-08.33.04:150][  0]LogConfig: Setting CVar [[gc.IncrementalBeginDestroyEnabled:1]]
[2020.12.09-08.33.04:150][  0]LogConfig: Setting CVar [[gc.CreateGCClusters:1]]
[2020.12.09-08.33.04:150][  0]LogConfig: Setting CVar [[gc.MinGCClusterSize:5]]
[2020.12.09-08.33.04:150][  0]LogConfig: Setting CVar [[gc.ActorClusteringEnabled:0]]
[2020.12.09-08.33.04:150][  0]LogConfig: Setting CVar [[gc.BlueprintClusteringEnabled:0]]
[2020.12.09-08.33.04:150][  0]LogConfig: Setting CVar [[gc.UseDisregardForGCOnDedicatedServers:0]]
[2020.12.09-08.33.04:150][  0]LogConfig: Applying CVar settings from Section [/Script/Engine.NetworkSettings] File [E:/Lautturi/AutoBattlerProto/Saved/Config/Windows/Engine.ini]
[2020.12.09-08.33.04:150][  0]LogConfig: Applying CVar settings from Section [/Script/UnrealEd.CookerSettings] File [E:/Lautturi/AutoBattlerProto/Saved/Config/Windows/Engine.ini]
[2020.12.09-08.33.04:154][  0]LogConfig: Applying CVar settings from Section [ViewDistanceQuality@3] File [E:/Lautturi/AutoBattlerProto/Saved/Config/Windows/Scalability.ini]
[2020.12.09-08.33.04:154][  0]LogConfig: Setting CVar [[r.SkeletalMeshLODBias:0]]
[2020.12.09-08.33.04:154][  0]LogConfig: Setting CVar [[r.ViewDistanceScale:1.0]]
[2020.12.09-08.33.04:154][  0]LogConfig: Applying CVar settings from Section [AntiAliasingQuality@3] File [E:/Lautturi/AutoBattlerProto/Saved/Config/Windows/Scalability.ini]
[2020.12.09-08.33.04:154][  0]LogConfig: Setting CVar [[r.PostProcessAAQuality:4]]
[2020.12.09-08.33.04:154][  0]LogConfig: Applying CVar settings from Section [ShadowQuality@3] File [E:/Lautturi/AutoBattlerProto/Saved/Config/Windows/Scalability.ini]
[2020.12.09-08.33.04:154][  0]LogConfig: Setting CVar [[r.LightFunctionQuality:1]]
[2020.12.09-08.33.04:154][  0]LogConfig: Setting CVar [[r.ShadowQuality:5]]
[2020.12.09-08.33.04:154][  0]LogConfig: Setting CVar [[r.Shadow.CSM.MaxCascades:10]]
[2020.12.09-08.33.04:154][  0]LogConfig: Setting CVar [[r.Shadow.MaxResolution:2048]]
[2020.12.09-08.33.04:154][  0]LogConfig: Setting CVar [[r.Shadow.MaxCSMResolution:2048]]
[2020.12.09-08.33.04:154][  0]LogConfig: Setting CVar [[r.Shadow.RadiusThreshold:0.01]]
[2020.12.09-08.33.04:154][  0]LogConfig: Setting CVar [[r.Shadow.DistanceScale:1.0]]
[2020.12.09-08.33.04:154][  0]LogConfig: Setting CVar [[r.Shadow.CSM.TransitionScale:1.0]]
[2020.12.09-08.33.04:154][  0]LogConfig: Setting CVar [[r.Shadow.PreShadowResolutionFactor:1.0]]
[2020.12.09-08.33.04:154][  0]LogConfig: Setting CVar [[r.DistanceFieldShadowing:1]]
[2020.12.09-08.33.04:154][  0]LogConfig: Setting CVar [[r.DistanceFieldAO:1]]
[2020.12.09-08.33.04:154][  0]LogConfig: Setting CVar [[r.AOQuality:2]]
[2020.12.09-08.33.04:154][  0]LogConfig: Setting CVar [[r.VolumetricFog:1]]
[2020.12.09-08.33.04:154][  0]LogConfig: Setting CVar [[r.VolumetricFog.GridPixelSize:8]]
[2020.12.09-08.33.04:154][  0]LogConfig: Setting CVar [[r.VolumetricFog.GridSizeZ:128]]
[2020.12.09-08.33.04:154][  0]LogConfig: Setting CVar [[r.VolumetricFog.HistoryMissSupersampleCount:4]]
[2020.12.09-08.33.04:154][  0]LogConfig: Setting CVar [[r.LightMaxDrawDistanceScale:1]]
[2020.12.09-08.33.04:154][  0]LogConfig: Setting CVar [[r.CapsuleShadows:1]]
[2020.12.09-08.33.04:154][  0]LogConfig: Applying CVar settings from Section [PostProcessQuality@3] File [E:/Lautturi/AutoBattlerProto/Saved/Config/Windows/Scalability.ini]
[2020.12.09-08.33.04:154][  0]LogConfig: Setting CVar [[r.MotionBlurQuality:4]]
[2020.12.09-08.33.04:154][  0]LogConfig: Setting CVar [[r.AmbientOcclusionMipLevelFactor:0.4]]
[2020.12.09-08.33.04:154][  0]LogConfig: Setting CVar [[r.AmbientOcclusionMaxQuality:100]]
[2020.12.09-08.33.04:154][  0]LogConfig: Setting CVar [[r.AmbientOcclusionLevels:-1]]
[2020.12.09-08.33.04:154][  0]LogConfig: Setting CVar [[r.AmbientOcclusionRadiusScale:1.0]]
[2020.12.09-08.33.04:154][  0]LogConfig: Setting CVar [[r.DepthOfFieldQuality:2]]
[2020.12.09-08.33.04:154][  0]LogConfig: Setting CVar [[r.RenderTargetPoolMin:400]]
[2020.12.09-08.33.04:154][  0]LogConfig: Setting CVar [[r.LensFlareQuality:2]]
[2020.12.09-08.33.04:154][  0]LogConfig: Setting CVar [[r.SceneColorFringeQuality:1]]
[2020.12.09-08.33.04:154][  0]LogConfig: Setting CVar [[r.EyeAdaptationQuality:2]]
[2020.12.09-08.33.04:154][  0]LogConfig: Setting CVar [[r.BloomQuality:5]]
[2020.12.09-08.33.04:154][  0]LogConfig: Setting CVar [[r.FastBlurThreshold:100]]
[2020.12.09-08.33.04:154][  0]LogConfig: Setting CVar [[r.Upscale.Quality:3]]
[2020.12.09-08.33.04:155][  0]LogConfig: Setting CVar [[r.Tonemapper.GrainQuantization:1]]
[2020.12.09-08.33.04:155][  0]LogConfig: Setting CVar [[r.LightShaftQuality:1]]
[2020.12.09-08.33.04:155][  0]LogConfig: Setting CVar [[r.Filter.SizeScale:1]]
[2020.12.09-08.33.04:155][  0]LogConfig: Setting CVar [[r.Tonemapper.Quality:5]]
[2020.12.09-08.33.04:155][  0]LogConfig: Setting CVar [[r.DOF.Gather.AccumulatorQuality:1        ; higher gathering accumulator quality]]
[2020.12.09-08.33.04:155][  0]LogConfig: Setting CVar [[r.DOF.Gather.PostfilterMethod:1          ; Median3x3 postfilering method]]
[2020.12.09-08.33.04:155][  0]LogConfig: Setting CVar [[r.DOF.Gather.EnableBokehSettings:0       ; no bokeh simulation when gathering]]
[2020.12.09-08.33.04:155][  0]LogConfig: Setting CVar [[r.DOF.Gather.RingCount:4                 ; medium number of samples when gathering]]
[2020.12.09-08.33.04:155][  0]LogConfig: Setting CVar [[r.DOF.Scatter.ForegroundCompositing:1    ; additive foreground scattering]]
[2020.12.09-08.33.04:155][  0]LogConfig: Setting CVar [[r.DOF.Scatter.BackgroundCompositing:2    ; additive background scattering]]
[2020.12.09-08.33.04:155][  0]LogConfig: Setting CVar [[r.DOF.Scatter.EnableBokehSettings:1      ; bokeh simulation when scattering]]
[2020.12.09-08.33.04:155][  0]LogConfig: Setting CVar [[r.DOF.Scatter.MaxSpriteRatio:0.1         ; only a maximum of 10% of scattered bokeh]]
[2020.12.09-08.33.04:155][  0]LogConfig: Setting CVar [[r.DOF.Recombine.Quality:1                ; cheap slight out of focus]]
[2020.12.09-08.33.04:155][  0]LogConfig: Setting CVar [[r.DOF.Recombine.EnableBokehSettings:0    ; no bokeh simulation on slight out of focus]]
[2020.12.09-08.33.04:155][  0]LogConfig: Setting CVar [[r.DOF.TemporalAAQuality:1                ; more stable temporal accumulation]]
[2020.12.09-08.33.04:155][  0]LogConfig: Setting CVar [[r.DOF.Kernel.MaxForegroundRadius:0.025]]
[2020.12.09-08.33.04:155][  0]LogConfig: Setting CVar [[r.DOF.Kernel.MaxBackgroundRadius:0.025]]
[2020.12.09-08.33.04:155][  0]LogConfig: Applying CVar settings from Section [TextureQuality@3] File [E:/Lautturi/AutoBattlerProto/Saved/Config/Windows/Scalability.ini]
[2020.12.09-08.33.04:155][  0]LogConfig: Setting CVar [[r.Streaming.MipBias:0]]
[2020.12.09-08.33.04:155][  0]LogConfig: Setting CVar [[r.Streaming.AmortizeCPUToGPUCopy:0]]
[2020.12.09-08.33.04:155][  0]LogConfig: Setting CVar [[r.Streaming.MaxNumTexturesToStreamPerFrame:0]]
[2020.12.09-08.33.04:155][  0]LogConfig: Setting CVar [[r.Streaming.Boost:1]]
[2020.12.09-08.33.04:155][  0]LogConfig: Setting CVar [[r.MaxAnisotropy:8]]
[2020.12.09-08.33.04:155][  0]LogConfig: Setting CVar [[r.VT.MaxAnisotropy:8]]
[2020.12.09-08.33.04:155][  0]LogConfig: Setting CVar [[r.Streaming.LimitPoolSizeToVRAM:0]]
[2020.12.09-08.33.04:155][  0]LogConfig: Setting CVar [[r.Streaming.PoolSize:1000]]
[2020.12.09-08.33.04:155][  0]LogConfig: Setting CVar [[r.Streaming.MaxEffectiveScreenSize:0]]
[2020.12.09-08.33.04:155][  0]LogConfig: Applying CVar settings from Section [EffectsQuality@3] File [E:/Lautturi/AutoBattlerProto/Saved/Config/Windows/Scalability.ini]
[2020.12.09-08.33.04:155][  0]LogConfig: Setting CVar [[r.TranslucencyLightingVolumeDim:64]]
[2020.12.09-08.33.04:155][  0]LogConfig: Setting CVar [[r.RefractionQuality:2]]
[2020.12.09-08.33.04:155][  0]LogConfig: Setting CVar [[r.SSR.Quality:3]]
[2020.12.09-08.33.04:155][  0]LogConfig: Setting CVar [[r.SSR.HalfResSceneColor:0]]
[2020.12.09-08.33.04:155][  0]LogConfig: Setting CVar [[r.SceneColorFormat:4]]
[2020.12.09-08.33.04:155][  0]LogConfig: Setting CVar [[r.DetailMode:2]]
[2020.12.09-08.33.04:155][  0]LogConfig: Setting CVar [[r.TranslucencyVolumeBlur:1]]
[2020.12.09-08.33.04:155][  0]LogConfig: Setting CVar [[r.MaterialQualityLevel:1 ; High quality]]
[2020.12.09-08.33.04:155][  0]LogConfig: Setting CVar [[r.SSS.Scale:1]]
[2020.12.09-08.33.04:155][  0]LogConfig: Setting CVar [[r.SSS.SampleSet:2]]
[2020.12.09-08.33.04:155][  0]LogConfig: Setting CVar [[r.SSS.Quality:1]]
[2020.12.09-08.33.04:155][  0]LogConfig: Setting CVar [[r.SSS.HalfRes:1]]
[2020.12.09-08.33.04:155][  0]LogConfig: Setting CVar [[r.SSGI.Quality:3]]
[2020.12.09-08.33.04:155][  0]LogConfig: Setting CVar [[r.EmitterSpawnRateScale:1.0]]
[2020.12.09-08.33.04:155][  0]LogConfig: Setting CVar [[r.ParticleLightQuality:2]]
[2020.12.09-08.33.04:155][  0]LogConfig: Setting CVar [[r.SkyAtmosphere.AerialPerspectiveLUT.FastApplyOnOpaque:1 ; Always have FastSkyLUT 1 in this case to avoid wrong sky]]
[2020.12.09-08.33.04:155][  0]LogConfig: Setting CVar [[r.SkyAtmosphere.AerialPerspectiveLUT.SampleCountPerSlice:1]]
[2020.12.09-08.33.04:155][  0]LogConfig: Setting CVar [[r.SkyAtmosphere.AerialPerspectiveLUT.DepthResolution:16.0]]
[2020.12.09-08.33.04:155][  0]LogConfig: Setting CVar [[r.SkyAtmosphere.FastSkyLUT:1]]
[2020.12.09-08.33.04:155][  0]LogConfig: Setting CVar [[r.SkyAtmosphere.FastSkyLUT.SampleCountMin:4.0]]
[2020.12.09-08.33.04:155][  0]LogConfig: Setting CVar [[r.SkyAtmosphere.FastSkyLUT.SampleCountMax:32.0]]
[2020.12.09-08.33.04:155][  0]LogConfig: Setting CVar [[r.SkyAtmosphere.SampleCountMin:4.0]]
[2020.12.09-08.33.04:155][  0]LogConfig: Setting CVar [[r.SkyAtmosphere.SampleCountMax:32.0]]
[2020.12.09-08.33.04:155][  0]LogConfig: Setting CVar [[r.SkyAtmosphere.TransmittanceLUT.UseSmallFormat:0]]
[2020.12.09-08.33.04:155][  0]LogConfig: Setting CVar [[r.SkyAtmosphere.TransmittanceLUT.SampleCount:10.0]]
[2020.12.09-08.33.04:155][  0]LogConfig: Setting CVar [[r.SkyAtmosphere.MultiScatteringLUT.SampleCount:15.0]]
[2020.12.09-08.33.04:155][  0]LogConfig: Applying CVar settings from Section [FoliageQuality@3] File [E:/Lautturi/AutoBattlerProto/Saved/Config/Windows/Scalability.ini]
[2020.12.09-08.33.04:155][  0]LogConfig: Setting CVar [[foliage.DensityScale:1.0]]
[2020.12.09-08.33.04:155][  0]LogConfig: Setting CVar [[grass.DensityScale:1.0]]
[2020.12.09-08.33.04:155][  0]LogConfig: Applying CVar settings from Section [ShadingQuality@3] File [E:/Lautturi/AutoBattlerProto/Saved/Config/Windows/Scalability.ini]
[2020.12.09-08.33.04:155][  0]LogConfig: Setting CVar [[r.HairStrands.SkyLighting.SampleCount:16]]
[2020.12.09-08.33.04:155][  0]LogConfig: Setting CVar [[r.HairStrands.SkyLighting.JitterIntegration:0]]
[2020.12.09-08.33.04:155][  0]LogConfig: Setting CVar [[r.HairStrands.SkyAO.SampleCount:16]]
[2020.12.09-08.33.04:155][  0]LogInit: Selected Device Profile: [Windows]
[2020.12.09-08.33.04:156][  0]LogInit: Applying CVar settings loaded from the selected device profile: [Windows]
[2020.12.09-08.33.04:158][  0]LogHAL: Display: Platform has ~ 32 GB [34304262144 / 34359738368 / 32], which maps to Largest [LargestMinGB=32, LargerMinGB=12, DefaultMinGB=8, SmallerMinGB=6, SmallestMinGB=0)
[2020.12.09-08.33.04:158][  0]LogInit: Going up to parent DeviceProfile []
[2020.12.09-08.33.04:158][  0]LogConfig: Applying CVar settings from Section [ViewDistanceQuality@3] File [E:/Lautturi/AutoBattlerProto/Saved/Config/Windows/Scalability.ini]
[2020.12.09-08.33.04:158][  0]LogConfig: Setting CVar [[r.SkeletalMeshLODBias:0]]
[2020.12.09-08.33.04:158][  0]LogConfig: Setting CVar [[r.ViewDistanceScale:1.0]]
[2020.12.09-08.33.04:158][  0]LogConfig: Applying CVar settings from Section [AntiAliasingQuality@3] File [E:/Lautturi/AutoBattlerProto/Saved/Config/Windows/Scalability.ini]
[2020.12.09-08.33.04:158][  0]LogConfig: Setting CVar [[r.PostProcessAAQuality:4]]
[2020.12.09-08.33.04:158][  0]LogConfig: Applying CVar settings from Section [ShadowQuality@3] File [E:/Lautturi/AutoBattlerProto/Saved/Config/Windows/Scalability.ini]
[2020.12.09-08.33.04:158][  0]LogConfig: Setting CVar [[r.LightFunctionQuality:1]]
[2020.12.09-08.33.04:158][  0]LogConfig: Setting CVar [[r.ShadowQuality:5]]
[2020.12.09-08.33.04:158][  0]LogConfig: Setting CVar [[r.Shadow.CSM.MaxCascades:10]]
[2020.12.09-08.33.04:158][  0]LogConfig: Setting CVar [[r.Shadow.MaxResolution:2048]]
[2020.12.09-08.33.04:158][  0]LogConfig: Setting CVar [[r.Shadow.MaxCSMResolution:2048]]
[2020.12.09-08.33.04:158][  0]LogConfig: Setting CVar [[r.Shadow.RadiusThreshold:0.01]]
[2020.12.09-08.33.04:158][  0]LogConfig: Setting CVar [[r.Shadow.DistanceScale:1.0]]
[2020.12.09-08.33.04:158][  0]LogConfig: Setting CVar [[r.Shadow.CSM.TransitionScale:1.0]]
[2020.12.09-08.33.04:158][  0]LogConfig: Setting CVar [[r.Shadow.PreShadowResolutionFactor:1.0]]
[2020.12.09-08.33.04:158][  0]LogConfig: Setting CVar [[r.DistanceFieldShadowing:1]]
[2020.12.09-08.33.04:158][  0]LogConfig: Setting CVar [[r.DistanceFieldAO:1]]
[2020.12.09-08.33.04:158][  0]LogConfig: Setting CVar [[r.AOQuality:2]]
[2020.12.09-08.33.04:158][  0]LogConfig: Setting CVar [[r.VolumetricFog:1]]
[2020.12.09-08.33.04:158][  0]LogConfig: Setting CVar [[r.VolumetricFog.GridPixelSize:8]]
[2020.12.09-08.33.04:158][  0]LogConfig: Setting CVar [[r.VolumetricFog.GridSizeZ:128]]
[2020.12.09-08.33.04:158][  0]LogConfig: Setting CVar [[r.VolumetricFog.HistoryMissSupersampleCount:4]]
[2020.12.09-08.33.04:158][  0]LogConfig: Setting CVar [[r.LightMaxDrawDistanceScale:1]]
[2020.12.09-08.33.04:158][  0]LogConfig: Setting CVar [[r.CapsuleShadows:1]]
[2020.12.09-08.33.04:158][  0]LogConfig: Applying CVar settings from Section [PostProcessQuality@3] File [E:/Lautturi/AutoBattlerProto/Saved/Config/Windows/Scalability.ini]
[2020.12.09-08.33.04:158][  0]LogConfig: Setting CVar [[r.MotionBlurQuality:4]]
[2020.12.09-08.33.04:158][  0]LogConfig: Setting CVar [[r.AmbientOcclusionMipLevelFactor:0.4]]
[2020.12.09-08.33.04:158][  0]LogConfig: Setting CVar [[r.AmbientOcclusionMaxQuality:100]]
[2020.12.09-08.33.04:158][  0]LogConfig: Setting CVar [[r.AmbientOcclusionLevels:-1]]
[2020.12.09-08.33.04:158][  0]LogConfig: Setting CVar [[r.AmbientOcclusionRadiusScale:1.0]]
[2020.12.09-08.33.04:158][  0]LogConfig: Setting CVar [[r.DepthOfFieldQuality:2]]
[2020.12.09-08.33.04:158][  0]LogConfig: Setting CVar [[r.RenderTargetPoolMin:400]]
[2020.12.09-08.33.04:158][  0]LogConfig: Setting CVar [[r.LensFlareQuality:2]]
[2020.12.09-08.33.04:158][  0]LogConfig: Setting CVar [[r.SceneColorFringeQuality:1]]
[2020.12.09-08.33.04:158][  0]LogConfig: Setting CVar [[r.EyeAdaptationQuality:2]]
[2020.12.09-08.33.04:158][  0]LogConfig: Setting CVar [[r.BloomQuality:5]]
[2020.12.09-08.33.04:158][  0]LogConfig: Setting CVar [[r.FastBlurThreshold:100]]
[2020.12.09-08.33.04:158][  0]LogConfig: Setting CVar [[r.Upscale.Quality:3]]
[2020.12.09-08.33.04:158][  0]LogConfig: Setting CVar [[r.Tonemapper.GrainQuantization:1]]
[2020.12.09-08.33.04:158][  0]LogConfig: Setting CVar [[r.LightShaftQuality:1]]
[2020.12.09-08.33.04:158][  0]LogConfig: Setting CVar [[r.Filter.SizeScale:1]]
[2020.12.09-08.33.04:158][  0]LogConfig: Setting CVar [[r.Tonemapper.Quality:5]]
[2020.12.09-08.33.04:158][  0]LogConfig: Setting CVar [[r.DOF.Gather.AccumulatorQuality:1        ; higher gathering accumulator quality]]
[2020.12.09-08.33.04:158][  0]LogConfig: Setting CVar [[r.DOF.Gather.PostfilterMethod:1          ; Median3x3 postfilering method]]
[2020.12.09-08.33.04:158][  0]LogConfig: Setting CVar [[r.DOF.Gather.EnableBokehSettings:0       ; no bokeh simulation when gathering]]
[2020.12.09-08.33.04:158][  0]LogConfig: Setting CVar [[r.DOF.Gather.RingCount:4                 ; medium number of samples when gathering]]
[2020.12.09-08.33.04:158][  0]LogConfig: Setting CVar [[r.DOF.Scatter.ForegroundCompositing:1    ; additive foreground scattering]]
[2020.12.09-08.33.04:158][  0]LogConfig: Setting CVar [[r.DOF.Scatter.BackgroundCompositing:2    ; additive background scattering]]
[2020.12.09-08.33.04:158][  0]LogConfig: Setting CVar [[r.DOF.Scatter.EnableBokehSettings:1      ; bokeh simulation when scattering]]
[2020.12.09-08.33.04:158][  0]LogConfig: Setting CVar [[r.DOF.Scatter.MaxSpriteRatio:0.1         ; only a maximum of 10% of scattered bokeh]]
[2020.12.09-08.33.04:158][  0]LogConfig: Setting CVar [[r.DOF.Recombine.Quality:1                ; cheap slight out of focus]]
[2020.12.09-08.33.04:158][  0]LogConfig: Setting CVar [[r.DOF.Recombine.EnableBokehSettings:0    ; no bokeh simulation on slight out of focus]]
[2020.12.09-08.33.04:158][  0]LogConfig: Setting CVar [[r.DOF.TemporalAAQuality:1                ; more stable temporal accumulation]]
[2020.12.09-08.33.04:158][  0]LogConfig: Setting CVar [[r.DOF.Kernel.MaxForegroundRadius:0.025]]
[2020.12.09-08.33.04:158][  0]LogConfig: Setting CVar [[r.DOF.Kernel.MaxBackgroundRadius:0.025]]
[2020.12.09-08.33.04:158][  0]LogConfig: Applying CVar settings from Section [TextureQuality@3] File [E:/Lautturi/AutoBattlerProto/Saved/Config/Windows/Scalability.ini]
[2020.12.09-08.33.04:158][  0]LogConfig: Setting CVar [[r.Streaming.MipBias:0]]
[2020.12.09-08.33.04:159][  0]LogConfig: Setting CVar [[r.Streaming.AmortizeCPUToGPUCopy:0]]
[2020.12.09-08.33.04:159][  0]LogConfig: Setting CVar [[r.Streaming.MaxNumTexturesToStreamPerFrame:0]]
[2020.12.09-08.33.04:159][  0]LogConfig: Setting CVar [[r.Streaming.Boost:1]]
[2020.12.09-08.33.04:159][  0]LogConfig: Setting CVar [[r.MaxAnisotropy:8]]
[2020.12.09-08.33.04:159][  0]LogConfig: Setting CVar [[r.VT.MaxAnisotropy:8]]
[2020.12.09-08.33.04:159][  0]LogConfig: Setting CVar [[r.Streaming.LimitPoolSizeToVRAM:0]]
[2020.12.09-08.33.04:159][  0]LogConfig: Setting CVar [[r.Streaming.PoolSize:1000]]
[2020.12.09-08.33.04:159][  0]LogConfig: Setting CVar [[r.Streaming.MaxEffectiveScreenSize:0]]
[2020.12.09-08.33.04:159][  0]LogConfig: Applying CVar settings from Section [EffectsQuality@3] File [E:/Lautturi/AutoBattlerProto/Saved/Config/Windows/Scalability.ini]
[2020.12.09-08.33.04:159][  0]LogConfig: Setting CVar [[r.TranslucencyLightingVolumeDim:64]]
[2020.12.09-08.33.04:159][  0]LogConfig: Setting CVar [[r.RefractionQuality:2]]
[2020.12.09-08.33.04:159][  0]LogConfig: Setting CVar [[r.SSR.Quality:3]]
[2020.12.09-08.33.04:159][  0]LogConfig: Setting CVar [[r.SSR.HalfResSceneColor:0]]
[2020.12.09-08.33.04:159][  0]LogConfig: Setting CVar [[r.SceneColorFormat:4]]
[2020.12.09-08.33.04:159][  0]LogConfig: Setting CVar [[r.DetailMode:2]]
[2020.12.09-08.33.04:159][  0]LogConfig: Setting CVar [[r.TranslucencyVolumeBlur:1]]
[2020.12.09-08.33.04:159][  0]LogConfig: Setting CVar [[r.MaterialQualityLevel:1 ; High quality]]
[2020.12.09-08.33.04:159][  0]LogConfig: Setting CVar [[r.SSS.Scale:1]]
[2020.12.09-08.33.04:159][  0]LogConfig: Setting CVar [[r.SSS.SampleSet:2]]
[2020.12.09-08.33.04:159][  0]LogConfig: Setting CVar [[r.SSS.Quality:1]]
[2020.12.09-08.33.04:159][  0]LogConfig: Setting CVar [[r.SSS.HalfRes:1]]
[2020.12.09-08.33.04:159][  0]LogConfig: Setting CVar [[r.SSGI.Quality:3]]
[2020.12.09-08.33.04:159][  0]LogConfig: Setting CVar [[r.EmitterSpawnRateScale:1.0]]
[2020.12.09-08.33.04:159][  0]LogConfig: Setting CVar [[r.ParticleLightQuality:2]]
[2020.12.09-08.33.04:159][  0]LogConfig: Setting CVar [[r.SkyAtmosphere.AerialPerspectiveLUT.FastApplyOnOpaque:1 ; Always have FastSkyLUT 1 in this case to avoid wrong sky]]
[2020.12.09-08.33.04:159][  0]LogConfig: Setting CVar [[r.SkyAtmosphere.AerialPerspectiveLUT.SampleCountPerSlice:1]]
[2020.12.09-08.33.04:159][  0]LogConfig: Setting CVar [[r.SkyAtmosphere.AerialPerspectiveLUT.DepthResolution:16.0]]
[2020.12.09-08.33.04:159][  0]LogConfig: Setting CVar [[r.SkyAtmosphere.FastSkyLUT:1]]
[2020.12.09-08.33.04:159][  0]LogConfig: Setting CVar [[r.SkyAtmosphere.FastSkyLUT.SampleCountMin:4.0]]
[2020.12.09-08.33.04:159][  0]LogConfig: Setting CVar [[r.SkyAtmosphere.FastSkyLUT.SampleCountMax:32.0]]
[2020.12.09-08.33.04:159][  0]LogConfig: Setting CVar [[r.SkyAtmosphere.SampleCountMin:4.0]]
[2020.12.09-08.33.04:159][  0]LogConfig: Setting CVar [[r.SkyAtmosphere.SampleCountMax:32.0]]
[2020.12.09-08.33.04:159][  0]LogConfig: Setting CVar [[r.SkyAtmosphere.TransmittanceLUT.UseSmallFormat:0]]
[2020.12.09-08.33.04:159][  0]LogConfig: Setting CVar [[r.SkyAtmosphere.TransmittanceLUT.SampleCount:10.0]]
[2020.12.09-08.33.04:159][  0]LogConfig: Setting CVar [[r.SkyAtmosphere.MultiScatteringLUT.SampleCount:15.0]]
[2020.12.09-08.33.04:159][  0]LogConfig: Applying CVar settings from Section [FoliageQuality@3] File [E:/Lautturi/AutoBattlerProto/Saved/Config/Windows/Scalability.ini]
[2020.12.09-08.33.04:159][  0]LogConfig: Setting CVar [[foliage.DensityScale:1.0]]
[2020.12.09-08.33.04:159][  0]LogConfig: Setting CVar [[grass.DensityScale:1.0]]
[2020.12.09-08.33.04:159][  0]LogConfig: Applying CVar settings from Section [ShadingQuality@3] File [E:/Lautturi/AutoBattlerProto/Saved/Config/Windows/Scalability.ini]
[2020.12.09-08.33.04:159][  0]LogConfig: Setting CVar [[r.HairStrands.SkyLighting.SampleCount:16]]
[2020.12.09-08.33.04:159][  0]LogConfig: Setting CVar [[r.HairStrands.SkyLighting.JitterIntegration:0]]
[2020.12.09-08.33.04:159][  0]LogConfig: Setting CVar [[r.HairStrands.SkyAO.SampleCount:16]]
[2020.12.09-08.33.04:159][  0]LogConfig: Applying CVar settings from Section [Startup] File [../../../Engine/Config/ConsoleVariables.ini]
[2020.12.09-08.33.04:159][  0]LogConfig: Setting CVar [[net.UseAdaptiveNetUpdateFrequency:0]]
[2020.12.09-08.33.04:159][  0]LogConfig: Setting CVar [[p.chaos.AllowCreatePhysxBodies:1]]
[2020.12.09-08.33.04:159][  0]LogConfig: Applying CVar settings from Section [ConsoleVariables] File [E:/Lautturi/AutoBattlerProto/Saved/Config/Windows/Engine.ini]
[2020.12.09-08.33.04:159][  0]LogInit: Computer: DESKTOP-2POJTPC
[2020.12.09-08.33.04:159][  0]LogInit: User: Miros
[2020.12.09-08.33.04:159][  0]LogInit: CPU Page size=4096, Cores=12
[2020.12.09-08.33.04:159][  0]LogInit: High frequency timer resolution =10.000000 MHz
[2020.12.09-08.33.04:160][  0]LogMemory: Memory total: Physical=31.9GB (32GB approx)
[2020.12.09-08.33.04:160][  0]LogMemory: Platform Memory Stats for Windows
[2020.12.09-08.33.04:160][  0]LogMemory: Process Physical Memory: 109.50 MB used, 109.50 MB peak
[2020.12.09-08.33.04:160][  0]LogMemory: Process Virtual Memory: 104.24 MB used, 104.24 MB peak
[2020.12.09-08.33.04:160][  0]LogMemory: Physical Memory: 10274.50 MB used,  22440.60 MB free, 32715.09 MB total
[2020.12.09-08.33.04:160][  0]LogMemory: Virtual Memory: 5189.26 MB used,  134212536.00 MB free, 134217728.00 MB total
[2020.12.09-08.33.04:162][  0]LogWindows: WindowsPlatformFeatures enabled
[2020.12.09-08.33.04:174][  0]LogInit: Using OS detected language (fi-FI).
[2020.12.09-08.33.04:174][  0]LogInit: Using OS detected locale (fi-FI).
[2020.12.09-08.33.04:174][  0]LogTextLocalizationManager: No localization for 'fi-FI' exists, so 'en' will be used for the language.
[2020.12.09-08.33.04:289][  0]LogInit: Setting process to per monitor DPI aware
[2020.12.09-08.33.04:320][  0]LogSlate: New Slate User Created.  User Index 0, Is Virtual User: 0
[2020.12.09-08.33.04:320][  0]LogSlate: Slate User Registered.  User Index 0, Is Virtual User: 0
[2020.12.09-08.33.04:445][  0]LogHMD: Failed to initialize OpenVR with code 110
[2020.12.09-08.33.04:445][  0]LogD3D11RHI: D3D11 min allowed feature level: 11_0
[2020.12.09-08.33.04:445][  0]LogD3D11RHI: D3D11 max allowed feature level: 11_0
[2020.12.09-08.33.04:445][  0]LogD3D11RHI: D3D11 adapters:
[2020.12.09-08.33.04:508][  0]LogD3D11RHI:    0. 'NVIDIA GeForce GTX 1080' (Feature Level 11_0)
[2020.12.09-08.33.04:509][  0]LogD3D11RHI:       8079/0/16357 MB DedicatedVideo/DedicatedSystem/SharedSystem, Outputs:2, VendorId:0x10de
[2020.12.09-08.33.04:511][  0]LogD3D11RHI:    1. 'Microsoft Basic Render Driver' (Feature Level 11_0)
[2020.12.09-08.33.04:511][  0]LogD3D11RHI:       0/0/16357 MB DedicatedVideo/DedicatedSystem/SharedSystem, Outputs:0, VendorId:0x1414
[2020.12.09-08.33.04:511][  0]LogD3D11RHI: Chosen D3D11 Adapter: 0
[2020.12.09-08.33.04:522][  0]LogD3D11RHI: Creating new Direct3DDevice
[2020.12.09-08.33.04:523][  0]LogD3D11RHI:     GPU DeviceId: 0x1b80 (for the marketing name, search the web for "GPU Device Id")
[2020.12.09-08.33.04:523][  0]LogWindows: EnumDisplayDevices:
[2020.12.09-08.33.04:523][  0]LogWindows:    0. 'NVIDIA GeForce GTX 1080' (P:1 D:1)
[2020.12.09-08.33.04:523][  0]LogWindows:    1. 'NVIDIA GeForce GTX 1080' (P:0 D:1)
[2020.12.09-08.33.04:523][  0]LogWindows:    2. 'NVIDIA GeForce GTX 1080' (P:0 D:0)
[2020.12.09-08.33.04:523][  0]LogWindows:    3. 'NVIDIA GeForce GTX 1080' (P:0 D:0)
[2020.12.09-08.33.04:524][  0]LogWindows: DebugString: FoundDriverCount:4 
[2020.12.09-08.33.04:524][  0]LogD3D11RHI:     Adapter Name: NVIDIA GeForce GTX 1080
[2020.12.09-08.33.04:524][  0]LogD3D11RHI:   Driver Version: 445.87 (internal:26.21.14.4587, unified:445.87)
[2020.12.09-08.33.04:524][  0]LogD3D11RHI:      Driver Date: 4-3-2020
[2020.12.09-08.33.04:524][  0]LogRHI: Texture pool is 5655 MB (70% of 8079 MB)
[2020.12.09-08.33.04:566][  0]LogD3D11RHI: RHI has support for 64 bit atomics
[2020.12.09-08.33.04:566][  0]LogD3D11RHI: Async texture creation enabled
[2020.12.09-08.33.04:587][  0]LogD3D11RHI: GPU Timing Frequency: 1000.000000 (Debug: 2 1)
[2020.12.09-08.33.04:805][  0]LogTargetPlatformManager: Display: Loaded TargetPlatform 'AllDesktop'
[2020.12.09-08.33.04:836][  0]LogTargetPlatformManager: Display: Loaded TargetPlatform 'Android'
[2020.12.09-08.33.04:836][  0]LogTargetPlatformManager: Display: Loaded TargetPlatform 'Android_ASTC'
[2020.12.09-08.33.04:836][  0]LogTargetPlatformManager: Display: Loaded TargetPlatform 'Android_ATC'
[2020.12.09-08.33.04:836][  0]LogTargetPlatformManager: Display: Loaded TargetPlatform 'Android_DXT'
[2020.12.09-08.33.04:836][  0]LogTargetPlatformManager: Display: Loaded TargetPlatform 'Android_ETC1'
[2020.12.09-08.33.04:836][  0]LogTargetPlatformManager: Display: Loaded TargetPlatform 'Android_ETC1a'
[2020.12.09-08.33.04:836][  0]LogTargetPlatformManager: Display: Loaded TargetPlatform 'Android_ETC2'
[2020.12.09-08.33.04:836][  0]LogTargetPlatformManager: Display: Loaded TargetPlatform 'Android_PVRTC'
[2020.12.09-08.33.04:836][  0]LogTargetPlatformManager: Display: Loaded TargetPlatform 'AndroidClient'
[2020.12.09-08.33.04:836][  0]LogTargetPlatformManager: Display: Loaded TargetPlatform 'Android_ASTCClient'
[2020.12.09-08.33.04:836][  0]LogTargetPlatformManager: Display: Loaded TargetPlatform 'Android_ATCClient'
[2020.12.09-08.33.04:836][  0]LogTargetPlatformManager: Display: Loaded TargetPlatform 'Android_DXTClient'
[2020.12.09-08.33.04:836][  0]LogTargetPlatformManager: Display: Loaded TargetPlatform 'Android_ETC1Client'
[2020.12.09-08.33.04:836][  0]LogTargetPlatformManager: Display: Loaded TargetPlatform 'Android_ETC1aClient'
[2020.12.09-08.33.04:836][  0]LogTargetPlatformManager: Display: Loaded TargetPlatform 'Android_ETC2Client'
[2020.12.09-08.33.04:836][  0]LogTargetPlatformManager: Display: Loaded TargetPlatform 'Android_PVRTCClient'
[2020.12.09-08.33.04:836][  0]LogTargetPlatformManager: Display: Loaded TargetPlatform 'Android_Multi'
[2020.12.09-08.33.04:836][  0]LogTargetPlatformManager: Display: Loaded TargetPlatform 'Android_MultiClient'
[2020.12.09-08.33.04:852][  0]LogTargetPlatformManager: Display: Loaded TargetPlatform 'IOSClient'
[2020.12.09-08.33.04:852][  0]LogTargetPlatformManager: Display: Loaded TargetPlatform 'IOS'
[2020.12.09-08.33.04:858][  0]LogTargetPlatformManager: Display: Loaded TargetPlatform 'LinuxNoEditor'
[2020.12.09-08.33.04:865][  0]LogTargetPlatformManager: Display: Loaded TargetPlatform 'LinuxClient'
[2020.12.09-08.33.04:871][  0]LogTargetPlatformManager: Display: Loaded TargetPlatform 'LinuxServer'
[2020.12.09-08.33.04:877][  0]LogTargetPlatformManager: Display: Loaded TargetPlatform 'LinuxAArch64NoEditor'
[2020.12.09-08.33.04:883][  0]LogTargetPlatformManager: Display: Loaded TargetPlatform 'LinuxAArch64Client'
[2020.12.09-08.33.04:889][  0]LogTargetPlatformManager: Display: Loaded TargetPlatform 'LinuxAArch64Server'
[2020.12.09-08.33.04:909][  0]LogTargetPlatformManager: Display: Loaded TargetPlatform 'Lumin'
[2020.12.09-08.33.04:909][  0]LogTargetPlatformManager: Display: Loaded TargetPlatform 'LuminClient'
[2020.12.09-08.33.04:921][  0]LogTargetPlatformManager: Display: Loaded TargetPlatform 'TVOSClient'
[2020.12.09-08.33.04:921][  0]LogTargetPlatformManager: Display: Loaded TargetPlatform 'TVOS'
[2020.12.09-08.33.04:927][  0]LogTargetPlatformManager: Display: Loaded TargetPlatform 'WindowsNoEditor'
[2020.12.09-08.33.04:934][  0]LogTargetPlatformManager: Display: Loaded TargetPlatform 'Windows'
[2020.12.09-08.33.04:940][  0]LogTargetPlatformManager: Display: Loaded TargetPlatform 'WindowsClient'
[2020.12.09-08.33.04:946][  0]LogTargetPlatformManager: Display: Loaded TargetPlatform 'WindowsServer'
[2020.12.09-08.33.04:946][  0]LogTargetPlatformManager: Display: Building Assets For Windows
[2020.12.09-08.33.04:948][  0]LogAudioDebug: Display: Lib vorbis DLL was dynamically loaded.
[2020.12.09-08.33.04:964][  0]LogShaderCompilers: Guid format shader working directory is 17 characters bigger than the processId version (E:/Lautturi/AutoBattlerProto/Intermediate/Shaders/WorkingDirectory/10284/).
[2020.12.09-08.33.04:964][  0]LogShaderCompilers: Cleaned the shader compiler working directory 'C:/Users/Miros/AppData/Local/Temp/UnrealShaderWorkingDir/C96EE66D45F144A046E5EBA0D32D5259/'.
[2020.12.09-08.33.04:964][  0]LogXGEController: Cannot use XGE Controller as Incredibuild is not installed on this machine.
[2020.12.09-08.33.04:964][  0]LogShaderCompilers: Cannot use XGE Shader Compiler as Incredibuild is not installed on this machine.
[2020.12.09-08.33.04:964][  0]LogShaderCompilers: Display: Using Local Shader Compiler.
[2020.12.09-08.33.05:553][  0]LogDerivedDataCache: Display: Max Cache Size: 512 MB
[2020.12.09-08.33.05:590][  0]LogDerivedDataCache: Loaded boot cache 0.04s 78MB C:/Users/Miros/AppData/Local/UnrealEngine/4.24/DerivedDataCache/Boot.ddc.
[2020.12.09-08.33.05:590][  0]LogDerivedDataCache: Display: Loaded Boot cache: C:/Users/Miros/AppData/Local/UnrealEngine/4.24/DerivedDataCache/Boot.ddc
[2020.12.09-08.33.05:590][  0]LogDerivedDataCache: FDerivedDataBackendGraph:  Pak pak cache file E:/Lautturi/AutoBattlerProto/DerivedDataCache/DDC.ddp not found, will not use a pak cache.
[2020.12.09-08.33.05:590][  0]LogDerivedDataCache: Unable to find inner node Pak for hierarchical cache Hierarchy.
[2020.12.09-08.33.05:590][  0]LogDerivedDataCache: FDerivedDataBackendGraph:  CompressedPak pak cache file E:/Lautturi/AutoBattlerProto/DerivedDataCache/Compressed.ddp not found, will not use a pak cache.
[2020.12.09-08.33.05:590][  0]LogDerivedDataCache: Unable to find inner node CompressedPak for hierarchical cache Hierarchy.
[2020.12.09-08.33.05:599][  0]LogDerivedDataCache: Display: Pak cache opened for reading ../../../Engine/DerivedDataCache/Compressed.ddp.
[2020.12.09-08.33.05:599][  0]LogDerivedDataCache: FDerivedDataBackendGraph:  EnterprisePak pak cache file ../../../Enterprise/DerivedDataCache/Compressed.ddp not found, will not use a pak cache.
[2020.12.09-08.33.05:599][  0]LogDerivedDataCache: Unable to find inner node EnterprisePak for hierarchical cache Hierarchy.
[2020.12.09-08.33.05:600][  0]LogDerivedDataCache: Using Local data cache path C:/Users/Miros/AppData/Local/UnrealEngine/Common/DerivedDataCache: Writable
[2020.12.09-08.33.05:600][  0]LogDerivedDataCache: Shared data cache path not found in *engine.ini, will not use an Shared cache.
[2020.12.09-08.33.05:600][  0]LogDerivedDataCache: Unable to find inner node Shared for hierarchical cache Hierarchy.
[2020.12.09-08.33.05:621][  0]LogMaterial: Verifying Global Shaders for PCD3D_SM5
[2020.12.09-08.33.05:623][  0]LogSlate: Using FreeType 2.10.0
[2020.12.09-08.33.05:624][  0]LogSlate: SlateFontServices - WITH_FREETYPE: 1, WITH_HARFBUZZ: 1
[2020.12.09-08.33.05:667][  0]LogAssetRegistry: FAssetRegistry took 0.0022 seconds to start up
[2020.12.09-08.33.05:904][  0]LogInit: Selected Device Profile: [Windows]
[2020.12.09-08.33.06:023][  0]LogMeshReduction: Using QuadricMeshReduction for automatic static mesh reduction
[2020.12.09-08.33.06:023][  0]LogMeshReduction: Using SimplygonMeshReduction for automatic skeletal mesh reduction
[2020.12.09-08.33.06:023][  0]LogMeshReduction: Using ProxyLODMeshReduction for automatic mesh merging
[2020.12.09-08.33.06:023][  0]LogMeshReduction: No distributed automatic mesh merging module available
[2020.12.09-08.33.06:023][  0]LogMeshMerging: No distributed automatic mesh merging module available
[2020.12.09-08.33.06:034][  0]LogNetVersion: AutoBattlerProto 1.0.0, NetCL: 10570792, EngineNetVer: 13, GameNetVer: 0 (Checksum: 2377359032)
[2020.12.09-08.33.06:840][  0]LogPackageLocalizationCache: Processed 10 localized package path(s) for 1 prioritized culture(s) in 0.023671 seconds
[2020.12.09-08.33.06:846][  0]LogUObjectArray: 46750 objects as part of root set at end of initial load.
[2020.12.09-08.33.06:846][  0]LogUObjectAllocator: 8137160 out of 0 bytes used by permanent object pool.
[2020.12.09-08.33.06:846][  0]LogUObjectArray: CloseDisregardForGC: 0/0 objects in disregard for GC pool
[2020.12.09-08.33.07:149][  0]LogTcpMessaging: Initializing TcpMessaging bridge
[2020.12.09-08.33.07:151][  0]LogUdpMessaging: Initializing bridge on interface 0.0.0.0:0 to multicast group 230.0.0.1:6666.
[2020.12.09-08.33.07:191][  0]SourceControl: Source control is disabled
[2020.12.09-08.33.07:191][  0]SourceControl: Source control is disabled
[2020.12.09-08.33.07:191][  0]SourceControl: Source control is disabled
[2020.12.09-08.33.07:192][  0]SourceControl: Source control is disabled
[2020.12.09-08.33.07:192][  0]SourceControl: Source control is disabled
[2020.12.09-08.33.07:249][  0]LogAndroidPermission: UAndroidPermissionCallbackProxy::GetInstance
[2020.12.09-08.33.07:256][  0]LogAudioCaptureCore: Display: No Audio Capture implementations found. Audio input will be silent.
[2020.12.09-08.33.07:256][  0]LogAudioCaptureCore: Display: No Audio Capture implementations found. Audio input will be silent.
[2020.12.09-08.33.07:323][  0]LogOcInput: OculusInput pre-init called
[2020.12.09-08.33.07:329][  0]LogWindows: Failed to load 'OVRPlugin.dll' (GetLastError=126)
[2020.12.09-08.33.07:329][  0]LogWindows: File 'OVRPlugin.dll' does not exist
[2020.12.09-08.33.07:386][  0]LogEngine: Initializing Engine...
[2020.12.09-08.33.07:387][  0]LogHMD: Failed to initialize OpenVR with code 110
[2020.12.09-08.33.07:387][  0]LogStats: UGameplayTagsManager::InitializeManager -  0.000 s
[2020.12.09-08.33.07:647][  0]LogInit: Initializing FReadOnlyCVARCache
[2020.12.09-08.33.07:652][  0]LogAIModule: Creating AISystem for world Untitled
[2020.12.09-08.33.07:660][  0]LogAudioMixer: Display: Audio Mixer Platform Settings:
[2020.12.09-08.33.07:660][  0]LogAudioMixer: Display: 	Sample Rate:						  48000
[2020.12.09-08.33.07:660][  0]LogAudioMixer: Display: 	Callback Buffer Frame Size Requested: 1024
[2020.12.09-08.33.07:660][  0]LogAudioMixer: Display: 	Callback Buffer Frame Size To Use:	  1024
[2020.12.09-08.33.07:660][  0]LogAudioMixer: Display: 	Number of buffers to queue:			  2
[2020.12.09-08.33.07:660][  0]LogAudioMixer: Display: 	Max Channels (voices):				  32
[2020.12.09-08.33.07:660][  0]LogAudioMixer: Display: 	Number of Async Source Workers:		  0
[2020.12.09-08.33.07:660][  0]LogAudio: Display: AudioDevice MaxSources: 32
[2020.12.09-08.33.07:661][  0]LogAudio: Display: Using built-in audio occlusion.
[2020.12.09-08.33.07:661][  0]LogAudioMixer: Display: Initializing audio mixer.
[2020.12.09-08.33.07:789][  0]LogAudioMixer: Display: Audio Device Output Speaker Info:
[2020.12.09-08.33.07:789][  0]LogAudioMixer: Display: Name: Kaiuttimet (Realtek(R) Audio)
[2020.12.09-08.33.07:789][  0]LogAudioMixer: Display: Is Default: Yes
[2020.12.09-08.33.07:789][  0]LogAudioMixer: Display: Sample Rate: 48000
[2020.12.09-08.33.07:789][  0]LogAudioMixer: Display: Channel Count Used: 2
[2020.12.09-08.33.07:789][  0]LogAudioMixer: Display: Device Channel Count: 2
[2020.12.09-08.33.07:789][  0]LogAudioMixer: Display: Channel Order:
[2020.12.09-08.33.07:789][  0]LogAudioMixer: Display: 0: FrontLeft
[2020.12.09-08.33.07:789][  0]LogAudioMixer: Display: 1: FrontRight
[2020.12.09-08.33.07:822][  0]LogAudioMixer: Display: Using Audio Device Kaiuttimet (Realtek(R) Audio)
[2020.12.09-08.33.07:825][  0]LogInit: FAudioDevice initialized.
[2020.12.09-08.33.07:825][  0]LogNetVersion: Set ProjectVersion to 1.0.0.0. Version Checksum will be recalculated on next use.
[2020.12.09-08.33.07:901][  0]LogDerivedDataCache: Saved boot cache 0.08s 78MB C:/Users/Miros/AppData/Local/UnrealEngine/4.24/DerivedDataCache/Boot.ddc.
[2020.12.09-08.33.07:901][  0]LogInit: Texture streaming: Enabled
[2020.12.09-08.33.07:910][  0]LogEngineSessionManager: EngineSessionManager initialized
[2020.12.09-08.33.07:910][  0]LogEngineSessionManager: EngineSessionManager sent abnormal shutdown report. Type=Crashed, SessionId={CD8F870E-44D5-1D0E-F768-F1B9E34A03BB}
[2020.12.09-08.33.07:910][  0]LogEditorSessionSummary: Verbose: Initializing EditorSessionSummaryWriter for editor session tracking
[2020.12.09-08.33.07:912][  0]LogEditorSessionSummary: EditorSessionSummaryWriter initialized
[2020.12.09-08.33.07:945][  0]LogInit: Transaction tracking system initialized
[2020.12.09-08.33.07:953][  0]BlueprintLog: New page: Editor Load
[2020.12.09-08.33.07:976][  0]LocalizationService: Localization service is disabled
[2020.12.09-08.33.08:183][  0]LogCook: Display: Max memory allowance for cook 16384mb min free memory 0mb
[2020.12.09-08.33.08:183][  0]LogCook: Display: Mobile HDR setting 1
[2020.12.09-08.33.08:242][  0]LogFileCache: Scanning file cache for directory 'E:/Lautturi/AutoBattlerProto/Content/' took 0.01s
[2020.12.09-08.33.08:710][  0]SourceControl: Source control is disabled
[2020.12.09-08.33.08:711][  0]Cmd: MAP LOAD FILE="E:/Lautturi/AutoBattlerProto/Content/TestingContent/Persistent.umap" TEMPLATE=0 SHOWPROGRESS=1 FEATURELEVEL=3
[2020.12.09-08.33.08:711][  0]LightingResults: New page: Lighting Build
[2020.12.09-08.33.08:711][  0]LogWorld: UWorld::CleanupWorld for Untitled, bSessionEnded=true, bCleanupResources=true
[2020.12.09-08.33.08:712][  0]LogSlate: InvalidateAllWidgets triggered.  All widgets were invalidated
[2020.12.09-08.33.08:712][  0]MapCheck: New page: Map Check
[2020.12.09-08.33.08:712][  0]LightingResults: New page: Lighting Build
[2020.12.09-08.33.08:747][  0]LogUObjectHash: Compacting FUObjectHashTables data took   2.05ms
[2020.12.09-08.33.08:758][  0]LogAIModule: Creating AISystem for world Persistent
[2020.12.09-08.33.08:759][  0]LogStreaming: Display: ULevelStreaming::RequestLevel(/Game/TestingContent/CombatLevel) is flushing async loading
[2020.12.09-08.33.08:759][  0]LogStreaming: Display: Flushing async loaders.
[2020.12.09-08.33.09:043][  0]LogStreaming: Display: ULevelStreaming::RequestLevel(/Game/TestingContent/PickingLevel) is flushing async loading
[2020.12.09-08.33.09:179][  0]LogEditorServer: Finished looking for orphan Actors (0.000 secs)
[2020.12.09-08.33.09:217][  0]LogUObjectHash: Compacting FUObjectHashTables data took   2.13ms
[2020.12.09-08.33.09:217][  0]Cmd: MAP CHECKDEP NOCLEARLOG
[2020.12.09-08.33.09:217][  0]MapCheck: Map check complete: 0 Error(s), 0 Warning(s), took 0,157ms to complete.
[2020.12.09-08.33.09:217][  0]LogFileHelpers: Loading map 'Persistent' took 0.507
[2020.12.09-08.33.09:336][  0]LogSlate: Updating window title bar state: overlay mode, drag disabled, window buttons hidden, title bar hidden
[2020.12.09-08.33.09:342][  0]LogSlate: Updating window title bar state: overlay mode, drag disabled, window buttons hidden, title bar hidden
[2020.12.09-08.33.09:347][  0]LogSlate: Updating window title bar state: overlay mode, drag disabled, window buttons hidden, title bar hidden
[2020.12.09-08.33.09:352][  0]LogSlate: Updating window title bar state: overlay mode, drag disabled, window buttons hidden, title bar hidden
[2020.12.09-08.33.09:360][  0]LogCollectionManager: Loaded 0 collections in 0.002561 seconds
[2020.12.09-08.33.09:374][  0]LogFileCache: Scanning file cache for directory 'E:/Lautturi/AutoBattlerProto/Saved/Collections/' took 0.00s
[2020.12.09-08.33.09:374][  0]LogFileCache: Scanning file cache for directory 'E:/Lautturi/AutoBattlerProto/Content/Developers/Miros/Collections/' took 0.00s
[2020.12.09-08.33.09:374][  0]LogFileCache: Scanning file cache for directory 'E:/Lautturi/AutoBattlerProto/Content/Collections/' took 0.00s
[2020.12.09-08.33.09:374][  0]LogContentBrowser: Native class hierarchy populated in 0.0086 seconds. Added 3030 classes and 722 folders.
[2020.12.09-08.33.09:376][  0]LogContentBrowser: Native class hierarchy updated for 'WidgetCarousel' in 0.0005 seconds. Added 0 classes and 0 folders.
[2020.12.09-08.33.09:422][  0]LogContentBrowser: Native class hierarchy updated for 'AddContentDialog' in 0.0004 seconds. Added 0 classes and 0 folders.
[2020.12.09-08.33.09:426][  0]LogContentBrowser: Native class hierarchy updated for 'SceneOutliner' in 0.0005 seconds. Added 2 classes and 3 folders.
[2020.12.09-08.33.10:323][  0]LogSlate: Took 0.000195 seconds to synchronously load lazily loaded font '../../../Engine/Content/Slate/Fonts/Roboto-Regular.ttf' (155K)
[2020.12.09-08.33.10:325][  0]LogSlate: Took 0.000122 seconds to synchronously load lazily loaded font '../../../Engine/Content/Slate/Fonts/Roboto-Bold.ttf' (160K)
[2020.12.09-08.33.10:329][  0]LogSlate: Took 0.000121 seconds to synchronously load lazily loaded font '../../../Engine/Content/Editor/Slate/Fonts/FontAwesome.ttf' (139K)
[2020.12.09-08.33.10:385][  0]LogRenderer: Reallocating scene render targets to support 1800x744 Format 10 NumSamples 1 (Frame:1).
[2020.12.09-08.33.10:474][  0]LogContentBrowser: Native class hierarchy updated for 'HierarchicalLODOutliner' in 0.0005 seconds. Added 0 classes and 0 folders.
[2020.12.09-08.33.10:474][  0]LogLoad: (Engine Initialization) Total time: 7.30 seconds
[2020.12.09-08.33.10:475][  0]LogLoad: (Engine Initialization) Total Blueprint compile time: 0.00 seconds
[2020.12.09-08.33.10:519][  0]LogAssetRegistry: Asset discovery search completed in 4.8525 seconds
[2020.12.09-08.33.10:522][  0]LogCollectionManager: Fixed up redirectors for 0 collections in 0.000006 seconds (updated 0 objects)
[2020.12.09-08.33.10:527][  0]LogContentStreaming: Texture pool size now 1000 MB
[2020.12.09-08.33.10:556][  1]LogFileCache: Retrieving MD5 hashes for directory 'E:/Lautturi/AutoBattlerProto/Content/' took 0.07s
[2020.12.09-08.33.11:494][106]LogSlate: Took 0.000199 seconds to synchronously load lazily loaded font '../../../Engine/Content/Slate/Fonts/Roboto-Light.ttf' (167K)
[2020.12.09-08.33.14:565][432]LogAssetEditorSubsystem: Opening Asset editor for World /Game/TestingContent/PickingLevel.PickingLevel
[2020.12.09-08.33.14:601][432]LogUObjectHash: Compacting FUObjectHashTables data took   0.74ms
[2020.12.09-08.33.14:604][432]Cmd: MAP LOAD FILE="E:/Lautturi/AutoBattlerProto/Content/TestingContent/PickingLevel.umap" TEMPLATE=0 SHOWPROGRESS=1 FEATURELEVEL=3
[2020.12.09-08.33.14:604][432]LightingResults: New page: Lighting Build
[2020.12.09-08.33.14:604][432]LoadErrors: New page: Loading map: PickingLevel.umap
[2020.12.09-08.33.14:605][432]LogWorld: UWorld::CleanupWorld for Persistent, bSessionEnded=true, bCleanupResources=true
[2020.12.09-08.33.14:605][432]LogSlate: InvalidateAllWidgets triggered.  All widgets were invalidated
[2020.12.09-08.33.14:605][432]LogWorld: UWorld::CleanupWorld for CombatLevel, bSessionEnded=true, bCleanupResources=true
[2020.12.09-08.33.14:605][432]LogSlate: InvalidateAllWidgets triggered.  All widgets were invalidated
[2020.12.09-08.33.14:605][432]LogWorld: UWorld::CleanupWorld for PickingLevel, bSessionEnded=true, bCleanupResources=true
[2020.12.09-08.33.14:605][432]LogSlate: InvalidateAllWidgets triggered.  All widgets were invalidated
[2020.12.09-08.33.14:605][432]MapCheck: New page: Map Check
[2020.12.09-08.33.14:605][432]LightingResults: New page: Lighting Build
[2020.12.09-08.33.14:644][432]LogUObjectHash: Compacting FUObjectHashTables data took   1.63ms
[2020.12.09-08.33.14:645][432]LogAIModule: Creating AISystem for world PickingLevel
[2020.12.09-08.33.14:716][432]LogEditorServer: Finished looking for orphan Actors (0.000 secs)
[2020.12.09-08.33.14:756][432]LogUObjectHash: Compacting FUObjectHashTables data took   1.60ms
[2020.12.09-08.33.14:772][432]Cmd: MAP CHECKDEP NOCLEARLOG
[2020.12.09-08.33.14:773][432]MapCheck: Map check complete: 0 Error(s), 0 Warning(s), took 1,359ms to complete.
[2020.12.09-08.33.14:773][432]LogFileHelpers: Loading map 'PickingLevel' took 0.171
[2020.12.09-08.33.14:834][432]LogUObjectHash: Compacting FUObjectHashTables data took   0.79ms
[2020.12.09-08.33.15:537][510]LogEditorViewport: Clicking on Actor (LMB): BP_Ferry_C (BP_Ferry)
[2020.12.09-08.33.16:219][585]Cmd: DELETE
[2020.12.09-08.33.16:219][585]Cmd: ACTOR DELETE
[2020.12.09-08.33.16:236][585]LogAIModule: Creating AISystem for world Persistent
[2020.12.09-08.33.16:243][585]LogEditorActor: Deleted Actor: BP_Ferry_C
[2020.12.09-08.33.16:279][585]LogUObjectHash: Compacting FUObjectHashTables data took   0.71ms
[2020.12.09-08.33.16:280][585]LogEditorActor: Deleted 1 Actors (0.060 secs)
[2020.12.09-08.33.25:890][712]Cmd: OBJ SAVEPACKAGE PACKAGE="/Game/TestingContent/PickingLevel" FILE="E:/Lautturi/AutoBattlerProto/Content/TestingContent/PickingLevel.umap" SILENT=true AUTOSAVING=false KEEPDIRTY=false
[2020.12.09-08.33.25:924][712]LogUObjectHash: Compacting FUObjectHashTables data took   1.34ms
[2020.12.09-08.33.26:042][712]LogSavePackage: Moving 'E:/Lautturi/AutoBattlerProto/Saved/PickingLevel07BF2B6D463B818D50050E93C1EB4822.tmp' to 'E:/Lautturi/AutoBattlerProto/Content/TestingContent/PickingLevel.umap'
[2020.12.09-08.33.26:069][712]AssetCheck: New page: Asset Save: PickingLevel
[2020.12.09-08.33.26:069][712]LogContentValidation: Display: Validating World /Game/TestingContent/PickingLevel.PickingLevel
[2020.12.09-08.33.28:558][  4]LogAssetEditorSubsystem: Opening Asset editor for World /Game/TestingContent/Persistent.Persistent
[2020.12.09-08.33.28:595][  4]LogUObjectHash: Compacting FUObjectHashTables data took   1.83ms
[2020.12.09-08.33.28:597][  4]Cmd: MAP LOAD FILE="E:/Lautturi/AutoBattlerProto/Content/TestingContent/Persistent.umap" TEMPLATE=0 SHOWPROGRESS=1 FEATURELEVEL=3
[2020.12.09-08.33.28:597][  4]LightingResults: New page: Lighting Build
[2020.12.09-08.33.28:597][  4]LoadErrors: New page: Loading map: Persistent.umap
[2020.12.09-08.33.28:598][  4]LogWorld: UWorld::CleanupWorld for PickingLevel, bSessionEnded=true, bCleanupResources=true
[2020.12.09-08.33.28:598][  4]LogSlate: InvalidateAllWidgets triggered.  All widgets were invalidated
[2020.12.09-08.33.28:598][  4]MapCheck: New page: Map Check
[2020.12.09-08.33.28:598][  4]LightingResults: New page: Lighting Build
[2020.12.09-08.33.28:636][  4]LogUObjectHash: Compacting FUObjectHashTables data took   1.88ms
[2020.12.09-08.33.28:637][  4]LogStreaming: Display: ULevelStreaming::RequestLevel(/Game/TestingContent/CombatLevel) is flushing async loading
[2020.12.09-08.33.28:637][  4]LogStreaming: Display: Flushing async loaders.
[2020.12.09-08.33.28:645][  4]LogStreaming: Display: ULevelStreaming::RequestLevel(/Game/TestingContent/PickingLevel) is flushing async loading
[2020.12.09-08.33.28:709][  4]LogEditorServer: Finished looking for orphan Actors (0.000 secs)
[2020.12.09-08.33.28:750][  4]LogUObjectHash: Compacting FUObjectHashTables data took   1.59ms
[2020.12.09-08.33.28:766][  4]Cmd: MAP CHECKDEP NOCLEARLOG
[2020.12.09-08.33.28:767][  4]MapCheck: Map check complete: 0 Error(s), 0 Warning(s), took 1,036ms to complete.
[2020.12.09-08.33.28:767][  4]LogFileHelpers: Loading map 'Persistent' took 0.172
[2020.12.09-08.33.29:453][ 77]LogTemp: Repeating last play command: Selected Viewport
[2020.12.09-08.33.29:461][ 77]LogBlueprintUserMessages: Early PlayInEditor Detection: Level '/Game/TestingContent/PickingLevel.PickingLevel:PersistentLevel' has LevelScriptBlueprint '/Game/TestingContent/PickingLevel.PickingLevel:PersistentLevel.PickingLevel' with GeneratedClass '/Game/TestingContent/PickingLevel.PickingLevel_C' with ClassGeneratedBy '/Game/TestingContent/PickingLevel.PickingLevel:PersistentLevel.PickingLevel'
[2020.12.09-08.33.29:461][ 77]LogPlayLevel: PlayLevel: No blueprints needed recompiling
[2020.12.09-08.33.29:462][ 77]PIE: New page: PIE session: Persistent (9.12.2020 klo 12.33.29)
[2020.12.09-08.33.29:463][ 77]LogOnline: OSS: Creating online subsystem instance for: NULL
[2020.12.09-08.33.29:463][ 77]LogOnline: OSS: TryLoadSubsystemAndSetDefault: Loaded subsystem for module [NULL]
[2020.12.09-08.33.29:464][ 77]LogPlayLevel: Creating play world package: /Game/TestingContent/UEDPIE_0_Persistent
[2020.12.09-08.33.29:465][ 77]LogPlayLevel: PIE: StaticDuplicateObject took: (0.000797s)
[2020.12.09-08.33.29:466][ 77]LogAIModule: Creating AISystem for world Persistent
[2020.12.09-08.33.29:466][ 77]LogPlayLevel: PIE: World Init took: (0.000934s)
[2020.12.09-08.33.29:466][ 77]LogPlayLevel: PIE: Created PIE world by copying editor world from /Game/TestingContent/Persistent.Persistent to /Game/TestingContent/UEDPIE_0_Persistent.Persistent (0.001899s)
[2020.12.09-08.33.29:502][ 77]LogUObjectHash: Compacting FUObjectHashTables data took   1.42ms
[2020.12.09-08.33.29:503][ 77]LogTemp: Warning: Soultrial Initialized
[2020.12.09-08.33.29:503][ 77]LogAudioMixer: Display: Audio Mixer Platform Settings:
[2020.12.09-08.33.29:503][ 77]LogAudioMixer: Display: 	Sample Rate:						  48000
[2020.12.09-08.33.29:503][ 77]LogAudioMixer: Display: 	Callback Buffer Frame Size Requested: 1024
[2020.12.09-08.33.29:503][ 77]LogAudioMixer: Display: 	Callback Buffer Frame Size To Use:	  1024
[2020.12.09-08.33.29:503][ 77]LogAudioMixer: Display: 	Number of buffers to queue:			  2
[2020.12.09-08.33.29:503][ 77]LogAudioMixer: Display: 	Max Channels (voices):				  32
[2020.12.09-08.33.29:503][ 77]LogAudioMixer: Display: 	Number of Async Source Workers:		  0
[2020.12.09-08.33.29:503][ 77]LogAudio: Display: AudioDevice MaxSources: 32
[2020.12.09-08.33.29:503][ 77]LogAudio: Display: Using built-in audio occlusion.
[2020.12.09-08.33.29:503][ 77]LogAudioMixer: Display: Initializing audio mixer.
[2020.12.09-08.33.29:624][ 77]LogAudioMixer: Display: Audio Device Output Speaker Info:
[2020.12.09-08.33.29:624][ 77]LogAudioMixer: Display: Name: Kaiuttimet (Realtek(R) Audio)
[2020.12.09-08.33.29:624][ 77]LogAudioMixer: Display: Is Default: Yes
[2020.12.09-08.33.29:625][ 77]LogAudioMixer: Display: Sample Rate: 48000
[2020.12.09-08.33.29:625][ 77]LogAudioMixer: Display: Channel Count Used: 2
[2020.12.09-08.33.29:625][ 77]LogAudioMixer: Display: Device Channel Count: 2
[2020.12.09-08.33.29:625][ 77]LogAudioMixer: Display: Channel Order:
[2020.12.09-08.33.29:625][ 77]LogAudioMixer: Display: 0: FrontLeft
[2020.12.09-08.33.29:625][ 77]LogAudioMixer: Display: 1: FrontRight
[2020.12.09-08.33.29:644][ 77]LogAudioMixer: Display: Using Audio Device Kaiuttimet (Realtek(R) Audio)
[2020.12.09-08.33.29:646][ 77]LogInit: FAudioDevice initialized.
[2020.12.09-08.33.29:656][ 77]LogLoad: Game class is 'BP_AutoBattlerProtoGameModeBase_C'
[2020.12.09-08.33.29:657][ 77]LogWorld: Bringing World /Game/TestingContent/UEDPIE_0_Persistent.Persistent up for play (max tick rate 0) at 2020.12.09-10.33.29
[2020.12.09-08.33.29:657][ 77]LogWorld: Bringing up level for play took: 0.000273
[2020.12.09-08.33.29:657][ 77]LogOnline: OSS: Creating online subsystem instance for: :Context_5
[2020.12.09-08.33.29:658][ 77]LogGameMode: FindPlayerStart: PATHS NOT DEFINED or NO PLAYERSTART with positive rating
[2020.12.09-08.33.29:660][ 77]LogContentBrowser: Native class hierarchy updated for 'MovieSceneCapture' in 0.0005 seconds. Added 20 classes and 0 folders.
[2020.12.09-08.33.29:660][ 77]LogLevel: ActivateLevel /Game/TestingContent/UEDPIE_0_PickingLevel 1 1 1
[2020.12.09-08.33.29:660][ 77]PIE: Play in editor start time for /Game/TestingContent/UEDPIE_0_Persistent 0,406
[2020.12.09-08.33.29:661][ 77]LogBlueprintUserMessages: Late PlayInEditor Detection: Level '/Game/TestingContent/PickingLevel.PickingLevel:PersistentLevel' has LevelScriptBlueprint '/Game/TestingContent/PickingLevel.PickingLevel:PersistentLevel.PickingLevel' with GeneratedClass '/Game/TestingContent/PickingLevel.PickingLevel_C' with ClassGeneratedBy '/Game/TestingContent/PickingLevel.PickingLevel:PersistentLevel.PickingLevel'
[2020.12.09-08.33.29:661][ 77]LogLevelStreaming: Display: FStreamLevelAction::UpdateOperation() LevelName PickingLevel, bIsLevelValid 1
[2020.12.09-08.33.29:695][ 78]LogLevelStreaming: Display: FStreamLevelAction::UpdateOperation() LevelName PickingLevel, bIsLevelValid 1
[2020.12.09-08.33.36:305][871]PIE: Warning: Mobility of /Game/TestingContent/UEDPIE_0_PickingLevel.PickingLevel:PersistentLevel.SM_Ground_Plane_Warble_22 : StaticMeshComponent0 has to be 'Movable' if you'd like to move. 
[2020.12.09-08.33.36:313][872]PIE: Warning: Mobility of /Game/TestingContent/UEDPIE_0_PickingLevel.PickingLevel:PersistentLevel.SM_Ground_Plane_Warble_22 : StaticMeshComponent0 has to be 'Movable' if you'd like to move. 
[2020.12.09-08.33.36:322][873]PIE: Warning: Mobility of /Game/TestingContent/UEDPIE_0_PickingLevel.PickingLevel:PersistentLevel.SM_Ground_Plane_Warble_22 : StaticMeshComponent0 has to be 'Movable' if you'd like to move. 
[2020.12.09-08.33.36:330][874]PIE: Warning: Mobility of /Game/TestingContent/UEDPIE_0_PickingLevel.PickingLevel:PersistentLevel.SM_Ground_Plane_Warble_22 : StaticMeshComponent0 has to be 'Movable' if you'd like to move. 
[2020.12.09-08.33.36:338][875]PIE: Warning: Mobility of /Game/TestingContent/UEDPIE_0_PickingLevel.PickingLevel:PersistentLevel.SM_Ground_Plane_Warble_22 : StaticMeshComponent0 has to be 'Movable' if you'd like to move. 
[2020.12.09-08.33.36:347][876]PIE: Warning: Mobility of /Game/TestingContent/UEDPIE_0_PickingLevel.PickingLevel:PersistentLevel.SM_Ground_Plane_Warble_22 : StaticMeshComponent0 has to be 'Movable' if you'd like to move. 
[2020.12.09-08.33.36:355][877]PIE: Warning: Mobility of /Game/TestingContent/UEDPIE_0_PickingLevel.PickingLevel:PersistentLevel.SM_Ground_Plane_Warble_22 : StaticMeshComponent0 has to be 'Movable' if you'd like to move. 
[2020.12.09-08.33.36:363][878]PIE: Warning: Mobility of /Game/TestingContent/UEDPIE_0_PickingLevel.PickingLevel:PersistentLevel.SM_Ground_Plane_Warble_22 : StaticMeshComponent0 has to be 'Movable' if you'd like to move. 
[2020.12.09-08.33.36:372][879]PIE: Warning: Mobility of /Game/TestingContent/UEDPIE_0_PickingLevel.PickingLevel:PersistentLevel.SM_Ground_Plane_Warble_22 : StaticMeshComponent0 has to be 'Movable' if you'd like to move. 
[2020.12.09-08.33.36:380][880]PIE: Warning: Mobility of /Game/TestingContent/UEDPIE_0_PickingLevel.PickingLevel:PersistentLevel.SM_Ground_Plane_Warble_22 : StaticMeshComponent0 has to be 'Movable' if you'd like to move. 
[2020.12.09-08.33.36:388][881]PIE: Warning: Mobility of /Game/TestingContent/UEDPIE_0_PickingLevel.PickingLevel:PersistentLevel.SM_Ground_Plane_Warble_22 : StaticMeshComponent0 has to be 'Movable' if you'd like to move. 
[2020.12.09-08.33.36:397][882]PIE: Warning: Mobility of /Game/TestingContent/UEDPIE_0_PickingLevel.PickingLevel:PersistentLevel.SM_Ground_Plane_Warble_22 : StaticMeshComponent0 has to be 'Movable' if you'd like to move. 
[2020.12.09-08.33.36:405][883]PIE: Warning: Mobility of /Game/TestingContent/UEDPIE_0_PickingLevel.PickingLevel:PersistentLevel.SM_Ground_Plane_Warble_22 : StaticMeshComponent0 has to be 'Movable' if you'd like to move. 
[2020.12.09-08.33.36:413][884]PIE: Warning: Mobility of /Game/TestingContent/UEDPIE_0_PickingLevel.PickingLevel:PersistentLevel.SM_Ground_Plane_Warble_22 : StaticMeshComponent0 has to be 'Movable' if you'd like to move. 
[2020.12.09-08.33.36:421][885]PIE: Warning: Mobility of /Game/TestingContent/UEDPIE_0_PickingLevel.PickingLevel:PersistentLevel.SM_Ground_Plane_Warble_22 : StaticMeshComponent0 has to be 'Movable' if you'd like to move. 
[2020.12.09-08.33.36:430][886]PIE: Warning: Mobility of /Game/TestingContent/UEDPIE_0_PickingLevel.PickingLevel:PersistentLevel.SM_Ground_Plane_Warble_22 : StaticMeshComponent0 has to be 'Movable' if you'd like to move. 
[2020.12.09-08.33.36:438][887]PIE: Warning: Mobility of /Game/TestingContent/UEDPIE_0_PickingLevel.PickingLevel:PersistentLevel.SM_Ground_Plane_Warble_22 : StaticMeshComponent0 has to be 'Movable' if you'd like to move. 
[2020.12.09-08.33.36:446][888]PIE: Warning: Mobility of /Game/TestingContent/UEDPIE_0_PickingLevel.PickingLevel:PersistentLevel.SM_Ground_Plane_Warble_22 : StaticMeshComponent0 has to be 'Movable' if you'd like to move. 
[2020.12.09-08.33.36:455][889]PIE: Warning: Mobility of /Game/TestingContent/UEDPIE_0_PickingLevel.PickingLevel:PersistentLevel.SM_Ground_Plane_Warble_22 : StaticMeshComponent0 has to be 'Movable' if you'd like to move. 
[2020.12.09-08.33.36:463][890]PIE: Warning: Mobility of /Game/TestingContent/UEDPIE_0_PickingLevel.PickingLevel:PersistentLevel.SM_Ground_Plane_Warble_22 : StaticMeshComponent0 has to be 'Movable' if you'd like to move. 
[2020.12.09-08.33.36:471][891]PIE: Warning: Mobility of /Game/TestingContent/UEDPIE_0_PickingLevel.PickingLevel:PersistentLevel.SM_Ground_Plane_Warble_22 : StaticMeshComponent0 has to be 'Movable' if you'd like to move. 
[2020.12.09-08.33.36:480][892]PIE: Warning: Mobility of /Game/TestingContent/UEDPIE_0_PickingLevel.PickingLevel:PersistentLevel.SM_Ground_Plane_Warble_22 : StaticMeshComponent0 has to be 'Movable' if you'd like to move. 
[2020.12.09-08.33.36:488][893]PIE: Warning: Mobility of /Game/TestingContent/UEDPIE_0_PickingLevel.PickingLevel:PersistentLevel.SM_Ground_Plane_Warble_22 : StaticMeshComponent0 has to be 'Movable' if you'd like to move. 
[2020.12.09-08.33.36:496][894]PIE: Warning: Mobility of /Game/TestingContent/UEDPIE_0_PickingLevel.PickingLevel:PersistentLevel.SM_Ground_Plane_Warble_22 : StaticMeshComponent0 has to be 'Movable' if you'd like to move. 
[2020.12.09-08.33.36:505][895]PIE: Warning: Mobility of /Game/TestingContent/UEDPIE_0_PickingLevel.PickingLevel:PersistentLevel.SM_Ground_Plane_Warble_22 : StaticMeshComponent0 has to be 'Movable' if you'd like to move. 
[2020.12.09-08.33.36:513][896]PIE: Warning: Mobility of /Game/TestingContent/UEDPIE_0_PickingLevel.PickingLevel:PersistentLevel.SM_Ground_Plane_Warble_22 : StaticMeshComponent0 has to be 'Movable' if you'd like to move. 
[2020.12.09-08.33.36:521][897]PIE: Warning: Mobility of /Game/TestingContent/UEDPIE_0_PickingLevel.PickingLevel:PersistentLevel.SM_Ground_Plane_Warble_22 : StaticMeshComponent0 has to be 'Movable' if you'd like to move. 
[2020.12.09-08.33.36:530][898]PIE: Warning: Mobility of /Game/TestingContent/UEDPIE_0_PickingLevel.PickingLevel:PersistentLevel.SM_Ground_Plane_Warble_22 : StaticMeshComponent0 has to be 'Movable' if you'd like to move. 
[2020.12.09-08.33.36:538][899]PIE: Warning: Mobility of /Game/TestingContent/UEDPIE_0_PickingLevel.PickingLevel:PersistentLevel.SM_Ground_Plane_Warble_22 : StaticMeshComponent0 has to be 'Movable' if you'd like to move. 
[2020.12.09-08.33.36:546][900]PIE: Warning: Mobility of /Game/TestingContent/UEDPIE_0_PickingLevel.PickingLevel:PersistentLevel.SM_Ground_Plane_Warble_22 : StaticMeshComponent0 has to be 'Movable' if you'd like to move. 
[2020.12.09-08.33.36:555][901]PIE: Warning: Mobility of /Game/TestingContent/UEDPIE_0_PickingLevel.PickingLevel:PersistentLevel.SM_Ground_Plane_Warble_22 : StaticMeshComponent0 has to be 'Movable' if you'd like to move. 
[2020.12.09-08.33.36:563][902]PIE: Warning: Mobility of /Game/TestingContent/UEDPIE_0_PickingLevel.PickingLevel:PersistentLevel.SM_Ground_Plane_Warble_22 : StaticMeshComponent0 has to be 'Movable' if you'd like to move. 
[2020.12.09-08.33.36:571][903]PIE: Warning: Mobility of /Game/TestingContent/UEDPIE_0_PickingLevel.PickingLevel:PersistentLevel.SM_Ground_Plane_Warble_22 : StaticMeshComponent0 has to be 'Movable' if you'd like to move. 
[2020.12.09-08.33.36:580][904]PIE: Warning: Mobility of /Game/TestingContent/UEDPIE_0_PickingLevel.PickingLevel:PersistentLevel.SM_Ground_Plane_Warble_22 : StaticMeshComponent0 has to be 'Movable' if you'd like to move. 
[2020.12.09-08.33.36:588][905]PIE: Warning: Mobility of /Game/TestingContent/UEDPIE_0_PickingLevel.PickingLevel:PersistentLevel.SM_Ground_Plane_Warble_22 : StaticMeshComponent0 has to be 'Movable' if you'd like to move. 
[2020.12.09-08.33.36:596][906]PIE: Warning: Mobility of /Game/TestingContent/UEDPIE_0_PickingLevel.PickingLevel:PersistentLevel.SM_Ground_Plane_Warble_22 : StaticMeshComponent0 has to be 'Movable' if you'd like to move. 
[2020.12.09-08.33.36:605][907]PIE: Warning: Mobility of /Game/TestingContent/UEDPIE_0_PickingLevel.PickingLevel:PersistentLevel.SM_Ground_Plane_Warble_22 : StaticMeshComponent0 has to be 'Movable' if you'd like to move. 
[2020.12.09-08.33.36:613][908]PIE: Warning: Mobility of /Game/TestingContent/UEDPIE_0_PickingLevel.PickingLevel:PersistentLevel.SM_Ground_Plane_Warble_22 : StaticMeshComponent0 has to be 'Movable' if you'd like to move. 
[2020.12.09-08.33.36:621][909]PIE: Warning: Mobility of /Game/TestingContent/UEDPIE_0_PickingLevel.PickingLevel:PersistentLevel.SM_Ground_Plane_Warble_22 : StaticMeshComponent0 has to be 'Movable' if you'd like to move. 
[2020.12.09-08.33.36:630][910]PIE: Warning: Mobility of /Game/TestingContent/UEDPIE_0_PickingLevel.PickingLevel:PersistentLevel.SM_Ground_Plane_Warble_22 : StaticMeshComponent0 has to be 'Movable' if you'd like to move. 
[2020.12.09-08.33.36:638][911]PIE: Warning: Mobility of /Game/TestingContent/UEDPIE_0_PickingLevel.PickingLevel:PersistentLevel.SM_Ground_Plane_Warble_22 : StaticMeshComponent0 has to be 'Movable' if you'd like to move. 
[2020.12.09-08.33.36:646][912]PIE: Warning: Mobility of /Game/TestingContent/UEDPIE_0_PickingLevel.PickingLevel:PersistentLevel.SM_Ground_Plane_Warble_22 : StaticMeshComponent0 has to be 'Movable' if you'd like to move. 
[2020.12.09-08.33.36:655][913]PIE: Warning: Mobility of /Game/TestingContent/UEDPIE_0_PickingLevel.PickingLevel:PersistentLevel.SM_Ground_Plane_Warble_22 : StaticMeshComponent0 has to be 'Movable' if you'd like to move. 
[2020.12.09-08.34.04:972][311]LogLevel: ActivateLevel /Game/TestingContent/UEDPIE_0_CombatLevel 1 1 1
[2020.12.09-08.34.04:972][311]LogLevelStreaming: Display: FStreamLevelAction::UpdateOperation() LevelName CombatLevel, bIsLevelValid 1
[2020.12.09-08.34.04:978][311]LogTemp: Warning: Gameinstance thing: BP_SoulCard_C_0 
[2020.12.09-08.34.04:978][311]LogTemp: Warning: Gameinstance thing: BP_SoulCard_C_11 
[2020.12.09-08.34.04:978][311]LogTemp: Warning: Gameinstance thing: BP_SoulCard_C_10 
[2020.12.09-08.34.04:978][311]LogTemp: Warning: Gameinstance thing: BP_SoulCard_C_3 
[2020.12.09-08.34.04:978][311]LogTemp: Warning: Gameinstance thing: BP_SoulCard_C_4 
[2020.12.09-08.34.04:989][312]LogLevelStreaming: Display: FStreamLevelAction::UpdateOperation() LevelName CombatLevel, bIsLevelValid 1
[2020.12.09-08.34.04:990][312]LogLevel: ActivateLevel /Game/TestingContent/UEDPIE_0_PickingLevel 0 0 0
[2020.12.09-08.34.05:038][313]LogUObjectHash: Compacting FUObjectHashTables data took   1.65ms
[2020.12.09-08.34.05:039][313]LogLevelStreaming: Display: FStreamLevelAction::UpdateOperation() LevelName PickingLevel, bIsLevelValid 1
[2020.12.09-08.34.08:004][669]LogTemp: Warning: Message reseived!!
[2020.12.09-08.34.08:004][669]LogTemp: Warning: Skill Action In Queue: 1
[2020.12.09-08.34.08:004][669]LogTemp: Warning: Message reseived!!
[2020.12.09-08.34.08:004][669]LogTemp: Warning: Skill Action In Queue: 2
[2020.12.09-08.34.08:004][669]LogTemp: Warning: Message reseived!!
[2020.12.09-08.34.08:004][669]LogTemp: Warning: Skill Action In Queue: 3
[2020.12.09-08.34.08:004][669]LogTemp: Warning: Activating Primary BP_HealSkillAllPrimary_C_0
[2020.12.09-08.34.11:008][ 29]LogBlueprintUserMessages: [None] Heal all skill
[2020.12.09-08.34.11:008][ 29]LogTemp: Warning: Activating PassiveBP_StrSkillSinglePassive_C_0
[2020.12.09-08.34.14:007][389]LogBlueprintUserMessages: [None] Buff Skill Single
[2020.12.09-08.34.14:007][389]LogTemp: Warning: Activating PassiveBP_SinNegativeSkillSinglepassive_C_0
[2020.12.09-08.34.27:381][993]LogAudioMixer: Display: No commands were queued while flushing the source manager.
[2020.12.09-08.34.27:381][993]LogAudioMixer: Display: No commands were queued while flushing the source manager.
[2020.12.09-08.34.27:381][993]LogBlueprintUserMessages: Early EndPlayMap Detection: Level '/Game/TestingContent/PickingLevel.PickingLevel:PersistentLevel' has LevelScriptBlueprint '/Game/TestingContent/PickingLevel.PickingLevel:PersistentLevel.PickingLevel' with GeneratedClass '/Game/TestingContent/PickingLevel.PickingLevel_C' with ClassGeneratedBy '/Game/TestingContent/PickingLevel.PickingLevel:PersistentLevel.PickingLevel'
[2020.12.09-08.34.27:381][993]LogSlate: Updating window title bar state: overlay mode, drag disabled, window buttons hidden, title bar hidden
[2020.12.09-08.34.27:381][993]LogWorld: BeginTearingDown for /Game/TestingContent/UEDPIE_0_Persistent
[2020.12.09-08.34.27:381][993]LogAudioMixer: Display: No commands were queued while flushing the source manager.
[2020.12.09-08.34.27:382][993]LogWorld: UWorld::CleanupWorld for Persistent, bSessionEnded=true, bCleanupResources=true
[2020.12.09-08.34.27:382][993]LogSlate: InvalidateAllWidgets triggered.  All widgets were invalidated
[2020.12.09-08.34.27:387][993]LogPlayLevel: Display: Shutting down PIE online subsystems
[2020.12.09-08.34.27:387][993]LogBlueprintUserMessages: Late EndPlayMap Detection: Level '/Game/TestingContent/PickingLevel.PickingLevel:PersistentLevel' has LevelScriptBlueprint '/Game/TestingContent/PickingLevel.PickingLevel:PersistentLevel.PickingLevel' with GeneratedClass '/Game/TestingContent/PickingLevel.PickingLevel_C' with ClassGeneratedBy '/Game/TestingContent/PickingLevel.PickingLevel:PersistentLevel.PickingLevel'
[2020.12.09-08.34.27:391][993]LogSlate: InvalidateAllWidgets triggered.  All widgets were invalidated
[2020.12.09-08.34.27:428][993]LogAudioMixer: Display: No commands were queued while flushing the source manager.
[2020.12.09-08.34.27:431][993]LogSlate: Updating window title bar state: overlay mode, drag disabled, window buttons hidden, title bar hidden
[2020.12.09-08.34.27:434][993]LogUObjectHash: Compacting FUObjectHashTables data took   1.63ms
[2020.12.09-08.34.27:499][994]LogPlayLevel: Display: Destroying online subsystem :Context_5
[2020.12.09-08.34.27:534][994]LogUObjectHash: Compacting FUObjectHashTables data took   0.71ms
[2020.12.09-08.34.32:883][609]LogSlate: Window 'Message Log' being destroyed
[2020.12.09-08.34.32:888][609]LogSlate: Window 'Message Log' being destroyed
[2020.12.09-08.34.37:036][ 95]LogAssetEditorSubsystem: Opening Asset editor for World /Game/TestingContent/CombatLevel.CombatLevel
[2020.12.09-08.34.37:070][ 95]LogUObjectHash: Compacting FUObjectHashTables data took   0.73ms
[2020.12.09-08.34.37:072][ 95]Cmd: MAP LOAD FILE="E:/Lautturi/AutoBattlerProto/Content/TestingContent/CombatLevel.umap" TEMPLATE=0 SHOWPROGRESS=1 FEATURELEVEL=3
[2020.12.09-08.34.37:072][ 95]LightingResults: New page: Lighting Build
[2020.12.09-08.34.37:072][ 95]LoadErrors: New page: Loading map: CombatLevel.umap
[2020.12.09-08.34.37:073][ 95]LogWorld: UWorld::CleanupWorld for Persistent, bSessionEnded=true, bCleanupResources=true
[2020.12.09-08.34.37:073][ 95]LogSlate: InvalidateAllWidgets triggered.  All widgets were invalidated
[2020.12.09-08.34.37:073][ 95]LogWorld: UWorld::CleanupWorld for CombatLevel, bSessionEnded=true, bCleanupResources=true
[2020.12.09-08.34.37:073][ 95]LogSlate: InvalidateAllWidgets triggered.  All widgets were invalidated
[2020.12.09-08.34.37:073][ 95]LogWorld: UWorld::CleanupWorld for PickingLevel, bSessionEnded=true, bCleanupResources=true
[2020.12.09-08.34.37:073][ 95]LogSlate: InvalidateAllWidgets triggered.  All widgets were invalidated
[2020.12.09-08.34.37:073][ 95]MapCheck: New page: Map Check
[2020.12.09-08.34.37:073][ 95]LightingResults: New page: Lighting Build
[2020.12.09-08.34.37:109][ 95]LogUObjectHash: Compacting FUObjectHashTables data took   1.75ms
[2020.12.09-08.34.37:110][ 95]LogAIModule: Creating AISystem for world CombatLevel
[2020.12.09-08.34.37:177][ 95]LogEditorServer: Finished looking for orphan Actors (0.000 secs)
[2020.12.09-08.34.37:215][ 95]LogUObjectHash: Compacting FUObjectHashTables data took   1.59ms
[2020.12.09-08.34.37:232][ 95]Cmd: MAP CHECKDEP NOCLEARLOG
[2020.12.09-08.34.37:232][ 95]MapCheck: Map check complete: 0 Error(s), 0 Warning(s), took 0,069ms to complete.
[2020.12.09-08.34.37:232][ 95]LogFileHelpers: Loading map 'CombatLevel' took 0.161
[2020.12.09-08.34.37:290][ 95]LogUObjectHash: Compacting FUObjectHashTables data took   0.71ms
[2020.12.09-08.34.38:460][230]LogEditorViewport: Clicking on Actor (LMB): BP_EnemySlot_C (BP_EnemySlot2)
[2020.12.09-08.34.41:264][562]Cmd: DELETE
[2020.12.09-08.34.41:264][562]Cmd: ACTOR DELETE
[2020.12.09-08.34.41:284][562]LogAIModule: Creating AISystem for world Persistent
[2020.12.09-08.34.41:292][562]LogEditorActor: Deleted Actor: BP_EnemySlot_C
[2020.12.09-08.34.41:326][562]LogUObjectHash: Compacting FUObjectHashTables data took   0.74ms
[2020.12.09-08.34.41:326][562]LogEditorActor: Deleted 1 Actors (0.062 secs)
[2020.12.09-08.34.46:424][167]Cmd: OBJ SAVEPACKAGE PACKAGE="/Game/TestingContent/CombatLevel" FILE="E:/Lautturi/AutoBattlerProto/Content/TestingContent/CombatLevel.umap" SILENT=true AUTOSAVING=false KEEPDIRTY=false
[2020.12.09-08.34.46:458][167]LogUObjectHash: Compacting FUObjectHashTables data took   0.73ms
[2020.12.09-08.34.46:472][167]LogSavePackage: Moving 'E:/Lautturi/AutoBattlerProto/Saved/CombatLevelA83B02E94F75F29D8A4DD282EC73DE3B.tmp' to 'E:/Lautturi/AutoBattlerProto/Content/TestingContent/CombatLevel.umap'
[2020.12.09-08.34.46:499][167]AssetCheck: New page: Asset Save: CombatLevel
[2020.12.09-08.34.46:500][167]LogContentValidation: Display: Validating World /Game/TestingContent/CombatLevel.CombatLevel
[2020.12.09-08.34.48:556][413]LogEditorViewport: Clicking on Actor (LMB): BP_CombatPlayerSlot_C (BP_CombatPlayerSlot2)
[2020.12.09-08.34.52:549][875]Cmd: OBJ SAVEPACKAGE PACKAGE="/Game/TestingContent/CombatLevel" FILE="E:/Lautturi/AutoBattlerProto/Content/TestingContent/CombatLevel.umap" SILENT=true AUTOSAVING=false KEEPDIRTY=false
[2020.12.09-08.34.52:587][875]LogUObjectHash: Compacting FUObjectHashTables data took   1.59ms
[2020.12.09-08.34.52:599][875]LogSavePackage: Moving 'E:/Lautturi/AutoBattlerProto/Saved/CombatLevel3CDD52F949DF9DE7A0384FBF042199BC.tmp' to 'E:/Lautturi/AutoBattlerProto/Content/TestingContent/CombatLevel.umap'
[2020.12.09-08.34.52:626][875]AssetCheck: New page: Asset Save: CombatLevel
[2020.12.09-08.34.52:626][875]LogContentValidation: Display: Validating World /Game/TestingContent/CombatLevel.CombatLevel
[2020.12.09-08.34.57:104][403]LogAIModule: Creating AISystem for world PickingLevel
[2020.12.09-08.34.57:106][403]LogAssetEditorSubsystem: Opening Asset editor for World /Game/TestingContent/PickingLevel.PickingLevel
[2020.12.09-08.34.57:143][403]LogUObjectHash: Compacting FUObjectHashTables data took   1.33ms
[2020.12.09-08.34.57:145][403]Cmd: MAP LOAD FILE="E:/Lautturi/AutoBattlerProto/Content/TestingContent/PickingLevel.umap" TEMPLATE=0 SHOWPROGRESS=1 FEATURELEVEL=3
[2020.12.09-08.34.57:145][403]LightingResults: New page: Lighting Build
[2020.12.09-08.34.57:145][403]LoadErrors: New page: Loading map: PickingLevel.umap
[2020.12.09-08.34.57:146][403]LogWorld: UWorld::CleanupWorld for CombatLevel, bSessionEnded=true, bCleanupResources=true
[2020.12.09-08.34.57:146][403]LogSlate: InvalidateAllWidgets triggered.  All widgets were invalidated
[2020.12.09-08.34.57:146][403]MapCheck: New page: Map Check
[2020.12.09-08.34.57:146][403]LightingResults: New page: Lighting Build
[2020.12.09-08.34.57:184][403]LogUObjectHash: Compacting FUObjectHashTables data took   1.62ms
[2020.12.09-08.34.57:221][403]LogUObjectHash: Compacting FUObjectHashTables data took   1.60ms
[2020.12.09-08.34.57:255][403]LogUObjectHash: Compacting FUObjectHashTables data took   1.59ms
[2020.12.09-08.34.57:328][403]LogEditorServer: Finished looking for orphan Actors (0.000 secs)
[2020.12.09-08.34.57:368][403]LogUObjectHash: Compacting FUObjectHashTables data took   1.61ms
[2020.12.09-08.34.57:385][403]Cmd: MAP CHECKDEP NOCLEARLOG
[2020.12.09-08.34.57:385][403]MapCheck: Map check complete: 0 Error(s), 0 Warning(s), took 0,075ms to complete.
[2020.12.09-08.34.57:385][403]LogFileHelpers: Loading map 'PickingLevel' took 0.240
[2020.12.09-08.34.58:566][538]LogTemp: Repeating last play command: Selected Viewport
[2020.12.09-08.34.58:575][538]LogBlueprintUserMessages: Early PlayInEditor Detection: Level '/Game/TestingContent/PickingLevel.PickingLevel:PersistentLevel' has LevelScriptBlueprint '/Game/TestingContent/PickingLevel.PickingLevel:PersistentLevel.PickingLevel' with GeneratedClass '/Game/TestingContent/PickingLevel.PickingLevel_C' with ClassGeneratedBy '/Game/TestingContent/PickingLevel.PickingLevel:PersistentLevel.PickingLevel'
[2020.12.09-08.34.58:575][538]LogPlayLevel: PlayLevel: No blueprints needed recompiling
[2020.12.09-08.34.58:575][538]PIE: New page: PIE session: PickingLevel (9.12.2020 klo 12.34.58)
[2020.12.09-08.34.58:576][538]LogPlayLevel: Creating play world package: /Game/TestingContent/UEDPIE_0_PickingLevel
[2020.12.09-08.34.58:579][538]LogPlayLevel: PIE: StaticDuplicateObject took: (0.003254s)
[2020.12.09-08.34.58:580][538]LogAIModule: Creating AISystem for world PickingLevel
[2020.12.09-08.34.58:580][538]LogPlayLevel: PIE: World Init took: (0.000984s)
[2020.12.09-08.34.58:580][538]LogPlayLevel: PIE: Created PIE world by copying editor world from /Game/TestingContent/PickingLevel.PickingLevel to /Game/TestingContent/UEDPIE_0_PickingLevel.PickingLevel (0.004377s)
[2020.12.09-08.34.58:617][538]LogUObjectHash: Compacting FUObjectHashTables data took   1.42ms
[2020.12.09-08.34.58:618][538]LogTemp: Warning: Soultrial Initialized
[2020.12.09-08.34.58:618][538]LogAudioMixer: Display: Audio Mixer Platform Settings:
[2020.12.09-08.34.58:618][538]LogAudioMixer: Display: 	Sample Rate:						  48000
[2020.12.09-08.34.58:618][538]LogAudioMixer: Display: 	Callback Buffer Frame Size Requested: 1024
[2020.12.09-08.34.58:618][538]LogAudioMixer: Display: 	Callback Buffer Frame Size To Use:	  1024
[2020.12.09-08.34.58:618][538]LogAudioMixer: Display: 	Number of buffers to queue:			  2
[2020.12.09-08.34.58:618][538]LogAudioMixer: Display: 	Max Channels (voices):				  32
[2020.12.09-08.34.58:618][538]LogAudioMixer: Display: 	Number of Async Source Workers:		  0
[2020.12.09-08.34.58:618][538]LogAudio: Display: AudioDevice MaxSources: 32
[2020.12.09-08.34.58:618][538]LogAudio: Display: Using built-in audio occlusion.
[2020.12.09-08.34.58:618][538]LogAudioMixer: Display: Initializing audio mixer.
[2020.12.09-08.34.58:740][538]LogAudioMixer: Display: Audio Device Output Speaker Info:
[2020.12.09-08.34.58:740][538]LogAudioMixer: Display: Name: Kaiuttimet (Realtek(R) Audio)
[2020.12.09-08.34.58:740][538]LogAudioMixer: Display: Is Default: Yes
[2020.12.09-08.34.58:740][538]LogAudioMixer: Display: Sample Rate: 48000
[2020.12.09-08.34.58:740][538]LogAudioMixer: Display: Channel Count Used: 2
[2020.12.09-08.34.58:740][538]LogAudioMixer: Display: Device Channel Count: 2
[2020.12.09-08.34.58:740][538]LogAudioMixer: Display: Channel Order:
[2020.12.09-08.34.58:740][538]LogAudioMixer: Display: 0: FrontLeft
[2020.12.09-08.34.58:740][538]LogAudioMixer: Display: 1: FrontRight
[2020.12.09-08.34.58:760][538]LogAudioMixer: Display: Using Audio Device Kaiuttimet (Realtek(R) Audio)
[2020.12.09-08.34.58:761][538]LogInit: FAudioDevice initialized.
[2020.12.09-08.34.58:768][538]LogLinker: Warning: While loading 'E:/Lautturi/AutoBattlerProto/Content/TestingContent/LautturiGameModeBase_BP.uasset' failed to load '/Game/TestingContent/LautturiGameModeBase_BN2': Can't find file.
[2020.12.09-08.34.58:769][538]LogLinker: Warning: While loading 'E:/Lautturi/AutoBattlerProto/Content/TestingContent/LautturiGameModeBase_BP.uasset' failed to load '/Game/TestingContent/LautturiGameModeBase_BN2': Can't find file.
[2020.12.09-08.34.58:769][538]LogLinker: Warning: While loading 'E:/Lautturi/AutoBattlerProto/Content/TestingContent/LautturiGameModeBase_BP.uasset' failed to load '/Game/TestingContent/LautturiGameModeBase_BN2': Can't find file.
[2020.12.09-08.34.58:769][538]LogLinker: Warning: While loading 'E:/Lautturi/AutoBattlerProto/Content/TestingContent/LautturiGameModeBase_BP.uasset' failed to load '/Game/TestingContent/LautturiGameModeBase_BN2': Can't find file.
[2020.12.09-08.34.58:769][538]LogLinker: Warning: While loading 'E:/Lautturi/AutoBattlerProto/Content/TestingContent/LautturiGameModeBase_BP.uasset' failed to load '/Game/TestingContent/LautturiGameModeBase_BN2': Can't find file.
[2020.12.09-08.34.58:769][538]LogLinker: Warning: While loading 'E:/Lautturi/AutoBattlerProto/Content/TestingContent/LautturiGameModeBase_BP.uasset' failed to load '/Game/TestingContent/LautturiGameModeBase_BN2': Can't find file.
[2020.12.09-08.34.58:769][538]LogLinker: Warning: While loading 'E:/Lautturi/AutoBattlerProto/Content/TestingContent/LautturiGameModeBase_BP.uasset' failed to load '/Game/TestingContent/LautturiGameModeBase_BN2': Can't find file.
[2020.12.09-08.34.58:769][538]LogLinker: Warning: While loading 'E:/Lautturi/AutoBattlerProto/Content/TestingContent/LautturiGameModeBase_BP.uasset' failed to load '/Game/TestingContent/LautturiGameModeBase_BN2': Can't find file.
[2020.12.09-08.34.58:769][538]LogLinker: Warning: While loading 'E:/Lautturi/AutoBattlerProto/Content/TestingContent/LautturiGameModeBase_BP.uasset' failed to load '/Game/TestingContent/LautturiGameModeBase_BN2': Can't find file.
[2020.12.09-08.34.58:769][538]LoadErrors: Failed to load /Game/TestingContent/LautturiGameModeBase_BN2.Default__LautturiGameModeBase_BN2_C Referenced by Default__LautturiGameModeBase_BP_C
[2020.12.09-08.34.58:769][538]LogLinker: Warning: While loading 'E:/Lautturi/AutoBattlerProto/Content/TestingContent/LautturiGameModeBase_BP.uasset' failed to load '/Game/TestingContent/LautturiGameModeBase_BN2': Can't find file.
[2020.12.09-08.34.58:769][538]LogLinker: Warning: While loading 'E:/Lautturi/AutoBattlerProto/Content/TestingContent/LautturiGameModeBase_BP.uasset' failed to load '/Game/TestingContent/LautturiGameModeBase_BN2': Can't find file.
[2020.12.09-08.34.58:769][538]LoadErrors: Failed to load /Game/TestingContent/LautturiGameModeBase_BN2.LautturiGameModeBase_BN2 Referenced by LautturiGameModeBase_BP
[2020.12.09-08.34.58:770][538]LogLinker: Warning: While loading 'E:/Lautturi/AutoBattlerProto/Content/TestingContent/LautturiGameModeBase_BP.uasset' failed to load '/Game/TestingContent/LautturiGameModeBase_BN2': Can't find file.
[2020.12.09-08.34.58:770][538]LogLinker: Warning: While loading 'E:/Lautturi/AutoBattlerProto/Content/TestingContent/LautturiGameModeBase_BP.uasset' failed to load '/Game/TestingContent/LautturiGameModeBase_BN2': Can't find file.
[2020.12.09-08.34.58:770][538]LoadErrors: Failed to load /Game/TestingContent/LautturiGameModeBase_BN2.LautturiGameModeBase_BN2_C Referenced by LautturiGameModeBase_BP_C
[2020.12.09-08.34.58:770][538]LogLinker: Warning: While loading 'E:/Lautturi/AutoBattlerProto/Content/TestingContent/LautturiGameModeBase_BP.uasset' failed to load '/Game/TestingContent/LautturiGameModeBase_BN2': Can't find file.
[2020.12.09-08.34.58:770][538]LogUObjectGlobals: Warning: Failed to find object 'Class /Game/TestingContent/LautturiGameModeBase_BP.LautturiGameModeBase_BP_C'
[2020.12.09-08.34.58:770][538]LogLoad: Game class is 'GameModeBase'
[2020.12.09-08.34.58:771][538]LogWorld: Bringing World /Game/TestingContent/UEDPIE_0_PickingLevel.PickingLevel up for play (max tick rate 0) at 2020.12.09-10.34.58
[2020.12.09-08.34.58:771][538]LogWorld: Bringing up level for play took: 0.000816
[2020.12.09-08.34.58:771][538]LogOnline: OSS: Creating online subsystem instance for: :Context_6
[2020.12.09-08.34.58:773][538]PIE: Play in editor start time for /Game/TestingContent/UEDPIE_0_PickingLevel −0,482
[2020.12.09-08.34.58:773][538]LogBlueprintUserMessages: Late PlayInEditor Detection: Level '/Game/TestingContent/PickingLevel.PickingLevel:PersistentLevel' has LevelScriptBlueprint '/Game/TestingContent/PickingLevel.PickingLevel:PersistentLevel.PickingLevel' with GeneratedClass '/Game/TestingContent/PickingLevel.PickingLevel_C' with ClassGeneratedBy '/Game/TestingContent/PickingLevel.PickingLevel:PersistentLevel.PickingLevel'
[2020.12.09-08.35.03:985][752]LogWindows: Error: === Critical error: ===
[2020.12.09-08.35.03:985][752]LogWindows: Error: 
[2020.12.09-08.35.03:985][752]LogWindows: Error: Fatal error!
[2020.12.09-08.35.03:985][752]LogWindows: Error: 
[2020.12.09-08.35.03:985][752]LogWindows: Error: Unhandled Exception: EXCEPTION_ACCESS_VIOLATION reading address 0x00000000
[2020.12.09-08.35.03:985][752]LogWindows: Error: 
[2020.12.09-08.35.03:985][752]LogWindows: Error: [Callstack] 0x00007ff91f3a66d6 UE4Editor-AutoBattlerProto-0003.dll!AAutoBattlerProtoGameModeBase::GetSoulTrialManager() [e:\lautturi\autobattlerproto\source\lautturi\autobattlerprotogamemodebase.cpp:14]
[2020.12.09-08.35.03:985][752]LogWindows: Error: [Callstack] 0x00007ff91f3a79c8 UE4Editor-AutoBattlerProto-0003.dll!ABaseSlot::SpawnNewCharacterToSlot() [e:\lautturi\autobattlerproto\source\lautturi\baseslot.cpp:45]
[2020.12.09-08.35.03:985][752]LogWindows: Error: [Callstack] 0x00007ff8a00a42e8 UE4Editor-CoreUObject.dll!UFunction::Invoke() [d:\build\++ue4\sync\engine\source\runtime\coreuobject\private\uobject\class.cpp:4907]
[2020.12.09-08.35.03:985][752]LogWindows: Error: [Callstack] 0x00007ff8a02ca62f UE4Editor-CoreUObject.dll!UObject::CallFunction() [d:\build\++ue4\sync\engine\source\runtime\coreuobject\private\uobject\scriptcore.cpp:927]
[2020.12.09-08.35.03:985][752]LogWindows: Error: [Callstack] 0x00007ff8a02f0cd2 UE4Editor-CoreUObject.dll!ProcessLocalScriptFunction() [d:\build\++ue4\sync\engine\source\runtime\coreuobject\private\uobject\scriptcore.cpp:997]
[2020.12.09-08.35.03:985][752]LogWindows: Error: [Callstack] 0x00007ff8a02f0644 UE4Editor-CoreUObject.dll!UObject::ProcessInternal() [d:\build\++ue4\sync\engine\source\runtime\coreuobject\private\uobject\scriptcore.cpp:1081]
[2020.12.09-08.35.03:985][752]LogWindows: Error: [Callstack] 0x00007ff8a00a42e8 UE4Editor-CoreUObject.dll!UFunction::Invoke() [d:\build\++ue4\sync\engine\source\runtime\coreuobject\private\uobject\class.cpp:4907]
[2020.12.09-08.35.03:985][752]LogWindows: Error: [Callstack] 0x00007ff8a02f0148 UE4Editor-CoreUObject.dll!UObject::ProcessEvent() [d:\build\++ue4\sync\engine\source\runtime\coreuobject\private\uobject\scriptcore.cpp:1912]
[2020.12.09-08.35.03:985][752]LogWindows: Error: [Callstack] 0x00007ff89cf37f18 UE4Editor-Engine.dll!AActor::ProcessEvent() [d:\build\++ue4\sync\engine\source\runtime\engine\private\actor.cpp:795]
[2020.12.09-08.35.03:985][752]LogWindows: Error: [Callstack] 0x00007ff89e06111e UE4Editor-Engine.dll!FTimerUnifiedDelegate::Execute() [d:\build\++ue4\sync\engine\source\runtime\engine\public\timermanager.h:57]
[2020.12.09-08.35.03:985][752]LogWindows: Error: [Callstack] 0x00007ff89e093bbd UE4Editor-Engine.dll!FTimerManager::Tick() [d:\build\++ue4\sync\engine\source\runtime\engine\private\timermanager.cpp:881]
[2020.12.09-08.35.03:985][752]LogWindows: Error: [Callstack] 0x00007ff89d816839 UE4Editor-Engine.dll!UWorld::Tick() [d:\build\++ue4\sync\engine\source\runtime\engine\private\leveltick.cpp:1615]
[2020.12.09-08.35.03:985][752]LogWindows: Error: [Callstack] 0x00007ff89b52ad60 UE4Editor-UnrealEd.dll!UEditorEngine::Tick() [d:\build\++ue4\sync\engine\source\editor\unrealed\private\editorengine.cpp:1683]
[2020.12.09-08.35.03:985][752]LogWindows: Error: [Callstack] 0x00007ff89bd8e476 UE4Editor-UnrealEd.dll!UUnrealEdEngine::Tick() [d:\build\++ue4\sync\engine\source\editor\unrealed\private\unrealedengine.cpp:410]
[2020.12.09-08.35.03:985][752]LogWindows: Error: [Callstack] 0x00007ff745457f62 UE4Editor.exe!FEngineLoop::Tick() [d:\build\++ue4\sync\engine\source\runtime\launch\private\launchengineloop.cpp:4485]
[2020.12.09-08.35.03:985][752]LogWindows: Error: [Callstack] 0x00007ff74546c3ec UE4Editor.exe!GuardedMain() [d:\build\++ue4\sync\engine\source\runtime\launch\private\launch.cpp:173]
[2020.12.09-08.35.03:985][752]LogWindows: Error: [Callstack] 0x00007ff74546c4ca UE4Editor.exe!GuardedMainWrapper() [d:\build\++ue4\sync\engine\source\runtime\launch\private\windows\launchwindows.cpp:134]
[2020.12.09-08.35.03:985][752]LogWindows: Error: [Callstack] 0x00007ff74547ceae UE4Editor.exe!WinMain() [d:\build\++ue4\sync\engine\source\runtime\launch\private\windows\launchwindows.cpp:263]
[2020.12.09-08.35.03:985][752]LogWindows: Error: [Callstack] 0x00007ff74547fcbe UE4Editor.exe!__scrt_common_main_seh() [d:\agent\_work\2\s\src\vctools\crt\vcstartup\src\startup\exe_common.inl:288]
[2020.12.09-08.35.03:985][752]LogWindows: Error: [Callstack] 0x00007ff9244e7034 KERNEL32.DLL!UnknownFunction []
[2020.12.09-08.35.03:985][752]LogWindows: Error: [Callstack] 0x00007ff9264bcec1 ntdll.dll!UnknownFunction []
[2020.12.09-08.35.03:985][752]LogWindows: Error: 
[2020.12.09-08.35.03:993][752]LogExit: Executing StaticShutdownAfterError
[2020.12.09-08.35.03:995][752]LogWindows: FPlatformMisc::RequestExit(1)
[2020.12.09-08.35.03:995][752]LogCore: Engine exit requested (reason: Win RequestExit)
[2020.12.09-08.35.04:000][752]Log file closed, 12/09/20 10:35:04
