AndroidPlatformFactory.RegisterBuildPlatforms: UnrealBuildTool.AndroidPlatformSDK has no valid SDK
IOSPlatformFactory.RegisterBuildPlatforms: UnrealBuildTool.IOSPlatformSDK has no valid SDK
LinuxPlatformFactory.RegisterBuildPlatforms: UnrealBuildTool.LinuxPlatformSDK has no valid SDK
WindowsPlatformFactory.RegisterBuildPlatforms: UnrealBuildTool.WindowsPlatformSDK using manually installed SDK
ProjectFileGenerator.GenerateProjectFiles: Discovering modules, targets and source code for project...
WindowsPlatform.FindVSInstallDirs: Found Visual Studio installation: C:\Program Files (x86)\Microsoft Visual Studio\2017\Community (Product=Microsoft.VisualStudio.Product.Community, Version=15.9.28307.1000, Sort=0)
WindowsPlatform.FindToolChainDirs: Found Visual Studio toolchain: C:\Program Files (x86)\Microsoft Visual Studio\2017\Community\VC\Tools\MSVC\14.16.27023 (Version=14.16.27035)
WindowsPlatform.EnumerateSdkRootDirs: Found Windows 10 SDK root at C:\Program Files (x86)\Windows Kits\10 (1)
WindowsPlatform.EnumerateSdkRootDirs: Found Windows 10 SDK root at C:\Program Files (x86)\Windows Kits\10 (2)
WindowsPlatform.UpdateCachedWindowsSdks: Found Windows 10 SDK version 10.0.16299.0 at C:\Program Files (x86)\Windows Kits\10
WindowsPlatform.UpdateCachedWindowsSdks: Found Universal CRT version 10.0.16299.0 at C:\Program Files (x86)\Windows Kits\10
WindowsPlatform.UpdateCachedWindowsSdks: Found Windows 10 SDK version 10.0.17763.0 at C:\Program Files (x86)\Windows Kits\10
WindowsPlatform.UpdateCachedWindowsSdks: Found Universal CRT version 10.0.17763.0 at C:\Program Files (x86)\Windows Kits\10
DynamicCompilation.RequiresCompilation: Compiling E:\Lautturi\AutoBattlerProto\Intermediate\Build\BuildRules\AutoBattlerProtoModuleRules.dll: Assembly does not exist
UnrealBuildTool.Main: ERROR: Expecting to find a type to be declared in a target rules named 'AutoBattlerProtoTarget'.  This type must derive from the 'TargetRules' type defined by Unreal Build Tool.
UnrealBuildTool.Main: BuildException: Expecting to find a type to be declared in a target rules named 'AutoBattlerProtoTarget'.  This type must derive from the 'TargetRules' type defined by Unreal Build Tool.
UnrealBuildTool.Main:    kohteessa UnrealBuildTool.RulesAssembly.CreateTargetRulesInstance(String TypeName, TargetInfo TargetInfo) tiedostossa D:\Build\++UE4\Sync\Engine\Saved\CsTools\Engine\Source\Programs\UnrealBuildTool\System\RulesAssembly.cs:rivillä 495
UnrealBuildTool.Main:    kohteessa UnrealBuildTool.RulesAssembly.CreateTargetRules(String TargetName, UnrealTargetPlatform Platform, UnrealTargetConfiguration Configuration, String Architecture, FileReference ProjectFile, CommandLineArguments Arguments) tiedostossa D:\Build\++UE4\Sync\Engine\Saved\CsTools\Engine\Source\Programs\UnrealBuildTool\System\RulesAssembly.cs:rivillä 625
UnrealBuildTool.Main:    kohteessa UnrealBuildTool.ProjectFileGenerator.AddProjectsForAllTargets(PlatformProjectGeneratorCollection PlatformProjectGenerators, List`1 AllGames, List`1 AllTargetFiles, ProjectFile& EngineProject, ProjectFile& EnterpriseProject, List`1& GameProjects, Dictionary`2& ProgramProjects) tiedostossa D:\Build\++UE4\Sync\Engine\Saved\CsTools\Engine\Source\Programs\UnrealBuildTool\ProjectFiles\ProjectFileGenerator.cs:rivillä 2224
UnrealBuildTool.Main:    kohteessa UnrealBuildTool.ProjectFileGenerator.GenerateProjectFiles(PlatformProjectGeneratorCollection PlatformProjectGenerators, String[] Arguments) tiedostossa D:\Build\++UE4\Sync\Engine\Saved\CsTools\Engine\Source\Programs\UnrealBuildTool\ProjectFiles\ProjectFileGenerator.cs:rivillä 720
UnrealBuildTool.Main:    kohteessa UnrealBuildTool.GenerateProjectFilesMode.Execute(CommandLineArguments Arguments) tiedostossa D:\Build\++UE4\Sync\Engine\Saved\CsTools\Engine\Source\Programs\UnrealBuildTool\Modes\GenerateProjectFilesMode.cs:rivillä 176
UnrealBuildTool.Main:    kohteessa UnrealBuildTool.UnrealBuildTool.Main(String[] ArgumentsArray) tiedostossa D:\Build\++UE4\Sync\Engine\Saved\CsTools\Engine\Source\Programs\UnrealBuildTool\UnrealBuildTool.cs:rivillä 517
Timeline.Print: Timeline:
Timeline.Print: 
Timeline.Print: [ 0.000]
Timeline.Print: [ 0.000](+0.025) <unknown>
Timeline.Print: [ 0.025](+0.066) XmlConfig.ReadConfigFiles()
Timeline.Print: [ 0.091](+0.000) SingleInstanceMutex.Acquire()
Timeline.Print: [ 0.091](+0.048) UEBuildPlatform.RegisterPlatforms()
Timeline.Print:   0.092          [ 0.000](+0.023) Initializing InstalledPlatformInfo
Timeline.Print:   0.115          [ 0.024](+0.000) Querying types
Timeline.Print:   0.116          [ 0.025](+0.001) MacPlatformFactory
Timeline.Print:   0.118          [ 0.026](+0.000) TVOSPlatformFactory
Timeline.Print:   0.118          [ 0.026](+0.007) AndroidPlatformFactory
Timeline.Print:   0.125          [ 0.033](+0.000) HoloLensPlatformFactory
Timeline.Print:   0.125          [ 0.033](+0.010) IOSPlatformFactory
Timeline.Print:   0.135          [ 0.044](+0.002) LinuxPlatformFactory
Timeline.Print:   0.138          [ 0.046](+0.000) LuminPlatformFactory
Timeline.Print:   0.138          [ 0.047](+0.001) WindowsPlatformFactory
Timeline.Print: [ 0.139](+0.478) <unknown>
Timeline.Print: [ 0.618](+0.001) Finding engine modules
Timeline.Print: [ 0.619](+0.002) Finding plugin modules
Timeline.Print: [ 0.622](+0.039) <unknown>
Timeline.Print: [ 0.661](+0.000) Finding program modules
Timeline.Print: [ 0.661](+0.000) Finding program targets
Timeline.Print: [ 0.661](+0.055) <unknown>
Timeline.Print: [ 0.717](+0.131) Compiling rules assembly (AutoBattlerProtoModuleRules.dll)
Timeline.Print: [ 0.869](+0.000) FileMetadataPrefetch.Stop()
Timeline.Print: [ 0.871]
