  Using 'git status' to determine working set for adaptive non-unity build (E:\Lautturi).
  Creating makefile for AutoBattlerProtoEditor (no existing makefile)
  Parsing headers for AutoBattlerProtoEditor
    Running UnrealHeaderTool "E:\Lautturi\AutoBattlerProto\AutoBattlerProto.uproject" "E:\Lautturi\AutoBattlerProto\Intermediate\Build\Win64\AutoBattlerProtoEditor\Development\AutoBattlerProtoEditor.uhtmanifest" -LogCmds="loginit warning, logexit warning, logdatabase error" -Unattended -WarningsAsErrors -installed
  Reflection code generated for AutoBattlerProtoEditor in 4,9108047 seconds
  Building AutoBattlerProtoEditor...
  Using Visual Studio 2017 14.16.27035 toolchain (C:\Program Files (x86)\Microsoft Visual Studio\2017\Community\VC\Tools\MSVC\14.16.27023) and Windows 10.0.16299.0 SDK (C:\Program Files (x86)\Windows Kits\10).
  [Upgrade]
  [Upgrade] Using backward-compatible build settings. The latest version of UE4 sets the following values by default, which may require code changes:
  [Upgrade]     bLegacyPublicIncludePaths = false                 => Omits subfolders from public include paths to reduce compiler command line length. (Previously: true).
  [Upgrade]     ShadowVariableWarningLevel = WarningLevel.Error   => Treats shadowed variable warnings as errors. (Previously: WarningLevel.Warning).
  [Upgrade]     PCHUsage = PCHUsageMode.UseExplicitOrSharedPCHs   => Set in build.cs files to enables IWYU-style PCH model. See https://docs.unrealengine.com/en-US/Programming/BuildTools/UnrealBuildTool/IWYU/index.html. (Previously: PCHUsageMode.UseSharedPCHs).
  [Upgrade] Suppress this message by setting 'DefaultBuildSettings = BuildSettingsVersion.V2;' in AutoBattlerProtoEditor.Target.cs, and explicitly overriding settings that differ from the new defaults.
  [Upgrade]
  Building 34 actions with 24 processes...
    [1/34] SharedPCH.Engine.cpp
    [2/34] AutoBattlerProto.cpp
    [3/34] ActivationInterface.cpp
    [4/34] AutoBattlerProto.init.gen.cpp
    [5/34] ActivationInterface.gen.cpp
    [6/34] DropZoneInterface.gen.cpp
    [7/34] PlayerPawn.gen.cpp
    [8/34] BaseSlot.gen.cpp
    [9/34] CombatManager.gen.cpp
    [10/34] SkillBase.cpp
E:\Lautturi\AutoBattlerProto\Source\Lautturi\SkillBase.cpp(17): warning C4458: declaration of 'CombatManager' hides class member
    e:\lautturi\autobattlerproto\source\lautturi\SkillBase.h(28): note: see declaration of 'USkillBase::CombatManager'
    [11/34] EnemyBase.gen.cpp
    [12/34] CharacterBase.gen.cpp
    [13/34] PlayerPawn.cpp
    [14/34] CombatManager.cpp
    [15/34] AutoBattlerProtoGameInstance.cpp
    [16/34] Ferry.gen.cpp
    [17/34] EnemyBase.cpp
    [18/34] AutoBattlerProtoGameInstance.gen.cpp
    [19/34] AutoBattlerProtoGameModeBase.cpp
    [20/34] CharacterBase.cpp
    [21/34] DropZoneInterface.cpp
    [22/34] SkillBase.gen.cpp
    [23/34] BaseSlot.cpp
    [24/34] AutoBattlerProtoGameModeBase.gen.cpp
    [25/34] Ferry.cpp
    [26/34] SkillTypeEnums.gen.cpp
    [27/34] SoulTrialManager.cpp
    [28/34] SoulDataStruct.gen.cpp
    [29/34] SoulCard.cpp
    [30/34] SoulCard.gen.cpp
    [31/34] SoulTrialManager.gen.cpp
    [32/34] UE4Editor-AutoBattlerProto.lib
       Creating library E:\Lautturi\AutoBattlerProto\Intermediate\Build\Win64\UE4Editor\Development\AutoBattlerProto\UE4Editor-AutoBattlerProto.lib and object E:\Lautturi\AutoBattlerProto\Intermediate\Build\Win64\UE4Editor\Development\AutoBattlerProto\UE4Editor-AutoBattlerProto.exp
    [33/34] UE4Editor-AutoBattlerProto.dll
       Creating library E:\Lautturi\AutoBattlerProto\Intermediate\Build\Win64\UE4Editor\Development\AutoBattlerProto\UE4Editor-AutoBattlerProto.suppressed.lib and object E:\Lautturi\AutoBattlerProto\Intermediate\Build\Win64\UE4Editor\Development\AutoBattlerProto\UE4Editor-AutoBattlerProto.suppressed.exp
    [34/34] AutoBattlerProtoEditor.target
  Total time in Parallel executor: 16,66 seconds
  Total execution time: 23,05 seconds
