Log file open, 02/13/20 14:53:36
LogWindows: Failed to load 'aqProf.dll' (GetLastError=126)
LogWindows: File 'aqProf.dll' does not exist
LogWindows: Failed to load 'VtuneApi.dll' (GetLastError=126)
LogWindows: File 'VtuneApi.dll' does not exist
LogWindows: Failed to load 'VtuneApi32e.dll' (GetLastError=126)
LogWindows: File 'VtuneApi32e.dll' does not exist
LogConsoleResponse: Display: Failed to find resolution value strings in scalability ini. Falling back to default.
LogInit: Display: Running engine for game: Lautturi
LogPlatformFile: Not using cached read wrapper
LogTaskGraph: Started task graph with 5 named threads and 14 total threads with 3 sets of task threads.
LogStats: Stats thread started at 0.147709
LogD3D11RHI: Loaded GFSDK_Aftermath_Lib.x64.dll
LogICUInternationalization: ICU TimeZone Detection - Raw Offset: +2:00, Platform Override: ''
LogPluginManager: Mounting plugin Paper2D
LogPluginManager: Mounting plugin AISupport
LogPluginManager: Mounting plugin LightPropagationVolume
LogPluginManager: Mounting plugin ActorLayerUtilities
LogPluginManager: Mounting plugin AnimationSharing
LogPluginManager: Mounting plugin CLionSourceCodeAccess
LogPluginManager: Mounting plugin CodeLiteSourceCodeAccess
LogPluginManager: Mounting plugin GitSourceControl
LogPluginManager: Mounting plugin KDevelopSourceCodeAccess
LogPluginManager: Mounting plugin NullSourceCodeAccess
LogPluginManager: Mounting plugin PerforceSourceControl
LogPluginManager: Mounting plugin PlasticSourceControl
LogPluginManager: Mounting plugin SubversionSourceControl
LogPluginManager: Mounting plugin UObjectPlugin
LogPluginManager: Mounting plugin VisualStudioCodeSourceCodeAccess
LogPluginManager: Mounting plugin VisualStudioSourceCodeAccess
LogPluginManager: Mounting plugin XCodeSourceCodeAccess
LogPluginManager: Mounting plugin AssetManagerEditor
LogPluginManager: Mounting plugin CryptoKeys
LogPluginManager: Mounting plugin CurveEditorTools
LogPluginManager: Mounting plugin DataValidation
LogPluginManager: Mounting plugin FacialAnimation
LogPluginManager: Mounting plugin GameplayTagsEditor
LogPluginManager: Mounting plugin MacGraphicsSwitching
LogPluginManager: Mounting plugin MaterialAnalyzer
LogPluginManager: Mounting plugin MobileLauncherProfileWizard
LogPluginManager: Mounting plugin PluginBrowser
LogPluginManager: Mounting plugin SpeedTreeImporter
LogPluginManager: Mounting plugin DatasmithContent
LogPluginManager: Mounting plugin VariantManagerContent
LogPluginManager: Mounting plugin AlembicImporter
LogPluginManager: Mounting plugin AutomationUtils
LogPluginManager: Mounting plugin BackChannel
LogPluginManager: Mounting plugin CharacterAI
LogPluginManager: Mounting plugin GeometryCache
LogPluginManager: Mounting plugin PlatformCrypto
LogPluginManager: Mounting plugin ProxyLODPlugin
LogPluginManager: Mounting plugin SkeletalReduction
LogPluginManager: Mounting plugin MagicLeap
LogPluginManager: Mounting plugin MagicLeapMedia
LogPluginManager: Mounting plugin MLSDK
LogPluginManager: Mounting plugin AndroidMedia
LogPluginManager: Mounting plugin AvfMedia
LogPluginManager: Mounting plugin ImgMedia
LogPluginManager: Mounting plugin MediaCompositing
LogPluginManager: Mounting plugin MediaPlayerEditor
LogPluginManager: Mounting plugin WebMMedia
LogPluginManager: Mounting plugin WmfMedia
LogPluginManager: Mounting plugin TcpMessaging
LogPluginManager: Mounting plugin UdpMessaging
LogPluginManager: Mounting plugin ActorSequence
LogPluginManager: Mounting plugin LevelSequenceEditor
LogPluginManager: Mounting plugin MatineeToLevelSequence
LogPluginManager: Mounting plugin NetcodeUnitTest
LogPluginManager: Mounting plugin NUTUnrealEngine4
LogPluginManager: Mounting plugin OnlineSubsystemGooglePlay
LogPluginManager: Mounting plugin OnlineSubsystemIOS
LogPluginManager: Mounting plugin OnlineSubsystem
LogPluginManager: Mounting plugin OnlineSubsystemNull
LogPluginManager: Mounting plugin OnlineSubsystemUtils
LogPluginManager: Mounting plugin LauncherChunkInstaller
LogPluginManager: Mounting plugin AndroidDeviceProfileSelector
LogPluginManager: Mounting plugin AndroidMoviePlayer
LogPluginManager: Mounting plugin AndroidPermission
LogPluginManager: Mounting plugin AppleImageUtils
LogPluginManager: Mounting plugin AppleMoviePlayer
LogPluginManager: Mounting plugin ArchVisCharacter
LogPluginManager: Mounting plugin AssetTags
LogPluginManager: Mounting plugin AudioCapture
LogPluginManager: Mounting plugin CableComponent
LogPluginManager: Mounting plugin CustomMeshComponent
LogPluginManager: Mounting plugin EditableMesh
LogPluginManager: Mounting plugin ExampleDeviceProfileSelector
LogPluginManager: Mounting plugin GoogleCloudMessaging
LogPluginManager: Mounting plugin IOSDeviceProfileSelector
LogPluginManager: Mounting plugin LinuxDeviceProfileSelector
LogPluginManager: Mounting plugin LocationServicesBPLibrary
LogPluginManager: Mounting plugin MobilePatchingUtils
LogPluginManager: Mounting plugin OculusVR
LogPluginManager: Mounting plugin PhysXVehicles
LogPluginManager: Mounting plugin PostSplashScreen
LogPluginManager: Mounting plugin ProceduralMeshComponent
LogPluginManager: Mounting plugin RuntimePhysXCooking
LogPluginManager: Mounting plugin SignificanceManager
LogPluginManager: Mounting plugin SteamVR
LogPluginManager: Mounting plugin WebMMoviePlayer
LogPluginManager: Mounting plugin WindowsMoviePlayer
LogPluginManager: Mounting plugin ScreenshotTools
LogInit: Using libcurl 7.55.1-DEV
LogInit:  - built for x86_64-pc-win32
LogInit:  - supports SSL with OpenSSL/1.1.1
LogInit:  - supports HTTP deflate (compression) using libz 1.2.8
LogInit:  - other features:
LogInit:      CURL_VERSION_SSL
LogInit:      CURL_VERSION_LIBZ
LogInit:      CURL_VERSION_IPV6
LogInit:      CURL_VERSION_ASYNCHDNS
LogInit:      CURL_VERSION_LARGEFILE
LogInit:      CURL_VERSION_IDN
LogInit:  CurlRequestOptions (configurable via config and command line):
LogInit:  - bVerifyPeer = true  - Libcurl will verify peer certificate
LogInit:  - bUseHttpProxy = false  - Libcurl will NOT use HTTP proxy
LogInit:  - bDontReuseConnections = false  - Libcurl will reuse connections
LogInit:  - MaxHostConnections = 16  - Libcurl will limit the number of connections to a host
LogInit:  - LocalHostAddr = Default
LogInit:  - BufferSize = 65536
LogOnline: OSS: Creating online subsystem instance for: NULL
LogInit: WinSock: version 1.1 (2.2), MaxSocks=32767, MaxUdp=65467
LogOnline: OSS: TryLoadSubsystemAndSetDefault: Loaded subsystem for module [NULL]
LogInit: Build: ++UE4+Release-4.24-CL-10757647
LogInit: Engine Version: 4.24.1-10757647+++UE4+Release-4.24
LogInit: Compatible Engine Version: 4.24.0-10570792+++UE4+Release-4.24
LogInit: Net CL: 10570792
LogInit: OS: Windows 10 (Release 1903) (), CPU: Intel(R) Core(TM) i5-4460  CPU @ 3.20GHz, GPU: NVIDIA GeForce GTX 1660 Ti
LogInit: Compiled (64-bit): Dec 17 2019 02:08:03
LogInit: Compiled with Visual C++: 19.16.27032.01
LogInit: Build Configuration: Development
LogInit: Branch Name: ++UE4+Release-4.24
LogInit: Command Line:  -skipcompile
LogInit: Base Directory: D:/Epic Games/UE_4.24/Engine/Binaries/Win64/
LogInit: Installed Engine Build: 1
LogDevObjectVersion: Number of dev versions registered: 25
LogDevObjectVersion:   Dev-Blueprints (B0D832E4-1F89-4F0D-ACCF-7EB736FD4AA2): 10
LogDevObjectVersion:   Dev-Build (E1C64328-A22C-4D53-A36C-8E866417BD8C): 0
LogDevObjectVersion:   Dev-Core (375EC13C-06E4-48FB-B500-84F0262A717E): 3
LogDevObjectVersion:   Dev-Editor (E4B068ED-F494-42E9-A231-DA0B2E46BB41): 37
LogDevObjectVersion:   Dev-Framework (CFFC743F-43B0-4480-9391-14DF171D2073): 36
LogDevObjectVersion:   Dev-Mobile (B02B49B5-BB20-44E9-A304-32B752E40360): 2
LogDevObjectVersion:   Dev-Networking (A4E4105C-59A1-49B5-A7C5-40C4547EDFEE): 0
LogDevObjectVersion:   Dev-Online (39C831C9-5AE6-47DC-9A44-9C173E1C8E7C): 0
LogDevObjectVersion:   Dev-Physics (78F01B33-EBEA-4F98-B9B4-84EACCB95AA2): 2
LogDevObjectVersion:   Dev-Platform (6631380F-2D4D-43E0-8009-CF276956A95A): 0
LogDevObjectVersion:   Dev-Rendering (12F88B9F-8875-4AFC-A67C-D90C383ABD29): 36
LogDevObjectVersion:   Dev-Sequencer (7B5AE74C-D270-4C10-A958-57980B212A5A): 11
LogDevObjectVersion:   Dev-VR (D7296918-1DD6-4BDD-9DE2-64A83CC13884): 2
LogDevObjectVersion:   Dev-LoadTimes (C2A15278-BFE7-4AFE-6C17-90FF531DF755): 1
LogDevObjectVersion:   Private-Geometry (6EACA3D4-40EC-4CC1-B786-8BED09428FC5): 3
LogDevObjectVersion:   Dev-AnimPhys (29E575DD-E0A3-4627-9D10-D276232CDCEA): 17
LogDevObjectVersion:   Dev-Anim (AF43A65D-7FD3-4947-9873-3E8ED9C1BB05): 2
LogDevObjectVersion:   Dev-ReflectionCapture (6B266CEC-1EC7-4B8F-A30B-E4D90942FC07): 1
LogDevObjectVersion:   Dev-Automation (0DF73D61-A23F-47EA-B727-89E90C41499A): 1
LogDevObjectVersion:   FortniteMain (601D1886-AC64-4F84-AA16-D3DE0DEAC7D6): 31
LogDevObjectVersion:   Dev-Enterprise (9DFFBCD6-494F-0158-E221-12823C92A888): 8
LogDevObjectVersion:   Dev-Niagara (F2AED0AC-9AFE-416F-8664-AA7FFA26D6FC): 1
LogDevObjectVersion:   Dev-Destruction (174F1F0B-B4C6-45A5-B13F-2EE8D0FB917D): 9
LogDevObjectVersion:   Dev-Physics-Ext (35F94A83-E258-406C-A318-09F59610247C): 8
LogDevObjectVersion:   Dev-CineCamera (B2E18506-4273-CFC2-A54E-F4BB758BBA07): 1
LogInit: Presizing for max 25165824 objects, including 0 objects not considered by GC, pre-allocating 0 bytes for permanent pool.
LogInit: Object subsystem initialized
LogConfig: Setting CVar [[con.DebugEarlyDefault:1]]
LogConfig: Setting CVar [[r.setres:1280x720]]
[2020.02.13-12.53.36:714][  0]LogConfig: Setting CVar [[r.VSync:0]]
[2020.02.13-12.53.36:714][  0]LogConfig: Setting CVar [[r.RHICmdBypass:0]]
[2020.02.13-12.53.36:714][  0]LogConfig: Applying CVar settings from Section [/Script/Engine.RendererSettings] File [E:/Lautturi/Lautturi/Saved/Config/Windows/Engine.ini]
[2020.02.13-12.53.36:714][  0]LogConfig: Setting CVar [[r.GPUCrashDebugging:0]]
[2020.02.13-12.53.36:714][  0]LogConfig: Applying CVar settings from Section [/Script/Engine.RendererOverrideSettings] File [E:/Lautturi/Lautturi/Saved/Config/Windows/Engine.ini]
[2020.02.13-12.53.36:715][  0]LogConfig: Applying CVar settings from Section [/Script/Engine.StreamingSettings] File [E:/Lautturi/Lautturi/Saved/Config/Windows/Engine.ini]
[2020.02.13-12.53.36:715][  0]LogConfig: Setting CVar [[s.MinBulkDataSizeForAsyncLoading:131072]]
[2020.02.13-12.53.36:715][  0]LogConfig: Setting CVar [[s.AsyncLoadingThreadEnabled:0]]
[2020.02.13-12.53.36:715][  0]LogConfig: Setting CVar [[s.EventDrivenLoaderEnabled:1]]
[2020.02.13-12.53.36:715][  0]LogConfig: Setting CVar [[s.WarnIfTimeLimitExceeded:0]]
[2020.02.13-12.53.36:715][  0]LogConfig: Setting CVar [[s.TimeLimitExceededMultiplier:1.5]]
[2020.02.13-12.53.36:715][  0]LogConfig: Setting CVar [[s.TimeLimitExceededMinTime:0.005]]
[2020.02.13-12.53.36:715][  0]LogConfig: Setting CVar [[s.UseBackgroundLevelStreaming:1]]
[2020.02.13-12.53.36:715][  0]LogConfig: Setting CVar [[s.PriorityAsyncLoadingExtraTime:15.0]]
[2020.02.13-12.53.36:715][  0]LogConfig: Setting CVar [[s.LevelStreamingActorsUpdateTimeLimit:5.0]]
[2020.02.13-12.53.36:715][  0]LogConfig: Setting CVar [[s.PriorityLevelStreamingActorsUpdateExtraTime:5.0]]
[2020.02.13-12.53.36:715][  0]LogConfig: Setting CVar [[s.LevelStreamingComponentsRegistrationGranularity:10]]
[2020.02.13-12.53.36:715][  0]LogConfig: Setting CVar [[s.UnregisterComponentsTimeLimit:1.0]]
[2020.02.13-12.53.36:715][  0]LogConfig: Setting CVar [[s.LevelStreamingComponentsUnregistrationGranularity:5]]
[2020.02.13-12.53.36:715][  0]LogConfig: Setting CVar [[s.FlushStreamingOnExit:1]]
[2020.02.13-12.53.36:715][  0]LogConfig: Applying CVar settings from Section [/Script/Engine.GarbageCollectionSettings] File [E:/Lautturi/Lautturi/Saved/Config/Windows/Engine.ini]
[2020.02.13-12.53.36:715][  0]LogConfig: Setting CVar [[gc.MaxObjectsNotConsideredByGC:1]]
[2020.02.13-12.53.36:715][  0]LogConfig: Setting CVar [[gc.SizeOfPermanentObjectPool:0]]
[2020.02.13-12.53.36:715][  0]LogConfig: Setting CVar [[gc.FlushStreamingOnGC:0]]
[2020.02.13-12.53.36:715][  0]LogConfig: Setting CVar [[gc.NumRetriesBeforeForcingGC:10]]
[2020.02.13-12.53.36:715][  0]LogConfig: Setting CVar [[gc.AllowParallelGC:1]]
[2020.02.13-12.53.36:715][  0]LogConfig: Setting CVar [[gc.TimeBetweenPurgingPendingKillObjects:61.1]]
[2020.02.13-12.53.36:715][  0]LogConfig: Setting CVar [[gc.MaxObjectsInEditor:25165824]]
[2020.02.13-12.53.36:715][  0]LogConfig: Setting CVar [[gc.IncrementalBeginDestroyEnabled:1]]
[2020.02.13-12.53.36:716][  0]LogConfig: Setting CVar [[gc.CreateGCClusters:1]]
[2020.02.13-12.53.36:716][  0]LogConfig: Setting CVar [[gc.MinGCClusterSize:5]]
[2020.02.13-12.53.36:716][  0]LogConfig: Setting CVar [[gc.ActorClusteringEnabled:0]]
[2020.02.13-12.53.36:716][  0]LogConfig: Setting CVar [[gc.BlueprintClusteringEnabled:0]]
[2020.02.13-12.53.36:716][  0]LogConfig: Setting CVar [[gc.UseDisregardForGCOnDedicatedServers:0]]
[2020.02.13-12.53.36:716][  0]LogConfig: Applying CVar settings from Section [/Script/Engine.NetworkSettings] File [E:/Lautturi/Lautturi/Saved/Config/Windows/Engine.ini]
[2020.02.13-12.53.36:716][  0]LogConfig: Applying CVar settings from Section [/Script/UnrealEd.CookerSettings] File [E:/Lautturi/Lautturi/Saved/Config/Windows/Engine.ini]
[2020.02.13-12.53.36:738][  0]LogConfig: Applying CVar settings from Section [ViewDistanceQuality@3] File [E:/Lautturi/Lautturi/Saved/Config/Windows/Scalability.ini]
[2020.02.13-12.53.36:738][  0]LogConfig: Setting CVar [[r.SkeletalMeshLODBias:0]]
[2020.02.13-12.53.36:739][  0]LogConfig: Setting CVar [[r.ViewDistanceScale:1.0]]
[2020.02.13-12.53.36:739][  0]LogConfig: Applying CVar settings from Section [AntiAliasingQuality@3] File [E:/Lautturi/Lautturi/Saved/Config/Windows/Scalability.ini]
[2020.02.13-12.53.36:739][  0]LogConfig: Setting CVar [[r.PostProcessAAQuality:4]]
[2020.02.13-12.53.36:739][  0]LogConfig: Applying CVar settings from Section [ShadowQuality@3] File [E:/Lautturi/Lautturi/Saved/Config/Windows/Scalability.ini]
[2020.02.13-12.53.36:739][  0]LogConfig: Setting CVar [[r.LightFunctionQuality:1]]
[2020.02.13-12.53.36:739][  0]LogConfig: Setting CVar [[r.ShadowQuality:5]]
[2020.02.13-12.53.36:739][  0]LogConfig: Setting CVar [[r.Shadow.CSM.MaxCascades:10]]
[2020.02.13-12.53.36:739][  0]LogConfig: Setting CVar [[r.Shadow.MaxResolution:2048]]
[2020.02.13-12.53.36:739][  0]LogConfig: Setting CVar [[r.Shadow.MaxCSMResolution:2048]]
[2020.02.13-12.53.36:739][  0]LogConfig: Setting CVar [[r.Shadow.RadiusThreshold:0.01]]
[2020.02.13-12.53.36:739][  0]LogConfig: Setting CVar [[r.Shadow.DistanceScale:1.0]]
[2020.02.13-12.53.36:739][  0]LogConfig: Setting CVar [[r.Shadow.CSM.TransitionScale:1.0]]
[2020.02.13-12.53.36:739][  0]LogConfig: Setting CVar [[r.Shadow.PreShadowResolutionFactor:1.0]]
[2020.02.13-12.53.36:740][  0]LogConfig: Setting CVar [[r.DistanceFieldShadowing:1]]
[2020.02.13-12.53.36:740][  0]LogConfig: Setting CVar [[r.DistanceFieldAO:1]]
[2020.02.13-12.53.36:740][  0]LogConfig: Setting CVar [[r.AOQuality:2]]
[2020.02.13-12.53.36:740][  0]LogConfig: Setting CVar [[r.VolumetricFog:1]]
[2020.02.13-12.53.36:740][  0]LogConfig: Setting CVar [[r.VolumetricFog.GridPixelSize:8]]
[2020.02.13-12.53.36:740][  0]LogConfig: Setting CVar [[r.VolumetricFog.GridSizeZ:128]]
[2020.02.13-12.53.36:740][  0]LogConfig: Setting CVar [[r.VolumetricFog.HistoryMissSupersampleCount:4]]
[2020.02.13-12.53.36:740][  0]LogConfig: Setting CVar [[r.LightMaxDrawDistanceScale:1]]
[2020.02.13-12.53.36:740][  0]LogConfig: Setting CVar [[r.CapsuleShadows:1]]
[2020.02.13-12.53.36:740][  0]LogConfig: Applying CVar settings from Section [PostProcessQuality@3] File [E:/Lautturi/Lautturi/Saved/Config/Windows/Scalability.ini]
[2020.02.13-12.53.36:740][  0]LogConfig: Setting CVar [[r.MotionBlurQuality:4]]
[2020.02.13-12.53.36:740][  0]LogConfig: Setting CVar [[r.AmbientOcclusionMipLevelFactor:0.4]]
[2020.02.13-12.53.36:740][  0]LogConfig: Setting CVar [[r.AmbientOcclusionMaxQuality:100]]
[2020.02.13-12.53.36:740][  0]LogConfig: Setting CVar [[r.AmbientOcclusionLevels:-1]]
[2020.02.13-12.53.36:740][  0]LogConfig: Setting CVar [[r.AmbientOcclusionRadiusScale:1.0]]
[2020.02.13-12.53.36:740][  0]LogConfig: Setting CVar [[r.DepthOfFieldQuality:2]]
[2020.02.13-12.53.36:740][  0]LogConfig: Setting CVar [[r.RenderTargetPoolMin:400]]
[2020.02.13-12.53.36:740][  0]LogConfig: Setting CVar [[r.LensFlareQuality:2]]
[2020.02.13-12.53.36:740][  0]LogConfig: Setting CVar [[r.SceneColorFringeQuality:1]]
[2020.02.13-12.53.36:740][  0]LogConfig: Setting CVar [[r.EyeAdaptationQuality:2]]
[2020.02.13-12.53.36:740][  0]LogConfig: Setting CVar [[r.BloomQuality:5]]
[2020.02.13-12.53.36:740][  0]LogConfig: Setting CVar [[r.FastBlurThreshold:100]]
[2020.02.13-12.53.36:740][  0]LogConfig: Setting CVar [[r.Upscale.Quality:3]]
[2020.02.13-12.53.36:740][  0]LogConfig: Setting CVar [[r.Tonemapper.GrainQuantization:1]]
[2020.02.13-12.53.36:741][  0]LogConfig: Setting CVar [[r.LightShaftQuality:1]]
[2020.02.13-12.53.36:741][  0]LogConfig: Setting CVar [[r.Filter.SizeScale:1]]
[2020.02.13-12.53.36:741][  0]LogConfig: Setting CVar [[r.Tonemapper.Quality:5]]
[2020.02.13-12.53.36:741][  0]LogConfig: Setting CVar [[r.DOF.Gather.AccumulatorQuality:1        ; higher gathering accumulator quality]]
[2020.02.13-12.53.36:741][  0]LogConfig: Setting CVar [[r.DOF.Gather.PostfilterMethod:1          ; Median3x3 postfilering method]]
[2020.02.13-12.53.36:741][  0]LogConfig: Setting CVar [[r.DOF.Gather.EnableBokehSettings:0       ; no bokeh simulation when gathering]]
[2020.02.13-12.53.36:741][  0]LogConfig: Setting CVar [[r.DOF.Gather.RingCount:4                 ; medium number of samples when gathering]]
[2020.02.13-12.53.36:741][  0]LogConfig: Setting CVar [[r.DOF.Scatter.ForegroundCompositing:1    ; additive foreground scattering]]
[2020.02.13-12.53.36:741][  0]LogConfig: Setting CVar [[r.DOF.Scatter.BackgroundCompositing:2    ; additive background scattering]]
[2020.02.13-12.53.36:741][  0]LogConfig: Setting CVar [[r.DOF.Scatter.EnableBokehSettings:1      ; bokeh simulation when scattering]]
[2020.02.13-12.53.36:741][  0]LogConfig: Setting CVar [[r.DOF.Scatter.MaxSpriteRatio:0.1         ; only a maximum of 10% of scattered bokeh]]
[2020.02.13-12.53.36:741][  0]LogConfig: Setting CVar [[r.DOF.Recombine.Quality:1                ; cheap slight out of focus]]
[2020.02.13-12.53.36:741][  0]LogConfig: Setting CVar [[r.DOF.Recombine.EnableBokehSettings:0    ; no bokeh simulation on slight out of focus]]
[2020.02.13-12.53.36:741][  0]LogConfig: Setting CVar [[r.DOF.TemporalAAQuality:1                ; more stable temporal accumulation]]
[2020.02.13-12.53.36:741][  0]LogConfig: Setting CVar [[r.DOF.Kernel.MaxForegroundRadius:0.025]]
[2020.02.13-12.53.36:741][  0]LogConfig: Setting CVar [[r.DOF.Kernel.MaxBackgroundRadius:0.025]]
[2020.02.13-12.53.36:741][  0]LogConfig: Applying CVar settings from Section [TextureQuality@3] File [E:/Lautturi/Lautturi/Saved/Config/Windows/Scalability.ini]
[2020.02.13-12.53.36:741][  0]LogConfig: Setting CVar [[r.Streaming.MipBias:0]]
[2020.02.13-12.53.36:741][  0]LogConfig: Setting CVar [[r.Streaming.AmortizeCPUToGPUCopy:0]]
[2020.02.13-12.53.36:741][  0]LogConfig: Setting CVar [[r.Streaming.MaxNumTexturesToStreamPerFrame:0]]
[2020.02.13-12.53.36:741][  0]LogConfig: Setting CVar [[r.Streaming.Boost:1]]
[2020.02.13-12.53.36:741][  0]LogConfig: Setting CVar [[r.MaxAnisotropy:8]]
[2020.02.13-12.53.36:741][  0]LogConfig: Setting CVar [[r.VT.MaxAnisotropy:8]]
[2020.02.13-12.53.36:741][  0]LogConfig: Setting CVar [[r.Streaming.LimitPoolSizeToVRAM:0]]
[2020.02.13-12.53.36:741][  0]LogConfig: Setting CVar [[r.Streaming.PoolSize:1000]]
[2020.02.13-12.53.36:742][  0]LogConfig: Setting CVar [[r.Streaming.MaxEffectiveScreenSize:0]]
[2020.02.13-12.53.36:742][  0]LogConfig: Applying CVar settings from Section [EffectsQuality@3] File [E:/Lautturi/Lautturi/Saved/Config/Windows/Scalability.ini]
[2020.02.13-12.53.36:742][  0]LogConfig: Setting CVar [[r.TranslucencyLightingVolumeDim:64]]
[2020.02.13-12.53.36:742][  0]LogConfig: Setting CVar [[r.RefractionQuality:2]]
[2020.02.13-12.53.36:742][  0]LogConfig: Setting CVar [[r.SSR.Quality:3]]
[2020.02.13-12.53.36:742][  0]LogConfig: Setting CVar [[r.SSR.HalfResSceneColor:0]]
[2020.02.13-12.53.36:742][  0]LogConfig: Setting CVar [[r.SceneColorFormat:4]]
[2020.02.13-12.53.36:742][  0]LogConfig: Setting CVar [[r.DetailMode:2]]
[2020.02.13-12.53.36:742][  0]LogConfig: Setting CVar [[r.TranslucencyVolumeBlur:1]]
[2020.02.13-12.53.36:742][  0]LogConfig: Setting CVar [[r.MaterialQualityLevel:1 ; High quality]]
[2020.02.13-12.53.36:742][  0]LogConfig: Setting CVar [[r.SSS.Scale:1]]
[2020.02.13-12.53.36:742][  0]LogConfig: Setting CVar [[r.SSS.SampleSet:2]]
[2020.02.13-12.53.36:742][  0]LogConfig: Setting CVar [[r.SSS.Quality:1]]
[2020.02.13-12.53.36:742][  0]LogConfig: Setting CVar [[r.SSS.HalfRes:1]]
[2020.02.13-12.53.36:742][  0]LogConfig: Setting CVar [[r.SSGI.Quality:3]]
[2020.02.13-12.53.36:742][  0]LogConfig: Setting CVar [[r.EmitterSpawnRateScale:1.0]]
[2020.02.13-12.53.36:742][  0]LogConfig: Setting CVar [[r.ParticleLightQuality:2]]
[2020.02.13-12.53.36:742][  0]LogConfig: Setting CVar [[r.SkyAtmosphere.AerialPerspectiveLUT.FastApplyOnOpaque:1 ; Always have FastSkyLUT 1 in this case to avoid wrong sky]]
[2020.02.13-12.53.36:742][  0]LogConfig: Setting CVar [[r.SkyAtmosphere.AerialPerspectiveLUT.SampleCountPerSlice:1]]
[2020.02.13-12.53.36:742][  0]LogConfig: Setting CVar [[r.SkyAtmosphere.AerialPerspectiveLUT.DepthResolution:16.0]]
[2020.02.13-12.53.36:742][  0]LogConfig: Setting CVar [[r.SkyAtmosphere.FastSkyLUT:1]]
[2020.02.13-12.53.36:742][  0]LogConfig: Setting CVar [[r.SkyAtmosphere.FastSkyLUT.SampleCountMin:4.0]]
[2020.02.13-12.53.36:742][  0]LogConfig: Setting CVar [[r.SkyAtmosphere.FastSkyLUT.SampleCountMax:32.0]]
[2020.02.13-12.53.36:742][  0]LogConfig: Setting CVar [[r.SkyAtmosphere.SampleCountMin:4.0]]
[2020.02.13-12.53.36:742][  0]LogConfig: Setting CVar [[r.SkyAtmosphere.SampleCountMax:32.0]]
[2020.02.13-12.53.36:742][  0]LogConfig: Setting CVar [[r.SkyAtmosphere.TransmittanceLUT.UseSmallFormat:0]]
[2020.02.13-12.53.36:743][  0]LogConfig: Setting CVar [[r.SkyAtmosphere.TransmittanceLUT.SampleCount:10.0]]
[2020.02.13-12.53.36:743][  0]LogConfig: Setting CVar [[r.SkyAtmosphere.MultiScatteringLUT.SampleCount:15.0]]
[2020.02.13-12.53.36:743][  0]LogConfig: Applying CVar settings from Section [FoliageQuality@3] File [E:/Lautturi/Lautturi/Saved/Config/Windows/Scalability.ini]
[2020.02.13-12.53.36:743][  0]LogConfig: Setting CVar [[foliage.DensityScale:1.0]]
[2020.02.13-12.53.36:743][  0]LogConfig: Setting CVar [[grass.DensityScale:1.0]]
[2020.02.13-12.53.36:743][  0]LogConfig: Applying CVar settings from Section [ShadingQuality@3] File [E:/Lautturi/Lautturi/Saved/Config/Windows/Scalability.ini]
[2020.02.13-12.53.36:743][  0]LogConfig: Setting CVar [[r.HairStrands.SkyLighting.SampleCount:16]]
[2020.02.13-12.53.36:743][  0]LogConfig: Setting CVar [[r.HairStrands.SkyLighting.JitterIntegration:0]]
[2020.02.13-12.53.36:743][  0]LogConfig: Setting CVar [[r.HairStrands.SkyAO.SampleCount:16]]
[2020.02.13-12.53.36:743][  0]LogInit: Selected Device Profile: [Windows]
[2020.02.13-12.53.36:743][  0]LogInit: Applying CVar settings loaded from the selected device profile: [Windows]
[2020.02.13-12.53.36:746][  0]LogHAL: Display: Platform has ~ 16 GB [17118138368 / 17179869184 / 16], which maps to Larger [LargestMinGB=32, LargerMinGB=12, DefaultMinGB=8, SmallerMinGB=6, SmallestMinGB=0)
[2020.02.13-12.53.36:746][  0]LogInit: Going up to parent DeviceProfile []
[2020.02.13-12.53.36:746][  0]LogConfig: Applying CVar settings from Section [ViewDistanceQuality@3] File [E:/Lautturi/Lautturi/Saved/Config/Windows/Scalability.ini]
[2020.02.13-12.53.36:746][  0]LogConfig: Setting CVar [[r.SkeletalMeshLODBias:0]]
[2020.02.13-12.53.36:746][  0]LogConfig: Setting CVar [[r.ViewDistanceScale:1.0]]
[2020.02.13-12.53.36:747][  0]LogConfig: Applying CVar settings from Section [AntiAliasingQuality@3] File [E:/Lautturi/Lautturi/Saved/Config/Windows/Scalability.ini]
[2020.02.13-12.53.36:747][  0]LogConfig: Setting CVar [[r.PostProcessAAQuality:4]]
[2020.02.13-12.53.36:747][  0]LogConfig: Applying CVar settings from Section [ShadowQuality@3] File [E:/Lautturi/Lautturi/Saved/Config/Windows/Scalability.ini]
[2020.02.13-12.53.36:747][  0]LogConfig: Setting CVar [[r.LightFunctionQuality:1]]
[2020.02.13-12.53.36:747][  0]LogConfig: Setting CVar [[r.ShadowQuality:5]]
[2020.02.13-12.53.36:747][  0]LogConfig: Setting CVar [[r.Shadow.CSM.MaxCascades:10]]
[2020.02.13-12.53.36:747][  0]LogConfig: Setting CVar [[r.Shadow.MaxResolution:2048]]
[2020.02.13-12.53.36:747][  0]LogConfig: Setting CVar [[r.Shadow.MaxCSMResolution:2048]]
[2020.02.13-12.53.36:747][  0]LogConfig: Setting CVar [[r.Shadow.RadiusThreshold:0.01]]
[2020.02.13-12.53.36:747][  0]LogConfig: Setting CVar [[r.Shadow.DistanceScale:1.0]]
[2020.02.13-12.53.36:747][  0]LogConfig: Setting CVar [[r.Shadow.CSM.TransitionScale:1.0]]
[2020.02.13-12.53.36:747][  0]LogConfig: Setting CVar [[r.Shadow.PreShadowResolutionFactor:1.0]]
[2020.02.13-12.53.36:747][  0]LogConfig: Setting CVar [[r.DistanceFieldShadowing:1]]
[2020.02.13-12.53.36:747][  0]LogConfig: Setting CVar [[r.DistanceFieldAO:1]]
[2020.02.13-12.53.36:747][  0]LogConfig: Setting CVar [[r.AOQuality:2]]
[2020.02.13-12.53.36:747][  0]LogConfig: Setting CVar [[r.VolumetricFog:1]]
[2020.02.13-12.53.36:747][  0]LogConfig: Setting CVar [[r.VolumetricFog.GridPixelSize:8]]
[2020.02.13-12.53.36:747][  0]LogConfig: Setting CVar [[r.VolumetricFog.GridSizeZ:128]]
[2020.02.13-12.53.36:748][  0]LogConfig: Setting CVar [[r.VolumetricFog.HistoryMissSupersampleCount:4]]
[2020.02.13-12.53.36:748][  0]LogConfig: Setting CVar [[r.LightMaxDrawDistanceScale:1]]
[2020.02.13-12.53.36:748][  0]LogConfig: Setting CVar [[r.CapsuleShadows:1]]
[2020.02.13-12.53.36:748][  0]LogConfig: Applying CVar settings from Section [PostProcessQuality@3] File [E:/Lautturi/Lautturi/Saved/Config/Windows/Scalability.ini]
[2020.02.13-12.53.36:748][  0]LogConfig: Setting CVar [[r.MotionBlurQuality:4]]
[2020.02.13-12.53.36:748][  0]LogConfig: Setting CVar [[r.AmbientOcclusionMipLevelFactor:0.4]]
[2020.02.13-12.53.36:748][  0]LogConfig: Setting CVar [[r.AmbientOcclusionMaxQuality:100]]
[2020.02.13-12.53.36:748][  0]LogConfig: Setting CVar [[r.AmbientOcclusionLevels:-1]]
[2020.02.13-12.53.36:748][  0]LogConfig: Setting CVar [[r.AmbientOcclusionRadiusScale:1.0]]
[2020.02.13-12.53.36:748][  0]LogConfig: Setting CVar [[r.DepthOfFieldQuality:2]]
[2020.02.13-12.53.36:748][  0]LogConfig: Setting CVar [[r.RenderTargetPoolMin:400]]
[2020.02.13-12.53.36:748][  0]LogConfig: Setting CVar [[r.LensFlareQuality:2]]
[2020.02.13-12.53.36:748][  0]LogConfig: Setting CVar [[r.SceneColorFringeQuality:1]]
[2020.02.13-12.53.36:748][  0]LogConfig: Setting CVar [[r.EyeAdaptationQuality:2]]
[2020.02.13-12.53.36:748][  0]LogConfig: Setting CVar [[r.BloomQuality:5]]
[2020.02.13-12.53.36:748][  0]LogConfig: Setting CVar [[r.FastBlurThreshold:100]]
[2020.02.13-12.53.36:748][  0]LogConfig: Setting CVar [[r.Upscale.Quality:3]]
[2020.02.13-12.53.36:748][  0]LogConfig: Setting CVar [[r.Tonemapper.GrainQuantization:1]]
[2020.02.13-12.53.36:748][  0]LogConfig: Setting CVar [[r.LightShaftQuality:1]]
[2020.02.13-12.53.36:748][  0]LogConfig: Setting CVar [[r.Filter.SizeScale:1]]
[2020.02.13-12.53.36:748][  0]LogConfig: Setting CVar [[r.Tonemapper.Quality:5]]
[2020.02.13-12.53.36:748][  0]LogConfig: Setting CVar [[r.DOF.Gather.AccumulatorQuality:1        ; higher gathering accumulator quality]]
[2020.02.13-12.53.36:748][  0]LogConfig: Setting CVar [[r.DOF.Gather.PostfilterMethod:1          ; Median3x3 postfilering method]]
[2020.02.13-12.53.36:748][  0]LogConfig: Setting CVar [[r.DOF.Gather.EnableBokehSettings:0       ; no bokeh simulation when gathering]]
[2020.02.13-12.53.36:749][  0]LogConfig: Setting CVar [[r.DOF.Gather.RingCount:4                 ; medium number of samples when gathering]]
[2020.02.13-12.53.36:749][  0]LogConfig: Setting CVar [[r.DOF.Scatter.ForegroundCompositing:1    ; additive foreground scattering]]
[2020.02.13-12.53.36:749][  0]LogConfig: Setting CVar [[r.DOF.Scatter.BackgroundCompositing:2    ; additive background scattering]]
[2020.02.13-12.53.36:749][  0]LogConfig: Setting CVar [[r.DOF.Scatter.EnableBokehSettings:1      ; bokeh simulation when scattering]]
[2020.02.13-12.53.36:749][  0]LogConfig: Setting CVar [[r.DOF.Scatter.MaxSpriteRatio:0.1         ; only a maximum of 10% of scattered bokeh]]
[2020.02.13-12.53.36:749][  0]LogConfig: Setting CVar [[r.DOF.Recombine.Quality:1                ; cheap slight out of focus]]
[2020.02.13-12.53.36:749][  0]LogConfig: Setting CVar [[r.DOF.Recombine.EnableBokehSettings:0    ; no bokeh simulation on slight out of focus]]
[2020.02.13-12.53.36:749][  0]LogConfig: Setting CVar [[r.DOF.TemporalAAQuality:1                ; more stable temporal accumulation]]
[2020.02.13-12.53.36:749][  0]LogConfig: Setting CVar [[r.DOF.Kernel.MaxForegroundRadius:0.025]]
[2020.02.13-12.53.36:749][  0]LogConfig: Setting CVar [[r.DOF.Kernel.MaxBackgroundRadius:0.025]]
[2020.02.13-12.53.36:749][  0]LogConfig: Applying CVar settings from Section [TextureQuality@3] File [E:/Lautturi/Lautturi/Saved/Config/Windows/Scalability.ini]
[2020.02.13-12.53.36:749][  0]LogConfig: Setting CVar [[r.Streaming.MipBias:0]]
[2020.02.13-12.53.36:749][  0]LogConfig: Setting CVar [[r.Streaming.AmortizeCPUToGPUCopy:0]]
[2020.02.13-12.53.36:749][  0]LogConfig: Setting CVar [[r.Streaming.MaxNumTexturesToStreamPerFrame:0]]
[2020.02.13-12.53.36:749][  0]LogConfig: Setting CVar [[r.Streaming.Boost:1]]
[2020.02.13-12.53.36:749][  0]LogConfig: Setting CVar [[r.MaxAnisotropy:8]]
[2020.02.13-12.53.36:749][  0]LogConfig: Setting CVar [[r.VT.MaxAnisotropy:8]]
[2020.02.13-12.53.36:749][  0]LogConfig: Setting CVar [[r.Streaming.LimitPoolSizeToVRAM:0]]
[2020.02.13-12.53.36:749][  0]LogConfig: Setting CVar [[r.Streaming.PoolSize:1000]]
[2020.02.13-12.53.36:749][  0]LogConfig: Setting CVar [[r.Streaming.MaxEffectiveScreenSize:0]]
[2020.02.13-12.53.36:749][  0]LogConfig: Applying CVar settings from Section [EffectsQuality@3] File [E:/Lautturi/Lautturi/Saved/Config/Windows/Scalability.ini]
[2020.02.13-12.53.36:749][  0]LogConfig: Setting CVar [[r.TranslucencyLightingVolumeDim:64]]
[2020.02.13-12.53.36:749][  0]LogConfig: Setting CVar [[r.RefractionQuality:2]]
[2020.02.13-12.53.36:749][  0]LogConfig: Setting CVar [[r.SSR.Quality:3]]
[2020.02.13-12.53.36:750][  0]LogConfig: Setting CVar [[r.SSR.HalfResSceneColor:0]]
[2020.02.13-12.53.36:750][  0]LogConfig: Setting CVar [[r.SceneColorFormat:4]]
[2020.02.13-12.53.36:750][  0]LogConfig: Setting CVar [[r.DetailMode:2]]
[2020.02.13-12.53.36:750][  0]LogConfig: Setting CVar [[r.TranslucencyVolumeBlur:1]]
[2020.02.13-12.53.36:750][  0]LogConfig: Setting CVar [[r.MaterialQualityLevel:1 ; High quality]]
[2020.02.13-12.53.36:750][  0]LogConfig: Setting CVar [[r.SSS.Scale:1]]
[2020.02.13-12.53.36:750][  0]LogConfig: Setting CVar [[r.SSS.SampleSet:2]]
[2020.02.13-12.53.36:750][  0]LogConfig: Setting CVar [[r.SSS.Quality:1]]
[2020.02.13-12.53.36:750][  0]LogConfig: Setting CVar [[r.SSS.HalfRes:1]]
[2020.02.13-12.53.36:750][  0]LogConfig: Setting CVar [[r.SSGI.Quality:3]]
[2020.02.13-12.53.36:750][  0]LogConfig: Setting CVar [[r.EmitterSpawnRateScale:1.0]]
[2020.02.13-12.53.36:750][  0]LogConfig: Setting CVar [[r.ParticleLightQuality:2]]
[2020.02.13-12.53.36:750][  0]LogConfig: Setting CVar [[r.SkyAtmosphere.AerialPerspectiveLUT.FastApplyOnOpaque:1 ; Always have FastSkyLUT 1 in this case to avoid wrong sky]]
[2020.02.13-12.53.36:750][  0]LogConfig: Setting CVar [[r.SkyAtmosphere.AerialPerspectiveLUT.SampleCountPerSlice:1]]
[2020.02.13-12.53.36:750][  0]LogConfig: Setting CVar [[r.SkyAtmosphere.AerialPerspectiveLUT.DepthResolution:16.0]]
[2020.02.13-12.53.36:750][  0]LogConfig: Setting CVar [[r.SkyAtmosphere.FastSkyLUT:1]]
[2020.02.13-12.53.36:750][  0]LogConfig: Setting CVar [[r.SkyAtmosphere.FastSkyLUT.SampleCountMin:4.0]]
[2020.02.13-12.53.36:750][  0]LogConfig: Setting CVar [[r.SkyAtmosphere.FastSkyLUT.SampleCountMax:32.0]]
[2020.02.13-12.53.36:750][  0]LogConfig: Setting CVar [[r.SkyAtmosphere.SampleCountMin:4.0]]
[2020.02.13-12.53.36:750][  0]LogConfig: Setting CVar [[r.SkyAtmosphere.SampleCountMax:32.0]]
[2020.02.13-12.53.36:750][  0]LogConfig: Setting CVar [[r.SkyAtmosphere.TransmittanceLUT.UseSmallFormat:0]]
[2020.02.13-12.53.36:750][  0]LogConfig: Setting CVar [[r.SkyAtmosphere.TransmittanceLUT.SampleCount:10.0]]
[2020.02.13-12.53.36:750][  0]LogConfig: Setting CVar [[r.SkyAtmosphere.MultiScatteringLUT.SampleCount:15.0]]
[2020.02.13-12.53.36:750][  0]LogConfig: Applying CVar settings from Section [FoliageQuality@3] File [E:/Lautturi/Lautturi/Saved/Config/Windows/Scalability.ini]
[2020.02.13-12.53.36:750][  0]LogConfig: Setting CVar [[foliage.DensityScale:1.0]]
[2020.02.13-12.53.36:750][  0]LogConfig: Setting CVar [[grass.DensityScale:1.0]]
[2020.02.13-12.53.36:750][  0]LogConfig: Applying CVar settings from Section [ShadingQuality@3] File [E:/Lautturi/Lautturi/Saved/Config/Windows/Scalability.ini]
[2020.02.13-12.53.36:751][  0]LogConfig: Setting CVar [[r.HairStrands.SkyLighting.SampleCount:16]]
[2020.02.13-12.53.36:751][  0]LogConfig: Setting CVar [[r.HairStrands.SkyLighting.JitterIntegration:0]]
[2020.02.13-12.53.36:751][  0]LogConfig: Setting CVar [[r.HairStrands.SkyAO.SampleCount:16]]
[2020.02.13-12.53.36:751][  0]LogConfig: Applying CVar settings from Section [Startup] File [../../../Engine/Config/ConsoleVariables.ini]
[2020.02.13-12.53.36:751][  0]LogConfig: Setting CVar [[net.UseAdaptiveNetUpdateFrequency:0]]
[2020.02.13-12.53.36:751][  0]LogConfig: Setting CVar [[p.chaos.AllowCreatePhysxBodies:1]]
[2020.02.13-12.53.36:751][  0]LogConfig: Applying CVar settings from Section [ConsoleVariables] File [E:/Lautturi/Lautturi/Saved/Config/Windows/Engine.ini]
[2020.02.13-12.53.36:751][  0]LogInit: Computer: DESKTOP-2POJTPC
[2020.02.13-12.53.36:751][  0]LogInit: User: Miros
[2020.02.13-12.53.36:751][  0]LogInit: CPU Page size=4096, Cores=4
[2020.02.13-12.53.36:751][  0]LogInit: High frequency timer resolution =10.000000 MHz
[2020.02.13-12.53.36:751][  0]LogMemory: Memory total: Physical=15.9GB (16GB approx)
[2020.02.13-12.53.36:751][  0]LogMemory: Platform Memory Stats for Windows
[2020.02.13-12.53.36:752][  0]LogMemory: Process Physical Memory: 105.28 MB used, 105.28 MB peak
[2020.02.13-12.53.36:752][  0]LogMemory: Process Virtual Memory: 99.84 MB used, 99.84 MB peak
[2020.02.13-12.53.36:752][  0]LogMemory: Physical Memory: 7595.96 MB used,  8729.17 MB free, 16325.13 MB total
[2020.02.13-12.53.36:752][  0]LogMemory: Virtual Memory: 5086.73 MB used,  134212640.00 MB free, 134217728.00 MB total
[2020.02.13-12.53.36:759][  0]LogWindows: WindowsPlatformFeatures enabled
[2020.02.13-12.53.36:857][  0]LogInit: Using OS detected language (fi-FI).
[2020.02.13-12.53.36:858][  0]LogInit: Using OS detected locale (fi-FI).
[2020.02.13-12.53.36:859][  0]LogTextLocalizationManager: No localization for 'fi-FI' exists, so 'en' will be used for the language.
[2020.02.13-12.53.37:017][  0]LogInit: Setting process to per monitor DPI aware
[2020.02.13-12.53.37:082][  0]LogSlate: New Slate User Created.  User Index 0, Is Virtual User: 0
[2020.02.13-12.53.37:082][  0]LogSlate: Slate User Registered.  User Index 0, Is Virtual User: 0
[2020.02.13-12.53.37:303][  0]LogHMD: Failed to initialize OpenVR with code 110
[2020.02.13-12.53.37:303][  0]LogD3D11RHI: D3D11 min allowed feature level: 11_0
[2020.02.13-12.53.37:303][  0]LogD3D11RHI: D3D11 max allowed feature level: 11_0
[2020.02.13-12.53.37:303][  0]LogD3D11RHI: D3D11 adapters:
[2020.02.13-12.53.37:416][  0]LogD3D11RHI:    0. 'NVIDIA GeForce GTX 1660 Ti' (Feature Level 11_0)
[2020.02.13-12.53.37:416][  0]LogD3D11RHI:       5991/0/8162 MB DedicatedVideo/DedicatedSystem/SharedSystem, Outputs:2, VendorId:0x10de
[2020.02.13-12.53.37:421][  0]LogD3D11RHI:    1. 'Microsoft Basic Render Driver' (Feature Level 11_0)
[2020.02.13-12.53.37:421][  0]LogD3D11RHI:       0/0/8162 MB DedicatedVideo/DedicatedSystem/SharedSystem, Outputs:0, VendorId:0x1414
[2020.02.13-12.53.37:421][  0]LogD3D11RHI: Chosen D3D11 Adapter: 0
[2020.02.13-12.53.37:429][  0]LogD3D11RHI: Creating new Direct3DDevice
[2020.02.13-12.53.37:429][  0]LogD3D11RHI:     GPU DeviceId: 0x2182 (for the marketing name, search the web for "GPU Device Id")
[2020.02.13-12.53.37:429][  0]LogWindows: EnumDisplayDevices:
[2020.02.13-12.53.37:429][  0]LogWindows:    0. 'NVIDIA GeForce GTX 1660 Ti' (P:0 D:1)
[2020.02.13-12.53.37:430][  0]LogWindows:    1. 'NVIDIA GeForce GTX 1660 Ti' (P:1 D:1)
[2020.02.13-12.53.37:431][  0]LogWindows:    2. 'NVIDIA GeForce GTX 1660 Ti' (P:0 D:0)
[2020.02.13-12.53.37:431][  0]LogWindows:    3. 'NVIDIA GeForce GTX 1660 Ti' (P:0 D:0)
[2020.02.13-12.53.37:432][  0]LogWindows: DebugString: FoundDriverCount:4 
[2020.02.13-12.53.37:432][  0]LogD3D11RHI:     Adapter Name: NVIDIA GeForce GTX 1660 Ti
[2020.02.13-12.53.37:432][  0]LogD3D11RHI:   Driver Version: 442.19 (internal:26.21.14.4219, unified:442.19)
[2020.02.13-12.53.37:432][  0]LogD3D11RHI:      Driver Date: 1-29-2020
[2020.02.13-12.53.37:432][  0]LogRHI: Texture pool is 4193 MB (70% of 5991 MB)
[2020.02.13-12.53.37:504][  0]LogD3D11RHI: RHI has support for 64 bit atomics
[2020.02.13-12.53.37:505][  0]LogD3D11RHI: Async texture creation enabled
[2020.02.13-12.53.37:521][  0]LogD3D11RHI: GPU Timing Frequency: 1000.000000 (Debug: 2 1)
[2020.02.13-12.53.37:914][  0]LogTargetPlatformManager: Display: Loaded TargetPlatform 'AllDesktop'
[2020.02.13-12.53.37:951][  0]LogTargetPlatformManager: Display: Loaded TargetPlatform 'Android'
[2020.02.13-12.53.37:951][  0]LogTargetPlatformManager: Display: Loaded TargetPlatform 'Android_ASTC'
[2020.02.13-12.53.37:951][  0]LogTargetPlatformManager: Display: Loaded TargetPlatform 'Android_ATC'
[2020.02.13-12.53.37:951][  0]LogTargetPlatformManager: Display: Loaded TargetPlatform 'Android_DXT'
[2020.02.13-12.53.37:951][  0]LogTargetPlatformManager: Display: Loaded TargetPlatform 'Android_ETC1'
[2020.02.13-12.53.37:951][  0]LogTargetPlatformManager: Display: Loaded TargetPlatform 'Android_ETC1a'
[2020.02.13-12.53.37:951][  0]LogTargetPlatformManager: Display: Loaded TargetPlatform 'Android_ETC2'
[2020.02.13-12.53.37:951][  0]LogTargetPlatformManager: Display: Loaded TargetPlatform 'Android_PVRTC'
[2020.02.13-12.53.37:952][  0]LogTargetPlatformManager: Display: Loaded TargetPlatform 'AndroidClient'
[2020.02.13-12.53.37:952][  0]LogTargetPlatformManager: Display: Loaded TargetPlatform 'Android_ASTCClient'
[2020.02.13-12.53.37:952][  0]LogTargetPlatformManager: Display: Loaded TargetPlatform 'Android_ATCClient'
[2020.02.13-12.53.37:952][  0]LogTargetPlatformManager: Display: Loaded TargetPlatform 'Android_DXTClient'
[2020.02.13-12.53.37:952][  0]LogTargetPlatformManager: Display: Loaded TargetPlatform 'Android_ETC1Client'
[2020.02.13-12.53.37:953][  0]LogTargetPlatformManager: Display: Loaded TargetPlatform 'Android_ETC1aClient'
[2020.02.13-12.53.37:953][  0]LogTargetPlatformManager: Display: Loaded TargetPlatform 'Android_ETC2Client'
[2020.02.13-12.53.37:953][  0]LogTargetPlatformManager: Display: Loaded TargetPlatform 'Android_PVRTCClient'
[2020.02.13-12.53.37:953][  0]LogTargetPlatformManager: Display: Loaded TargetPlatform 'Android_Multi'
[2020.02.13-12.53.37:953][  0]LogTargetPlatformManager: Display: Loaded TargetPlatform 'Android_MultiClient'
[2020.02.13-12.53.37:979][  0]LogTargetPlatformManager: Display: Loaded TargetPlatform 'IOSClient'
[2020.02.13-12.53.37:979][  0]LogTargetPlatformManager: Display: Loaded TargetPlatform 'IOS'
[2020.02.13-12.53.37:989][  0]LogTargetPlatformManager: Display: Loaded TargetPlatform 'LinuxNoEditor'
[2020.02.13-12.53.37:998][  0]LogTargetPlatformManager: Display: Loaded TargetPlatform 'LinuxClient'
[2020.02.13-12.53.38:007][  0]LogTargetPlatformManager: Display: Loaded TargetPlatform 'LinuxServer'
[2020.02.13-12.53.38:016][  0]LogTargetPlatformManager: Display: Loaded TargetPlatform 'LinuxAArch64NoEditor'
[2020.02.13-12.53.38:025][  0]LogTargetPlatformManager: Display: Loaded TargetPlatform 'LinuxAArch64Client'
[2020.02.13-12.53.38:034][  0]LogTargetPlatformManager: Display: Loaded TargetPlatform 'LinuxAArch64Server'
[2020.02.13-12.53.38:063][  0]LogTargetPlatformManager: Display: Loaded TargetPlatform 'Lumin'
[2020.02.13-12.53.38:063][  0]LogTargetPlatformManager: Display: Loaded TargetPlatform 'LuminClient'
[2020.02.13-12.53.38:080][  0]LogTargetPlatformManager: Display: Loaded TargetPlatform 'TVOSClient'
[2020.02.13-12.53.38:080][  0]LogTargetPlatformManager: Display: Loaded TargetPlatform 'TVOS'
[2020.02.13-12.53.38:090][  0]LogTargetPlatformManager: Display: Loaded TargetPlatform 'WindowsNoEditor'
[2020.02.13-12.53.38:100][  0]LogTargetPlatformManager: Display: Loaded TargetPlatform 'Windows'
[2020.02.13-12.53.38:110][  0]LogTargetPlatformManager: Display: Loaded TargetPlatform 'WindowsClient'
[2020.02.13-12.53.38:119][  0]LogTargetPlatformManager: Display: Loaded TargetPlatform 'WindowsServer'
[2020.02.13-12.53.38:120][  0]LogTargetPlatformManager: Display: Building Assets For Windows
[2020.02.13-12.53.38:138][  0]LogAudioDebug: Display: Lib vorbis DLL was dynamically loaded.
[2020.02.13-12.53.38:186][  0]LogShaderCompilers: Guid format shader working directory is 26 characters bigger than the processId version (E:/Lautturi/Lautturi/Intermediate/Shaders/WorkingDirectory/8172/).
[2020.02.13-12.53.38:187][  0]LogShaderCompilers: Cleaned the shader compiler working directory 'C:/Users/Miros/AppData/Local/Temp/UnrealShaderWorkingDir/6973341B4D742B37EFE89FA716AEB830/'.
[2020.02.13-12.53.38:187][  0]LogXGEController: Cleaning working directory: C:/Users/Miros/AppData/Local/Temp/UnrealXGEWorkingDir/
[2020.02.13-12.53.38:188][  0]LogXGEController: Cannot use XGE Controller as Incredibuild is not installed on this machine.
[2020.02.13-12.53.38:188][  0]LogShaderCompilers: Cannot use XGE Shader Compiler as Incredibuild is not installed on this machine.
[2020.02.13-12.53.38:188][  0]LogShaderCompilers: Display: Using Local Shader Compiler.
[2020.02.13-12.53.38:966][  0]LogDerivedDataCache: Display: Max Cache Size: 512 MB
[2020.02.13-12.53.39:020][  0]LogDerivedDataCache: Loaded boot cache 0.05s 78MB C:/Users/Miros/AppData/Local/UnrealEngine/4.24/DerivedDataCache/Boot.ddc.
[2020.02.13-12.53.39:020][  0]LogDerivedDataCache: Display: Loaded Boot cache: C:/Users/Miros/AppData/Local/UnrealEngine/4.24/DerivedDataCache/Boot.ddc
[2020.02.13-12.53.39:021][  0]LogDerivedDataCache: FDerivedDataBackendGraph:  Pak pak cache file E:/Lautturi/Lautturi/DerivedDataCache/DDC.ddp not found, will not use a pak cache.
[2020.02.13-12.53.39:021][  0]LogDerivedDataCache: Unable to find inner node Pak for hierarchical cache Hierarchy.
[2020.02.13-12.53.39:021][  0]LogDerivedDataCache: FDerivedDataBackendGraph:  CompressedPak pak cache file E:/Lautturi/Lautturi/DerivedDataCache/Compressed.ddp not found, will not use a pak cache.
[2020.02.13-12.53.39:021][  0]LogDerivedDataCache: Unable to find inner node CompressedPak for hierarchical cache Hierarchy.
[2020.02.13-12.53.39:031][  0]LogDerivedDataCache: Display: Pak cache opened for reading ../../../Engine/DerivedDataCache/Compressed.ddp.
[2020.02.13-12.53.39:031][  0]LogDerivedDataCache: FDerivedDataBackendGraph:  EnterprisePak pak cache file ../../../Enterprise/DerivedDataCache/Compressed.ddp not found, will not use a pak cache.
[2020.02.13-12.53.39:032][  0]LogDerivedDataCache: Unable to find inner node EnterprisePak for hierarchical cache Hierarchy.
[2020.02.13-12.53.39:033][  0]LogDerivedDataCache: Using Local data cache path C:/Users/Miros/AppData/Local/UnrealEngine/Common/DerivedDataCache: Writable
[2020.02.13-12.53.39:034][  0]LogDerivedDataCache: Shared data cache path not found in *engine.ini, will not use an Shared cache.
[2020.02.13-12.53.39:034][  0]LogDerivedDataCache: Unable to find inner node Shared for hierarchical cache Hierarchy.
[2020.02.13-12.53.39:059][  0]LogMaterial: Verifying Global Shaders for PCD3D_SM5
[2020.02.13-12.53.39:062][  0]LogSlate: Using FreeType 2.10.0
[2020.02.13-12.53.39:062][  0]LogSlate: SlateFontServices - WITH_FREETYPE: 1, WITH_HARFBUZZ: 1
[2020.02.13-12.53.39:135][  0]LogAssetRegistry: FAssetRegistry took 0.0079 seconds to start up
[2020.02.13-12.53.39:440][  0]LogInit: Selected Device Profile: [Windows]
[2020.02.13-12.53.39:620][  0]LogMeshReduction: Using QuadricMeshReduction for automatic static mesh reduction
[2020.02.13-12.53.39:620][  0]LogMeshReduction: Using SimplygonMeshReduction for automatic skeletal mesh reduction
[2020.02.13-12.53.39:620][  0]LogMeshReduction: Using ProxyLODMeshReduction for automatic mesh merging
[2020.02.13-12.53.39:620][  0]LogMeshReduction: No distributed automatic mesh merging module available
[2020.02.13-12.53.39:620][  0]LogMeshMerging: No distributed automatic mesh merging module available
[2020.02.13-12.53.39:655][  0]LogNetVersion: Lautturi 1.0.0, NetCL: 10570792, EngineNetVer: 13, GameNetVer: 0 (Checksum: 195253624)
[2020.02.13-12.53.40:839][  0]LogPackageLocalizationCache: Processed 10 localized package path(s) for 1 prioritized culture(s) in 0.039955 seconds
[2020.02.13-12.53.40:847][  0]LogUObjectArray: 46750 objects as part of root set at end of initial load.
[2020.02.13-12.53.40:847][  0]LogUObjectAllocator: 8137160 out of 0 bytes used by permanent object pool.
[2020.02.13-12.53.40:847][  0]LogUObjectArray: CloseDisregardForGC: 0/0 objects in disregard for GC pool
[2020.02.13-12.53.41:363][  0]LogTcpMessaging: Initializing TcpMessaging bridge
[2020.02.13-12.53.41:369][  0]LogUdpMessaging: Initializing bridge on interface 0.0.0.0:0 to multicast group 230.0.0.1:6666.
[2020.02.13-12.53.41:476][  0]SourceControl: Source control is disabled
[2020.02.13-12.53.41:476][  0]SourceControl: Source control is disabled
[2020.02.13-12.53.41:481][  0]SourceControl: Source control is disabled
[2020.02.13-12.53.41:483][  0]SourceControl: Source control is disabled
[2020.02.13-12.53.41:486][  0]SourceControl: Source control is disabled
[2020.02.13-12.53.41:623][  0]LogAndroidPermission: UAndroidPermissionCallbackProxy::GetInstance
[2020.02.13-12.53.41:644][  0]LogAudioCaptureCore: Display: No Audio Capture implementations found. Audio input will be silent.
[2020.02.13-12.53.41:644][  0]LogAudioCaptureCore: Display: No Audio Capture implementations found. Audio input will be silent.
[2020.02.13-12.53.41:750][  0]LogOcInput: OculusInput pre-init called
[2020.02.13-12.53.41:760][  0]LogWindows: Failed to load 'OVRPlugin.dll' (GetLastError=126)
[2020.02.13-12.53.41:760][  0]LogWindows: File 'OVRPlugin.dll' does not exist
[2020.02.13-12.53.41:847][  0]LogClass: Warning: ObjectProperty FFerrySoulSpot::SoulSpot is not initialized properly
[2020.02.13-12.53.41:847][  0]LogClass: Warning: ObjectProperty FFerrySoulSpot::Soul is not initialized properly
[2020.02.13-12.53.41:848][  0]LogClass: Display: 2 Uninitialized script stuct members found
[2020.02.13-12.53.41:848][  0]LogAutomationTest: Warning: ObjectProperty FFerrySoulSpot::SoulSpot is not initialized properly
[2020.02.13-12.53.41:849][  0]LogAutomationTest: Warning: ObjectProperty FFerrySoulSpot::Soul is not initialized properly
[2020.02.13-12.53.41:850][  0]LogEngine: Initializing Engine...
[2020.02.13-12.53.41:851][  0]LogHMD: Failed to initialize OpenVR with code 110
[2020.02.13-12.53.41:852][  0]LogStats: UGameplayTagsManager::InitializeManager -  0.000 s
[2020.02.13-12.53.42:196][  0]LogInit: Initializing FReadOnlyCVARCache
[2020.02.13-12.53.42:203][  0]LogAIModule: Creating AISystem for world Untitled
[2020.02.13-12.53.42:221][  0]LogAudioMixer: Display: Audio Mixer Platform Settings:
[2020.02.13-12.53.42:222][  0]LogAudioMixer: Display: 	Sample Rate:						  48000
[2020.02.13-12.53.42:222][  0]LogAudioMixer: Display: 	Callback Buffer Frame Size Requested: 1024
[2020.02.13-12.53.42:222][  0]LogAudioMixer: Display: 	Callback Buffer Frame Size To Use:	  1024
[2020.02.13-12.53.42:222][  0]LogAudioMixer: Display: 	Number of buffers to queue:			  2
[2020.02.13-12.53.42:222][  0]LogAudioMixer: Display: 	Max Channels (voices):				  32
[2020.02.13-12.53.42:222][  0]LogAudioMixer: Display: 	Number of Async Source Workers:		  0
[2020.02.13-12.53.42:222][  0]LogAudio: Display: AudioDevice MaxSources: 32
[2020.02.13-12.53.42:222][  0]LogAudio: Display: Using built-in audio occlusion.
[2020.02.13-12.53.42:222][  0]LogAudioMixer: Display: Initializing audio mixer.
[2020.02.13-12.53.42:609][  0]LogAudioMixer: Display: Audio Device Output Speaker Info:
[2020.02.13-12.53.42:610][  0]LogAudioMixer: Display: Name: Kaiuttimet (High Definition Audio Device)
[2020.02.13-12.53.42:610][  0]LogAudioMixer: Display: Is Default: Yes
[2020.02.13-12.53.42:610][  0]LogAudioMixer: Display: Sample Rate: 48000
[2020.02.13-12.53.42:610][  0]LogAudioMixer: Display: Channel Count Used: 2
[2020.02.13-12.53.42:610][  0]LogAudioMixer: Display: Device Channel Count: 2
[2020.02.13-12.53.42:610][  0]LogAudioMixer: Display: Channel Order:
[2020.02.13-12.53.42:610][  0]LogAudioMixer: Display: 0: FrontLeft
[2020.02.13-12.53.42:610][  0]LogAudioMixer: Display: 1: FrontRight
[2020.02.13-12.53.42:689][  0]LogAudioMixer: Display: Using Audio Device Kaiuttimet (High Definition Audio Device)
[2020.02.13-12.53.42:695][  0]LogInit: FAudioDevice initialized.
[2020.02.13-12.53.42:695][  0]LogNetVersion: Set ProjectVersion to 1.0.0.0. Version Checksum will be recalculated on next use.
[2020.02.13-12.53.42:779][  0]LogDerivedDataCache: Saved boot cache 0.08s 78MB C:/Users/Miros/AppData/Local/UnrealEngine/4.24/DerivedDataCache/Boot.ddc.
[2020.02.13-12.53.42:780][  0]LogInit: Texture streaming: Enabled
[2020.02.13-12.53.42:803][  0]LogEngineSessionManager: EngineSessionManager initialized
[2020.02.13-12.53.42:803][  0]LogEngineSessionManager: EngineSessionManager sent abnormal shutdown report. Type=Debugger, SessionId={0F64D137-44D0-4195-14CA-A4B16276AF86}
[2020.02.13-12.53.42:804][  0]LogEditorSessionSummary: Verbose: Initializing EditorSessionSummaryWriter for editor session tracking
[2020.02.13-12.53.42:822][  0]LogEditorSessionSummary: EditorSessionSummaryWriter initialized
[2020.02.13-12.53.42:856][  0]LogInit: Transaction tracking system initialized
[2020.02.13-12.53.42:877][  0]BlueprintLog: New page: Editor Load
[2020.02.13-12.53.42:929][  0]LocalizationService: Localization service is disabled
[2020.02.13-12.53.43:225][  0]LogCook: Display: Max memory allowance for cook 16384mb min free memory 0mb
[2020.02.13-12.53.43:226][  0]LogCook: Display: Mobile HDR setting 1
[2020.02.13-12.53.43:343][  0]LogFileCache: Scanning file cache for directory 'E:/Lautturi/Lautturi/Content/' took 0.01s
[2020.02.13-12.53.44:175][  0]SourceControl: Source control is disabled
[2020.02.13-12.53.44:175][  0]Cmd: MAP LOAD FILE="E:/Lautturi/Lautturi/Content/TestingContent/TestingLevel.umap" TEMPLATE=0 SHOWPROGRESS=1 FEATURELEVEL=3
[2020.02.13-12.53.44:176][  0]LightingResults: New page: Lighting Build
[2020.02.13-12.53.44:176][  0]LogWorld: UWorld::CleanupWorld for Untitled, bSessionEnded=true, bCleanupResources=true
[2020.02.13-12.53.44:177][  0]LogSlate: InvalidateAllWidgets triggered.  All widgets were invalidated
[2020.02.13-12.53.44:177][  0]MapCheck: New page: Map Check
[2020.02.13-12.53.44:177][  0]LightingResults: New page: Lighting Build
[2020.02.13-12.53.44:203][  0]LogUObjectHash: Compacting FUObjectHashTables data took   1.92ms
[2020.02.13-12.53.44:413][  0]LogAIModule: Creating AISystem for world TestingLevel
[2020.02.13-12.53.44:420][  0]LogEditorServer: Finished looking for orphan Actors (0.000 secs)
[2020.02.13-12.53.44:448][  0]LogUObjectHash: Compacting FUObjectHashTables data took   2.51ms
[2020.02.13-12.53.44:448][  0]Cmd: MAP CHECKDEP NOCLEARLOG
[2020.02.13-12.53.44:449][  0]MapCheck: Map check complete: 0 Error(s), 0 Warning(s), took 0,114ms to complete.
[2020.02.13-12.53.44:449][  0]LogFileHelpers: Loading map 'TestingLevel' took 0.274
[2020.02.13-12.53.44:651][  0]LogSlate: Updating window title bar state: overlay mode, drag disabled, window buttons hidden, title bar hidden
[2020.02.13-12.53.44:658][  0]LogSlate: Updating window title bar state: overlay mode, drag disabled, window buttons hidden, title bar hidden
[2020.02.13-12.53.44:666][  0]LogSlate: Updating window title bar state: overlay mode, drag disabled, window buttons hidden, title bar hidden
[2020.02.13-12.53.44:673][  0]LogSlate: Updating window title bar state: overlay mode, drag disabled, window buttons hidden, title bar hidden
[2020.02.13-12.53.44:691][  0]LogCollectionManager: Loaded 0 collections in 0.004865 seconds
[2020.02.13-12.53.44:712][  0]LogFileCache: Scanning file cache for directory 'E:/Lautturi/Lautturi/Saved/Collections/' took 0.00s
[2020.02.13-12.53.44:712][  0]LogFileCache: Scanning file cache for directory 'E:/Lautturi/Lautturi/Content/Developers/Miros/Collections/' took 0.00s
[2020.02.13-12.53.44:712][  0]LogFileCache: Scanning file cache for directory 'E:/Lautturi/Lautturi/Content/Collections/' took 0.00s
[2020.02.13-12.53.44:712][  0]LogContentBrowser: Native class hierarchy populated in 0.0104 seconds. Added 3032 classes and 722 folders.
[2020.02.13-12.53.44:716][  0]LogContentBrowser: Native class hierarchy updated for 'WidgetCarousel' in 0.0009 seconds. Added 0 classes and 0 folders.
[2020.02.13-12.53.44:842][  0]LogContentBrowser: Native class hierarchy updated for 'AddContentDialog' in 0.0008 seconds. Added 0 classes and 0 folders.
[2020.02.13-12.53.44:970][  0]LogSlate: Took 0.000227 seconds to synchronously load lazily loaded font '../../../Engine/Content/Slate/Fonts/Roboto-Regular.ttf' (155K)
[2020.02.13-12.53.44:975][  0]LogSlate: Took 0.000266 seconds to synchronously load lazily loaded font '../../../Engine/Content/Slate/Fonts/Roboto-Bold.ttf' (160K)
[2020.02.13-12.53.44:981][  0]LogSlate: Took 0.000229 seconds to synchronously load lazily loaded font '../../../Engine/Content/Editor/Slate/Fonts/FontAwesome.ttf' (139K)
[2020.02.13-12.53.45:091][  0]LogRenderer: Reallocating scene render targets to support 1708x916 Format 10 NumSamples 1 (Frame:1).
[2020.02.13-12.53.45:222][  0]LogContentBrowser: Native class hierarchy updated for 'HierarchicalLODOutliner' in 0.0009 seconds. Added 0 classes and 0 folders.
[2020.02.13-12.53.45:222][  0]LogLoad: (Engine Initialization) Total time: 11.41 seconds
[2020.02.13-12.53.45:222][  0]LogLoad: (Engine Initialization) Total Blueprint compile time: 0.00 seconds
[2020.02.13-12.53.45:276][  0]LogAssetRegistry: Asset discovery search completed in 6.1472 seconds
[2020.02.13-12.53.45:281][  0]LogCollectionManager: Fixed up redirectors for 0 collections in 0.000009 seconds (updated 0 objects)
[2020.02.13-12.53.45:282][  0]LogContentStreaming: Texture pool size now 1000 MB
[2020.02.13-12.53.49:542][489]LogTemp: Repeating last play command: Selected Viewport
[2020.02.13-12.53.49:551][489]LogPlayLevel: PlayLevel: No blueprints needed recompiling
[2020.02.13-12.53.49:551][489]PIE: New page: PIE session: TestingLevel (13.2.2020 klo 16.53.49)
[2020.02.13-12.53.49:552][489]LogOnline: OSS: Creating online subsystem instance for: NULL
[2020.02.13-12.53.49:554][489]LogOnline: OSS: TryLoadSubsystemAndSetDefault: Loaded subsystem for module [NULL]
[2020.02.13-12.53.49:554][489]LogPlayLevel: Creating play world package: /Game/TestingContent/UEDPIE_0_TestingLevel
[2020.02.13-12.53.49:558][489]LogPlayLevel: PIE: StaticDuplicateObject took: (0.003770s)
[2020.02.13-12.53.49:559][489]LogAIModule: Creating AISystem for world TestingLevel
[2020.02.13-12.53.49:560][489]LogPlayLevel: PIE: World Init took: (0.001540s)
[2020.02.13-12.53.49:560][489]LogPlayLevel: PIE: Created PIE world by copying editor world from /Game/TestingContent/TestingLevel.TestingLevel to /Game/TestingContent/UEDPIE_0_TestingLevel.TestingLevel (0.005713s)
[2020.02.13-12.53.49:585][489]LogUObjectHash: Compacting FUObjectHashTables data took   1.61ms
[2020.02.13-12.53.49:589][489]LogAudioMixer: Display: Audio Mixer Platform Settings:
[2020.02.13-12.53.49:589][489]LogAudioMixer: Display: 	Sample Rate:						  48000
[2020.02.13-12.53.49:589][489]LogAudioMixer: Display: 	Callback Buffer Frame Size Requested: 1024
[2020.02.13-12.53.49:589][489]LogAudioMixer: Display: 	Callback Buffer Frame Size To Use:	  1024
[2020.02.13-12.53.49:590][489]LogAudioMixer: Display: 	Number of buffers to queue:			  2
[2020.02.13-12.53.49:590][489]LogAudioMixer: Display: 	Max Channels (voices):				  32
[2020.02.13-12.53.49:590][489]LogAudioMixer: Display: 	Number of Async Source Workers:		  0
[2020.02.13-12.53.49:590][489]LogAudio: Display: AudioDevice MaxSources: 32
[2020.02.13-12.53.49:590][489]LogAudio: Display: Using built-in audio occlusion.
[2020.02.13-12.53.49:590][489]LogAudioMixer: Display: Initializing audio mixer.
[2020.02.13-12.53.49:977][489]LogAudioMixer: Display: Audio Device Output Speaker Info:
[2020.02.13-12.53.49:977][489]LogAudioMixer: Display: Name: Kaiuttimet (High Definition Audio Device)
[2020.02.13-12.53.49:977][489]LogAudioMixer: Display: Is Default: Yes
[2020.02.13-12.53.49:977][489]LogAudioMixer: Display: Sample Rate: 48000
[2020.02.13-12.53.49:977][489]LogAudioMixer: Display: Channel Count Used: 2
[2020.02.13-12.53.49:977][489]LogAudioMixer: Display: Device Channel Count: 2
[2020.02.13-12.53.49:977][489]LogAudioMixer: Display: Channel Order:
[2020.02.13-12.53.49:977][489]LogAudioMixer: Display: 0: FrontLeft
[2020.02.13-12.53.49:977][489]LogAudioMixer: Display: 1: FrontRight
[2020.02.13-12.53.50:011][489]LogAudioMixer: Display: Using Audio Device Kaiuttimet (High Definition Audio Device)
[2020.02.13-12.53.50:014][489]LogInit: FAudioDevice initialized.
[2020.02.13-12.53.50:027][489]LogLoad: Game class is 'LautturiGameModeBase_BP_C'
[2020.02.13-12.53.50:029][489]LogWorld: Bringing World /Game/TestingContent/UEDPIE_0_TestingLevel.TestingLevel up for play (max tick rate 0) at 2020.02.13-14.53.50
[2020.02.13-12.53.50:029][489]LogWorld: Bringing up level for play took: 0.000851
[2020.02.13-12.53.50:030][489]LogOnline: OSS: Creating online subsystem instance for: :Context_4
[2020.02.13-12.53.50:034][489]LogContentBrowser: Native class hierarchy updated for 'MovieSceneCapture' in 0.0009 seconds. Added 20 classes and 0 folders.
[2020.02.13-12.53.50:037][489]PIE: Play in editor start time for /Game/TestingContent/UEDPIE_0_TestingLevel 0,882
[2020.02.13-12.54.00:082][622]LogAudioMixer: Display: No commands were queued while flushing the source manager.
[2020.02.13-12.54.00:082][622]LogAudioMixer: Display: No commands were queued while flushing the source manager.
[2020.02.13-12.54.00:082][622]LogSlate: Updating window title bar state: overlay mode, drag disabled, window buttons hidden, title bar hidden
[2020.02.13-12.54.00:082][622]LogWorld: BeginTearingDown for /Game/TestingContent/UEDPIE_0_TestingLevel
[2020.02.13-12.54.00:082][622]LogAudioMixer: Display: No commands were queued while flushing the source manager.
[2020.02.13-12.54.00:083][622]LogWorld: UWorld::CleanupWorld for TestingLevel, bSessionEnded=true, bCleanupResources=true
[2020.02.13-12.54.00:083][622]LogSlate: InvalidateAllWidgets triggered.  All widgets were invalidated
[2020.02.13-12.54.00:096][622]LogPlayLevel: Display: Shutting down PIE online subsystems
[2020.02.13-12.54.00:099][622]LogSlate: InvalidateAllWidgets triggered.  All widgets were invalidated
[2020.02.13-12.54.00:123][622]LogAudioMixer: Display: No commands were queued while flushing the source manager.
[2020.02.13-12.54.00:127][622]LogSlate: Updating window title bar state: overlay mode, drag disabled, window buttons hidden, title bar hidden
[2020.02.13-12.54.00:130][622]LogUObjectHash: Compacting FUObjectHashTables data took   1.81ms
[2020.02.13-12.54.00:189][624]LogPlayLevel: Display: Destroying online subsystem :Context_4
[2020.02.13-12.54.00:691][681]LogUObjectHash: Compacting FUObjectHashTables data took   0.63ms
[2020.02.13-12.54.00:724][681]LogSlate: Window 'Lautturi - Unreal Editor' being destroyed
[2020.02.13-12.54.00:725][681]LogWindowsTextInputMethodSystem: Display: IME system now deactivated.
[2020.02.13-12.54.00:729][681]LogWindowsTextInputMethodSystem: Display: IME system now deactivated.
[2020.02.13-12.54.00:861][682]Cmd: QUIT_EDITOR
[2020.02.13-12.54.00:861][682]LogCore: Engine exit requested (reason: UUnrealEdEngine::CloseEditor())
[2020.02.13-12.54.00:878][682]LogCore: Engine exit requested (reason: EngineExit() was called; note: exit was already requested)
[2020.02.13-12.54.00:878][682]LogAudioMixer: Display: No commands were queued while flushing the source manager.
[2020.02.13-12.54.01:878][682]LogExit: Preparing to exit.
[2020.02.13-12.54.02:942][682]LogWorld: UWorld::CleanupWorld for World_0, bSessionEnded=true, bCleanupResources=true
[2020.02.13-12.54.02:943][682]LogWorld: UWorld::CleanupWorld for World_1, bSessionEnded=true, bCleanupResources=true
[2020.02.13-12.54.02:943][682]LogWorld: UWorld::CleanupWorld for World_2, bSessionEnded=true, bCleanupResources=true
[2020.02.13-12.54.02:949][682]LogDemo: Cleaned up 0 splitscreen connections with owner deletion
[2020.02.13-12.54.02:964][682]LogWorld: UWorld::CleanupWorld for None, bSessionEnded=true, bCleanupResources=true
[2020.02.13-12.54.02:964][682]LogExit: Editor shut down
[2020.02.13-12.54.02:964][682]LogExit: Transaction tracking system shut down
[2020.02.13-12.54.03:154][682]LogExit: Object subsystem successfully closed.
[2020.02.13-12.54.03:185][682]LogShaderCompilers: Display: Shaders left to compile 0
[2020.02.13-12.54.03:199][682]LogModuleManager: Shutting down and abandoning module MovieSceneCapture (702)
[2020.02.13-12.54.03:199][682]LogModuleManager: Shutting down and abandoning module Voice (700)
[2020.02.13-12.54.03:199][682]LogModuleManager: Shutting down and abandoning module HierarchicalLODOutliner (698)
[2020.02.13-12.54.03:199][682]LogModuleManager: Shutting down and abandoning module AddContentDialog (696)
[2020.02.13-12.54.03:200][682]LogModuleManager: Shutting down and abandoning module WidgetCarousel (695)
[2020.02.13-12.54.03:200][682]LogModuleManager: Shutting down and abandoning module EditorWidgets (692)
[2020.02.13-12.54.03:200][682]LogModuleManager: Shutting down and abandoning module CollectionManager (690)
[2020.02.13-12.54.03:200][682]LogModuleManager: Shutting down and abandoning module SceneOutliner (688)
[2020.02.13-12.54.03:200][682]LogModuleManager: Shutting down and abandoning module StatsViewer (686)
[2020.02.13-12.54.03:200][682]LogModuleManager: Shutting down and abandoning module VirtualTexturingEditor (684)
[2020.02.13-12.54.03:200][682]LogModuleManager: Shutting down and abandoning module FoliageEdit (682)
[2020.02.13-12.54.03:200][682]LogModuleManager: Shutting down and abandoning module LandscapeEditor (680)
[2020.02.13-12.54.03:200][682]LogModuleManager: Shutting down and abandoning module MeshPaintMode (678)
[2020.02.13-12.54.03:201][682]LogModuleManager: Shutting down and abandoning module SceneDepthPickerMode (676)
[2020.02.13-12.54.03:201][682]LogModuleManager: Shutting down and abandoning module ActorPickerMode (674)
[2020.02.13-12.54.03:201][682]LogModuleManager: Shutting down and abandoning module GeometryMode (672)
[2020.02.13-12.54.03:201][682]LogModuleManager: Shutting down and abandoning module TextureAlignMode (670)
[2020.02.13-12.54.03:201][682]LogModuleManager: Shutting down and abandoning module BspMode (668)
[2020.02.13-12.54.03:201][682]LogModuleManager: Shutting down and abandoning module PIEPreviewDeviceProfileSelector (666)
[2020.02.13-12.54.03:201][682]LogModuleManager: Shutting down and abandoning module SequenceRecorderSections (664)
[2020.02.13-12.54.03:201][682]LogModuleManager: Shutting down and abandoning module AutomationWorker (662)
[2020.02.13-12.54.03:201][682]LogModuleManager: Shutting down and abandoning module SteamVREditor (660)
[2020.02.13-12.54.03:201][682]LogModuleManager: Shutting down and abandoning module OculusMR (658)
[2020.02.13-12.54.03:201][682]LogModuleManager: Shutting down and abandoning module AudioCaptureEditor (656)
[2020.02.13-12.54.03:202][682]LogModuleManager: Shutting down and abandoning module MatineeToLevelSequence (654)
[2020.02.13-12.54.03:202][682]LogModuleManager: Shutting down and abandoning module LevelSequenceEditor (652)
[2020.02.13-12.54.03:202][682]LogModuleManager: Shutting down and abandoning module PlacementMode (651)
[2020.02.13-12.54.03:202][682]LogModuleManager: Shutting down and abandoning module MaterialEditor (650)
[2020.02.13-12.54.03:202][682]LogModuleManager: Shutting down and abandoning module ActorSequenceEditor (646)
[2020.02.13-12.54.03:202][682]LogModuleManager: Shutting down and abandoning module WmfMediaFactory (644)
[2020.02.13-12.54.03:202][682]LogModuleManager: Shutting down and abandoning module WmfMediaEditor (642)
[2020.02.13-12.54.03:202][682]LogModuleManager: Shutting down and abandoning module WebMMediaFactory (640)
[2020.02.13-12.54.03:202][682]LogModuleManager: Shutting down and abandoning module WebMMediaEditor (638)
[2020.02.13-12.54.03:202][682]LogModuleManager: Shutting down and abandoning module WebMMedia (636)
[2020.02.13-12.54.03:202][682]LogModuleManager: Shutting down and abandoning module MediaPlayerEditor (634)
[2020.02.13-12.54.03:203][682]LogModuleManager: Shutting down and abandoning module MediaCompositingEditor (632)
[2020.02.13-12.54.03:203][682]LogModuleManager: Shutting down and abandoning module SequenceRecorder (631)
[2020.02.13-12.54.03:203][682]LogModuleManager: Shutting down and abandoning module OpenExrWrapper (628)
[2020.02.13-12.54.03:203][682]LogModuleManager: Shutting down and abandoning module ImgMediaFactory (626)
[2020.02.13-12.54.03:203][682]LogModuleManager: Shutting down and abandoning module ImgMediaEditor (624)
[2020.02.13-12.54.03:203][682]LogModuleManager: Shutting down and abandoning module AvfMediaFactory (622)
[2020.02.13-12.54.03:203][682]LogModuleManager: Shutting down and abandoning module AvfMediaEditor (620)
[2020.02.13-12.54.03:203][682]LogModuleManager: Shutting down and abandoning module AndroidMediaFactory (618)
[2020.02.13-12.54.03:203][682]LogModuleManager: Shutting down and abandoning module AndroidMediaEditor (616)
[2020.02.13-12.54.03:203][682]LogModuleManager: Shutting down and abandoning module MagicLeapMediaCodecFactory (614)
[2020.02.13-12.54.03:203][682]LogModuleManager: Shutting down and abandoning module MagicLeapMediaFactory (612)
[2020.02.13-12.54.03:203][682]LogModuleManager: Shutting down and abandoning module MagicLeapMediaEditor (610)
[2020.02.13-12.54.03:203][682]LogModuleManager: Shutting down and abandoning module CharacterAI (608)
[2020.02.13-12.54.03:203][682]LogModuleManager: Shutting down and abandoning module SmartSnapping (606)
[2020.02.13-12.54.03:203][682]LogModuleManager: Shutting down and abandoning module SessionServices (604)
[2020.02.13-12.54.03:203][682]LogModuleManager: Shutting down and abandoning module MeshPaint (602)
[2020.02.13-12.54.03:204][682]LogModuleManager: Shutting down and abandoning module ViewportSnapping (600)
[2020.02.13-12.54.03:204][682]LogModuleManager: Shutting down and abandoning module ViewportInteraction (598)
[2020.02.13-12.54.03:204][682]LogModuleManager: Shutting down and abandoning module ClothPainter (596)
[2020.02.13-12.54.03:204][682]LogModuleManager: Shutting down and abandoning module SkeletalMeshEditor (595)
[2020.02.13-12.54.03:204][682]LogModuleManager: Shutting down and abandoning module LogVisualizer (592)
[2020.02.13-12.54.03:204][682]LogModuleManager: Shutting down and abandoning module IntroTutorials (590)
[2020.02.13-12.54.03:204][682]LogModuleManager: Shutting down and abandoning module GameProjectGeneration (589)
[2020.02.13-12.54.03:204][682]LogModuleManager: Shutting down and abandoning module LuminPlatformEditor (586)
[2020.02.13-12.54.03:204][682]LogModuleManager: Shutting down and abandoning module IOSPlatformEditor (584)
[2020.02.13-12.54.03:204][682]LogModuleManager: Shutting down and abandoning module AndroidPlatformEditor (582)
[2020.02.13-12.54.03:204][682]LogModuleManager: Shutting down and abandoning module AndroidDeviceDetection (581)
